---------------------------------------------------------------
[ 2018-04-05T23:57:41+08:00 ] 127.0.0.1 POST /
[ info ] master.test.dphub.sandai.net:80/ [运行时间：1.195014s][吞吐率：0.84req/s] [内存消耗：1,392.56kb] [文件加载：36]
[ info ] [ LANG ] D:\Vc_PHP\Apache24\htdocs\2018\TP5\ThinkPHP\thinkphp\lang\zh-cn.php
[ info ] [ ROUTE ] array (
  'type' => 'module',
  'module' => 
  array (
    0 => '',
    1 => NULL,
    2 => NULL,
  ),
)
[ info ] [ HEADER ] array (
  'host' => 'master.test.dphub.sandai.net:80',
  'content-type' => 'application/octet-stream',
  'content-length' => '256',
  'connection' => 'Close',
)
[ info ] [ PARAM ] array (
)
[ info ] [ RUN ] app\index\controller\Index->index[ D:\Vc_PHP\Apache24\htdocs\2018\TP5\ThinkPHP\application\index\controller\Index.php ]
[ info ] [ LOG ] INIT File
