---------------------------------------------------------------
[ 2018-04-22T00:03:13+08:00 ] 127.0.0.1 GET /wpad.dat
[ info ] wpad.com/wpad.dat [运行时间：0.026165s][吞吐率：38.22req/s] [内存消耗：1,430.98kb] [文件加载：38]
[ info ] [ LANG ] D:\Vc_PHP\Apache24\htdocs\2018\TP5\ThinkPHP\thinkphp\lang\zh-cn.php
[ info ] [ ROUTE ] array (
  'type' => 'module',
  'module' => 
  array (
    0 => 'wpad.dat',
    1 => NULL,
    2 => NULL,
  ),
)
[ info ] [ HEADER ] array (
  'connection' => 'Keep-Alive',
  'accept' => '*/*',
  'user-agent' => 'WinHttp-Autoproxy-Service/5.1',
  'host' => 'wpad.com',
)
[ info ] [ PARAM ] array (
)
[ info ] [ LOG ] INIT File
---------------------------------------------------------------
[ 2018-04-22T00:13:13+08:00 ] 127.0.0.1 GET /wpad.dat
[ info ] wpad.com/wpad.dat [运行时间：0.026545s][吞吐率：37.67req/s] [内存消耗：1,431.00kb] [文件加载：38]
[ info ] [ LANG ] D:\Vc_PHP\Apache24\htdocs\2018\TP5\ThinkPHP\thinkphp\lang\zh-cn.php
[ info ] [ ROUTE ] array (
  'type' => 'module',
  'module' => 
  array (
    0 => 'wpad.dat',
    1 => NULL,
    2 => NULL,
  ),
)
[ info ] [ HEADER ] array (
  'connection' => 'Keep-Alive',
  'accept' => '*/*',
  'user-agent' => 'WinHttp-Autoproxy-Service/5.1',
  'host' => 'wpad.com',
)
[ info ] [ PARAM ] array (
)
[ info ] [ LOG ] INIT File
---------------------------------------------------------------
[ 2018-04-22T00:23:13+08:00 ] 127.0.0.1 GET /wpad.dat
[ info ] wpad.com/wpad.dat [运行时间：0.031501s][吞吐率：31.74req/s] [内存消耗：1,431.00kb] [文件加载：38]
[ info ] [ LANG ] D:\Vc_PHP\Apache24\htdocs\2018\TP5\ThinkPHP\thinkphp\lang\zh-cn.php
[ info ] [ ROUTE ] array (
  'type' => 'module',
  'module' => 
  array (
    0 => 'wpad.dat',
    1 => NULL,
    2 => NULL,
  ),
)
[ info ] [ HEADER ] array (
  'connection' => 'Keep-Alive',
  'accept' => '*/*',
  'user-agent' => 'WinHttp-Autoproxy-Service/5.1',
  'host' => 'wpad.com',
)
[ info ] [ PARAM ] array (
)
[ info ] [ LOG ] INIT File
---------------------------------------------------------------
[ 2018-04-22T00:33:13+08:00 ] 127.0.0.1 GET /wpad.dat
[ info ] wpad.com/wpad.dat [运行时间：0.026635s][吞吐率：37.54req/s] [内存消耗：1,431.00kb] [文件加载：38]
[ info ] [ LANG ] D:\Vc_PHP\Apache24\htdocs\2018\TP5\ThinkPHP\thinkphp\lang\zh-cn.php
[ info ] [ ROUTE ] array (
  'type' => 'module',
  'module' => 
  array (
    0 => 'wpad.dat',
    1 => NULL,
    2 => NULL,
  ),
)
[ info ] [ HEADER ] array (
  'connection' => 'Keep-Alive',
  'accept' => '*/*',
  'user-agent' => 'WinHttp-Autoproxy-Service/5.1',
  'host' => 'wpad.com',
)
[ info ] [ PARAM ] array (
)
[ info ] [ LOG ] INIT File
---------------------------------------------------------------
[ 2018-04-22T00:43:13+08:00 ] 127.0.0.1 GET /wpad.dat
[ info ] wpad.com/wpad.dat [运行时间：0.025881s][吞吐率：38.64req/s] [内存消耗：1,431.00kb] [文件加载：38]
[ info ] [ LANG ] D:\Vc_PHP\Apache24\htdocs\2018\TP5\ThinkPHP\thinkphp\lang\zh-cn.php
[ info ] [ ROUTE ] array (
  'type' => 'module',
  'module' => 
  array (
    0 => 'wpad.dat',
    1 => NULL,
    2 => NULL,
  ),
)
[ info ] [ HEADER ] array (
  'connection' => 'Keep-Alive',
  'accept' => '*/*',
  'user-agent' => 'WinHttp-Autoproxy-Service/5.1',
  'host' => 'wpad.com',
)
[ info ] [ PARAM ] array (
)
[ info ] [ LOG ] INIT File
---------------------------------------------------------------
[ 2018-04-22T10:04:58+08:00 ] 127.0.0.1 GET /wpad.dat
[ info ] wpad.com/wpad.dat [运行时间：0.039530s][吞吐率：25.30req/s] [内存消耗：1,431.00kb] [文件加载：38]
[ info ] [ LANG ] D:\Vc_PHP\Apache24\htdocs\2018\TP5\ThinkPHP\thinkphp\lang\zh-cn.php
[ info ] [ ROUTE ] array (
  'type' => 'module',
  'module' => 
  array (
    0 => 'wpad.dat',
    1 => NULL,
    2 => NULL,
  ),
)
[ info ] [ HEADER ] array (
  'connection' => 'Keep-Alive',
  'accept' => '*/*',
  'user-agent' => 'WinHttp-Autoproxy-Service/5.1',
  'host' => 'wpad.com',
)
[ info ] [ PARAM ] array (
)
[ info ] [ LOG ] INIT File
---------------------------------------------------------------
[ 2018-04-22T10:04:58+08:00 ] 127.0.0.1 GET /wpad.dat
[ info ] wpad.com/wpad.dat [运行时间：0.028099s][吞吐率：35.59req/s] [内存消耗：1,431.00kb] [文件加载：38]
[ info ] [ LANG ] D:\Vc_PHP\Apache24\htdocs\2018\TP5\ThinkPHP\thinkphp\lang\zh-cn.php
[ info ] [ ROUTE ] array (
  'type' => 'module',
  'module' => 
  array (
    0 => 'wpad.dat',
    1 => NULL,
    2 => NULL,
  ),
)
[ info ] [ HEADER ] array (
  'connection' => 'Keep-Alive',
  'accept' => '*/*',
  'user-agent' => 'WinHttp-Autoproxy-Service/5.1',
  'host' => 'wpad.com',
)
[ info ] [ PARAM ] array (
)
[ info ] [ LOG ] INIT File
---------------------------------------------------------------
[ 2018-04-22T10:05:09+08:00 ] 127.0.0.1 GET /wpad.dat
[ info ] wpad.com/wpad.dat [运行时间：0.032213s][吞吐率：31.04req/s] [内存消耗：1,431.00kb] [文件加载：38]
[ info ] [ LANG ] D:\Vc_PHP\Apache24\htdocs\2018\TP5\ThinkPHP\thinkphp\lang\zh-cn.php
[ info ] [ ROUTE ] array (
  'type' => 'module',
  'module' => 
  array (
    0 => 'wpad.dat',
    1 => NULL,
    2 => NULL,
  ),
)
[ info ] [ HEADER ] array (
  'connection' => 'Keep-Alive',
  'accept' => '*/*',
  'user-agent' => 'WinHttp-Autoproxy-Service/5.1',
  'host' => 'wpad.com',
)
[ info ] [ PARAM ] array (
)
[ info ] [ LOG ] INIT File
---------------------------------------------------------------
[ 2018-04-22T10:05:10+08:00 ] 127.0.0.1 GET /wpad.dat
[ info ] wpad.com/wpad.dat [运行时间：0.027037s][吞吐率：36.99req/s] [内存消耗：1,431.00kb] [文件加载：38]
[ info ] [ LANG ] D:\Vc_PHP\Apache24\htdocs\2018\TP5\ThinkPHP\thinkphp\lang\zh-cn.php
[ info ] [ ROUTE ] array (
  'type' => 'module',
  'module' => 
  array (
    0 => 'wpad.dat',
    1 => NULL,
    2 => NULL,
  ),
)
[ info ] [ HEADER ] array (
  'connection' => 'Keep-Alive',
  'accept' => '*/*',
  'user-agent' => 'WinHttp-Autoproxy-Service/5.1',
  'host' => 'wpad.com',
)
[ info ] [ PARAM ] array (
)
[ info ] [ LOG ] INIT File
---------------------------------------------------------------
[ 2018-04-22T10:05:13+08:00 ] 127.0.0.1 GET /wpad.dat
[ info ] wpad.com/wpad.dat [运行时间：0.027848s][吞吐率：35.91req/s] [内存消耗：1,431.00kb] [文件加载：38]
[ info ] [ LANG ] D:\Vc_PHP\Apache24\htdocs\2018\TP5\ThinkPHP\thinkphp\lang\zh-cn.php
[ info ] [ ROUTE ] array (
  'type' => 'module',
  'module' => 
  array (
    0 => 'wpad.dat',
    1 => NULL,
    2 => NULL,
  ),
)
[ info ] [ HEADER ] array (
  'connection' => 'Keep-Alive',
  'accept' => '*/*',
  'user-agent' => 'WinHttp-Autoproxy-Service/5.1',
  'host' => 'wpad.com',
)
[ info ] [ PARAM ] array (
)
[ info ] [ LOG ] INIT File
---------------------------------------------------------------
[ 2018-04-22T10:05:28+08:00 ] 127.0.0.1 GET /wpad.dat
[ info ] wpad.com/wpad.dat [运行时间：0.022170s][吞吐率：45.11req/s] [内存消耗：1,431.00kb] [文件加载：38]
[ info ] [ LANG ] D:\Vc_PHP\Apache24\htdocs\2018\TP5\ThinkPHP\thinkphp\lang\zh-cn.php
[ info ] [ ROUTE ] array (
  'type' => 'module',
  'module' => 
  array (
    0 => 'wpad.dat',
    1 => NULL,
    2 => NULL,
  ),
)
[ info ] [ HEADER ] array (
  'connection' => 'Keep-Alive',
  'accept' => '*/*',
  'user-agent' => 'WinHttp-Autoproxy-Service/5.1',
  'host' => 'wpad.com',
)
[ info ] [ PARAM ] array (
)
[ info ] [ LOG ] INIT File
---------------------------------------------------------------
[ 2018-04-22T10:06:28+08:00 ] 127.0.0.1 GET /wpad.dat
[ info ] wpad.com/wpad.dat [运行时间：0.020093s][吞吐率：49.77req/s] [内存消耗：1,431.00kb] [文件加载：38]
[ info ] [ LANG ] D:\Vc_PHP\Apache24\htdocs\2018\TP5\ThinkPHP\thinkphp\lang\zh-cn.php
[ info ] [ ROUTE ] array (
  'type' => 'module',
  'module' => 
  array (
    0 => 'wpad.dat',
    1 => NULL,
    2 => NULL,
  ),
)
[ info ] [ HEADER ] array (
  'connection' => 'Keep-Alive',
  'accept' => '*/*',
  'user-agent' => 'WinHttp-Autoproxy-Service/5.1',
  'host' => 'wpad.com',
)
[ info ] [ PARAM ] array (
)
[ info ] [ LOG ] INIT File
---------------------------------------------------------------
[ 2018-04-22T10:16:30+08:00 ] 127.0.0.1 GET /wpad.dat
[ info ] wpad.com/wpad.dat [运行时间：0.466813s][吞吐率：2.14req/s] [内存消耗：1,431.00kb] [文件加载：38]
[ info ] [ LANG ] D:\Vc_PHP\Apache24\htdocs\2018\TP5\ThinkPHP\thinkphp\lang\zh-cn.php
[ info ] [ ROUTE ] array (
  'type' => 'module',
  'module' => 
  array (
    0 => 'wpad.dat',
    1 => NULL,
    2 => NULL,
  ),
)
[ info ] [ HEADER ] array (
  'connection' => 'Keep-Alive',
  'accept' => '*/*',
  'user-agent' => 'WinHttp-Autoproxy-Service/5.1',
  'host' => 'wpad.com',
)
[ info ] [ PARAM ] array (
)
[ info ] [ LOG ] INIT File
---------------------------------------------------------------
[ 2018-04-22T10:26:30+08:00 ] 127.0.0.1 GET /wpad.dat
[ info ] wpad.com/wpad.dat [运行时间：0.026457s][吞吐率：37.80req/s] [内存消耗：1,431.00kb] [文件加载：38]
[ info ] [ LANG ] D:\Vc_PHP\Apache24\htdocs\2018\TP5\ThinkPHP\thinkphp\lang\zh-cn.php
[ info ] [ ROUTE ] array (
  'type' => 'module',
  'module' => 
  array (
    0 => 'wpad.dat',
    1 => NULL,
    2 => NULL,
  ),
)
[ info ] [ HEADER ] array (
  'connection' => 'Keep-Alive',
  'accept' => '*/*',
  'user-agent' => 'WinHttp-Autoproxy-Service/5.1',
  'host' => 'wpad.com',
)
[ info ] [ PARAM ] array (
)
[ info ] [ LOG ] INIT File
---------------------------------------------------------------
[ 2018-04-22T10:36:30+08:00 ] 127.0.0.1 GET /wpad.dat
[ info ] wpad.com/wpad.dat [运行时间：0.025678s][吞吐率：38.94req/s] [内存消耗：1,431.00kb] [文件加载：38]
[ info ] [ LANG ] D:\Vc_PHP\Apache24\htdocs\2018\TP5\ThinkPHP\thinkphp\lang\zh-cn.php
[ info ] [ ROUTE ] array (
  'type' => 'module',
  'module' => 
  array (
    0 => 'wpad.dat',
    1 => NULL,
    2 => NULL,
  ),
)
[ info ] [ HEADER ] array (
  'connection' => 'Keep-Alive',
  'accept' => '*/*',
  'user-agent' => 'WinHttp-Autoproxy-Service/5.1',
  'host' => 'wpad.com',
)
[ info ] [ PARAM ] array (
)
[ info ] [ LOG ] INIT File
---------------------------------------------------------------
[ 2018-04-22T10:46:30+08:00 ] 127.0.0.1 GET /wpad.dat
[ info ] wpad.com/wpad.dat [运行时间：0.025593s][吞吐率：39.07req/s] [内存消耗：1,431.00kb] [文件加载：38]
[ info ] [ LANG ] D:\Vc_PHP\Apache24\htdocs\2018\TP5\ThinkPHP\thinkphp\lang\zh-cn.php
[ info ] [ ROUTE ] array (
  'type' => 'module',
  'module' => 
  array (
    0 => 'wpad.dat',
    1 => NULL,
    2 => NULL,
  ),
)
[ info ] [ HEADER ] array (
  'connection' => 'Keep-Alive',
  'accept' => '*/*',
  'user-agent' => 'WinHttp-Autoproxy-Service/5.1',
  'host' => 'wpad.com',
)
[ info ] [ PARAM ] array (
)
[ info ] [ LOG ] INIT File
---------------------------------------------------------------
[ 2018-04-22T10:56:30+08:00 ] 127.0.0.1 GET /wpad.dat
[ info ] wpad.com/wpad.dat [运行时间：0.025323s][吞吐率：39.49req/s] [内存消耗：1,431.00kb] [文件加载：38]
[ info ] [ LANG ] D:\Vc_PHP\Apache24\htdocs\2018\TP5\ThinkPHP\thinkphp\lang\zh-cn.php
[ info ] [ ROUTE ] array (
  'type' => 'module',
  'module' => 
  array (
    0 => 'wpad.dat',
    1 => NULL,
    2 => NULL,
  ),
)
[ info ] [ HEADER ] array (
  'connection' => 'Keep-Alive',
  'accept' => '*/*',
  'user-agent' => 'WinHttp-Autoproxy-Service/5.1',
  'host' => 'wpad.com',
)
[ info ] [ PARAM ] array (
)
[ info ] [ LOG ] INIT File
---------------------------------------------------------------
[ 2018-04-22T11:06:30+08:00 ] 127.0.0.1 GET /wpad.dat
[ info ] wpad.com/wpad.dat [运行时间：0.025563s][吞吐率：39.12req/s] [内存消耗：1,431.00kb] [文件加载：38]
[ info ] [ LANG ] D:\Vc_PHP\Apache24\htdocs\2018\TP5\ThinkPHP\thinkphp\lang\zh-cn.php
[ info ] [ ROUTE ] array (
  'type' => 'module',
  'module' => 
  array (
    0 => 'wpad.dat',
    1 => NULL,
    2 => NULL,
  ),
)
[ info ] [ HEADER ] array (
  'connection' => 'Keep-Alive',
  'accept' => '*/*',
  'user-agent' => 'WinHttp-Autoproxy-Service/5.1',
  'host' => 'wpad.com',
)
[ info ] [ PARAM ] array (
)
[ info ] [ LOG ] INIT File
---------------------------------------------------------------
[ 2018-04-22T11:16:30+08:00 ] 127.0.0.1 GET /wpad.dat
[ info ] wpad.com/wpad.dat [运行时间：0.028476s][吞吐率：35.12req/s] [内存消耗：1,431.00kb] [文件加载：38]
[ info ] [ LANG ] D:\Vc_PHP\Apache24\htdocs\2018\TP5\ThinkPHP\thinkphp\lang\zh-cn.php
[ info ] [ ROUTE ] array (
  'type' => 'module',
  'module' => 
  array (
    0 => 'wpad.dat',
    1 => NULL,
    2 => NULL,
  ),
)
[ info ] [ HEADER ] array (
  'connection' => 'Keep-Alive',
  'accept' => '*/*',
  'user-agent' => 'WinHttp-Autoproxy-Service/5.1',
  'host' => 'wpad.com',
)
[ info ] [ PARAM ] array (
)
[ info ] [ LOG ] INIT File
---------------------------------------------------------------
[ 2018-04-22T11:26:30+08:00 ] 127.0.0.1 GET /wpad.dat
[ info ] wpad.com/wpad.dat [运行时间：0.027591s][吞吐率：36.24req/s] [内存消耗：1,431.00kb] [文件加载：38]
[ info ] [ LANG ] D:\Vc_PHP\Apache24\htdocs\2018\TP5\ThinkPHP\thinkphp\lang\zh-cn.php
[ info ] [ ROUTE ] array (
  'type' => 'module',
  'module' => 
  array (
    0 => 'wpad.dat',
    1 => NULL,
    2 => NULL,
  ),
)
[ info ] [ HEADER ] array (
  'connection' => 'Keep-Alive',
  'accept' => '*/*',
  'user-agent' => 'WinHttp-Autoproxy-Service/5.1',
  'host' => 'wpad.com',
)
[ info ] [ PARAM ] array (
)
[ info ] [ LOG ] INIT File
---------------------------------------------------------------
[ 2018-04-22T11:36:30+08:00 ] 127.0.0.1 GET /wpad.dat
[ info ] wpad.com/wpad.dat [运行时间：0.028690s][吞吐率：34.86req/s] [内存消耗：1,431.00kb] [文件加载：38]
[ info ] [ LANG ] D:\Vc_PHP\Apache24\htdocs\2018\TP5\ThinkPHP\thinkphp\lang\zh-cn.php
[ info ] [ ROUTE ] array (
  'type' => 'module',
  'module' => 
  array (
    0 => 'wpad.dat',
    1 => NULL,
    2 => NULL,
  ),
)
[ info ] [ HEADER ] array (
  'connection' => 'Keep-Alive',
  'accept' => '*/*',
  'user-agent' => 'WinHttp-Autoproxy-Service/5.1',
  'host' => 'wpad.com',
)
[ info ] [ PARAM ] array (
)
[ info ] [ LOG ] INIT File
---------------------------------------------------------------
[ 2018-04-22T11:46:30+08:00 ] 127.0.0.1 GET /wpad.dat
[ info ] wpad.com/wpad.dat [运行时间：0.027747s][吞吐率：36.04req/s] [内存消耗：1,431.00kb] [文件加载：38]
[ info ] [ LANG ] D:\Vc_PHP\Apache24\htdocs\2018\TP5\ThinkPHP\thinkphp\lang\zh-cn.php
[ info ] [ ROUTE ] array (
  'type' => 'module',
  'module' => 
  array (
    0 => 'wpad.dat',
    1 => NULL,
    2 => NULL,
  ),
)
[ info ] [ HEADER ] array (
  'connection' => 'Keep-Alive',
  'accept' => '*/*',
  'user-agent' => 'WinHttp-Autoproxy-Service/5.1',
  'host' => 'wpad.com',
)
[ info ] [ PARAM ] array (
)
[ info ] [ LOG ] INIT File
---------------------------------------------------------------
[ 2018-04-22T11:56:30+08:00 ] 127.0.0.1 GET /wpad.dat
[ info ] wpad.com/wpad.dat [运行时间：0.026636s][吞吐率：37.54req/s] [内存消耗：1,431.00kb] [文件加载：38]
[ info ] [ LANG ] D:\Vc_PHP\Apache24\htdocs\2018\TP5\ThinkPHP\thinkphp\lang\zh-cn.php
[ info ] [ ROUTE ] array (
  'type' => 'module',
  'module' => 
  array (
    0 => 'wpad.dat',
    1 => NULL,
    2 => NULL,
  ),
)
[ info ] [ HEADER ] array (
  'connection' => 'Keep-Alive',
  'accept' => '*/*',
  'user-agent' => 'WinHttp-Autoproxy-Service/5.1',
  'host' => 'wpad.com',
)
[ info ] [ PARAM ] array (
)
[ info ] [ LOG ] INIT File
---------------------------------------------------------------
[ 2018-04-22T12:06:30+08:00 ] 127.0.0.1 GET /wpad.dat
[ info ] wpad.com/wpad.dat [运行时间：0.027750s][吞吐率：36.04req/s] [内存消耗：1,431.00kb] [文件加载：38]
[ info ] [ LANG ] D:\Vc_PHP\Apache24\htdocs\2018\TP5\ThinkPHP\thinkphp\lang\zh-cn.php
[ info ] [ ROUTE ] array (
  'type' => 'module',
  'module' => 
  array (
    0 => 'wpad.dat',
    1 => NULL,
    2 => NULL,
  ),
)
[ info ] [ HEADER ] array (
  'connection' => 'Keep-Alive',
  'accept' => '*/*',
  'user-agent' => 'WinHttp-Autoproxy-Service/5.1',
  'host' => 'wpad.com',
)
[ info ] [ PARAM ] array (
)
[ info ] [ LOG ] INIT File
---------------------------------------------------------------
[ 2018-04-22T12:16:31+08:00 ] 127.0.0.1 GET /wpad.dat
[ info ] wpad.com/wpad.dat [运行时间：0.044426s][吞吐率：22.51req/s] [内存消耗：1,431.00kb] [文件加载：38]
[ info ] [ LANG ] D:\Vc_PHP\Apache24\htdocs\2018\TP5\ThinkPHP\thinkphp\lang\zh-cn.php
[ info ] [ ROUTE ] array (
  'type' => 'module',
  'module' => 
  array (
    0 => 'wpad.dat',
    1 => NULL,
    2 => NULL,
  ),
)
[ info ] [ HEADER ] array (
  'connection' => 'Keep-Alive',
  'accept' => '*/*',
  'user-agent' => 'WinHttp-Autoproxy-Service/5.1',
  'host' => 'wpad.com',
)
[ info ] [ PARAM ] array (
)
[ info ] [ LOG ] INIT File
---------------------------------------------------------------
[ 2018-04-22T12:26:32+08:00 ] 127.0.0.1 GET /wpad.dat
[ info ] wpad.com/wpad.dat [运行时间：0.035669s][吞吐率：28.04req/s] [内存消耗：1,431.00kb] [文件加载：38]
[ info ] [ LANG ] D:\Vc_PHP\Apache24\htdocs\2018\TP5\ThinkPHP\thinkphp\lang\zh-cn.php
[ info ] [ ROUTE ] array (
  'type' => 'module',
  'module' => 
  array (
    0 => 'wpad.dat',
    1 => NULL,
    2 => NULL,
  ),
)
[ info ] [ HEADER ] array (
  'connection' => 'Keep-Alive',
  'accept' => '*/*',
  'user-agent' => 'WinHttp-Autoproxy-Service/5.1',
  'host' => 'wpad.com',
)
[ info ] [ PARAM ] array (
)
[ info ] [ LOG ] INIT File
---------------------------------------------------------------
[ 2018-04-22T12:36:32+08:00 ] 127.0.0.1 GET /wpad.dat
[ info ] wpad.com/wpad.dat [运行时间：0.036460s][吞吐率：27.43req/s] [内存消耗：1,431.00kb] [文件加载：38]
[ info ] [ LANG ] D:\Vc_PHP\Apache24\htdocs\2018\TP5\ThinkPHP\thinkphp\lang\zh-cn.php
[ info ] [ ROUTE ] array (
  'type' => 'module',
  'module' => 
  array (
    0 => 'wpad.dat',
    1 => NULL,
    2 => NULL,
  ),
)
[ info ] [ HEADER ] array (
  'connection' => 'Keep-Alive',
  'accept' => '*/*',
  'user-agent' => 'WinHttp-Autoproxy-Service/5.1',
  'host' => 'wpad.com',
)
[ info ] [ PARAM ] array (
)
[ info ] [ LOG ] INIT File
---------------------------------------------------------------
[ 2018-04-22T12:46:32+08:00 ] 127.0.0.1 GET /wpad.dat
[ info ] wpad.com/wpad.dat [运行时间：0.027941s][吞吐率：35.79req/s] [内存消耗：1,431.00kb] [文件加载：38]
[ info ] [ LANG ] D:\Vc_PHP\Apache24\htdocs\2018\TP5\ThinkPHP\thinkphp\lang\zh-cn.php
[ info ] [ ROUTE ] array (
  'type' => 'module',
  'module' => 
  array (
    0 => 'wpad.dat',
    1 => NULL,
    2 => NULL,
  ),
)
[ info ] [ HEADER ] array (
  'connection' => 'Keep-Alive',
  'accept' => '*/*',
  'user-agent' => 'WinHttp-Autoproxy-Service/5.1',
  'host' => 'wpad.com',
)
[ info ] [ PARAM ] array (
)
[ info ] [ LOG ] INIT File
---------------------------------------------------------------
[ 2018-04-22T12:56:32+08:00 ] 127.0.0.1 GET /wpad.dat
[ info ] wpad.com/wpad.dat [运行时间：0.027879s][吞吐率：35.87req/s] [内存消耗：1,431.00kb] [文件加载：38]
[ info ] [ LANG ] D:\Vc_PHP\Apache24\htdocs\2018\TP5\ThinkPHP\thinkphp\lang\zh-cn.php
[ info ] [ ROUTE ] array (
  'type' => 'module',
  'module' => 
  array (
    0 => 'wpad.dat',
    1 => NULL,
    2 => NULL,
  ),
)
[ info ] [ HEADER ] array (
  'connection' => 'Keep-Alive',
  'accept' => '*/*',
  'user-agent' => 'WinHttp-Autoproxy-Service/5.1',
  'host' => 'wpad.com',
)
[ info ] [ PARAM ] array (
)
[ info ] [ LOG ] INIT File
---------------------------------------------------------------
[ 2018-04-22T13:06:33+08:00 ] 127.0.0.1 GET /wpad.dat
[ info ] wpad.com/wpad.dat [运行时间：0.771937s][吞吐率：1.30req/s] [内存消耗：1,431.00kb] [文件加载：38]
[ info ] [ LANG ] D:\Vc_PHP\Apache24\htdocs\2018\TP5\ThinkPHP\thinkphp\lang\zh-cn.php
[ info ] [ ROUTE ] array (
  'type' => 'module',
  'module' => 
  array (
    0 => 'wpad.dat',
    1 => NULL,
    2 => NULL,
  ),
)
[ info ] [ HEADER ] array (
  'connection' => 'Keep-Alive',
  'accept' => '*/*',
  'user-agent' => 'WinHttp-Autoproxy-Service/5.1',
  'host' => 'wpad.com',
)
[ info ] [ PARAM ] array (
)
[ info ] [ LOG ] INIT File
---------------------------------------------------------------
[ 2018-04-22T13:16:33+08:00 ] 127.0.0.1 GET /wpad.dat
[ info ] wpad.com/wpad.dat [运行时间：0.033155s][吞吐率：30.16req/s] [内存消耗：1,431.00kb] [文件加载：38]
[ info ] [ LANG ] D:\Vc_PHP\Apache24\htdocs\2018\TP5\ThinkPHP\thinkphp\lang\zh-cn.php
[ info ] [ ROUTE ] array (
  'type' => 'module',
  'module' => 
  array (
    0 => 'wpad.dat',
    1 => NULL,
    2 => NULL,
  ),
)
[ info ] [ HEADER ] array (
  'connection' => 'Keep-Alive',
  'accept' => '*/*',
  'user-agent' => 'WinHttp-Autoproxy-Service/5.1',
  'host' => 'wpad.com',
)
[ info ] [ PARAM ] array (
)
[ info ] [ LOG ] INIT File
---------------------------------------------------------------
[ 2018-04-22T13:26:33+08:00 ] 127.0.0.1 GET /wpad.dat
[ info ] wpad.com/wpad.dat [运行时间：0.034476s][吞吐率：29.01req/s] [内存消耗：1,431.00kb] [文件加载：38]
[ info ] [ LANG ] D:\Vc_PHP\Apache24\htdocs\2018\TP5\ThinkPHP\thinkphp\lang\zh-cn.php
[ info ] [ ROUTE ] array (
  'type' => 'module',
  'module' => 
  array (
    0 => 'wpad.dat',
    1 => NULL,
    2 => NULL,
  ),
)
[ info ] [ HEADER ] array (
  'connection' => 'Keep-Alive',
  'accept' => '*/*',
  'user-agent' => 'WinHttp-Autoproxy-Service/5.1',
  'host' => 'wpad.com',
)
[ info ] [ PARAM ] array (
)
[ info ] [ LOG ] INIT File
---------------------------------------------------------------
[ 2018-04-22T13:36:33+08:00 ] 127.0.0.1 GET /wpad.dat
[ info ] wpad.com/wpad.dat [运行时间：0.032949s][吞吐率：30.35req/s] [内存消耗：1,431.00kb] [文件加载：38]
[ info ] [ LANG ] D:\Vc_PHP\Apache24\htdocs\2018\TP5\ThinkPHP\thinkphp\lang\zh-cn.php
[ info ] [ ROUTE ] array (
  'type' => 'module',
  'module' => 
  array (
    0 => 'wpad.dat',
    1 => NULL,
    2 => NULL,
  ),
)
[ info ] [ HEADER ] array (
  'connection' => 'Keep-Alive',
  'accept' => '*/*',
  'user-agent' => 'WinHttp-Autoproxy-Service/5.1',
  'host' => 'wpad.com',
)
[ info ] [ PARAM ] array (
)
[ info ] [ LOG ] INIT File
---------------------------------------------------------------
[ 2018-04-22T13:46:33+08:00 ] 127.0.0.1 GET /wpad.dat
[ info ] wpad.com/wpad.dat [运行时间：0.037470s][吞吐率：26.69req/s] [内存消耗：1,431.00kb] [文件加载：38]
[ info ] [ LANG ] D:\Vc_PHP\Apache24\htdocs\2018\TP5\ThinkPHP\thinkphp\lang\zh-cn.php
[ info ] [ ROUTE ] array (
  'type' => 'module',
  'module' => 
  array (
    0 => 'wpad.dat',
    1 => NULL,
    2 => NULL,
  ),
)
[ info ] [ HEADER ] array (
  'connection' => 'Keep-Alive',
  'accept' => '*/*',
  'user-agent' => 'WinHttp-Autoproxy-Service/5.1',
  'host' => 'wpad.com',
)
[ info ] [ PARAM ] array (
)
[ info ] [ LOG ] INIT File
---------------------------------------------------------------
[ 2018-04-22T13:56:33+08:00 ] 127.0.0.1 GET /wpad.dat
[ info ] wpad.com/wpad.dat [运行时间：0.035078s][吞吐率：28.51req/s] [内存消耗：1,431.00kb] [文件加载：38]
[ info ] [ LANG ] D:\Vc_PHP\Apache24\htdocs\2018\TP5\ThinkPHP\thinkphp\lang\zh-cn.php
[ info ] [ ROUTE ] array (
  'type' => 'module',
  'module' => 
  array (
    0 => 'wpad.dat',
    1 => NULL,
    2 => NULL,
  ),
)
[ info ] [ HEADER ] array (
  'connection' => 'Keep-Alive',
  'accept' => '*/*',
  'user-agent' => 'WinHttp-Autoproxy-Service/5.1',
  'host' => 'wpad.com',
)
[ info ] [ PARAM ] array (
)
[ info ] [ LOG ] INIT File
---------------------------------------------------------------
[ 2018-04-22T14:06:33+08:00 ] 127.0.0.1 GET /wpad.dat
[ info ] wpad.com/wpad.dat [运行时间：0.032519s][吞吐率：30.75req/s] [内存消耗：1,431.00kb] [文件加载：38]
[ info ] [ LANG ] D:\Vc_PHP\Apache24\htdocs\2018\TP5\ThinkPHP\thinkphp\lang\zh-cn.php
[ info ] [ ROUTE ] array (
  'type' => 'module',
  'module' => 
  array (
    0 => 'wpad.dat',
    1 => NULL,
    2 => NULL,
  ),
)
[ info ] [ HEADER ] array (
  'connection' => 'Keep-Alive',
  'accept' => '*/*',
  'user-agent' => 'WinHttp-Autoproxy-Service/5.1',
  'host' => 'wpad.com',
)
[ info ] [ PARAM ] array (
)
[ info ] [ LOG ] INIT File
---------------------------------------------------------------
[ 2018-04-22T14:16:33+08:00 ] 127.0.0.1 GET /wpad.dat
[ info ] wpad.com/wpad.dat [运行时间：0.027079s][吞吐率：36.93req/s] [内存消耗：1,431.00kb] [文件加载：38]
[ info ] [ LANG ] D:\Vc_PHP\Apache24\htdocs\2018\TP5\ThinkPHP\thinkphp\lang\zh-cn.php
[ info ] [ ROUTE ] array (
  'type' => 'module',
  'module' => 
  array (
    0 => 'wpad.dat',
    1 => NULL,
    2 => NULL,
  ),
)
[ info ] [ HEADER ] array (
  'connection' => 'Keep-Alive',
  'accept' => '*/*',
  'user-agent' => 'WinHttp-Autoproxy-Service/5.1',
  'host' => 'wpad.com',
)
[ info ] [ PARAM ] array (
)
[ info ] [ LOG ] INIT File
---------------------------------------------------------------
[ 2018-04-22T14:26:34+08:00 ] 127.0.0.1 GET /wpad.dat
[ info ] wpad.com/wpad.dat [运行时间：0.025744s][吞吐率：38.84req/s] [内存消耗：1,431.00kb] [文件加载：38]
[ info ] [ LANG ] D:\Vc_PHP\Apache24\htdocs\2018\TP5\ThinkPHP\thinkphp\lang\zh-cn.php
[ info ] [ ROUTE ] array (
  'type' => 'module',
  'module' => 
  array (
    0 => 'wpad.dat',
    1 => NULL,
    2 => NULL,
  ),
)
[ info ] [ HEADER ] array (
  'connection' => 'Keep-Alive',
  'accept' => '*/*',
  'user-agent' => 'WinHttp-Autoproxy-Service/5.1',
  'host' => 'wpad.com',
)
[ info ] [ PARAM ] array (
)
[ info ] [ LOG ] INIT File
---------------------------------------------------------------
[ 2018-04-22T14:36:34+08:00 ] 127.0.0.1 GET /wpad.dat
[ info ] wpad.com/wpad.dat [运行时间：0.027689s][吞吐率：36.12req/s] [内存消耗：1,431.00kb] [文件加载：38]
[ info ] [ LANG ] D:\Vc_PHP\Apache24\htdocs\2018\TP5\ThinkPHP\thinkphp\lang\zh-cn.php
[ info ] [ ROUTE ] array (
  'type' => 'module',
  'module' => 
  array (
    0 => 'wpad.dat',
    1 => NULL,
    2 => NULL,
  ),
)
[ info ] [ HEADER ] array (
  'connection' => 'Keep-Alive',
  'accept' => '*/*',
  'user-agent' => 'WinHttp-Autoproxy-Service/5.1',
  'host' => 'wpad.com',
)
[ info ] [ PARAM ] array (
)
[ info ] [ LOG ] INIT File
---------------------------------------------------------------
[ 2018-04-22T14:46:34+08:00 ] 127.0.0.1 GET /wpad.dat
[ info ] wpad.com/wpad.dat [运行时间：0.026436s][吞吐率：37.83req/s] [内存消耗：1,431.00kb] [文件加载：38]
[ info ] [ LANG ] D:\Vc_PHP\Apache24\htdocs\2018\TP5\ThinkPHP\thinkphp\lang\zh-cn.php
[ info ] [ ROUTE ] array (
  'type' => 'module',
  'module' => 
  array (
    0 => 'wpad.dat',
    1 => NULL,
    2 => NULL,
  ),
)
[ info ] [ HEADER ] array (
  'connection' => 'Keep-Alive',
  'accept' => '*/*',
  'user-agent' => 'WinHttp-Autoproxy-Service/5.1',
  'host' => 'wpad.com',
)
[ info ] [ PARAM ] array (
)
[ info ] [ LOG ] INIT File
---------------------------------------------------------------
[ 2018-04-22T14:56:34+08:00 ] 127.0.0.1 GET /wpad.dat
[ info ] wpad.com/wpad.dat [运行时间：0.031255s][吞吐率：31.99req/s] [内存消耗：1,431.00kb] [文件加载：38]
[ info ] [ LANG ] D:\Vc_PHP\Apache24\htdocs\2018\TP5\ThinkPHP\thinkphp\lang\zh-cn.php
[ info ] [ ROUTE ] array (
  'type' => 'module',
  'module' => 
  array (
    0 => 'wpad.dat',
    1 => NULL,
    2 => NULL,
  ),
)
[ info ] [ HEADER ] array (
  'connection' => 'Keep-Alive',
  'accept' => '*/*',
  'user-agent' => 'WinHttp-Autoproxy-Service/5.1',
  'host' => 'wpad.com',
)
[ info ] [ PARAM ] array (
)
[ info ] [ LOG ] INIT File
---------------------------------------------------------------
[ 2018-04-22T15:06:34+08:00 ] 127.0.0.1 GET /wpad.dat
[ info ] wpad.com/wpad.dat [运行时间：0.031877s][吞吐率：31.37req/s] [内存消耗：1,431.00kb] [文件加载：38]
[ info ] [ LANG ] D:\Vc_PHP\Apache24\htdocs\2018\TP5\ThinkPHP\thinkphp\lang\zh-cn.php
[ info ] [ ROUTE ] array (
  'type' => 'module',
  'module' => 
  array (
    0 => 'wpad.dat',
    1 => NULL,
    2 => NULL,
  ),
)
[ info ] [ HEADER ] array (
  'connection' => 'Keep-Alive',
  'accept' => '*/*',
  'user-agent' => 'WinHttp-Autoproxy-Service/5.1',
  'host' => 'wpad.com',
)
[ info ] [ PARAM ] array (
)
[ info ] [ LOG ] INIT File
---------------------------------------------------------------
[ 2018-04-22T15:16:34+08:00 ] 127.0.0.1 GET /wpad.dat
[ info ] wpad.com/wpad.dat [运行时间：0.031326s][吞吐率：31.92req/s] [内存消耗：1,431.00kb] [文件加载：38]
[ info ] [ LANG ] D:\Vc_PHP\Apache24\htdocs\2018\TP5\ThinkPHP\thinkphp\lang\zh-cn.php
[ info ] [ ROUTE ] array (
  'type' => 'module',
  'module' => 
  array (
    0 => 'wpad.dat',
    1 => NULL,
    2 => NULL,
  ),
)
[ info ] [ HEADER ] array (
  'connection' => 'Keep-Alive',
  'accept' => '*/*',
  'user-agent' => 'WinHttp-Autoproxy-Service/5.1',
  'host' => 'wpad.com',
)
[ info ] [ PARAM ] array (
)
[ info ] [ LOG ] INIT File
---------------------------------------------------------------
[ 2018-04-22T15:26:35+08:00 ] 127.0.0.1 GET /wpad.dat
[ info ] wpad.com/wpad.dat [运行时间：0.878896s][吞吐率：1.14req/s] [内存消耗：1,431.00kb] [文件加载：38]
[ info ] [ LANG ] D:\Vc_PHP\Apache24\htdocs\2018\TP5\ThinkPHP\thinkphp\lang\zh-cn.php
[ info ] [ ROUTE ] array (
  'type' => 'module',
  'module' => 
  array (
    0 => 'wpad.dat',
    1 => NULL,
    2 => NULL,
  ),
)
[ info ] [ HEADER ] array (
  'connection' => 'Keep-Alive',
  'accept' => '*/*',
  'user-agent' => 'WinHttp-Autoproxy-Service/5.1',
  'host' => 'wpad.com',
)
[ info ] [ PARAM ] array (
)
[ info ] [ LOG ] INIT File
---------------------------------------------------------------
[ 2018-04-22T15:27:35+08:00 ] 127.0.0.1 GET /wpad.dat
[ info ] wpad.com/wpad.dat [运行时间：0.030066s][吞吐率：33.26req/s] [内存消耗：1,431.00kb] [文件加载：38]
[ info ] [ LANG ] D:\Vc_PHP\Apache24\htdocs\2018\TP5\ThinkPHP\thinkphp\lang\zh-cn.php
[ info ] [ ROUTE ] array (
  'type' => 'module',
  'module' => 
  array (
    0 => 'wpad.dat',
    1 => NULL,
    2 => NULL,
  ),
)
[ info ] [ HEADER ] array (
  'connection' => 'Keep-Alive',
  'accept' => '*/*',
  'user-agent' => 'WinHttp-Autoproxy-Service/5.1',
  'host' => 'wpad.com',
)
[ info ] [ PARAM ] array (
)
[ info ] [ LOG ] INIT File
---------------------------------------------------------------
[ 2018-04-22T15:27:50+08:00 ] 127.0.0.1 GET /wpad.dat
[ info ] wpad.com/wpad.dat [运行时间：0.024000s][吞吐率：41.67req/s] [内存消耗：1,431.00kb] [文件加载：38]
[ info ] [ LANG ] D:\Vc_PHP\Apache24\htdocs\2018\TP5\ThinkPHP\thinkphp\lang\zh-cn.php
[ info ] [ ROUTE ] array (
  'type' => 'module',
  'module' => 
  array (
    0 => 'wpad.dat',
    1 => NULL,
    2 => NULL,
  ),
)
[ info ] [ HEADER ] array (
  'connection' => 'Keep-Alive',
  'accept' => '*/*',
  'user-agent' => 'WinHttp-Autoproxy-Service/5.1',
  'host' => 'wpad.com',
)
[ info ] [ PARAM ] array (
)
[ info ] [ LOG ] INIT File
---------------------------------------------------------------
[ 2018-04-22T15:28:50+08:00 ] 127.0.0.1 GET /wpad.dat
[ info ] wpad.com/wpad.dat [运行时间：0.032413s][吞吐率：30.85req/s] [内存消耗：1,431.00kb] [文件加载：38]
[ info ] [ LANG ] D:\Vc_PHP\Apache24\htdocs\2018\TP5\ThinkPHP\thinkphp\lang\zh-cn.php
[ info ] [ ROUTE ] array (
  'type' => 'module',
  'module' => 
  array (
    0 => 'wpad.dat',
    1 => NULL,
    2 => NULL,
  ),
)
[ info ] [ HEADER ] array (
  'connection' => 'Keep-Alive',
  'accept' => '*/*',
  'user-agent' => 'WinHttp-Autoproxy-Service/5.1',
  'host' => 'wpad.com',
)
[ info ] [ PARAM ] array (
)
[ info ] [ LOG ] INIT File
---------------------------------------------------------------
[ 2018-04-22T15:38:50+08:00 ] 127.0.0.1 GET /wpad.dat
[ info ] wpad.com/wpad.dat [运行时间：0.030049s][吞吐率：33.28req/s] [内存消耗：1,431.00kb] [文件加载：38]
[ info ] [ LANG ] D:\Vc_PHP\Apache24\htdocs\2018\TP5\ThinkPHP\thinkphp\lang\zh-cn.php
[ info ] [ ROUTE ] array (
  'type' => 'module',
  'module' => 
  array (
    0 => 'wpad.dat',
    1 => NULL,
    2 => NULL,
  ),
)
[ info ] [ HEADER ] array (
  'connection' => 'Keep-Alive',
  'accept' => '*/*',
  'user-agent' => 'WinHttp-Autoproxy-Service/5.1',
  'host' => 'wpad.com',
)
[ info ] [ PARAM ] array (
)
[ info ] [ LOG ] INIT File
---------------------------------------------------------------
[ 2018-04-22T15:41:56+08:00 ] 127.0.0.1 GET /
[ info ] www.vclinyii.com/ [运行时间：0.227462s][吞吐率：4.40req/s] [内存消耗：1,396.73kb] [文件加载：36]
[ info ] [ LANG ] D:\Vc_PHP\Apache24\htdocs\2018\TP5\ThinkPHP\thinkphp\lang\zh-cn.php
[ info ] [ ROUTE ] array (
  'type' => 'module',
  'module' => 
  array (
    0 => '',
    1 => NULL,
    2 => NULL,
  ),
)
[ info ] [ HEADER ] array (
  'host' => 'www.vclinyii.com',
  'connection' => 'keep-alive',
  'upgrade-insecure-requests' => '1',
  'user-agent' => 'Mozilla/5.0 (Windows NT 10.0; WOW64) AppleWebKit/537.36 (KHTML, like Gecko) Chrome/65.0.3325.181 Safari/537.36',
  'accept' => 'text/html,application/xhtml+xml,application/xml;q=0.9,image/webp,image/apng,*/*;q=0.8',
  'accept-encoding' => 'gzip, deflate',
  'accept-language' => 'zh-CN,zh;q=0.9,zh-TW;q=0.8',
)
[ info ] [ PARAM ] array (
)
[ info ] [ RUN ] app\index\controller\Index->index[ D:\Vc_PHP\Apache24\htdocs\2018\TP5\ThinkPHP\application\index\controller\Index.php ]
[ info ] [ LOG ] INIT File
---------------------------------------------------------------
[ 2018-04-22T15:48:50+08:00 ] 127.0.0.1 GET /wpad.dat
[ info ] wpad.com/wpad.dat [运行时间：0.032123s][吞吐率：31.13req/s] [内存消耗：1,431.25kb] [文件加载：38]
[ info ] [ LANG ] D:\Vc_PHP\Apache24\htdocs\2018\TP5\ThinkPHP\thinkphp\lang\zh-cn.php
[ info ] [ ROUTE ] array (
  'type' => 'module',
  'module' => 
  array (
    0 => 'wpad.dat',
    1 => NULL,
    2 => NULL,
  ),
)
[ info ] [ HEADER ] array (
  'connection' => 'Keep-Alive',
  'accept' => '*/*',
  'user-agent' => 'WinHttp-Autoproxy-Service/5.1',
  'host' => 'wpad.com',
)
[ info ] [ PARAM ] array (
)
[ info ] [ LOG ] INIT File
---------------------------------------------------------------
[ 2018-04-22T15:50:28+08:00 ] 192.168.3.16 GET /
[ info ] 192.168.3.15/ [运行时间：0.022888s][吞吐率：43.69req/s] [内存消耗：1,397.38kb] [文件加载：36]
[ info ] [ LANG ] D:\Vc_PHP\Apache24\htdocs\2018\TP5\ThinkPHP\thinkphp\lang\zh-cn.php
[ info ] [ ROUTE ] array (
  'type' => 'module',
  'module' => 
  array (
    0 => '',
    1 => NULL,
    2 => NULL,
  ),
)
[ info ] [ HEADER ] array (
  'host' => '192.168.3.15',
  'connection' => 'keep-alive',
  'user-agent' => 'Mozilla/5.0 (Linux; U; Android 8.0.0; zh-cn; MHA-AL00 Build/HUAWEIMHA-AL00) AppleWebKit/537.36 (KHTML, like Gecko) Version/4.0 Chrome/57.0.2987.132 MQQBrowser/8.3 Mobile Safari/537.36',
  'accept' => 'text/html,application/xhtml+xml,application/xml;q=0.9,image/webp,image/apng,image/sharpp,image/apng,*/*;q=0.8',
  'accept-encoding' => 'gzip, deflate',
  'accept-language' => 'zh-CN,zh-CN;q=0.8,en-US;q=0.6',
)
[ info ] [ PARAM ] array (
)
[ info ] [ RUN ] app\index\controller\Index->index[ D:\Vc_PHP\Apache24\htdocs\2018\TP5\ThinkPHP\application\index\controller\Index.php ]
[ info ] [ LOG ] INIT File
---------------------------------------------------------------
[ 2018-04-22T15:50:35+08:00 ] 192.168.3.16 GET /SCITC
[ info ] 192.168.3.15/SCITC [运行时间：0.182818s][吞吐率：5.47req/s] [内存消耗：1,757.60kb] [文件加载：44]
[ info ] [ LANG ] D:\Vc_PHP\Apache24\htdocs\2018\TP5\ThinkPHP\thinkphp\lang\zh-cn.php
[ info ] [ ROUTE ] array (
  'type' => 'module',
  'module' => 
  array (
    0 => 'SCITC',
    1 => NULL,
    2 => NULL,
  ),
)
[ info ] [ HEADER ] array (
  'host' => '192.168.3.15',
  'connection' => 'keep-alive',
  'user-agent' => 'Mozilla/5.0 (Linux; U; Android 8.0.0; zh-cn; MHA-AL00 Build/HUAWEIMHA-AL00) AppleWebKit/537.36 (KHTML, like Gecko) Version/4.0 Chrome/57.0.2987.132 MQQBrowser/8.3 Mobile Safari/537.36',
  'accept' => 'text/html,application/xhtml+xml,application/xml;q=0.9,image/webp,image/apng,image/sharpp,image/apng,*/*;q=0.8',
  'accept-encoding' => 'gzip, deflate',
  'accept-language' => 'zh-CN,zh-CN;q=0.8,en-US;q=0.6',
)
[ info ] [ PARAM ] array (
)
[ info ] [ RUN ] app\scitc\controller\Index->index[ D:\Vc_PHP\Apache24\htdocs\2018\TP5\ThinkPHP\application\scitc\controller\Index.php ]
[ info ] [ VIEW ] D:\Vc_PHP\Apache24\htdocs\2018\TP5\ThinkPHP\public/../application/scitc\view\index\index.html [ array (
) ]
[ info ] [ LOG ] INIT File
---------------------------------------------------------------
[ 2018-04-22T15:50:57+08:00 ] 192.168.3.16 GET /fenye
[ info ] 192.168.3.15/fenye [运行时间：0.957444s][吞吐率：1.04req/s] [内存消耗：1,919.66kb] [文件加载：46]
[ info ] [ LANG ] D:\Vc_PHP\Apache24\htdocs\2018\TP5\ThinkPHP\thinkphp\lang\zh-cn.php
[ info ] [ ROUTE ] array (
  'type' => 'module',
  'module' => 
  array (
    0 => 'fenye',
    1 => NULL,
    2 => NULL,
  ),
)
[ info ] [ HEADER ] array (
  'host' => '192.168.3.15',
  'connection' => 'keep-alive',
  'user-agent' => 'Mozilla/5.0 (Linux; U; Android 8.0.0; zh-cn; MHA-AL00 Build/HUAWEIMHA-AL00) AppleWebKit/537.36 (KHTML, like Gecko) Version/4.0 Chrome/57.0.2987.132 MQQBrowser/8.3 Mobile Safari/537.36',
  'accept' => 'text/html,application/xhtml+xml,application/xml;q=0.9,image/webp,image/apng,image/sharpp,image/apng,*/*;q=0.8',
  'accept-encoding' => 'gzip, deflate',
  'accept-language' => 'zh-CN,en-US;q=0.8',
)
[ info ] [ PARAM ] array (
)
[ info ] [ RUN ] app\fenye\controller\Index->index[ D:\Vc_PHP\Apache24\htdocs\2018\TP5\ThinkPHP\application\fenye\controller\Index.php ]
[ info ] [ VIEW ] D:\Vc_PHP\Apache24\htdocs\2018\TP5\ThinkPHP\public/../application/fenye\view\index\index.html [ array (
) ]
[ info ] [ LOG ] INIT File
---------------------------------------------------------------
[ 2018-04-22T15:51:10+08:00 ] 192.168.3.16 GET /fenye
[ info ] 192.168.3.15/fenye [运行时间：0.026767s][吞吐率：37.36req/s] [内存消耗：1,760.00kb] [文件加载：44]
[ info ] [ LANG ] D:\Vc_PHP\Apache24\htdocs\2018\TP5\ThinkPHP\thinkphp\lang\zh-cn.php
[ info ] [ ROUTE ] array (
  'type' => 'module',
  'module' => 
  array (
    0 => 'fenye',
    1 => NULL,
    2 => NULL,
  ),
)
[ info ] [ HEADER ] array (
  'host' => '192.168.3.15',
  'connection' => 'keep-alive',
  'cache-control' => 'max-age=0',
  'user-agent' => 'Mozilla/5.0 (Linux; U; Android 8.0.0; zh-cn; MHA-AL00 Build/HUAWEIMHA-AL00) AppleWebKit/537.36 (KHTML, like Gecko) Version/4.0 Chrome/57.0.2987.132 MQQBrowser/8.3 Mobile Safari/537.36',
  'accept' => 'text/html,application/xhtml+xml,application/xml;q=0.9,image/webp,image/apng,image/sharpp,image/apng,*/*;q=0.8',
  'accept-encoding' => 'gzip, deflate',
  'accept-language' => 'zh-CN,en-US;q=0.8',
  'cookie' => '1',
)
[ info ] [ PARAM ] array (
)
[ info ] [ RUN ] app\fenye\controller\Index->index[ D:\Vc_PHP\Apache24\htdocs\2018\TP5\ThinkPHP\application\fenye\controller\Index.php ]
[ info ] [ VIEW ] D:\Vc_PHP\Apache24\htdocs\2018\TP5\ThinkPHP\public/../application/fenye\view\index\index.html [ array (
) ]
[ info ] [ LOG ] INIT File
---------------------------------------------------------------
[ 2018-04-22T15:51:41+08:00 ] 192.168.3.16 GET /fenye
[ info ] 192.168.3.15/fenye [运行时间：0.036285s][吞吐率：27.56req/s] [内存消耗：1,760.53kb] [文件加载：44]
[ info ] [ LANG ] D:\Vc_PHP\Apache24\htdocs\2018\TP5\ThinkPHP\thinkphp\lang\zh-cn.php
[ info ] [ ROUTE ] array (
  'type' => 'module',
  'module' => 
  array (
    0 => 'fenye',
    1 => NULL,
    2 => NULL,
  ),
)
[ info ] [ HEADER ] array (
  'cookie' => '2',
  'q-ua2' => 'QV=3&PL=ADR&PR=QB&PP=com.tencent.mtt&PPVN=8.3.1.4075&TBSVC=43100&CO=BK&COVC=038370&PB=GE&VE=GA&DE=PHONE&CHID=20810&LCID=10304&MO= MHA-AL00 &RL=1080*1920&OS=8.0.0&API=26',
  'accept' => 'application/vnd.wap.xhtml+xml,application/xml,text/vnd.wap.wml,text/html,application/xhtml+xml,image/jpeg;q=0.5,image/png;q=0.5,image/gif;q=0.5,image/*;q=0.6,video/*,audio/*,*/*;q=0.6',
  'user-agent' => 'Mozilla/5.0 (Linux; U; Android 8.0.0; zh-cn; MHA-AL00 Build/HUAWEIMHA-AL00) AppleWebKit/533.1 (KHTML, like Gecko) Mobile Safari/533.1',
  'connection' => 'Close',
  'accept-encoding' => 'gzip',
  'apn-type' => '1-0',
  'host' => '192.168.3.15',
)
[ info ] [ PARAM ] array (
)
[ info ] [ RUN ] app\fenye\controller\Index->index[ D:\Vc_PHP\Apache24\htdocs\2018\TP5\ThinkPHP\application\fenye\controller\Index.php ]
[ info ] [ VIEW ] D:\Vc_PHP\Apache24\htdocs\2018\TP5\ThinkPHP\public/../application/fenye\view\index\index.html [ array (
) ]
[ info ] [ LOG ] INIT File
---------------------------------------------------------------
[ 2018-04-22T15:58:50+08:00 ] 127.0.0.1 GET /wpad.dat
[ info ] wpad.com/wpad.dat [运行时间：0.029615s][吞吐率：33.77req/s] [内存消耗：1,431.25kb] [文件加载：38]
[ info ] [ LANG ] D:\Vc_PHP\Apache24\htdocs\2018\TP5\ThinkPHP\thinkphp\lang\zh-cn.php
[ info ] [ ROUTE ] array (
  'type' => 'module',
  'module' => 
  array (
    0 => 'wpad.dat',
    1 => NULL,
    2 => NULL,
  ),
)
[ info ] [ HEADER ] array (
  'connection' => 'Keep-Alive',
  'accept' => '*/*',
  'user-agent' => 'WinHttp-Autoproxy-Service/5.1',
  'host' => 'wpad.com',
)
[ info ] [ PARAM ] array (
)
[ info ] [ LOG ] INIT File
---------------------------------------------------------------
[ 2018-04-22T16:08:50+08:00 ] 127.0.0.1 GET /wpad.dat
[ info ] wpad.com/wpad.dat [运行时间：0.028345s][吞吐率：35.28req/s] [内存消耗：1,431.25kb] [文件加载：38]
[ info ] [ LANG ] D:\Vc_PHP\Apache24\htdocs\2018\TP5\ThinkPHP\thinkphp\lang\zh-cn.php
[ info ] [ ROUTE ] array (
  'type' => 'module',
  'module' => 
  array (
    0 => 'wpad.dat',
    1 => NULL,
    2 => NULL,
  ),
)
[ info ] [ HEADER ] array (
  'connection' => 'Keep-Alive',
  'accept' => '*/*',
  'user-agent' => 'WinHttp-Autoproxy-Service/5.1',
  'host' => 'wpad.com',
)
[ info ] [ PARAM ] array (
)
[ info ] [ LOG ] INIT File
---------------------------------------------------------------
[ 2018-04-22T16:18:50+08:00 ] 127.0.0.1 GET /wpad.dat
[ info ] wpad.com/wpad.dat [运行时间：0.031375s][吞吐率：31.87req/s] [内存消耗：1,431.25kb] [文件加载：38]
[ info ] [ LANG ] D:\Vc_PHP\Apache24\htdocs\2018\TP5\ThinkPHP\thinkphp\lang\zh-cn.php
[ info ] [ ROUTE ] array (
  'type' => 'module',
  'module' => 
  array (
    0 => 'wpad.dat',
    1 => NULL,
    2 => NULL,
  ),
)
[ info ] [ HEADER ] array (
  'connection' => 'Keep-Alive',
  'accept' => '*/*',
  'user-agent' => 'WinHttp-Autoproxy-Service/5.1',
  'host' => 'wpad.com',
)
[ info ] [ PARAM ] array (
)
[ info ] [ LOG ] INIT File
---------------------------------------------------------------
[ 2018-04-22T16:28:50+08:00 ] 127.0.0.1 GET /wpad.dat
[ info ] wpad.com/wpad.dat [运行时间：0.031988s][吞吐率：31.26req/s] [内存消耗：1,431.25kb] [文件加载：38]
[ info ] [ LANG ] D:\Vc_PHP\Apache24\htdocs\2018\TP5\ThinkPHP\thinkphp\lang\zh-cn.php
[ info ] [ ROUTE ] array (
  'type' => 'module',
  'module' => 
  array (
    0 => 'wpad.dat',
    1 => NULL,
    2 => NULL,
  ),
)
[ info ] [ HEADER ] array (
  'connection' => 'Keep-Alive',
  'accept' => '*/*',
  'user-agent' => 'WinHttp-Autoproxy-Service/5.1',
  'host' => 'wpad.com',
)
[ info ] [ PARAM ] array (
)
[ info ] [ LOG ] INIT File
---------------------------------------------------------------
[ 2018-04-22T16:38:50+08:00 ] 127.0.0.1 GET /wpad.dat
[ info ] wpad.com/wpad.dat [运行时间：0.029483s][吞吐率：33.92req/s] [内存消耗：1,431.25kb] [文件加载：38]
[ info ] [ LANG ] D:\Vc_PHP\Apache24\htdocs\2018\TP5\ThinkPHP\thinkphp\lang\zh-cn.php
[ info ] [ ROUTE ] array (
  'type' => 'module',
  'module' => 
  array (
    0 => 'wpad.dat',
    1 => NULL,
    2 => NULL,
  ),
)
[ info ] [ HEADER ] array (
  'connection' => 'Keep-Alive',
  'accept' => '*/*',
  'user-agent' => 'WinHttp-Autoproxy-Service/5.1',
  'host' => 'wpad.com',
)
[ info ] [ PARAM ] array (
)
[ info ] [ LOG ] INIT File
---------------------------------------------------------------
[ 2018-04-22T16:48:50+08:00 ] 127.0.0.1 GET /wpad.dat
[ info ] wpad.com/wpad.dat [运行时间：0.030286s][吞吐率：33.02req/s] [内存消耗：1,431.25kb] [文件加载：38]
[ info ] [ LANG ] D:\Vc_PHP\Apache24\htdocs\2018\TP5\ThinkPHP\thinkphp\lang\zh-cn.php
[ info ] [ ROUTE ] array (
  'type' => 'module',
  'module' => 
  array (
    0 => 'wpad.dat',
    1 => NULL,
    2 => NULL,
  ),
)
[ info ] [ HEADER ] array (
  'connection' => 'Keep-Alive',
  'accept' => '*/*',
  'user-agent' => 'WinHttp-Autoproxy-Service/5.1',
  'host' => 'wpad.com',
)
[ info ] [ PARAM ] array (
)
[ info ] [ LOG ] INIT File
---------------------------------------------------------------
[ 2018-04-22T16:58:50+08:00 ] 127.0.0.1 GET /wpad.dat
[ info ] wpad.com/wpad.dat [运行时间：0.030663s][吞吐率：32.61req/s] [内存消耗：1,431.25kb] [文件加载：38]
[ info ] [ LANG ] D:\Vc_PHP\Apache24\htdocs\2018\TP5\ThinkPHP\thinkphp\lang\zh-cn.php
[ info ] [ ROUTE ] array (
  'type' => 'module',
  'module' => 
  array (
    0 => 'wpad.dat',
    1 => NULL,
    2 => NULL,
  ),
)
[ info ] [ HEADER ] array (
  'connection' => 'Keep-Alive',
  'accept' => '*/*',
  'user-agent' => 'WinHttp-Autoproxy-Service/5.1',
  'host' => 'wpad.com',
)
[ info ] [ PARAM ] array (
)
[ info ] [ LOG ] INIT File
---------------------------------------------------------------
[ 2018-04-22T17:08:51+08:00 ] 127.0.0.1 GET /wpad.dat
[ info ] wpad.com/wpad.dat [运行时间：0.029376s][吞吐率：34.04req/s] [内存消耗：1,431.25kb] [文件加载：38]
[ info ] [ LANG ] D:\Vc_PHP\Apache24\htdocs\2018\TP5\ThinkPHP\thinkphp\lang\zh-cn.php
[ info ] [ ROUTE ] array (
  'type' => 'module',
  'module' => 
  array (
    0 => 'wpad.dat',
    1 => NULL,
    2 => NULL,
  ),
)
[ info ] [ HEADER ] array (
  'connection' => 'Keep-Alive',
  'accept' => '*/*',
  'user-agent' => 'WinHttp-Autoproxy-Service/5.1',
  'host' => 'wpad.com',
)
[ info ] [ PARAM ] array (
)
[ info ] [ LOG ] INIT File
---------------------------------------------------------------
[ 2018-04-22T17:18:51+08:00 ] 127.0.0.1 GET /wpad.dat
[ info ] wpad.com/wpad.dat [运行时间：0.029613s][吞吐率：33.77req/s] [内存消耗：1,431.25kb] [文件加载：38]
[ info ] [ LANG ] D:\Vc_PHP\Apache24\htdocs\2018\TP5\ThinkPHP\thinkphp\lang\zh-cn.php
[ info ] [ ROUTE ] array (
  'type' => 'module',
  'module' => 
  array (
    0 => 'wpad.dat',
    1 => NULL,
    2 => NULL,
  ),
)
[ info ] [ HEADER ] array (
  'connection' => 'Keep-Alive',
  'accept' => '*/*',
  'user-agent' => 'WinHttp-Autoproxy-Service/5.1',
  'host' => 'wpad.com',
)
[ info ] [ PARAM ] array (
)
[ info ] [ LOG ] INIT File
---------------------------------------------------------------
[ 2018-04-22T17:28:51+08:00 ] 127.0.0.1 GET /wpad.dat
[ info ] wpad.com/wpad.dat [运行时间：0.471188s][吞吐率：2.12req/s] [内存消耗：1,431.25kb] [文件加载：38]
[ info ] [ LANG ] D:\Vc_PHP\Apache24\htdocs\2018\TP5\ThinkPHP\thinkphp\lang\zh-cn.php
[ info ] [ ROUTE ] array (
  'type' => 'module',
  'module' => 
  array (
    0 => 'wpad.dat',
    1 => NULL,
    2 => NULL,
  ),
)
[ info ] [ HEADER ] array (
  'connection' => 'Keep-Alive',
  'accept' => '*/*',
  'user-agent' => 'WinHttp-Autoproxy-Service/5.1',
  'host' => 'wpad.com',
)
[ info ] [ PARAM ] array (
)
[ info ] [ LOG ] INIT File
---------------------------------------------------------------
[ 2018-04-22T17:38:51+08:00 ] 127.0.0.1 GET /wpad.dat
[ info ] wpad.com/wpad.dat [运行时间：0.030845s][吞吐率：32.42req/s] [内存消耗：1,431.25kb] [文件加载：38]
[ info ] [ LANG ] D:\Vc_PHP\Apache24\htdocs\2018\TP5\ThinkPHP\thinkphp\lang\zh-cn.php
[ info ] [ ROUTE ] array (
  'type' => 'module',
  'module' => 
  array (
    0 => 'wpad.dat',
    1 => NULL,
    2 => NULL,
  ),
)
[ info ] [ HEADER ] array (
  'connection' => 'Keep-Alive',
  'accept' => '*/*',
  'user-agent' => 'WinHttp-Autoproxy-Service/5.1',
  'host' => 'wpad.com',
)
[ info ] [ PARAM ] array (
)
[ info ] [ LOG ] INIT File
---------------------------------------------------------------
[ 2018-04-22T17:48:51+08:00 ] 127.0.0.1 GET /wpad.dat
[ info ] wpad.com/wpad.dat [运行时间：0.030153s][吞吐率：33.16req/s] [内存消耗：1,431.25kb] [文件加载：38]
[ info ] [ LANG ] D:\Vc_PHP\Apache24\htdocs\2018\TP5\ThinkPHP\thinkphp\lang\zh-cn.php
[ info ] [ ROUTE ] array (
  'type' => 'module',
  'module' => 
  array (
    0 => 'wpad.dat',
    1 => NULL,
    2 => NULL,
  ),
)
[ info ] [ HEADER ] array (
  'connection' => 'Keep-Alive',
  'accept' => '*/*',
  'user-agent' => 'WinHttp-Autoproxy-Service/5.1',
  'host' => 'wpad.com',
)
[ info ] [ PARAM ] array (
)
[ info ] [ LOG ] INIT File
---------------------------------------------------------------
[ 2018-04-22T17:58:51+08:00 ] 127.0.0.1 GET /wpad.dat
[ info ] wpad.com/wpad.dat [运行时间：0.029073s][吞吐率：34.40req/s] [内存消耗：1,431.25kb] [文件加载：38]
[ info ] [ LANG ] D:\Vc_PHP\Apache24\htdocs\2018\TP5\ThinkPHP\thinkphp\lang\zh-cn.php
[ info ] [ ROUTE ] array (
  'type' => 'module',
  'module' => 
  array (
    0 => 'wpad.dat',
    1 => NULL,
    2 => NULL,
  ),
)
[ info ] [ HEADER ] array (
  'connection' => 'Keep-Alive',
  'accept' => '*/*',
  'user-agent' => 'WinHttp-Autoproxy-Service/5.1',
  'host' => 'wpad.com',
)
[ info ] [ PARAM ] array (
)
[ info ] [ LOG ] INIT File
---------------------------------------------------------------
[ 2018-04-22T18:08:51+08:00 ] 127.0.0.1 GET /wpad.dat
[ info ] wpad.com/wpad.dat [运行时间：0.030354s][吞吐率：32.94req/s] [内存消耗：1,431.25kb] [文件加载：38]
[ info ] [ LANG ] D:\Vc_PHP\Apache24\htdocs\2018\TP5\ThinkPHP\thinkphp\lang\zh-cn.php
[ info ] [ ROUTE ] array (
  'type' => 'module',
  'module' => 
  array (
    0 => 'wpad.dat',
    1 => NULL,
    2 => NULL,
  ),
)
[ info ] [ HEADER ] array (
  'connection' => 'Keep-Alive',
  'accept' => '*/*',
  'user-agent' => 'WinHttp-Autoproxy-Service/5.1',
  'host' => 'wpad.com',
)
[ info ] [ PARAM ] array (
)
[ info ] [ LOG ] INIT File
---------------------------------------------------------------
[ 2018-04-22T18:18:51+08:00 ] 127.0.0.1 GET /wpad.dat
[ info ] wpad.com/wpad.dat [运行时间：0.031611s][吞吐率：31.63req/s] [内存消耗：1,431.25kb] [文件加载：38]
[ info ] [ LANG ] D:\Vc_PHP\Apache24\htdocs\2018\TP5\ThinkPHP\thinkphp\lang\zh-cn.php
[ info ] [ ROUTE ] array (
  'type' => 'module',
  'module' => 
  array (
    0 => 'wpad.dat',
    1 => NULL,
    2 => NULL,
  ),
)
[ info ] [ HEADER ] array (
  'connection' => 'Keep-Alive',
  'accept' => '*/*',
  'user-agent' => 'WinHttp-Autoproxy-Service/5.1',
  'host' => 'wpad.com',
)
[ info ] [ PARAM ] array (
)
[ info ] [ LOG ] INIT File
---------------------------------------------------------------
[ 2018-04-22T18:28:51+08:00 ] 127.0.0.1 GET /wpad.dat
[ info ] wpad.com/wpad.dat [运行时间：0.033095s][吞吐率：30.22req/s] [内存消耗：1,431.25kb] [文件加载：38]
[ info ] [ LANG ] D:\Vc_PHP\Apache24\htdocs\2018\TP5\ThinkPHP\thinkphp\lang\zh-cn.php
[ info ] [ ROUTE ] array (
  'type' => 'module',
  'module' => 
  array (
    0 => 'wpad.dat',
    1 => NULL,
    2 => NULL,
  ),
)
[ info ] [ HEADER ] array (
  'connection' => 'Keep-Alive',
  'accept' => '*/*',
  'user-agent' => 'WinHttp-Autoproxy-Service/5.1',
  'host' => 'wpad.com',
)
[ info ] [ PARAM ] array (
)
[ info ] [ LOG ] INIT File
---------------------------------------------------------------
[ 2018-04-22T18:38:51+08:00 ] 127.0.0.1 GET /wpad.dat
[ info ] wpad.com/wpad.dat [运行时间：0.031188s][吞吐率：32.06req/s] [内存消耗：1,431.25kb] [文件加载：38]
[ info ] [ LANG ] D:\Vc_PHP\Apache24\htdocs\2018\TP5\ThinkPHP\thinkphp\lang\zh-cn.php
[ info ] [ ROUTE ] array (
  'type' => 'module',
  'module' => 
  array (
    0 => 'wpad.dat',
    1 => NULL,
    2 => NULL,
  ),
)
[ info ] [ HEADER ] array (
  'connection' => 'Keep-Alive',
  'accept' => '*/*',
  'user-agent' => 'WinHttp-Autoproxy-Service/5.1',
  'host' => 'wpad.com',
)
[ info ] [ PARAM ] array (
)
[ info ] [ LOG ] INIT File
---------------------------------------------------------------
[ 2018-04-22T18:48:52+08:00 ] 127.0.0.1 GET /wpad.dat
[ info ] wpad.com/wpad.dat [运行时间：0.029221s][吞吐率：34.22req/s] [内存消耗：1,431.25kb] [文件加载：38]
[ info ] [ LANG ] D:\Vc_PHP\Apache24\htdocs\2018\TP5\ThinkPHP\thinkphp\lang\zh-cn.php
[ info ] [ ROUTE ] array (
  'type' => 'module',
  'module' => 
  array (
    0 => 'wpad.dat',
    1 => NULL,
    2 => NULL,
  ),
)
[ info ] [ HEADER ] array (
  'connection' => 'Keep-Alive',
  'accept' => '*/*',
  'user-agent' => 'WinHttp-Autoproxy-Service/5.1',
  'host' => 'wpad.com',
)
[ info ] [ PARAM ] array (
)
[ info ] [ LOG ] INIT File
---------------------------------------------------------------
[ 2018-04-22T18:58:52+08:00 ] 127.0.0.1 GET /wpad.dat
[ info ] wpad.com/wpad.dat [运行时间：0.028852s][吞吐率：34.66req/s] [内存消耗：1,431.25kb] [文件加载：38]
[ info ] [ LANG ] D:\Vc_PHP\Apache24\htdocs\2018\TP5\ThinkPHP\thinkphp\lang\zh-cn.php
[ info ] [ ROUTE ] array (
  'type' => 'module',
  'module' => 
  array (
    0 => 'wpad.dat',
    1 => NULL,
    2 => NULL,
  ),
)
[ info ] [ HEADER ] array (
  'connection' => 'Keep-Alive',
  'accept' => '*/*',
  'user-agent' => 'WinHttp-Autoproxy-Service/5.1',
  'host' => 'wpad.com',
)
[ info ] [ PARAM ] array (
)
[ info ] [ LOG ] INIT File
---------------------------------------------------------------
[ 2018-04-22T19:08:52+08:00 ] 127.0.0.1 GET /wpad.dat
[ info ] wpad.com/wpad.dat [运行时间：0.030913s][吞吐率：32.35req/s] [内存消耗：1,431.25kb] [文件加载：38]
[ info ] [ LANG ] D:\Vc_PHP\Apache24\htdocs\2018\TP5\ThinkPHP\thinkphp\lang\zh-cn.php
[ info ] [ ROUTE ] array (
  'type' => 'module',
  'module' => 
  array (
    0 => 'wpad.dat',
    1 => NULL,
    2 => NULL,
  ),
)
[ info ] [ HEADER ] array (
  'connection' => 'Keep-Alive',
  'accept' => '*/*',
  'user-agent' => 'WinHttp-Autoproxy-Service/5.1',
  'host' => 'wpad.com',
)
[ info ] [ PARAM ] array (
)
[ info ] [ LOG ] INIT File
---------------------------------------------------------------
[ 2018-04-22T19:18:52+08:00 ] 127.0.0.1 GET /wpad.dat
[ info ] wpad.com/wpad.dat [运行时间：0.030456s][吞吐率：32.83req/s] [内存消耗：1,431.25kb] [文件加载：38]
[ info ] [ LANG ] D:\Vc_PHP\Apache24\htdocs\2018\TP5\ThinkPHP\thinkphp\lang\zh-cn.php
[ info ] [ ROUTE ] array (
  'type' => 'module',
  'module' => 
  array (
    0 => 'wpad.dat',
    1 => NULL,
    2 => NULL,
  ),
)
[ info ] [ HEADER ] array (
  'connection' => 'Keep-Alive',
  'accept' => '*/*',
  'user-agent' => 'WinHttp-Autoproxy-Service/5.1',
  'host' => 'wpad.com',
)
[ info ] [ PARAM ] array (
)
[ info ] [ LOG ] INIT File
---------------------------------------------------------------
[ 2018-04-22T19:28:52+08:00 ] 127.0.0.1 GET /wpad.dat
[ info ] wpad.com/wpad.dat [运行时间：0.028578s][吞吐率：34.99req/s] [内存消耗：1,431.25kb] [文件加载：38]
[ info ] [ LANG ] D:\Vc_PHP\Apache24\htdocs\2018\TP5\ThinkPHP\thinkphp\lang\zh-cn.php
[ info ] [ ROUTE ] array (
  'type' => 'module',
  'module' => 
  array (
    0 => 'wpad.dat',
    1 => NULL,
    2 => NULL,
  ),
)
[ info ] [ HEADER ] array (
  'connection' => 'Keep-Alive',
  'accept' => '*/*',
  'user-agent' => 'WinHttp-Autoproxy-Service/5.1',
  'host' => 'wpad.com',
)
[ info ] [ PARAM ] array (
)
[ info ] [ LOG ] INIT File
---------------------------------------------------------------
[ 2018-04-22T19:38:52+08:00 ] 127.0.0.1 GET /wpad.dat
[ info ] wpad.com/wpad.dat [运行时间：0.030896s][吞吐率：32.37req/s] [内存消耗：1,431.25kb] [文件加载：38]
[ info ] [ LANG ] D:\Vc_PHP\Apache24\htdocs\2018\TP5\ThinkPHP\thinkphp\lang\zh-cn.php
[ info ] [ ROUTE ] array (
  'type' => 'module',
  'module' => 
  array (
    0 => 'wpad.dat',
    1 => NULL,
    2 => NULL,
  ),
)
[ info ] [ HEADER ] array (
  'connection' => 'Keep-Alive',
  'accept' => '*/*',
  'user-agent' => 'WinHttp-Autoproxy-Service/5.1',
  'host' => 'wpad.com',
)
[ info ] [ PARAM ] array (
)
[ info ] [ LOG ] INIT File
---------------------------------------------------------------
[ 2018-04-22T19:48:52+08:00 ] 127.0.0.1 GET /wpad.dat
[ info ] wpad.com/wpad.dat [运行时间：0.030678s][吞吐率：32.60req/s] [内存消耗：1,431.25kb] [文件加载：38]
[ info ] [ LANG ] D:\Vc_PHP\Apache24\htdocs\2018\TP5\ThinkPHP\thinkphp\lang\zh-cn.php
[ info ] [ ROUTE ] array (
  'type' => 'module',
  'module' => 
  array (
    0 => 'wpad.dat',
    1 => NULL,
    2 => NULL,
  ),
)
[ info ] [ HEADER ] array (
  'connection' => 'Keep-Alive',
  'accept' => '*/*',
  'user-agent' => 'WinHttp-Autoproxy-Service/5.1',
  'host' => 'wpad.com',
)
[ info ] [ PARAM ] array (
)
[ info ] [ LOG ] INIT File
---------------------------------------------------------------
[ 2018-04-22T19:58:52+08:00 ] 127.0.0.1 GET /wpad.dat
[ info ] wpad.com/wpad.dat [运行时间：0.029966s][吞吐率：33.37req/s] [内存消耗：1,431.25kb] [文件加载：38]
[ info ] [ LANG ] D:\Vc_PHP\Apache24\htdocs\2018\TP5\ThinkPHP\thinkphp\lang\zh-cn.php
[ info ] [ ROUTE ] array (
  'type' => 'module',
  'module' => 
  array (
    0 => 'wpad.dat',
    1 => NULL,
    2 => NULL,
  ),
)
[ info ] [ HEADER ] array (
  'connection' => 'Keep-Alive',
  'accept' => '*/*',
  'user-agent' => 'WinHttp-Autoproxy-Service/5.1',
  'host' => 'wpad.com',
)
[ info ] [ PARAM ] array (
)
[ info ] [ LOG ] INIT File
---------------------------------------------------------------
[ 2018-04-22T20:08:52+08:00 ] 127.0.0.1 GET /wpad.dat
[ info ] wpad.com/wpad.dat [运行时间：0.029088s][吞吐率：34.38req/s] [内存消耗：1,431.25kb] [文件加载：38]
[ info ] [ LANG ] D:\Vc_PHP\Apache24\htdocs\2018\TP5\ThinkPHP\thinkphp\lang\zh-cn.php
[ info ] [ ROUTE ] array (
  'type' => 'module',
  'module' => 
  array (
    0 => 'wpad.dat',
    1 => NULL,
    2 => NULL,
  ),
)
[ info ] [ HEADER ] array (
  'connection' => 'Keep-Alive',
  'accept' => '*/*',
  'user-agent' => 'WinHttp-Autoproxy-Service/5.1',
  'host' => 'wpad.com',
)
[ info ] [ PARAM ] array (
)
[ info ] [ LOG ] INIT File
---------------------------------------------------------------
[ 2018-04-22T20:18:52+08:00 ] 127.0.0.1 GET /wpad.dat
[ info ] wpad.com/wpad.dat [运行时间：0.031903s][吞吐率：31.34req/s] [内存消耗：1,431.25kb] [文件加载：38]
[ info ] [ LANG ] D:\Vc_PHP\Apache24\htdocs\2018\TP5\ThinkPHP\thinkphp\lang\zh-cn.php
[ info ] [ ROUTE ] array (
  'type' => 'module',
  'module' => 
  array (
    0 => 'wpad.dat',
    1 => NULL,
    2 => NULL,
  ),
)
[ info ] [ HEADER ] array (
  'connection' => 'Keep-Alive',
  'accept' => '*/*',
  'user-agent' => 'WinHttp-Autoproxy-Service/5.1',
  'host' => 'wpad.com',
)
[ info ] [ PARAM ] array (
)
[ info ] [ LOG ] INIT File
---------------------------------------------------------------
[ 2018-04-22T20:28:52+08:00 ] 127.0.0.1 GET /wpad.dat
[ info ] wpad.com/wpad.dat [运行时间：0.031823s][吞吐率：31.42req/s] [内存消耗：1,431.25kb] [文件加载：38]
[ info ] [ LANG ] D:\Vc_PHP\Apache24\htdocs\2018\TP5\ThinkPHP\thinkphp\lang\zh-cn.php
[ info ] [ ROUTE ] array (
  'type' => 'module',
  'module' => 
  array (
    0 => 'wpad.dat',
    1 => NULL,
    2 => NULL,
  ),
)
[ info ] [ HEADER ] array (
  'connection' => 'Keep-Alive',
  'accept' => '*/*',
  'user-agent' => 'WinHttp-Autoproxy-Service/5.1',
  'host' => 'wpad.com',
)
[ info ] [ PARAM ] array (
)
[ info ] [ LOG ] INIT File
---------------------------------------------------------------
[ 2018-04-22T20:38:52+08:00 ] 127.0.0.1 GET /wpad.dat
[ info ] wpad.com/wpad.dat [运行时间：0.034770s][吞吐率：28.76req/s] [内存消耗：1,431.25kb] [文件加载：38]
[ info ] [ LANG ] D:\Vc_PHP\Apache24\htdocs\2018\TP5\ThinkPHP\thinkphp\lang\zh-cn.php
[ info ] [ ROUTE ] array (
  'type' => 'module',
  'module' => 
  array (
    0 => 'wpad.dat',
    1 => NULL,
    2 => NULL,
  ),
)
[ info ] [ HEADER ] array (
  'connection' => 'Keep-Alive',
  'accept' => '*/*',
  'user-agent' => 'WinHttp-Autoproxy-Service/5.1',
  'host' => 'wpad.com',
)
[ info ] [ PARAM ] array (
)
[ info ] [ LOG ] INIT File
---------------------------------------------------------------
[ 2018-04-22T20:48:52+08:00 ] 127.0.0.1 GET /wpad.dat
[ info ] wpad.com/wpad.dat [运行时间：0.035091s][吞吐率：28.50req/s] [内存消耗：1,431.25kb] [文件加载：38]
[ info ] [ LANG ] D:\Vc_PHP\Apache24\htdocs\2018\TP5\ThinkPHP\thinkphp\lang\zh-cn.php
[ info ] [ ROUTE ] array (
  'type' => 'module',
  'module' => 
  array (
    0 => 'wpad.dat',
    1 => NULL,
    2 => NULL,
  ),
)
[ info ] [ HEADER ] array (
  'connection' => 'Keep-Alive',
  'accept' => '*/*',
  'user-agent' => 'WinHttp-Autoproxy-Service/5.1',
  'host' => 'wpad.com',
)
[ info ] [ PARAM ] array (
)
[ info ] [ LOG ] INIT File
---------------------------------------------------------------
[ 2018-04-22T20:58:52+08:00 ] 127.0.0.1 GET /wpad.dat
[ info ] wpad.com/wpad.dat [运行时间：0.030572s][吞吐率：32.71req/s] [内存消耗：1,431.25kb] [文件加载：38]
[ info ] [ LANG ] D:\Vc_PHP\Apache24\htdocs\2018\TP5\ThinkPHP\thinkphp\lang\zh-cn.php
[ info ] [ ROUTE ] array (
  'type' => 'module',
  'module' => 
  array (
    0 => 'wpad.dat',
    1 => NULL,
    2 => NULL,
  ),
)
[ info ] [ HEADER ] array (
  'connection' => 'Keep-Alive',
  'accept' => '*/*',
  'user-agent' => 'WinHttp-Autoproxy-Service/5.1',
  'host' => 'wpad.com',
)
[ info ] [ PARAM ] array (
)
[ info ] [ LOG ] INIT File
---------------------------------------------------------------
[ 2018-04-22T21:08:52+08:00 ] 127.0.0.1 GET /wpad.dat
[ info ] wpad.com/wpad.dat [运行时间：0.030077s][吞吐率：33.25req/s] [内存消耗：1,431.25kb] [文件加载：38]
[ info ] [ LANG ] D:\Vc_PHP\Apache24\htdocs\2018\TP5\ThinkPHP\thinkphp\lang\zh-cn.php
[ info ] [ ROUTE ] array (
  'type' => 'module',
  'module' => 
  array (
    0 => 'wpad.dat',
    1 => NULL,
    2 => NULL,
  ),
)
[ info ] [ HEADER ] array (
  'connection' => 'Keep-Alive',
  'accept' => '*/*',
  'user-agent' => 'WinHttp-Autoproxy-Service/5.1',
  'host' => 'wpad.com',
)
[ info ] [ PARAM ] array (
)
[ info ] [ LOG ] INIT File
---------------------------------------------------------------
[ 2018-04-22T21:18:52+08:00 ] 127.0.0.1 GET /wpad.dat
[ info ] wpad.com/wpad.dat [运行时间：0.029994s][吞吐率：33.34req/s] [内存消耗：1,431.25kb] [文件加载：38]
[ info ] [ LANG ] D:\Vc_PHP\Apache24\htdocs\2018\TP5\ThinkPHP\thinkphp\lang\zh-cn.php
[ info ] [ ROUTE ] array (
  'type' => 'module',
  'module' => 
  array (
    0 => 'wpad.dat',
    1 => NULL,
    2 => NULL,
  ),
)
[ info ] [ HEADER ] array (
  'connection' => 'Keep-Alive',
  'accept' => '*/*',
  'user-agent' => 'WinHttp-Autoproxy-Service/5.1',
  'host' => 'wpad.com',
)
[ info ] [ PARAM ] array (
)
[ info ] [ LOG ] INIT File
---------------------------------------------------------------
[ 2018-04-22T21:28:52+08:00 ] 127.0.0.1 GET /wpad.dat
[ info ] wpad.com/wpad.dat [运行时间：0.032041s][吞吐率：31.21req/s] [内存消耗：1,431.25kb] [文件加载：38]
[ info ] [ LANG ] D:\Vc_PHP\Apache24\htdocs\2018\TP5\ThinkPHP\thinkphp\lang\zh-cn.php
[ info ] [ ROUTE ] array (
  'type' => 'module',
  'module' => 
  array (
    0 => 'wpad.dat',
    1 => NULL,
    2 => NULL,
  ),
)
[ info ] [ HEADER ] array (
  'connection' => 'Keep-Alive',
  'accept' => '*/*',
  'user-agent' => 'WinHttp-Autoproxy-Service/5.1',
  'host' => 'wpad.com',
)
[ info ] [ PARAM ] array (
)
[ info ] [ LOG ] INIT File
---------------------------------------------------------------
[ 2018-04-22T21:38:52+08:00 ] 127.0.0.1 GET /wpad.dat
[ info ] wpad.com/wpad.dat [运行时间：0.030748s][吞吐率：32.52req/s] [内存消耗：1,431.25kb] [文件加载：38]
[ info ] [ LANG ] D:\Vc_PHP\Apache24\htdocs\2018\TP5\ThinkPHP\thinkphp\lang\zh-cn.php
[ info ] [ ROUTE ] array (
  'type' => 'module',
  'module' => 
  array (
    0 => 'wpad.dat',
    1 => NULL,
    2 => NULL,
  ),
)
[ info ] [ HEADER ] array (
  'connection' => 'Keep-Alive',
  'accept' => '*/*',
  'user-agent' => 'WinHttp-Autoproxy-Service/5.1',
  'host' => 'wpad.com',
)
[ info ] [ PARAM ] array (
)
[ info ] [ LOG ] INIT File
---------------------------------------------------------------
[ 2018-04-22T21:48:53+08:00 ] 127.0.0.1 GET /wpad.dat
[ info ] wpad.com/wpad.dat [运行时间：0.031340s][吞吐率：31.91req/s] [内存消耗：1,431.25kb] [文件加载：38]
[ info ] [ LANG ] D:\Vc_PHP\Apache24\htdocs\2018\TP5\ThinkPHP\thinkphp\lang\zh-cn.php
[ info ] [ ROUTE ] array (
  'type' => 'module',
  'module' => 
  array (
    0 => 'wpad.dat',
    1 => NULL,
    2 => NULL,
  ),
)
[ info ] [ HEADER ] array (
  'connection' => 'Keep-Alive',
  'accept' => '*/*',
  'user-agent' => 'WinHttp-Autoproxy-Service/5.1',
  'host' => 'wpad.com',
)
[ info ] [ PARAM ] array (
)
[ info ] [ LOG ] INIT File
---------------------------------------------------------------
[ 2018-04-22T21:58:53+08:00 ] 127.0.0.1 GET /wpad.dat
[ info ] wpad.com/wpad.dat [运行时间：0.030988s][吞吐率：32.27req/s] [内存消耗：1,431.25kb] [文件加载：38]
[ info ] [ LANG ] D:\Vc_PHP\Apache24\htdocs\2018\TP5\ThinkPHP\thinkphp\lang\zh-cn.php
[ info ] [ ROUTE ] array (
  'type' => 'module',
  'module' => 
  array (
    0 => 'wpad.dat',
    1 => NULL,
    2 => NULL,
  ),
)
[ info ] [ HEADER ] array (
  'connection' => 'Keep-Alive',
  'accept' => '*/*',
  'user-agent' => 'WinHttp-Autoproxy-Service/5.1',
  'host' => 'wpad.com',
)
[ info ] [ PARAM ] array (
)
[ info ] [ LOG ] INIT File
---------------------------------------------------------------
[ 2018-04-22T22:08:53+08:00 ] 127.0.0.1 GET /wpad.dat
[ info ] wpad.com/wpad.dat [运行时间：0.031476s][吞吐率：31.77req/s] [内存消耗：1,431.25kb] [文件加载：38]
[ info ] [ LANG ] D:\Vc_PHP\Apache24\htdocs\2018\TP5\ThinkPHP\thinkphp\lang\zh-cn.php
[ info ] [ ROUTE ] array (
  'type' => 'module',
  'module' => 
  array (
    0 => 'wpad.dat',
    1 => NULL,
    2 => NULL,
  ),
)
[ info ] [ HEADER ] array (
  'connection' => 'Keep-Alive',
  'accept' => '*/*',
  'user-agent' => 'WinHttp-Autoproxy-Service/5.1',
  'host' => 'wpad.com',
)
[ info ] [ PARAM ] array (
)
[ info ] [ LOG ] INIT File
---------------------------------------------------------------
[ 2018-04-22T22:18:53+08:00 ] 127.0.0.1 GET /wpad.dat
[ info ] wpad.com/wpad.dat [运行时间：0.031924s][吞吐率：31.32req/s] [内存消耗：1,431.25kb] [文件加载：38]
[ info ] [ LANG ] D:\Vc_PHP\Apache24\htdocs\2018\TP5\ThinkPHP\thinkphp\lang\zh-cn.php
[ info ] [ ROUTE ] array (
  'type' => 'module',
  'module' => 
  array (
    0 => 'wpad.dat',
    1 => NULL,
    2 => NULL,
  ),
)
[ info ] [ HEADER ] array (
  'connection' => 'Keep-Alive',
  'accept' => '*/*',
  'user-agent' => 'WinHttp-Autoproxy-Service/5.1',
  'host' => 'wpad.com',
)
[ info ] [ PARAM ] array (
)
[ info ] [ LOG ] INIT File
---------------------------------------------------------------
[ 2018-04-22T22:28:53+08:00 ] 127.0.0.1 GET /wpad.dat
[ info ] wpad.com/wpad.dat [运行时间：0.630389s][吞吐率：1.59req/s] [内存消耗：1,431.25kb] [文件加载：38]
[ info ] [ LANG ] D:\Vc_PHP\Apache24\htdocs\2018\TP5\ThinkPHP\thinkphp\lang\zh-cn.php
[ info ] [ ROUTE ] array (
  'type' => 'module',
  'module' => 
  array (
    0 => 'wpad.dat',
    1 => NULL,
    2 => NULL,
  ),
)
[ info ] [ HEADER ] array (
  'connection' => 'Keep-Alive',
  'accept' => '*/*',
  'user-agent' => 'WinHttp-Autoproxy-Service/5.1',
  'host' => 'wpad.com',
)
[ info ] [ PARAM ] array (
)
[ info ] [ LOG ] INIT File
---------------------------------------------------------------
[ 2018-04-22T22:38:53+08:00 ] 127.0.0.1 GET /wpad.dat
[ info ] wpad.com/wpad.dat [运行时间：0.036286s][吞吐率：27.56req/s] [内存消耗：1,431.25kb] [文件加载：38]
[ info ] [ LANG ] D:\Vc_PHP\Apache24\htdocs\2018\TP5\ThinkPHP\thinkphp\lang\zh-cn.php
[ info ] [ ROUTE ] array (
  'type' => 'module',
  'module' => 
  array (
    0 => 'wpad.dat',
    1 => NULL,
    2 => NULL,
  ),
)
[ info ] [ HEADER ] array (
  'connection' => 'Keep-Alive',
  'accept' => '*/*',
  'user-agent' => 'WinHttp-Autoproxy-Service/5.1',
  'host' => 'wpad.com',
)
[ info ] [ PARAM ] array (
)
[ info ] [ LOG ] INIT File
---------------------------------------------------------------
[ 2018-04-22T22:48:54+08:00 ] 127.0.0.1 GET /wpad.dat
[ info ] wpad.com/wpad.dat [运行时间：0.034472s][吞吐率：29.01req/s] [内存消耗：1,431.25kb] [文件加载：38]
[ info ] [ LANG ] D:\Vc_PHP\Apache24\htdocs\2018\TP5\ThinkPHP\thinkphp\lang\zh-cn.php
[ info ] [ ROUTE ] array (
  'type' => 'module',
  'module' => 
  array (
    0 => 'wpad.dat',
    1 => NULL,
    2 => NULL,
  ),
)
[ info ] [ HEADER ] array (
  'connection' => 'Keep-Alive',
  'accept' => '*/*',
  'user-agent' => 'WinHttp-Autoproxy-Service/5.1',
  'host' => 'wpad.com',
)
[ info ] [ PARAM ] array (
)
[ info ] [ LOG ] INIT File
---------------------------------------------------------------
[ 2018-04-22T22:58:54+08:00 ] 127.0.0.1 GET /wpad.dat
[ info ] wpad.com/wpad.dat [运行时间：0.034042s][吞吐率：29.38req/s] [内存消耗：1,431.25kb] [文件加载：38]
[ info ] [ LANG ] D:\Vc_PHP\Apache24\htdocs\2018\TP5\ThinkPHP\thinkphp\lang\zh-cn.php
[ info ] [ ROUTE ] array (
  'type' => 'module',
  'module' => 
  array (
    0 => 'wpad.dat',
    1 => NULL,
    2 => NULL,
  ),
)
[ info ] [ HEADER ] array (
  'connection' => 'Keep-Alive',
  'accept' => '*/*',
  'user-agent' => 'WinHttp-Autoproxy-Service/5.1',
  'host' => 'wpad.com',
)
[ info ] [ PARAM ] array (
)
[ info ] [ LOG ] INIT File
---------------------------------------------------------------
[ 2018-04-22T23:02:33+08:00 ] 127.0.0.1 GET /wpad.dat
[ info ] wpad.com/wpad.dat [运行时间：0.033583s][吞吐率：29.78req/s] [内存消耗：1,431.25kb] [文件加载：38]
[ info ] [ LANG ] D:\Vc_PHP\Apache24\htdocs\2018\TP5\ThinkPHP\thinkphp\lang\zh-cn.php
[ info ] [ ROUTE ] array (
  'type' => 'module',
  'module' => 
  array (
    0 => 'wpad.dat',
    1 => NULL,
    2 => NULL,
  ),
)
[ info ] [ HEADER ] array (
  'connection' => 'Keep-Alive',
  'accept' => '*/*',
  'user-agent' => 'WinHttp-Autoproxy-Service/5.1',
  'host' => 'wpad.com',
)
[ info ] [ PARAM ] array (
)
[ info ] [ LOG ] INIT File
---------------------------------------------------------------
[ 2018-04-22T23:03:35+08:00 ] 127.0.0.1 GET /wpad.dat
[ info ] wpad.com/wpad.dat [运行时间：0.059616s][吞吐率：16.77req/s] [内存消耗：1,431.25kb] [文件加载：38]
[ info ] [ LANG ] D:\Vc_PHP\Apache24\htdocs\2018\TP5\ThinkPHP\thinkphp\lang\zh-cn.php
[ info ] [ ROUTE ] array (
  'type' => 'module',
  'module' => 
  array (
    0 => 'wpad.dat',
    1 => NULL,
    2 => NULL,
  ),
)
[ info ] [ HEADER ] array (
  'connection' => 'Keep-Alive',
  'accept' => '*/*',
  'user-agent' => 'WinHttp-Autoproxy-Service/5.1',
  'host' => 'wpad.com',
)
[ info ] [ PARAM ] array (
)
[ info ] [ LOG ] INIT File
---------------------------------------------------------------
[ 2018-04-22T23:13:35+08:00 ] 127.0.0.1 GET /wpad.dat
[ info ] wpad.com/wpad.dat [运行时间：0.053087s][吞吐率：18.84req/s] [内存消耗：1,431.25kb] [文件加载：38]
[ info ] [ LANG ] D:\Vc_PHP\Apache24\htdocs\2018\TP5\ThinkPHP\thinkphp\lang\zh-cn.php
[ info ] [ ROUTE ] array (
  'type' => 'module',
  'module' => 
  array (
    0 => 'wpad.dat',
    1 => NULL,
    2 => NULL,
  ),
)
[ info ] [ HEADER ] array (
  'connection' => 'Keep-Alive',
  'accept' => '*/*',
  'user-agent' => 'WinHttp-Autoproxy-Service/5.1',
  'host' => 'wpad.com',
)
[ info ] [ PARAM ] array (
)
[ info ] [ LOG ] INIT File
---------------------------------------------------------------
[ 2018-04-22T23:23:35+08:00 ] 127.0.0.1 GET /wpad.dat
[ info ] wpad.com/wpad.dat [运行时间：0.034930s][吞吐率：28.63req/s] [内存消耗：1,431.25kb] [文件加载：38]
[ info ] [ LANG ] D:\Vc_PHP\Apache24\htdocs\2018\TP5\ThinkPHP\thinkphp\lang\zh-cn.php
[ info ] [ ROUTE ] array (
  'type' => 'module',
  'module' => 
  array (
    0 => 'wpad.dat',
    1 => NULL,
    2 => NULL,
  ),
)
[ info ] [ HEADER ] array (
  'connection' => 'Keep-Alive',
  'accept' => '*/*',
  'user-agent' => 'WinHttp-Autoproxy-Service/5.1',
  'host' => 'wpad.com',
)
[ info ] [ PARAM ] array (
)
[ info ] [ LOG ] INIT File
---------------------------------------------------------------
[ 2018-04-22T23:33:35+08:00 ] 127.0.0.1 GET /wpad.dat
[ info ] wpad.com/wpad.dat [运行时间：0.037004s][吞吐率：27.02req/s] [内存消耗：1,431.25kb] [文件加载：38]
[ info ] [ LANG ] D:\Vc_PHP\Apache24\htdocs\2018\TP5\ThinkPHP\thinkphp\lang\zh-cn.php
[ info ] [ ROUTE ] array (
  'type' => 'module',
  'module' => 
  array (
    0 => 'wpad.dat',
    1 => NULL,
    2 => NULL,
  ),
)
[ info ] [ HEADER ] array (
  'connection' => 'Keep-Alive',
  'accept' => '*/*',
  'user-agent' => 'WinHttp-Autoproxy-Service/5.1',
  'host' => 'wpad.com',
)
[ info ] [ PARAM ] array (
)
[ info ] [ LOG ] INIT File
---------------------------------------------------------------
[ 2018-04-22T23:43:35+08:00 ] 127.0.0.1 GET /wpad.dat
[ info ] wpad.com/wpad.dat [运行时间：0.029420s][吞吐率：33.99req/s] [内存消耗：1,431.25kb] [文件加载：38]
[ info ] [ LANG ] D:\Vc_PHP\Apache24\htdocs\2018\TP5\ThinkPHP\thinkphp\lang\zh-cn.php
[ info ] [ ROUTE ] array (
  'type' => 'module',
  'module' => 
  array (
    0 => 'wpad.dat',
    1 => NULL,
    2 => NULL,
  ),
)
[ info ] [ HEADER ] array (
  'connection' => 'Keep-Alive',
  'accept' => '*/*',
  'user-agent' => 'WinHttp-Autoproxy-Service/5.1',
  'host' => 'wpad.com',
)
[ info ] [ PARAM ] array (
)
[ info ] [ LOG ] INIT File
---------------------------------------------------------------
[ 2018-04-22T23:53:35+08:00 ] 127.0.0.1 GET /wpad.dat
[ info ] wpad.com/wpad.dat [运行时间：0.029074s][吞吐率：34.40req/s] [内存消耗：1,431.25kb] [文件加载：38]
[ info ] [ LANG ] D:\Vc_PHP\Apache24\htdocs\2018\TP5\ThinkPHP\thinkphp\lang\zh-cn.php
[ info ] [ ROUTE ] array (
  'type' => 'module',
  'module' => 
  array (
    0 => 'wpad.dat',
    1 => NULL,
    2 => NULL,
  ),
)
[ info ] [ HEADER ] array (
  'connection' => 'Keep-Alive',
  'accept' => '*/*',
  'user-agent' => 'WinHttp-Autoproxy-Service/5.1',
  'host' => 'wpad.com',
)
[ info ] [ PARAM ] array (
)
[ info ] [ LOG ] INIT File
