---------------------------------------------------------------
[ 2018-03-25T17:35:27+08:00 ] 127.0.0.1 GET /
[ info ] www.vclin01.com/ [运行时间：1.106069s][吞吐率：0.90req/s] [内存消耗：1,399.38kb] [文件加载：36]
[ info ] [ LANG ] D:\Vc_PHP\Apache24\htdocs\2018\TP5\ThinkPHP\thinkphp\lang\zh-cn.php
[ info ] [ ROUTE ] array (
  'type' => 'module',
  'module' => 
  array (
    0 => '',
    1 => NULL,
    2 => NULL,
  ),
)
[ info ] [ HEADER ] array (
  'host' => 'www.vclin01.com',
  'connection' => 'keep-alive',
  'accept' => 'text/html,application/xhtml+xml,application/xml;q=0.9,image/webp,image/apng,*/*;q=0.8',
  'accept-language' => 'zh-CN,zh;q=0.9,zh-CN;q=0.8,en-US;q=0.7,en;q=0.6',
  'upgrade-insecure-requests' => '1',
  'user-agent' => 'Mozilla/5.0 (Windows; U; Windows NT 10.0; en-US; Valve Steam Tenfoot/0; ) AppleWebKit/537.36 (KHTML, like Gecko) Chrome/62.0.3202.94 Safari/537.36',
  'x-steamclientversion' => '1521764535',
  'x-tenfootfeaturelist' => 'edgescroller,displayvideo,remotepanel,nx,rememberchildfocus,cfbackstack,featureallgames',
  'accept-encoding' => 'gzip, deflate',
)
[ info ] [ PARAM ] array (
)
[ info ] [ RUN ] app\index\controller\Index->index[ D:\Vc_PHP\Apache24\htdocs\2018\TP5\ThinkPHP\application\index\controller\Index.php ]
[ info ] [ LOG ] INIT File
