---------------------------------------------------------------
[ 2018-08-15T08:15:24+08:00 ] 127.0.0.1 GET /q/1010000009868979/
[ info ] baimeida.com.cn.segmentfault.com/q/1010000009868979/ [运行时间：0.875736s][吞吐率：1.14req/s] [内存消耗：1,722.48kb] [文件加载：38]
[ info ] [ LANG ] D:\Vc_PHP\Apache24\htdocs\2018\WorkManagement\shop\thinkphp\lang\zh-cn.php
[ info ] [ ROUTE ] array (
  'type' => 'module',
  'module' => 
  array (
    0 => 'q',
    1 => '1010000009868979',
    2 => NULL,
  ),
)
[ info ] [ HEADER ] array (
  'host' => 'baimeida.com.cn.segmentfault.com',
  'connection' => 'keep-alive',
  'upgrade-insecure-requests' => '1',
  'user-agent' => 'Mozilla/5.0 (Windows NT 10.0; Win64; x64) AppleWebKit/537.36 (KHTML, like Gecko) Chrome/68.0.3440.106 Safari/537.36',
  'accept' => 'text/html,application/xhtml+xml,application/xml;q=0.9,image/webp,image/apng,*/*;q=0.8',
  'referer' => 'https://www.baidu.com/link?url=FchQK4Kodpb0AUADma20kH_bh5IkJ1ARSVUaVdiQibSoz7vwGzwGv-OOZLma-Nabd0MxscPddGD4-RpT_FfPoh60lV9iOUM0hhWyv0X_IGK&wd=&eqid=ab04cfca0002aeb7000000055b73708f',
  'accept-encoding' => 'gzip, deflate',
  'accept-language' => 'zh-CN,zh;q=0.9,zh-TW;q=0.8',
)
[ info ] [ PARAM ] array (
)
[ info ] [ LOG ] INIT File
---------------------------------------------------------------
[ 2018-08-15T08:15:28+08:00 ] 127.0.0.1 GET /q/1010000009868979/
[ info ] baimeida.com.cn.segmentfault.com/q/1010000009868979/ [运行时间：0.050990s][吞吐率：19.61req/s] [内存消耗：1,721.93kb] [文件加载：38]
[ info ] [ LANG ] D:\Vc_PHP\Apache24\htdocs\2018\WorkManagement\shop\thinkphp\lang\zh-cn.php
[ info ] [ ROUTE ] array (
  'type' => 'module',
  'module' => 
  array (
    0 => 'q',
    1 => '1010000009868979',
    2 => NULL,
  ),
)
[ info ] [ HEADER ] array (
  'host' => 'baimeida.com.cn.segmentfault.com',
  'connection' => 'keep-alive',
  'cache-control' => 'max-age=0',
  'upgrade-insecure-requests' => '1',
  'user-agent' => 'Mozilla/5.0 (Windows NT 10.0; Win64; x64) AppleWebKit/537.36 (KHTML, like Gecko) Chrome/68.0.3440.106 Safari/537.36',
  'accept' => 'text/html,application/xhtml+xml,application/xml;q=0.9,image/webp,image/apng,*/*;q=0.8',
  'accept-encoding' => 'gzip, deflate',
  'accept-language' => 'zh-CN,zh;q=0.9,zh-TW;q=0.8',
)
[ info ] [ PARAM ] array (
)
[ info ] [ LOG ] INIT File
---------------------------------------------------------------
[ 2018-08-15T08:15:40+08:00 ] 127.0.0.1 GET /q/1010000009868979/
[ info ] baimeida.com.cn.segmentfault.com/q/1010000009868979/ [运行时间：0.059910s][吞吐率：16.69req/s] [内存消耗：1,722.48kb] [文件加载：38]
[ info ] [ LANG ] D:\Vc_PHP\Apache24\htdocs\2018\WorkManagement\shop\thinkphp\lang\zh-cn.php
[ info ] [ ROUTE ] array (
  'type' => 'module',
  'module' => 
  array (
    0 => 'q',
    1 => '1010000009868979',
    2 => NULL,
  ),
)
[ info ] [ HEADER ] array (
  'host' => 'baimeida.com.cn.segmentfault.com',
  'connection' => 'keep-alive',
  'upgrade-insecure-requests' => '1',
  'user-agent' => 'Mozilla/5.0 (Windows NT 10.0; Win64; x64) AppleWebKit/537.36 (KHTML, like Gecko) Chrome/68.0.3440.106 Safari/537.36',
  'accept' => 'text/html,application/xhtml+xml,application/xml;q=0.9,image/webp,image/apng,*/*;q=0.8',
  'referer' => 'https://www.baidu.com/link?url=FchQK4Kodpb0AUADma20kH_bh5IkJ1ARSVUaVdiQibSoz7vwGzwGv-OOZLma-Nabd0MxscPddGD4-RpT_FfPoh60lV9iOUM0hhWyv0X_IGK&wd=&eqid=ab04cfca0002aeb7000000055b73708f',
  'accept-encoding' => 'gzip, deflate',
  'accept-language' => 'zh-CN,zh;q=0.9,zh-TW;q=0.8',
)
[ info ] [ PARAM ] array (
)
[ info ] [ LOG ] INIT File
---------------------------------------------------------------
[ 2018-08-15T08:15:46+08:00 ] 127.0.0.1 GET /q/1010000009868979/
[ info ] baimeida.com.cn.segmentfault.com/q/1010000009868979/ [运行时间：0.065125s][吞吐率：15.36req/s] [内存消耗：1,722.48kb] [文件加载：38]
[ info ] [ LANG ] D:\Vc_PHP\Apache24\htdocs\2018\WorkManagement\shop\thinkphp\lang\zh-cn.php
[ info ] [ ROUTE ] array (
  'type' => 'module',
  'module' => 
  array (
    0 => 'q',
    1 => '1010000009868979',
    2 => NULL,
  ),
)
[ info ] [ HEADER ] array (
  'host' => 'baimeida.com.cn.segmentfault.com',
  'connection' => 'keep-alive',
  'upgrade-insecure-requests' => '1',
  'user-agent' => 'Mozilla/5.0 (Windows NT 10.0; Win64; x64) AppleWebKit/537.36 (KHTML, like Gecko) Chrome/68.0.3440.106 Safari/537.36',
  'accept' => 'text/html,application/xhtml+xml,application/xml;q=0.9,image/webp,image/apng,*/*;q=0.8',
  'referer' => 'https://www.baidu.com/link?url=FchQK4Kodpb0AUADma20kH_bh5IkJ1ARSVUaVdiQibSoz7vwGzwGv-OOZLma-Nabd0MxscPddGD4-RpT_FfPoh60lV9iOUM0hhWyv0X_IGK&wd=&eqid=ab04cfca0002aeb7000000055b73708f',
  'accept-encoding' => 'gzip, deflate',
  'accept-language' => 'zh-CN,zh;q=0.9,zh-TW;q=0.8',
)
[ info ] [ PARAM ] array (
)
[ info ] [ LOG ] INIT File
---------------------------------------------------------------
[ 2018-08-15T08:15:52+08:00 ] 127.0.0.1 GET /
[ info ] baimeida.com.cn.segmentfault.com/ [运行时间：0.309884s][吞吐率：3.23req/s] [内存消耗：2,203.82kb] [文件加载：44]
[ info ] [ LANG ] D:\Vc_PHP\Apache24\htdocs\2018\WorkManagement\shop\thinkphp\lang\zh-cn.php
[ info ] [ ROUTE ] array (
  'type' => 'module',
  'module' => 
  array (
    0 => '',
    1 => NULL,
    2 => NULL,
  ),
)
[ info ] [ HEADER ] array (
  'host' => 'baimeida.com.cn.segmentfault.com',
  'connection' => 'keep-alive',
  'upgrade-insecure-requests' => '1',
  'user-agent' => 'Mozilla/5.0 (Windows NT 10.0; Win64; x64) AppleWebKit/537.36 (KHTML, like Gecko) Chrome/68.0.3440.106 Safari/537.36',
  'accept' => 'text/html,application/xhtml+xml,application/xml;q=0.9,image/webp,image/apng,*/*;q=0.8',
  'accept-encoding' => 'gzip, deflate',
  'accept-language' => 'zh-CN,zh;q=0.9,zh-TW;q=0.8',
)
[ info ] [ PARAM ] array (
)
[ info ] [ SESSION ] INIT array (
  'id' => '',
  'var_session_id' => '',
  'prefix' => 'think',
  'type' => '',
  'auto_start' => true,
)
[ info ] [ RUN ] app\index\controller\Index->index[ D:\Vc_PHP\Apache24\htdocs\2018\WorkManagement\shop\application\index\controller\Index.php ]
[ info ] [ VIEW ] D:\Vc_PHP\Apache24\htdocs\2018\WorkManagement\shop\public/../application/index\view\index\index.html [ array (
) ]
[ info ] [ LOG ] INIT File
