---------------------------------------------------------------
[ 2018-08-22T22:02:27+08:00 ] 192.168.1.4 GET /
[ info ] 192.168.1.2/ [运行时间：1.415441s][吞吐率：0.71req/s] [内存消耗：2,139.56kb] [文件加载：44]
[ info ] [ LANG ] D:\Vc_PHP\Apache24\htdocs\2018\WorkManagement\shop\thinkphp\lang\zh-cn.php
[ info ] [ ROUTE ] array (
  'type' => 'module',
  'module' => 
  array (
    0 => '',
    1 => NULL,
    2 => NULL,
  ),
)
[ info ] [ HEADER ] array (
  'host' => '192.168.1.2',
  'connection' => 'keep-alive',
  'user-agent' => 'Mozilla/5.0 (Linux; U; Android 8.0.0; zh-cn; MHA-AL00 Build/HUAWEIMHA-AL00) AppleWebKit/537.36 (KHTML, like Gecko) Version/4.0 Chrome/57.0.2987.132 MQQBrowser/8.7 Mobile Safari/537.36',
  'accept' => 'text/html,application/xhtml+xml,application/xml;q=0.9,image/webp,image/apng,image/sharpp,image/apng,*/*;q=0.8',
  'accept-encoding' => 'gzip, deflate',
  'accept-language' => 'zh-CN,zh-CN;q=0.8,en-GB;q=0.6,en-US;q=0.4',
  'cookie' => 'PHPSESSID=odkuavpqn0v6npl8sb7nbkt8co',
)
[ info ] [ PARAM ] array (
)
[ info ] [ SESSION ] INIT array (
  'id' => '',
  'var_session_id' => '',
  'prefix' => 'think',
  'type' => '',
  'auto_start' => true,
)
[ info ] [ LOG ] INIT File
---------------------------------------------------------------
[ 2018-08-22T22:02:28+08:00 ] 192.168.1.4 GET /index/students
[ info ] 192.168.1.2/index/students [运行时间：0.892175s][吞吐率：1.12req/s] [内存消耗：3,546.88kb] [文件加载：54]
[ info ] [ LANG ] D:\Vc_PHP\Apache24\htdocs\2018\WorkManagement\shop\thinkphp\lang\zh-cn.php
[ info ] [ ROUTE ] array (
  'type' => 'module',
  'module' => 
  array (
    0 => 'index',
    1 => 'students',
    2 => NULL,
  ),
)
[ info ] [ HEADER ] array (
  'host' => '192.168.1.2',
  'connection' => 'keep-alive',
  'user-agent' => 'Mozilla/5.0 (Linux; U; Android 8.0.0; zh-cn; MHA-AL00 Build/HUAWEIMHA-AL00) AppleWebKit/537.36 (KHTML, like Gecko) Version/4.0 Chrome/57.0.2987.132 MQQBrowser/8.7 Mobile Safari/537.36',
  'accept' => 'text/html,application/xhtml+xml,application/xml;q=0.9,image/webp,image/apng,image/sharpp,image/apng,*/*;q=0.8',
  'accept-encoding' => 'gzip, deflate',
  'accept-language' => 'zh-CN,zh-CN;q=0.8,en-GB;q=0.6,en-US;q=0.4',
  'cookie' => 'PHPSESSID=odkuavpqn0v6npl8sb7nbkt8co',
)
[ info ] [ PARAM ] array (
)
[ info ] [ SESSION ] INIT array (
  'id' => '',
  'var_session_id' => '',
  'prefix' => 'think',
  'type' => '',
  'auto_start' => true,
)
[ info ] [ DB ] INIT mysql
[ info ] [ RUN ] app\index\controller\Students->index[ D:\Vc_PHP\Apache24\htdocs\2018\WorkManagement\shop\application\index\controller\Students.php ]
[ info ] [ VIEW ] D:\Vc_PHP\Apache24\htdocs\2018\WorkManagement\shop\public/../application/index\view\students\index.html [ array (
  0 => 'Details',
) ]
[ info ] [ RUN ] app\index\widget\Widgets->Students[ D:\Vc_PHP\Apache24\htdocs\2018\WorkManagement\shop\application\index\widget\Widgets.php ]
[ info ] [ VIEW ] D:\Vc_PHP\Apache24\htdocs\2018\WorkManagement\shop\public/../application/index\view\widgets\students.html [ array (
  0 => 'Details',
  1 => 'data',
) ]
[ info ] [ LOG ] INIT File
[ sql ] [ DB ] CONNECT:[ UseTime:0.082314s ] mysql:host=118.24.184.68;port=3306;dbname=mywork;charset=utf8
[ sql ] [ SQL ] SHOW COLUMNS FROM `student` [ RunTime:0.029795s ]
[ sql ] [ SQL ] SELECT * FROM `student` WHERE  `number` = '16301070'  AND `pass` = 'fb7eda5b5d722efa50c104c1fc298078' [ RunTime:0.030104s ]
[ sql ] [ SQL ] SELECT * FROM `student` WHERE  `number` = '16301070'  AND `state` = 0  AND `class_id` <> 0 [ RunTime:0.030697s ]
[ sql ] [ SQL ] SELECT `name`,`number`,`class_id`,`state` FROM `student` WHERE  `number` = '16301070'  AND `pass` = 'fb7eda5b5d722efa50c104c1fc298078' [ RunTime:0.030859s ]
[ sql ] [ SQL ] SELECT `A`.`name`,`A`.`number`,B.name as ClassName FROM `student` `A`,`vc_class` `B` WHERE  (  A.class_id=B.Id and A.number=16301070 ) [ RunTime:0.031100s ]
[ sql ] [ SQL ] SELECT `name`,`number` FROM `student` WHERE  `number` = '16301070'  AND `pass` = 'fb7eda5b5d722efa50c104c1fc298078' [ RunTime:0.050662s ]
---------------------------------------------------------------
[ 2018-08-22T22:02:33+08:00 ] 192.168.1.4 GET /index/students/course
[ info ] 192.168.1.2/index/students/course [运行时间：0.535678s][吞吐率：1.87req/s] [内存消耗：3,681.95kb] [文件加载：58]
[ info ] [ LANG ] D:\Vc_PHP\Apache24\htdocs\2018\WorkManagement\shop\thinkphp\lang\zh-cn.php
[ info ] [ ROUTE ] array (
  'type' => 'module',
  'module' => 
  array (
    0 => 'index',
    1 => 'students',
    2 => 'course',
  ),
)
[ info ] [ HEADER ] array (
  'host' => '192.168.1.2',
  'connection' => 'keep-alive',
  'user-agent' => 'Mozilla/5.0 (Linux; U; Android 8.0.0; zh-cn; MHA-AL00 Build/HUAWEIMHA-AL00) AppleWebKit/537.36 (KHTML, like Gecko) Version/4.0 Chrome/57.0.2987.132 MQQBrowser/8.7 Mobile Safari/537.36',
  'accept' => 'text/html,application/xhtml+xml,application/xml;q=0.9,image/webp,image/apng,image/sharpp,image/apng,*/*;q=0.8',
  'referer' => 'http://192.168.1.2/index/students',
  'accept-encoding' => 'gzip, deflate',
  'accept-language' => 'zh-CN,zh-CN;q=0.8,en-GB;q=0.6,en-US;q=0.4',
  'cookie' => 'PHPSESSID=odkuavpqn0v6npl8sb7nbkt8co',
)
[ info ] [ PARAM ] array (
)
[ info ] [ SESSION ] INIT array (
  'id' => '',
  'var_session_id' => '',
  'prefix' => 'think',
  'type' => '',
  'auto_start' => true,
)
[ info ] [ DB ] INIT mysql
[ info ] [ RUN ] app\index\controller\Students->Course[ D:\Vc_PHP\Apache24\htdocs\2018\WorkManagement\shop\application\index\controller\Students.php ]
[ info ] [ VIEW ] D:\Vc_PHP\Apache24\htdocs\2018\WorkManagement\shop\public/../application/index\view\students\mycourse.html [ array (
  0 => 'data',
  1 => 'page',
) ]
[ info ] [ RUN ] app\index\widget\Widgets->Students[ D:\Vc_PHP\Apache24\htdocs\2018\WorkManagement\shop\application\index\widget\Widgets.php ]
[ info ] [ VIEW ] D:\Vc_PHP\Apache24\htdocs\2018\WorkManagement\shop\public/../application/index\view\widgets\students.html [ array (
  0 => 'data',
  1 => 'page',
) ]
[ info ] [ LOG ] INIT File
[ sql ] [ DB ] CONNECT:[ UseTime:0.041114s ] mysql:host=118.24.184.68;port=3306;dbname=mywork;charset=utf8
[ sql ] [ SQL ] SHOW COLUMNS FROM `student` [ RunTime:0.025660s ]
[ sql ] [ SQL ] SELECT * FROM `student` WHERE  `number` = '16301070'  AND `pass` = 'fb7eda5b5d722efa50c104c1fc298078' [ RunTime:0.024334s ]
[ sql ] [ SQL ] SELECT * FROM `student` WHERE  `number` = '16301070'  AND `state` = 0  AND `class_id` <> 0 [ RunTime:0.024762s ]
[ sql ] [ SQL ] SELECT `Id`,`class_id`,`name` FROM `student` WHERE  `number` = '16301070'  AND `pass` = 'fb7eda5b5d722efa50c104c1fc298078' [ RunTime:0.023985s ]
[ sql ] [ SQL ] SHOW COLUMNS FROM `course` [ RunTime:0.024304s ]
[ sql ] [ SQL ] SELECT COUNT(*) AS tp_count FROM `course` WHERE  `class_id` = 1 LIMIT 1 [ RunTime:0.035635s ]
[ sql ] [ SQL ] SELECT * FROM `course` WHERE  `class_id` = 1 LIMIT 0,11 [ RunTime:0.024168s ]
[ sql ] [ SQL ] SELECT `name`,`number` FROM `student` WHERE  `number` = '16301070'  AND `pass` = 'fb7eda5b5d722efa50c104c1fc298078' [ RunTime:0.024391s ]
---------------------------------------------------------------
[ 2018-08-22T22:02:36+08:00 ] 192.168.1.4 GET /index/students/courseDetails?id=1&key=PHP%E5%8A%A8%E6%80%81%E7%BD%91%E7%AB%99%E5%BC%80%E5%8F%91
[ info ] 192.168.1.2/index/students/courseDetails?id=1&key=PHP%E5%8A%A8%E6%80%81%E7%BD%91%E7%AB%99%E5%BC%80%E5%8F%91 [运行时间：0.726020s][吞吐率：1.38req/s] [内存消耗：3,796.43kb] [文件加载：61]
[ info ] [ LANG ] D:\Vc_PHP\Apache24\htdocs\2018\WorkManagement\shop\thinkphp\lang\zh-cn.php
[ info ] [ ROUTE ] array (
  'type' => 'module',
  'module' => 
  array (
    0 => 'index',
    1 => 'students',
    2 => 'courseDetails',
  ),
)
[ info ] [ HEADER ] array (
  'host' => '192.168.1.2',
  'connection' => 'keep-alive',
  'user-agent' => 'Mozilla/5.0 (Linux; U; Android 8.0.0; zh-cn; MHA-AL00 Build/HUAWEIMHA-AL00) AppleWebKit/537.36 (KHTML, like Gecko) Version/4.0 Chrome/57.0.2987.132 MQQBrowser/8.7 Mobile Safari/537.36',
  'accept' => 'text/html,application/xhtml+xml,application/xml;q=0.9,image/webp,image/apng,image/sharpp,image/apng,*/*;q=0.8',
  'referer' => 'http://192.168.1.2/index/students/course',
  'accept-encoding' => 'gzip, deflate',
  'accept-language' => 'zh-CN,zh-CN;q=0.8,en-GB;q=0.6,en-US;q=0.4',
  'cookie' => 'PHPSESSID=odkuavpqn0v6npl8sb7nbkt8co',
)
[ info ] [ PARAM ] array (
  'id' => '1',
  'key' => 'PHP动态网站开发',
)
[ info ] [ SESSION ] INIT array (
  'id' => '',
  'var_session_id' => '',
  'prefix' => 'think',
  'type' => '',
  'auto_start' => true,
)
[ info ] [ DB ] INIT mysql
[ info ] [ RUN ] app\index\controller\Students->CourseDetails[ D:\Vc_PHP\Apache24\htdocs\2018\WorkManagement\shop\application\index\controller\Students.php ]
[ info ] [ VIEW ] D:\Vc_PHP\Apache24\htdocs\2018\WorkManagement\shop\public/../application/index\view\students\coursedetails.html [ array (
  0 => 'data',
  1 => 'page',
  2 => 'course',
) ]
[ info ] [ RUN ] app\index\widget\Widgets->Teachers[ D:\Vc_PHP\Apache24\htdocs\2018\WorkManagement\shop\application\index\widget\Widgets.php ]
[ info ] [ VIEW ] D:\Vc_PHP\Apache24\htdocs\2018\WorkManagement\shop\public/../application/index\view\widgets\teachers.html [ array (
  0 => 'data',
  1 => 'page',
  2 => 'course',
) ]
[ info ] [ LOG ] INIT File
[ sql ] [ DB ] CONNECT:[ UseTime:0.046051s ] mysql:host=118.24.184.68;port=3306;dbname=mywork;charset=utf8
[ sql ] [ SQL ] SHOW COLUMNS FROM `student` [ RunTime:0.030903s ]
[ sql ] [ SQL ] SELECT * FROM `student` WHERE  `number` = '16301070'  AND `pass` = 'fb7eda5b5d722efa50c104c1fc298078' [ RunTime:0.031344s ]
[ sql ] [ SQL ] SELECT * FROM `student` WHERE  `number` = '16301070'  AND `state` = 0  AND `class_id` <> 0 [ RunTime:0.033582s ]
[ sql ] [ SQL ] SELECT `Id`,`class_id`,`name` FROM `student` WHERE  `number` = '16301070'  AND `pass` = 'fb7eda5b5d722efa50c104c1fc298078' [ RunTime:0.029253s ]
[ sql ] [ SQL ] SHOW COLUMNS FROM `course` [ RunTime:0.031341s ]
[ sql ] [ SQL ] SELECT * FROM `course` WHERE  `Id` = 1  AND `class_id` = 1 [ RunTime:0.033629s ]
[ sql ] [ SQL ] SHOW COLUMNS FROM `homework` [ RunTime:0.030470s ]
[ sql ] [ SQL ] SELECT COUNT(*) AS tp_count FROM `homework` WHERE  `course_id` = 1 LIMIT 1 [ RunTime:0.030043s ]
[ sql ] [ SQL ] SELECT * FROM `homework` WHERE  `course_id` = 1 LIMIT 0,8 [ RunTime:0.030964s ]
[ sql ] [ SQL ] SHOW COLUMNS FROM `teachers` [ RunTime:0.030643s ]
[ sql ] [ SQL ] SELECT `name`,`number`,`department_id`,`state` FROM `teachers` WHERE  `number` = '16301070'  AND `pass` = 'fb7eda5b5d722efa50c104c1fc298078' [ RunTime:0.031696s ]
---------------------------------------------------------------
[ 2018-08-22T22:02:41+08:00 ] 192.168.1.4 GET /index/students/workdetails/id/2.html
[ info ] 192.168.1.2/index/students/workdetails/id/2.html [运行时间：0.472758s][吞吐率：2.12req/s] [内存消耗：3,570.81kb] [文件加载：53]
[ info ] [ LANG ] D:\Vc_PHP\Apache24\htdocs\2018\WorkManagement\shop\thinkphp\lang\zh-cn.php
[ info ] [ ROUTE ] array (
  'type' => 'module',
  'module' => 
  array (
    0 => 'index',
    1 => 'students',
    2 => 'workdetails',
  ),
)
[ info ] [ HEADER ] array (
  'host' => '192.168.1.2',
  'connection' => 'keep-alive',
  'user-agent' => 'Mozilla/5.0 (Linux; U; Android 8.0.0; zh-cn; MHA-AL00 Build/HUAWEIMHA-AL00) AppleWebKit/537.36 (KHTML, like Gecko) Version/4.0 Chrome/57.0.2987.132 MQQBrowser/8.7 Mobile Safari/537.36',
  'accept' => 'text/html,application/xhtml+xml,application/xml;q=0.9,image/webp,image/apng,image/sharpp,image/apng,*/*;q=0.8',
  'referer' => 'http://192.168.1.2/index/students/courseDetails?id=1&key=PHP%E5%8A%A8%E6%80%81%E7%BD%91%E7%AB%99%E5%BC%80%E5%8F%91',
  'accept-encoding' => 'gzip, deflate',
  'accept-language' => 'zh-CN,zh-CN;q=0.8,en-GB;q=0.6,en-US;q=0.4',
  'cookie' => 'PHPSESSID=odkuavpqn0v6npl8sb7nbkt8co',
)
[ info ] [ PARAM ] array (
  'id' => '2',
)
[ info ] [ SESSION ] INIT array (
  'id' => '',
  'var_session_id' => '',
  'prefix' => 'think',
  'type' => '',
  'auto_start' => true,
)
[ info ] [ DB ] INIT mysql
[ info ] [ RUN ] app\index\controller\Students->WorkDetails[ D:\Vc_PHP\Apache24\htdocs\2018\WorkManagement\shop\application\index\controller\Students.php ]
[ info ] [ LOG ] INIT File
[ sql ] [ DB ] CONNECT:[ UseTime:0.053542s ] mysql:host=118.24.184.68;port=3306;dbname=mywork;charset=utf8
[ sql ] [ SQL ] SHOW COLUMNS FROM `student` [ RunTime:0.029289s ]
[ sql ] [ SQL ] SELECT * FROM `student` WHERE  `number` = '16301070'  AND `pass` = 'fb7eda5b5d722efa50c104c1fc298078' [ RunTime:0.033921s ]
[ sql ] [ SQL ] SELECT * FROM `student` WHERE  `number` = '16301070'  AND `state` = 0  AND `class_id` <> 0 [ RunTime:0.030334s ]
[ sql ] [ SQL ] SELECT `Id`,`class_id`,`name` FROM `student` WHERE  `number` = '16301070'  AND `pass` = 'fb7eda5b5d722efa50c104c1fc298078' [ RunTime:0.029409s ]
[ sql ] [ SQL ] SHOW COLUMNS FROM `homework` [ RunTime:0.030550s ]
[ sql ] [ SQL ] SELECT * FROM `homework` WHERE  `Id` = 2 LIMIT 1 [ RunTime:0.086031s ]
[ sql ] [ SQL ] SHOW COLUMNS FROM `course` [ RunTime:0.029612s ]
[ sql ] [ SQL ] SELECT * FROM `course` WHERE  `Id` = 1  AND `class_id` = 1 [ RunTime:0.029665s ]
---------------------------------------------------------------
[ 2018-08-22T22:02:46+08:00 ] 192.168.1.4 GET /index/students/workdetails/id/2.html
[ info ] 192.168.1.2/index/students/workdetails/id/2.html [运行时间：0.489539s][吞吐率：2.04req/s] [内存消耗：3,570.81kb] [文件加载：53]
[ info ] [ LANG ] D:\Vc_PHP\Apache24\htdocs\2018\WorkManagement\shop\thinkphp\lang\zh-cn.php
[ info ] [ ROUTE ] array (
  'type' => 'module',
  'module' => 
  array (
    0 => 'index',
    1 => 'students',
    2 => 'workdetails',
  ),
)
[ info ] [ HEADER ] array (
  'host' => '192.168.1.2',
  'connection' => 'keep-alive',
  'user-agent' => 'Mozilla/5.0 (Linux; U; Android 8.0.0; zh-cn; MHA-AL00 Build/HUAWEIMHA-AL00) AppleWebKit/537.36 (KHTML, like Gecko) Version/4.0 Chrome/57.0.2987.132 MQQBrowser/8.7 Mobile Safari/537.36',
  'accept' => 'text/html,application/xhtml+xml,application/xml;q=0.9,image/webp,image/apng,image/sharpp,image/apng,*/*;q=0.8',
  'referer' => 'http://192.168.1.2/index/students/courseDetails?id=1&key=PHP%E5%8A%A8%E6%80%81%E7%BD%91%E7%AB%99%E5%BC%80%E5%8F%91',
  'accept-encoding' => 'gzip, deflate',
  'accept-language' => 'zh-CN,zh-CN;q=0.8,en-GB;q=0.6,en-US;q=0.4',
  'cookie' => 'PHPSESSID=odkuavpqn0v6npl8sb7nbkt8co',
)
[ info ] [ PARAM ] array (
  'id' => '2',
)
[ info ] [ SESSION ] INIT array (
  'id' => '',
  'var_session_id' => '',
  'prefix' => 'think',
  'type' => '',
  'auto_start' => true,
)
[ info ] [ DB ] INIT mysql
[ info ] [ RUN ] app\index\controller\Students->WorkDetails[ D:\Vc_PHP\Apache24\htdocs\2018\WorkManagement\shop\application\index\controller\Students.php ]
[ info ] [ LOG ] INIT File
[ sql ] [ DB ] CONNECT:[ UseTime:0.058829s ] mysql:host=118.24.184.68;port=3306;dbname=mywork;charset=utf8
[ sql ] [ SQL ] SHOW COLUMNS FROM `student` [ RunTime:0.037929s ]
[ sql ] [ SQL ] SELECT * FROM `student` WHERE  `number` = '16301070'  AND `pass` = 'fb7eda5b5d722efa50c104c1fc298078' [ RunTime:0.038800s ]
[ sql ] [ SQL ] SELECT * FROM `student` WHERE  `number` = '16301070'  AND `state` = 0  AND `class_id` <> 0 [ RunTime:0.041110s ]
[ sql ] [ SQL ] SELECT `Id`,`class_id`,`name` FROM `student` WHERE  `number` = '16301070'  AND `pass` = 'fb7eda5b5d722efa50c104c1fc298078' [ RunTime:0.040770s ]
[ sql ] [ SQL ] SHOW COLUMNS FROM `homework` [ RunTime:0.037755s ]
[ sql ] [ SQL ] SELECT * FROM `homework` WHERE  `Id` = 2 LIMIT 1 [ RunTime:0.037777s ]
[ sql ] [ SQL ] SHOW COLUMNS FROM `course` [ RunTime:0.038583s ]
[ sql ] [ SQL ] SELECT * FROM `course` WHERE  `Id` = 1  AND `class_id` = 1 [ RunTime:0.037440s ]
---------------------------------------------------------------
[ 2018-08-22T22:02:59+08:00 ] 192.168.1.4 GET /index/students/workdetails/id/1
[ info ] 192.168.1.2/index/students/workdetails/id/1 [运行时间：0.466192s][吞吐率：2.15req/s] [内存消耗：3,558.59kb] [文件加载：54]
[ info ] [ LANG ] D:\Vc_PHP\Apache24\htdocs\2018\WorkManagement\shop\thinkphp\lang\zh-cn.php
[ info ] [ ROUTE ] array (
  'type' => 'module',
  'module' => 
  array (
    0 => 'index',
    1 => 'students',
    2 => 'workdetails',
  ),
)
[ info ] [ HEADER ] array (
  'host' => '192.168.1.2',
  'connection' => 'keep-alive',
  'user-agent' => 'Mozilla/5.0 (Linux; U; Android 8.0.0; zh-cn; MHA-AL00 Build/HUAWEIMHA-AL00) AppleWebKit/537.36 (KHTML, like Gecko) Version/4.0 Chrome/57.0.2987.132 MQQBrowser/8.7 Mobile Safari/537.36',
  'accept' => 'text/html,application/xhtml+xml,application/xml;q=0.9,image/webp,image/apng,image/sharpp,image/apng,*/*;q=0.8',
  'accept-encoding' => 'gzip, deflate',
  'accept-language' => 'zh-CN,zh-CN;q=0.8,en-GB;q=0.6,en-US;q=0.4',
  'cookie' => 'PHPSESSID=odkuavpqn0v6npl8sb7nbkt8co',
)
[ info ] [ PARAM ] array (
  'id' => '1',
)
[ info ] [ SESSION ] INIT array (
  'id' => '',
  'var_session_id' => '',
  'prefix' => 'think',
  'type' => '',
  'auto_start' => true,
)
[ info ] [ DB ] INIT mysql
[ info ] [ RUN ] app\index\controller\Students->WorkDetails[ D:\Vc_PHP\Apache24\htdocs\2018\WorkManagement\shop\application\index\controller\Students.php ]
[ info ] [ VIEW ] D:\Vc_PHP\Apache24\htdocs\2018\WorkManagement\shop\thinkphp\tpl\dispatch_jump.tpl [ array (
  0 => 'code',
  1 => 'msg',
  2 => 'data',
  3 => 'url',
  4 => 'wait',
) ]
[ info ] [ LOG ] INIT File
[ sql ] [ DB ] CONNECT:[ UseTime:0.041469s ] mysql:host=118.24.184.68;port=3306;dbname=mywork;charset=utf8
[ sql ] [ SQL ] SHOW COLUMNS FROM `student` [ RunTime:0.026507s ]
[ sql ] [ SQL ] SELECT * FROM `student` WHERE  `number` = '16301070'  AND `pass` = 'fb7eda5b5d722efa50c104c1fc298078' [ RunTime:0.025021s ]
[ sql ] [ SQL ] SELECT * FROM `student` WHERE  `number` = '16301070'  AND `state` = 0  AND `class_id` <> 0 [ RunTime:0.088607s ]
[ sql ] [ SQL ] SELECT `Id`,`class_id`,`name` FROM `student` WHERE  `number` = '16301070'  AND `pass` = 'fb7eda5b5d722efa50c104c1fc298078' [ RunTime:0.028927s ]
[ sql ] [ SQL ] SHOW COLUMNS FROM `homework` [ RunTime:0.024772s ]
[ sql ] [ SQL ] SELECT * FROM `homework` WHERE  `Id` = 1 LIMIT 1 [ RunTime:0.026697s ]
---------------------------------------------------------------
[ 2018-08-22T22:03:15+08:00 ] 192.168.1.4 GET /index/students/workdetails/id/2.html
[ info ] 192.168.1.2/index/students/workdetails/id/2.html [运行时间：0.479105s][吞吐率：2.09req/s] [内存消耗：3,570.81kb] [文件加载：53]
[ info ] [ LANG ] D:\Vc_PHP\Apache24\htdocs\2018\WorkManagement\shop\thinkphp\lang\zh-cn.php
[ info ] [ ROUTE ] array (
  'type' => 'module',
  'module' => 
  array (
    0 => 'index',
    1 => 'students',
    2 => 'workdetails',
  ),
)
[ info ] [ HEADER ] array (
  'host' => '192.168.1.2',
  'connection' => 'keep-alive',
  'user-agent' => 'Mozilla/5.0 (Linux; U; Android 8.0.0; zh-cn; MHA-AL00 Build/HUAWEIMHA-AL00) AppleWebKit/537.36 (KHTML, like Gecko) Version/4.0 Chrome/57.0.2987.132 MQQBrowser/8.7 Mobile Safari/537.36',
  'accept' => 'text/html,application/xhtml+xml,application/xml;q=0.9,image/webp,image/apng,image/sharpp,image/apng,*/*;q=0.8',
  'referer' => 'http://192.168.1.2/index/students/courseDetails?id=1&key=PHP%E5%8A%A8%E6%80%81%E7%BD%91%E7%AB%99%E5%BC%80%E5%8F%91',
  'accept-encoding' => 'gzip, deflate',
  'accept-language' => 'zh-CN,zh-CN;q=0.8,en-GB;q=0.6,en-US;q=0.4',
  'cookie' => 'PHPSESSID=odkuavpqn0v6npl8sb7nbkt8co',
)
[ info ] [ PARAM ] array (
  'id' => '2',
)
[ info ] [ SESSION ] INIT array (
  'id' => '',
  'var_session_id' => '',
  'prefix' => 'think',
  'type' => '',
  'auto_start' => true,
)
[ info ] [ DB ] INIT mysql
[ info ] [ RUN ] app\index\controller\Students->WorkDetails[ D:\Vc_PHP\Apache24\htdocs\2018\WorkManagement\shop\application\index\controller\Students.php ]
[ info ] [ LOG ] INIT File
[ sql ] [ DB ] CONNECT:[ UseTime:0.055001s ] mysql:host=118.24.184.68;port=3306;dbname=mywork;charset=utf8
[ sql ] [ SQL ] SHOW COLUMNS FROM `student` [ RunTime:0.036028s ]
[ sql ] [ SQL ] SELECT * FROM `student` WHERE  `number` = '16301070'  AND `pass` = 'fb7eda5b5d722efa50c104c1fc298078' [ RunTime:0.036497s ]
[ sql ] [ SQL ] SELECT * FROM `student` WHERE  `number` = '16301070'  AND `state` = 0  AND `class_id` <> 0 [ RunTime:0.037672s ]
[ sql ] [ SQL ] SELECT `Id`,`class_id`,`name` FROM `student` WHERE  `number` = '16301070'  AND `pass` = 'fb7eda5b5d722efa50c104c1fc298078' [ RunTime:0.035334s ]
[ sql ] [ SQL ] SHOW COLUMNS FROM `homework` [ RunTime:0.040854s ]
[ sql ] [ SQL ] SELECT * FROM `homework` WHERE  `Id` = 2 LIMIT 1 [ RunTime:0.035652s ]
[ sql ] [ SQL ] SHOW COLUMNS FROM `course` [ RunTime:0.035311s ]
[ sql ] [ SQL ] SELECT * FROM `course` WHERE  `Id` = 1  AND `class_id` = 1 [ RunTime:0.040612s ]
---------------------------------------------------------------
[ 2018-08-22T22:03:32+08:00 ] 192.168.1.4 GET /index/students/workdetails/id/1
[ info ] 192.168.1.2/index/students/workdetails/id/1 [运行时间：0.399551s][吞吐率：2.50req/s] [内存消耗：3,558.59kb] [文件加载：54]
[ info ] [ LANG ] D:\Vc_PHP\Apache24\htdocs\2018\WorkManagement\shop\thinkphp\lang\zh-cn.php
[ info ] [ ROUTE ] array (
  'type' => 'module',
  'module' => 
  array (
    0 => 'index',
    1 => 'students',
    2 => 'workdetails',
  ),
)
[ info ] [ HEADER ] array (
  'host' => '192.168.1.2',
  'connection' => 'keep-alive',
  'user-agent' => 'Mozilla/5.0 (Linux; U; Android 8.0.0; zh-cn; MHA-AL00 Build/HUAWEIMHA-AL00) AppleWebKit/537.36 (KHTML, like Gecko) Version/4.0 Chrome/57.0.2987.132 MQQBrowser/8.7 Mobile Safari/537.36',
  'accept' => 'text/html,application/xhtml+xml,application/xml;q=0.9,image/webp,image/apng,image/sharpp,image/apng,*/*;q=0.8',
  'accept-encoding' => 'gzip, deflate',
  'accept-language' => 'zh-CN,zh-CN;q=0.8,en-GB;q=0.6,en-US;q=0.4',
  'cookie' => 'PHPSESSID=odkuavpqn0v6npl8sb7nbkt8co',
)
[ info ] [ PARAM ] array (
  'id' => '1',
)
[ info ] [ SESSION ] INIT array (
  'id' => '',
  'var_session_id' => '',
  'prefix' => 'think',
  'type' => '',
  'auto_start' => true,
)
[ info ] [ DB ] INIT mysql
[ info ] [ RUN ] app\index\controller\Students->WorkDetails[ D:\Vc_PHP\Apache24\htdocs\2018\WorkManagement\shop\application\index\controller\Students.php ]
[ info ] [ VIEW ] D:\Vc_PHP\Apache24\htdocs\2018\WorkManagement\shop\thinkphp\tpl\dispatch_jump.tpl [ array (
  0 => 'code',
  1 => 'msg',
  2 => 'data',
  3 => 'url',
  4 => 'wait',
) ]
[ info ] [ LOG ] INIT File
[ sql ] [ DB ] CONNECT:[ UseTime:0.053020s ] mysql:host=118.24.184.68;port=3306;dbname=mywork;charset=utf8
[ sql ] [ SQL ] SHOW COLUMNS FROM `student` [ RunTime:0.039014s ]
[ sql ] [ SQL ] SELECT * FROM `student` WHERE  `number` = '16301070'  AND `pass` = 'fb7eda5b5d722efa50c104c1fc298078' [ RunTime:0.048340s ]
[ sql ] [ SQL ] SELECT * FROM `student` WHERE  `number` = '16301070'  AND `state` = 0  AND `class_id` <> 0 [ RunTime:0.035501s ]
[ sql ] [ SQL ] SELECT `Id`,`class_id`,`name` FROM `student` WHERE  `number` = '16301070'  AND `pass` = 'fb7eda5b5d722efa50c104c1fc298078' [ RunTime:0.035240s ]
[ sql ] [ SQL ] SHOW COLUMNS FROM `homework` [ RunTime:0.035018s ]
[ sql ] [ SQL ] SELECT * FROM `homework` WHERE  `Id` = 1 LIMIT 1 [ RunTime:0.039826s ]
---------------------------------------------------------------
[ 2018-08-22T22:03:37+08:00 ] 192.168.1.4 GET /index/students/course1001%E6%88%91%E7%9A%84%E8%AF%BE%E7%A8%8B
[ info ] 192.168.1.2/index/students/course1001%E6%88%91%E7%9A%84%E8%AF%BE%E7%A8%8B [运行时间：0.318876s][吞吐率：3.14req/s] [内存消耗：3,581.21kb] [文件加载：54]
[ info ] [ LANG ] D:\Vc_PHP\Apache24\htdocs\2018\WorkManagement\shop\thinkphp\lang\zh-cn.php
[ info ] [ ROUTE ] array (
  'type' => 'module',
  'module' => 
  array (
    0 => 'index',
    1 => 'students',
    2 => 'course1001我的课程',
  ),
)
[ info ] [ HEADER ] array (
  'cookie' => 'PHPSESSID=odkuavpqn0v6npl8sb7nbkt8co',
  'q-ua2' => 'QV=3&PL=ADR&PR=QB&PP=com.tencent.mtt&PPVN=8.7.0.4344&TBSVC=43100&CO=BK&COVC=038720&PB=GE&VE=GA&DE=PHONE&CHID=0&LCID=10466&MO= MHA-AL00 &RL=1080*1920&OS=8.0.0&API=26',
  'accept' => 'application/vnd.wap.xhtml+xml,application/xml,text/vnd.wap.wml,text/html,application/xhtml+xml,image/jpeg;q=0.5,image/png;q=0.5,image/gif;q=0.5,image/*;q=0.6,video/*,audio/*,*/*;q=0.6',
  'user-agent' => 'Mozilla/5.0 (Linux; U; Android 8.0.0; zh-cn; MHA-AL00 Build/HUAWEIMHA-AL00) AppleWebKit/533.1 (KHTML, like Gecko) Mobile Safari/533.1',
  'connection' => 'Close',
  'accept-encoding' => 'gzip',
  'apn-type' => '1-0',
  'host' => '192.168.1.2',
)
[ info ] [ PARAM ] array (
)
[ info ] [ SESSION ] INIT array (
  'id' => '',
  'var_session_id' => '',
  'prefix' => 'think',
  'type' => '',
  'auto_start' => true,
)
[ info ] [ DB ] INIT mysql
[ info ] [ LOG ] INIT File
[ sql ] [ DB ] CONNECT:[ UseTime:0.047058s ] mysql:host=118.24.184.68;port=3306;dbname=mywork;charset=utf8
[ sql ] [ SQL ] SHOW COLUMNS FROM `student` [ RunTime:0.027942s ]
[ sql ] [ SQL ] SELECT * FROM `student` WHERE  `number` = '16301070'  AND `pass` = 'fb7eda5b5d722efa50c104c1fc298078' [ RunTime:0.025975s ]
[ sql ] [ SQL ] SELECT * FROM `student` WHERE  `number` = '16301070'  AND `state` = 0  AND `class_id` <> 0 [ RunTime:0.026277s ]
---------------------------------------------------------------
[ 2018-08-22T22:03:38+08:00 ] 192.168.1.4 GET /index/students/course1001%E6%88%91%E7%9A%84%E8%AF%BE%E7%A8%8B
[ info ] 192.168.1.2/index/students/course1001%E6%88%91%E7%9A%84%E8%AF%BE%E7%A8%8B [运行时间：0.257572s][吞吐率：3.88req/s] [内存消耗：3,581.21kb] [文件加载：54]
[ info ] [ LANG ] D:\Vc_PHP\Apache24\htdocs\2018\WorkManagement\shop\thinkphp\lang\zh-cn.php
[ info ] [ ROUTE ] array (
  'type' => 'module',
  'module' => 
  array (
    0 => 'index',
    1 => 'students',
    2 => 'course1001我的课程',
  ),
)
[ info ] [ HEADER ] array (
  'cookie' => 'PHPSESSID=odkuavpqn0v6npl8sb7nbkt8co',
  'q-ua2' => 'QV=3&PL=ADR&PR=QB&PP=com.tencent.mtt&PPVN=8.7.0.4344&TBSVC=43100&CO=BK&COVC=038720&PB=GE&VE=GA&DE=PHONE&CHID=0&LCID=10466&MO= MHA-AL00 &RL=1080*1920&OS=8.0.0&API=26',
  'accept' => 'application/vnd.wap.xhtml+xml,application/xml,text/vnd.wap.wml,text/html,application/xhtml+xml,image/jpeg;q=0.5,image/png;q=0.5,image/gif;q=0.5,image/*;q=0.6,video/*,audio/*,*/*;q=0.6',
  'user-agent' => 'Mozilla/5.0 (Linux; U; Android 8.0.0; zh-cn; MHA-AL00 Build/HUAWEIMHA-AL00) AppleWebKit/533.1 (KHTML, like Gecko) Mobile Safari/533.1',
  'connection' => 'Close',
  'accept-encoding' => 'gzip',
  'apn-type' => '1-0',
  'host' => '192.168.1.2',
)
[ info ] [ PARAM ] array (
)
[ info ] [ SESSION ] INIT array (
  'id' => '',
  'var_session_id' => '',
  'prefix' => 'think',
  'type' => '',
  'auto_start' => true,
)
[ info ] [ DB ] INIT mysql
[ info ] [ LOG ] INIT File
[ sql ] [ DB ] CONNECT:[ UseTime:0.049495s ] mysql:host=118.24.184.68;port=3306;dbname=mywork;charset=utf8
[ sql ] [ SQL ] SHOW COLUMNS FROM `student` [ RunTime:0.028603s ]
[ sql ] [ SQL ] SELECT * FROM `student` WHERE  `number` = '16301070'  AND `pass` = 'fb7eda5b5d722efa50c104c1fc298078' [ RunTime:0.028782s ]
[ sql ] [ SQL ] SELECT * FROM `student` WHERE  `number` = '16301070'  AND `state` = 0  AND `class_id` <> 0 [ RunTime:0.028722s ]
---------------------------------------------------------------
[ 2018-08-22T22:03:38+08:00 ] 192.168.1.4 GET /index/students/course1001%E6%88%91%E7%9A%84%E8%AF%BE%E7%A8%8B
[ info ] 192.168.1.2/index/students/course1001%E6%88%91%E7%9A%84%E8%AF%BE%E7%A8%8B [运行时间：0.508586s][吞吐率：1.97req/s] [内存消耗：3,581.21kb] [文件加载：54]
[ info ] [ LANG ] D:\Vc_PHP\Apache24\htdocs\2018\WorkManagement\shop\thinkphp\lang\zh-cn.php
[ info ] [ ROUTE ] array (
  'type' => 'module',
  'module' => 
  array (
    0 => 'index',
    1 => 'students',
    2 => 'course1001我的课程',
  ),
)
[ info ] [ HEADER ] array (
  'cookie' => 'PHPSESSID=odkuavpqn0v6npl8sb7nbkt8co',
  'q-ua2' => 'QV=3&PL=ADR&PR=QB&PP=com.tencent.mtt&PPVN=8.7.0.4344&TBSVC=43100&CO=BK&COVC=038720&PB=GE&VE=GA&DE=PHONE&CHID=0&LCID=10466&MO= MHA-AL00 &RL=1080*1920&OS=8.0.0&API=26',
  'accept' => 'application/vnd.wap.xhtml+xml,application/xml,text/vnd.wap.wml,text/html,application/xhtml+xml,image/jpeg;q=0.5,image/png;q=0.5,image/gif;q=0.5,image/*;q=0.6,video/*,audio/*,*/*;q=0.6',
  'user-agent' => 'Mozilla/5.0 (Linux; U; Android 8.0.0; zh-cn; MHA-AL00 Build/HUAWEIMHA-AL00) AppleWebKit/533.1 (KHTML, like Gecko) Mobile Safari/533.1',
  'connection' => 'Close',
  'accept-encoding' => 'gzip',
  'apn-type' => '1-0',
  'host' => '192.168.1.2',
)
[ info ] [ PARAM ] array (
)
[ info ] [ SESSION ] INIT array (
  'id' => '',
  'var_session_id' => '',
  'prefix' => 'think',
  'type' => '',
  'auto_start' => true,
)
[ info ] [ DB ] INIT mysql
[ info ] [ LOG ] INIT File
[ sql ] [ DB ] CONNECT:[ UseTime:0.060217s ] mysql:host=118.24.184.68;port=3306;dbname=mywork;charset=utf8
[ sql ] [ SQL ] SHOW COLUMNS FROM `student` [ RunTime:0.041711s ]
[ sql ] [ SQL ] SELECT * FROM `student` WHERE  `number` = '16301070'  AND `pass` = 'fb7eda5b5d722efa50c104c1fc298078' [ RunTime:0.084388s ]
[ sql ] [ SQL ] SELECT * FROM `student` WHERE  `number` = '16301070'  AND `state` = 0  AND `class_id` <> 0 [ RunTime:0.031749s ]
---------------------------------------------------------------
[ 2018-08-22T22:03:38+08:00 ] 192.168.1.4 GET /index/students/course1001%E6%88%91%E7%9A%84%E8%AF%BE%E7%A8%8B
[ info ] 192.168.1.2/index/students/course1001%E6%88%91%E7%9A%84%E8%AF%BE%E7%A8%8B [运行时间：0.226057s][吞吐率：4.42req/s] [内存消耗：3,581.21kb] [文件加载：54]
[ info ] [ LANG ] D:\Vc_PHP\Apache24\htdocs\2018\WorkManagement\shop\thinkphp\lang\zh-cn.php
[ info ] [ ROUTE ] array (
  'type' => 'module',
  'module' => 
  array (
    0 => 'index',
    1 => 'students',
    2 => 'course1001我的课程',
  ),
)
[ info ] [ HEADER ] array (
  'cookie' => 'PHPSESSID=odkuavpqn0v6npl8sb7nbkt8co',
  'q-ua2' => 'QV=3&PL=ADR&PR=QB&PP=com.tencent.mtt&PPVN=8.7.0.4344&TBSVC=43100&CO=BK&COVC=038720&PB=GE&VE=GA&DE=PHONE&CHID=0&LCID=10466&MO= MHA-AL00 &RL=1080*1920&OS=8.0.0&API=26',
  'accept' => 'application/vnd.wap.xhtml+xml,application/xml,text/vnd.wap.wml,text/html,application/xhtml+xml,image/jpeg;q=0.5,image/png;q=0.5,image/gif;q=0.5,image/*;q=0.6,video/*,audio/*,*/*;q=0.6',
  'user-agent' => 'Mozilla/5.0 (Linux; U; Android 8.0.0; zh-cn; MHA-AL00 Build/HUAWEIMHA-AL00) AppleWebKit/533.1 (KHTML, like Gecko) Mobile Safari/533.1',
  'connection' => 'Close',
  'accept-encoding' => 'gzip',
  'apn-type' => '1-0',
  'host' => '192.168.1.2',
)
[ info ] [ PARAM ] array (
)
[ info ] [ SESSION ] INIT array (
  'id' => '',
  'var_session_id' => '',
  'prefix' => 'think',
  'type' => '',
  'auto_start' => true,
)
[ info ] [ DB ] INIT mysql
[ info ] [ LOG ] INIT File
[ sql ] [ DB ] CONNECT:[ UseTime:0.039911s ] mysql:host=118.24.184.68;port=3306;dbname=mywork;charset=utf8
[ sql ] [ SQL ] SHOW COLUMNS FROM `student` [ RunTime:0.026610s ]
[ sql ] [ SQL ] SELECT * FROM `student` WHERE  `number` = '16301070'  AND `pass` = 'fb7eda5b5d722efa50c104c1fc298078' [ RunTime:0.030338s ]
[ sql ] [ SQL ] SELECT * FROM `student` WHERE  `number` = '16301070'  AND `state` = 0  AND `class_id` <> 0 [ RunTime:0.027408s ]
---------------------------------------------------------------
[ 2018-08-22T22:03:46+08:00 ] 192.168.1.4 GET /index/students/workdetails/id/1
[ info ] 192.168.1.2/index/students/workdetails/id/1 [运行时间：0.365696s][吞吐率：2.73req/s] [内存消耗：3,558.59kb] [文件加载：54]
[ info ] [ LANG ] D:\Vc_PHP\Apache24\htdocs\2018\WorkManagement\shop\thinkphp\lang\zh-cn.php
[ info ] [ ROUTE ] array (
  'type' => 'module',
  'module' => 
  array (
    0 => 'index',
    1 => 'students',
    2 => 'workdetails',
  ),
)
[ info ] [ HEADER ] array (
  'host' => '192.168.1.2',
  'connection' => 'keep-alive',
  'user-agent' => 'Mozilla/5.0 (Linux; U; Android 8.0.0; zh-cn; MHA-AL00 Build/HUAWEIMHA-AL00) AppleWebKit/537.36 (KHTML, like Gecko) Version/4.0 Chrome/57.0.2987.132 MQQBrowser/8.7 Mobile Safari/537.36',
  'accept' => 'text/html,application/xhtml+xml,application/xml;q=0.9,image/webp,image/apng,image/sharpp,image/apng,*/*;q=0.8',
  'accept-encoding' => 'gzip, deflate',
  'accept-language' => 'zh-CN,zh-CN;q=0.8,en-GB;q=0.6,en-US;q=0.4',
  'cookie' => 'PHPSESSID=odkuavpqn0v6npl8sb7nbkt8co',
)
[ info ] [ PARAM ] array (
  'id' => '1',
)
[ info ] [ SESSION ] INIT array (
  'id' => '',
  'var_session_id' => '',
  'prefix' => 'think',
  'type' => '',
  'auto_start' => true,
)
[ info ] [ DB ] INIT mysql
[ info ] [ RUN ] app\index\controller\Students->WorkDetails[ D:\Vc_PHP\Apache24\htdocs\2018\WorkManagement\shop\application\index\controller\Students.php ]
[ info ] [ VIEW ] D:\Vc_PHP\Apache24\htdocs\2018\WorkManagement\shop\thinkphp\tpl\dispatch_jump.tpl [ array (
  0 => 'code',
  1 => 'msg',
  2 => 'data',
  3 => 'url',
  4 => 'wait',
) ]
[ info ] [ LOG ] INIT File
[ sql ] [ DB ] CONNECT:[ UseTime:0.053273s ] mysql:host=118.24.184.68;port=3306;dbname=mywork;charset=utf8
[ sql ] [ SQL ] SHOW COLUMNS FROM `student` [ RunTime:0.033179s ]
[ sql ] [ SQL ] SELECT * FROM `student` WHERE  `number` = '16301070'  AND `pass` = 'fb7eda5b5d722efa50c104c1fc298078' [ RunTime:0.032473s ]
[ sql ] [ SQL ] SELECT * FROM `student` WHERE  `number` = '16301070'  AND `state` = 0  AND `class_id` <> 0 [ RunTime:0.030167s ]
[ sql ] [ SQL ] SELECT `Id`,`class_id`,`name` FROM `student` WHERE  `number` = '16301070'  AND `pass` = 'fb7eda5b5d722efa50c104c1fc298078' [ RunTime:0.030729s ]
[ sql ] [ SQL ] SHOW COLUMNS FROM `homework` [ RunTime:0.034469s ]
[ sql ] [ SQL ] SELECT * FROM `homework` WHERE  `Id` = 1 LIMIT 1 [ RunTime:0.032018s ]
