---------------------------------------------------------------
[ 2018-09-01T08:10:23+08:00 ] 127.0.0.1 GET /wpad.dat
[ info ] wpad.com/wpad.dat [运行时间：1.022616s][吞吐率：0.98req/s] [内存消耗：1,720.10kb] [文件加载：38]
[ info ] [ LANG ] D:\Vc_PHP\Apache24\htdocs\2018\WorkManagement\shop\thinkphp\lang\zh-cn.php
[ info ] [ ROUTE ] array (
  'type' => 'module',
  'module' => 
  array (
    0 => 'wpad.dat',
    1 => NULL,
    2 => NULL,
  ),
)
[ info ] [ HEADER ] array (
  'connection' => 'Keep-Alive',
  'accept' => '*/*',
  'user-agent' => 'WinHttp-Autoproxy-Service/5.1',
  'host' => 'wpad.com',
)
[ info ] [ PARAM ] array (
)
[ info ] [ LOG ] INIT File
---------------------------------------------------------------
[ 2018-09-01T08:10:28+08:00 ] 127.0.0.1 GET /wpad.dat
[ info ] wpad.com/wpad.dat [运行时间：0.062282s][吞吐率：16.06req/s] [内存消耗：1,720.09kb] [文件加载：38]
[ info ] [ LANG ] D:\Vc_PHP\Apache24\htdocs\2018\WorkManagement\shop\thinkphp\lang\zh-cn.php
[ info ] [ ROUTE ] array (
  'type' => 'module',
  'module' => 
  array (
    0 => 'wpad.dat',
    1 => NULL,
    2 => NULL,
  ),
)
[ info ] [ HEADER ] array (
  'connection' => 'Keep-Alive',
  'accept' => '*/*',
  'user-agent' => 'WinHttp-Autoproxy-Service/5.1',
  'host' => 'wpad.com',
)
[ info ] [ PARAM ] array (
)
[ info ] [ LOG ] INIT File
---------------------------------------------------------------
[ 2018-09-01T08:10:31+08:00 ] 127.0.0.1 GET /wpad.dat
[ info ] wpad.com/wpad.dat [运行时间：0.049265s][吞吐率：20.30req/s] [内存消耗：1,720.09kb] [文件加载：38]
[ info ] [ LANG ] D:\Vc_PHP\Apache24\htdocs\2018\WorkManagement\shop\thinkphp\lang\zh-cn.php
[ info ] [ ROUTE ] array (
  'type' => 'module',
  'module' => 
  array (
    0 => 'wpad.dat',
    1 => NULL,
    2 => NULL,
  ),
)
[ info ] [ HEADER ] array (
  'connection' => 'Keep-Alive',
  'accept' => '*/*',
  'user-agent' => 'WinHttp-Autoproxy-Service/5.1',
  'host' => 'wpad.com',
)
[ info ] [ PARAM ] array (
)
[ info ] [ LOG ] INIT File
---------------------------------------------------------------
[ 2018-09-01T08:10:34+08:00 ] 127.0.0.1 GET /wpad.dat
[ info ] wpad.com/wpad.dat [运行时间：0.065406s][吞吐率：15.29req/s] [内存消耗：1,720.09kb] [文件加载：38]
[ info ] [ LANG ] D:\Vc_PHP\Apache24\htdocs\2018\WorkManagement\shop\thinkphp\lang\zh-cn.php
[ info ] [ ROUTE ] array (
  'type' => 'module',
  'module' => 
  array (
    0 => 'wpad.dat',
    1 => NULL,
    2 => NULL,
  ),
)
[ info ] [ HEADER ] array (
  'connection' => 'Keep-Alive',
  'accept' => '*/*',
  'user-agent' => 'WinHttp-Autoproxy-Service/5.1',
  'host' => 'wpad.com',
)
[ info ] [ PARAM ] array (
)
[ info ] [ LOG ] INIT File
---------------------------------------------------------------
[ 2018-09-01T08:10:37+08:00 ] 127.0.0.1 GET /wpad.dat
[ info ] wpad.com/wpad.dat [运行时间：0.044312s][吞吐率：22.57req/s] [内存消耗：1,720.09kb] [文件加载：38]
[ info ] [ LANG ] D:\Vc_PHP\Apache24\htdocs\2018\WorkManagement\shop\thinkphp\lang\zh-cn.php
[ info ] [ ROUTE ] array (
  'type' => 'module',
  'module' => 
  array (
    0 => 'wpad.dat',
    1 => NULL,
    2 => NULL,
  ),
)
[ info ] [ HEADER ] array (
  'connection' => 'Keep-Alive',
  'accept' => '*/*',
  'user-agent' => 'WinHttp-Autoproxy-Service/5.1',
  'host' => 'wpad.com',
)
[ info ] [ PARAM ] array (
)
[ info ] [ LOG ] INIT File
---------------------------------------------------------------
[ 2018-09-01T08:10:52+08:00 ] 127.0.0.1 GET /wpad.dat
[ info ] wpad.com/wpad.dat [运行时间：0.050173s][吞吐率：19.93req/s] [内存消耗：1,720.09kb] [文件加载：38]
[ info ] [ LANG ] D:\Vc_PHP\Apache24\htdocs\2018\WorkManagement\shop\thinkphp\lang\zh-cn.php
[ info ] [ ROUTE ] array (
  'type' => 'module',
  'module' => 
  array (
    0 => 'wpad.dat',
    1 => NULL,
    2 => NULL,
  ),
)
[ info ] [ HEADER ] array (
  'connection' => 'Keep-Alive',
  'accept' => '*/*',
  'user-agent' => 'WinHttp-Autoproxy-Service/5.1',
  'host' => 'wpad.com',
)
[ info ] [ PARAM ] array (
)
[ info ] [ LOG ] INIT File
---------------------------------------------------------------
[ 2018-09-01T08:11:52+08:00 ] 127.0.0.1 GET /wpad.dat
[ info ] wpad.com/wpad.dat [运行时间：0.041364s][吞吐率：24.18req/s] [内存消耗：1,720.09kb] [文件加载：38]
[ info ] [ LANG ] D:\Vc_PHP\Apache24\htdocs\2018\WorkManagement\shop\thinkphp\lang\zh-cn.php
[ info ] [ ROUTE ] array (
  'type' => 'module',
  'module' => 
  array (
    0 => 'wpad.dat',
    1 => NULL,
    2 => NULL,
  ),
)
[ info ] [ HEADER ] array (
  'connection' => 'Keep-Alive',
  'accept' => '*/*',
  'user-agent' => 'WinHttp-Autoproxy-Service/5.1',
  'host' => 'wpad.com',
)
[ info ] [ PARAM ] array (
)
[ info ] [ LOG ] INIT File
---------------------------------------------------------------
[ 2018-09-01T08:20:59+08:00 ] 127.0.0.1 GET /wpad.dat
[ info ] wpad.com/wpad.dat [运行时间：0.665849s][吞吐率：1.50req/s] [内存消耗：1,720.09kb] [文件加载：38]
[ info ] [ LANG ] D:\Vc_PHP\Apache24\htdocs\2018\WorkManagement\shop\thinkphp\lang\zh-cn.php
[ info ] [ ROUTE ] array (
  'type' => 'module',
  'module' => 
  array (
    0 => 'wpad.dat',
    1 => NULL,
    2 => NULL,
  ),
)
[ info ] [ HEADER ] array (
  'connection' => 'Keep-Alive',
  'accept' => '*/*',
  'user-agent' => 'WinHttp-Autoproxy-Service/5.1',
  'host' => 'wpad.com',
)
[ info ] [ PARAM ] array (
)
[ info ] [ LOG ] INIT File
---------------------------------------------------------------
[ 2018-09-01T08:21:01+08:00 ] 127.0.0.1 GET /wpad.dat
[ info ] wpad.com/wpad.dat [运行时间：0.050567s][吞吐率：19.78req/s] [内存消耗：1,720.09kb] [文件加载：38]
[ info ] [ LANG ] D:\Vc_PHP\Apache24\htdocs\2018\WorkManagement\shop\thinkphp\lang\zh-cn.php
[ info ] [ ROUTE ] array (
  'type' => 'module',
  'module' => 
  array (
    0 => 'wpad.dat',
    1 => NULL,
    2 => NULL,
  ),
)
[ info ] [ HEADER ] array (
  'connection' => 'Keep-Alive',
  'accept' => '*/*',
  'user-agent' => 'WinHttp-Autoproxy-Service/5.1',
  'host' => 'wpad.com',
)
[ info ] [ PARAM ] array (
)
[ info ] [ LOG ] INIT File
---------------------------------------------------------------
[ 2018-09-01T08:21:46+08:00 ] 127.0.0.1 GET /wpad.dat
[ info ] wpad.com/wpad.dat [运行时间：1.003258s][吞吐率：1.00req/s] [内存消耗：1,720.09kb] [文件加载：38]
[ info ] [ LANG ] D:\Vc_PHP\Apache24\htdocs\2018\WorkManagement\shop\thinkphp\lang\zh-cn.php
[ info ] [ ROUTE ] array (
  'type' => 'module',
  'module' => 
  array (
    0 => 'wpad.dat',
    1 => NULL,
    2 => NULL,
  ),
)
[ info ] [ HEADER ] array (
  'connection' => 'Keep-Alive',
  'accept' => '*/*',
  'user-agent' => 'WinHttp-Autoproxy-Service/5.1',
  'host' => 'wpad.com',
)
[ info ] [ PARAM ] array (
)
[ info ] [ LOG ] INIT File
---------------------------------------------------------------
[ 2018-09-01T08:21:48+08:00 ] 127.0.0.1 GET /wpad.dat
[ info ] wpad.com/wpad.dat [运行时间：0.055711s][吞吐率：17.95req/s] [内存消耗：1,720.09kb] [文件加载：38]
[ info ] [ LANG ] D:\Vc_PHP\Apache24\htdocs\2018\WorkManagement\shop\thinkphp\lang\zh-cn.php
[ info ] [ ROUTE ] array (
  'type' => 'module',
  'module' => 
  array (
    0 => 'wpad.dat',
    1 => NULL,
    2 => NULL,
  ),
)
[ info ] [ HEADER ] array (
  'connection' => 'Keep-Alive',
  'accept' => '*/*',
  'user-agent' => 'WinHttp-Autoproxy-Service/5.1',
  'host' => 'wpad.com',
)
[ info ] [ PARAM ] array (
)
[ info ] [ LOG ] INIT File
---------------------------------------------------------------
[ 2018-09-01T08:21:49+08:00 ] 127.0.0.1 GET /wpad.dat
[ info ] wpad.com/wpad.dat [运行时间：0.045887s][吞吐率：21.79req/s] [内存消耗：1,720.09kb] [文件加载：38]
[ info ] [ LANG ] D:\Vc_PHP\Apache24\htdocs\2018\WorkManagement\shop\thinkphp\lang\zh-cn.php
[ info ] [ ROUTE ] array (
  'type' => 'module',
  'module' => 
  array (
    0 => 'wpad.dat',
    1 => NULL,
    2 => NULL,
  ),
)
[ info ] [ HEADER ] array (
  'connection' => 'Keep-Alive',
  'accept' => '*/*',
  'user-agent' => 'WinHttp-Autoproxy-Service/5.1',
  'host' => 'wpad.com',
)
[ info ] [ PARAM ] array (
)
[ info ] [ LOG ] INIT File
---------------------------------------------------------------
[ 2018-09-01T08:21:55+08:00 ] 127.0.0.1 GET /wpad.dat
[ info ] wpad.com/wpad.dat [运行时间：0.046875s][吞吐率：21.33req/s] [内存消耗：1,720.09kb] [文件加载：38]
[ info ] [ LANG ] D:\Vc_PHP\Apache24\htdocs\2018\WorkManagement\shop\thinkphp\lang\zh-cn.php
[ info ] [ ROUTE ] array (
  'type' => 'module',
  'module' => 
  array (
    0 => 'wpad.dat',
    1 => NULL,
    2 => NULL,
  ),
)
[ info ] [ HEADER ] array (
  'connection' => 'Keep-Alive',
  'accept' => '*/*',
  'user-agent' => 'WinHttp-Autoproxy-Service/5.1',
  'host' => 'wpad.com',
)
[ info ] [ PARAM ] array (
)
[ info ] [ LOG ] INIT File
---------------------------------------------------------------
[ 2018-09-01T08:21:59+08:00 ] 127.0.0.1 GET /wpad.dat
[ info ] wpad.com/wpad.dat [运行时间：0.046220s][吞吐率：21.64req/s] [内存消耗：1,720.09kb] [文件加载：38]
[ info ] [ LANG ] D:\Vc_PHP\Apache24\htdocs\2018\WorkManagement\shop\thinkphp\lang\zh-cn.php
[ info ] [ ROUTE ] array (
  'type' => 'module',
  'module' => 
  array (
    0 => 'wpad.dat',
    1 => NULL,
    2 => NULL,
  ),
)
[ info ] [ HEADER ] array (
  'connection' => 'Keep-Alive',
  'accept' => '*/*',
  'user-agent' => 'WinHttp-Autoproxy-Service/5.1',
  'host' => 'wpad.com',
)
[ info ] [ PARAM ] array (
)
[ info ] [ LOG ] INIT File
---------------------------------------------------------------
[ 2018-09-01T08:22:01+08:00 ] 127.0.0.1 GET /wpad.dat
[ info ] wpad.com/wpad.dat [运行时间：0.045776s][吞吐率：21.85req/s] [内存消耗：1,720.09kb] [文件加载：38]
[ info ] [ LANG ] D:\Vc_PHP\Apache24\htdocs\2018\WorkManagement\shop\thinkphp\lang\zh-cn.php
[ info ] [ ROUTE ] array (
  'type' => 'module',
  'module' => 
  array (
    0 => 'wpad.dat',
    1 => NULL,
    2 => NULL,
  ),
)
[ info ] [ HEADER ] array (
  'connection' => 'Keep-Alive',
  'accept' => '*/*',
  'user-agent' => 'WinHttp-Autoproxy-Service/5.1',
  'host' => 'wpad.com',
)
[ info ] [ PARAM ] array (
)
[ info ] [ LOG ] INIT File
---------------------------------------------------------------
[ 2018-09-01T08:22:04+08:00 ] 127.0.0.1 GET /wpad.dat
[ info ] wpad.com/wpad.dat [运行时间：0.047318s][吞吐率：21.13req/s] [内存消耗：1,720.09kb] [文件加载：38]
[ info ] [ LANG ] D:\Vc_PHP\Apache24\htdocs\2018\WorkManagement\shop\thinkphp\lang\zh-cn.php
[ info ] [ ROUTE ] array (
  'type' => 'module',
  'module' => 
  array (
    0 => 'wpad.dat',
    1 => NULL,
    2 => NULL,
  ),
)
[ info ] [ HEADER ] array (
  'connection' => 'Keep-Alive',
  'accept' => '*/*',
  'user-agent' => 'WinHttp-Autoproxy-Service/5.1',
  'host' => 'wpad.com',
)
[ info ] [ PARAM ] array (
)
[ info ] [ LOG ] INIT File
---------------------------------------------------------------
[ 2018-09-01T08:22:19+08:00 ] 127.0.0.1 GET /wpad.dat
[ info ] wpad.com/wpad.dat [运行时间：0.057313s][吞吐率：17.45req/s] [内存消耗：1,720.09kb] [文件加载：38]
[ info ] [ LANG ] D:\Vc_PHP\Apache24\htdocs\2018\WorkManagement\shop\thinkphp\lang\zh-cn.php
[ info ] [ ROUTE ] array (
  'type' => 'module',
  'module' => 
  array (
    0 => 'wpad.dat',
    1 => NULL,
    2 => NULL,
  ),
)
[ info ] [ HEADER ] array (
  'connection' => 'Keep-Alive',
  'accept' => '*/*',
  'user-agent' => 'WinHttp-Autoproxy-Service/5.1',
  'host' => 'wpad.com',
)
[ info ] [ PARAM ] array (
)
[ info ] [ LOG ] INIT File
---------------------------------------------------------------
[ 2018-09-01T08:23:20+08:00 ] 127.0.0.1 GET /wpad.dat
[ info ] wpad.com/wpad.dat [运行时间：0.068821s][吞吐率：14.53req/s] [内存消耗：1,720.09kb] [文件加载：38]
[ info ] [ LANG ] D:\Vc_PHP\Apache24\htdocs\2018\WorkManagement\shop\thinkphp\lang\zh-cn.php
[ info ] [ ROUTE ] array (
  'type' => 'module',
  'module' => 
  array (
    0 => 'wpad.dat',
    1 => NULL,
    2 => NULL,
  ),
)
[ info ] [ HEADER ] array (
  'connection' => 'Keep-Alive',
  'accept' => '*/*',
  'user-agent' => 'WinHttp-Autoproxy-Service/5.1',
  'host' => 'wpad.com',
)
[ info ] [ PARAM ] array (
)
[ info ] [ LOG ] INIT File
---------------------------------------------------------------
[ 2018-09-01T08:33:20+08:00 ] 127.0.0.1 GET /wpad.dat
[ info ] wpad.com/wpad.dat [运行时间：0.053652s][吞吐率：18.64req/s] [内存消耗：1,720.09kb] [文件加载：38]
[ info ] [ LANG ] D:\Vc_PHP\Apache24\htdocs\2018\WorkManagement\shop\thinkphp\lang\zh-cn.php
[ info ] [ ROUTE ] array (
  'type' => 'module',
  'module' => 
  array (
    0 => 'wpad.dat',
    1 => NULL,
    2 => NULL,
  ),
)
[ info ] [ HEADER ] array (
  'connection' => 'Keep-Alive',
  'accept' => '*/*',
  'user-agent' => 'WinHttp-Autoproxy-Service/5.1',
  'host' => 'wpad.com',
)
[ info ] [ PARAM ] array (
)
[ info ] [ LOG ] INIT File
---------------------------------------------------------------
[ 2018-09-01T08:39:24+08:00 ] 127.0.0.1 GET /wpad.dat
[ info ] wpad.com/wpad.dat [运行时间：0.048044s][吞吐率：20.81req/s] [内存消耗：1,720.09kb] [文件加载：38]
[ info ] [ LANG ] D:\Vc_PHP\Apache24\htdocs\2018\WorkManagement\shop\thinkphp\lang\zh-cn.php
[ info ] [ ROUTE ] array (
  'type' => 'module',
  'module' => 
  array (
    0 => 'wpad.dat',
    1 => NULL,
    2 => NULL,
  ),
)
[ info ] [ HEADER ] array (
  'connection' => 'Keep-Alive',
  'accept' => '*/*',
  'user-agent' => 'WinHttp-Autoproxy-Service/5.1',
  'host' => 'wpad.com',
)
[ info ] [ PARAM ] array (
)
[ info ] [ LOG ] INIT File
---------------------------------------------------------------
[ 2018-09-01T08:39:39+08:00 ] 127.0.0.1 GET /wpad.dat
[ info ] wpad.com/wpad.dat [运行时间：0.045296s][吞吐率：22.08req/s] [内存消耗：1,720.09kb] [文件加载：38]
[ info ] [ LANG ] D:\Vc_PHP\Apache24\htdocs\2018\WorkManagement\shop\thinkphp\lang\zh-cn.php
[ info ] [ ROUTE ] array (
  'type' => 'module',
  'module' => 
  array (
    0 => 'wpad.dat',
    1 => NULL,
    2 => NULL,
  ),
)
[ info ] [ HEADER ] array (
  'connection' => 'Keep-Alive',
  'accept' => '*/*',
  'user-agent' => 'WinHttp-Autoproxy-Service/5.1',
  'host' => 'wpad.com',
)
[ info ] [ PARAM ] array (
)
[ info ] [ LOG ] INIT File
---------------------------------------------------------------
[ 2018-09-01T08:40:39+08:00 ] 127.0.0.1 GET /wpad.dat
[ info ] wpad.com/wpad.dat [运行时间：0.050596s][吞吐率：19.76req/s] [内存消耗：1,720.09kb] [文件加载：38]
[ info ] [ LANG ] D:\Vc_PHP\Apache24\htdocs\2018\WorkManagement\shop\thinkphp\lang\zh-cn.php
[ info ] [ ROUTE ] array (
  'type' => 'module',
  'module' => 
  array (
    0 => 'wpad.dat',
    1 => NULL,
    2 => NULL,
  ),
)
[ info ] [ HEADER ] array (
  'connection' => 'Keep-Alive',
  'accept' => '*/*',
  'user-agent' => 'WinHttp-Autoproxy-Service/5.1',
  'host' => 'wpad.com',
)
[ info ] [ PARAM ] array (
)
[ info ] [ LOG ] INIT File
---------------------------------------------------------------
[ 2018-09-01T08:50:41+08:00 ] 127.0.0.1 GET /wpad.dat
[ info ] wpad.com/wpad.dat [运行时间：0.044663s][吞吐率：22.39req/s] [内存消耗：1,720.09kb] [文件加载：38]
[ info ] [ LANG ] D:\Vc_PHP\Apache24\htdocs\2018\WorkManagement\shop\thinkphp\lang\zh-cn.php
[ info ] [ ROUTE ] array (
  'type' => 'module',
  'module' => 
  array (
    0 => 'wpad.dat',
    1 => NULL,
    2 => NULL,
  ),
)
[ info ] [ HEADER ] array (
  'connection' => 'Keep-Alive',
  'accept' => '*/*',
  'user-agent' => 'WinHttp-Autoproxy-Service/5.1',
  'host' => 'wpad.com',
)
[ info ] [ PARAM ] array (
)
[ info ] [ LOG ] INIT File
---------------------------------------------------------------
[ 2018-09-01T09:00:42+08:00 ] 127.0.0.1 GET /wpad.dat
[ info ] wpad.com/wpad.dat [运行时间：0.888186s][吞吐率：1.13req/s] [内存消耗：1,720.09kb] [文件加载：38]
[ info ] [ LANG ] D:\Vc_PHP\Apache24\htdocs\2018\WorkManagement\shop\thinkphp\lang\zh-cn.php
[ info ] [ ROUTE ] array (
  'type' => 'module',
  'module' => 
  array (
    0 => 'wpad.dat',
    1 => NULL,
    2 => NULL,
  ),
)
[ info ] [ HEADER ] array (
  'connection' => 'Keep-Alive',
  'accept' => '*/*',
  'user-agent' => 'WinHttp-Autoproxy-Service/5.1',
  'host' => 'wpad.com',
)
[ info ] [ PARAM ] array (
)
[ info ] [ LOG ] INIT File
---------------------------------------------------------------
[ 2018-09-01T09:10:42+08:00 ] 127.0.0.1 GET /wpad.dat
[ info ] wpad.com/wpad.dat [运行时间：0.056856s][吞吐率：17.59req/s] [内存消耗：1,720.09kb] [文件加载：38]
[ info ] [ LANG ] D:\Vc_PHP\Apache24\htdocs\2018\WorkManagement\shop\thinkphp\lang\zh-cn.php
[ info ] [ ROUTE ] array (
  'type' => 'module',
  'module' => 
  array (
    0 => 'wpad.dat',
    1 => NULL,
    2 => NULL,
  ),
)
[ info ] [ HEADER ] array (
  'connection' => 'Keep-Alive',
  'accept' => '*/*',
  'user-agent' => 'WinHttp-Autoproxy-Service/5.1',
  'host' => 'wpad.com',
)
[ info ] [ PARAM ] array (
)
[ info ] [ LOG ] INIT File
---------------------------------------------------------------
[ 2018-09-01T09:20:43+08:00 ] 127.0.0.1 GET /wpad.dat
[ info ] wpad.com/wpad.dat [运行时间：0.830524s][吞吐率：1.20req/s] [内存消耗：1,720.09kb] [文件加载：38]
[ info ] [ LANG ] D:\Vc_PHP\Apache24\htdocs\2018\WorkManagement\shop\thinkphp\lang\zh-cn.php
[ info ] [ ROUTE ] array (
  'type' => 'module',
  'module' => 
  array (
    0 => 'wpad.dat',
    1 => NULL,
    2 => NULL,
  ),
)
[ info ] [ HEADER ] array (
  'connection' => 'Keep-Alive',
  'accept' => '*/*',
  'user-agent' => 'WinHttp-Autoproxy-Service/5.1',
  'host' => 'wpad.com',
)
[ info ] [ PARAM ] array (
)
[ info ] [ LOG ] INIT File
---------------------------------------------------------------
[ 2018-09-01T09:30:44+08:00 ] 127.0.0.1 GET /wpad.dat
[ info ] wpad.com/wpad.dat [运行时间：0.063040s][吞吐率：15.86req/s] [内存消耗：1,720.09kb] [文件加载：38]
[ info ] [ LANG ] D:\Vc_PHP\Apache24\htdocs\2018\WorkManagement\shop\thinkphp\lang\zh-cn.php
[ info ] [ ROUTE ] array (
  'type' => 'module',
  'module' => 
  array (
    0 => 'wpad.dat',
    1 => NULL,
    2 => NULL,
  ),
)
[ info ] [ HEADER ] array (
  'connection' => 'Keep-Alive',
  'accept' => '*/*',
  'user-agent' => 'WinHttp-Autoproxy-Service/5.1',
  'host' => 'wpad.com',
)
[ info ] [ PARAM ] array (
)
[ info ] [ LOG ] INIT File
---------------------------------------------------------------
[ 2018-09-01T09:40:44+08:00 ] 127.0.0.1 GET /wpad.dat
[ info ] wpad.com/wpad.dat [运行时间：0.041420s][吞吐率：24.14req/s] [内存消耗：1,720.09kb] [文件加载：38]
[ info ] [ LANG ] D:\Vc_PHP\Apache24\htdocs\2018\WorkManagement\shop\thinkphp\lang\zh-cn.php
[ info ] [ ROUTE ] array (
  'type' => 'module',
  'module' => 
  array (
    0 => 'wpad.dat',
    1 => NULL,
    2 => NULL,
  ),
)
[ info ] [ HEADER ] array (
  'connection' => 'Keep-Alive',
  'accept' => '*/*',
  'user-agent' => 'WinHttp-Autoproxy-Service/5.1',
  'host' => 'wpad.com',
)
[ info ] [ PARAM ] array (
)
[ info ] [ LOG ] INIT File
---------------------------------------------------------------
[ 2018-09-01T09:50:44+08:00 ] 127.0.0.1 GET /wpad.dat
[ info ] wpad.com/wpad.dat [运行时间：0.055694s][吞吐率：17.96req/s] [内存消耗：1,720.09kb] [文件加载：38]
[ info ] [ LANG ] D:\Vc_PHP\Apache24\htdocs\2018\WorkManagement\shop\thinkphp\lang\zh-cn.php
[ info ] [ ROUTE ] array (
  'type' => 'module',
  'module' => 
  array (
    0 => 'wpad.dat',
    1 => NULL,
    2 => NULL,
  ),
)
[ info ] [ HEADER ] array (
  'connection' => 'Keep-Alive',
  'accept' => '*/*',
  'user-agent' => 'WinHttp-Autoproxy-Service/5.1',
  'host' => 'wpad.com',
)
[ info ] [ PARAM ] array (
)
[ info ] [ LOG ] INIT File
---------------------------------------------------------------
[ 2018-09-01T10:00:45+08:00 ] 127.0.0.1 GET /wpad.dat
[ info ] wpad.com/wpad.dat [运行时间：0.111715s][吞吐率：8.95req/s] [内存消耗：1,720.09kb] [文件加载：38]
[ info ] [ LANG ] D:\Vc_PHP\Apache24\htdocs\2018\WorkManagement\shop\thinkphp\lang\zh-cn.php
[ info ] [ ROUTE ] array (
  'type' => 'module',
  'module' => 
  array (
    0 => 'wpad.dat',
    1 => NULL,
    2 => NULL,
  ),
)
[ info ] [ HEADER ] array (
  'connection' => 'Keep-Alive',
  'accept' => '*/*',
  'user-agent' => 'WinHttp-Autoproxy-Service/5.1',
  'host' => 'wpad.com',
)
[ info ] [ PARAM ] array (
)
[ info ] [ LOG ] INIT File
---------------------------------------------------------------
[ 2018-09-01T10:10:45+08:00 ] 127.0.0.1 GET /wpad.dat
[ info ] wpad.com/wpad.dat [运行时间：0.041124s][吞吐率：24.32req/s] [内存消耗：1,720.09kb] [文件加载：38]
[ info ] [ LANG ] D:\Vc_PHP\Apache24\htdocs\2018\WorkManagement\shop\thinkphp\lang\zh-cn.php
[ info ] [ ROUTE ] array (
  'type' => 'module',
  'module' => 
  array (
    0 => 'wpad.dat',
    1 => NULL,
    2 => NULL,
  ),
)
[ info ] [ HEADER ] array (
  'connection' => 'Keep-Alive',
  'accept' => '*/*',
  'user-agent' => 'WinHttp-Autoproxy-Service/5.1',
  'host' => 'wpad.com',
)
[ info ] [ PARAM ] array (
)
[ info ] [ LOG ] INIT File
---------------------------------------------------------------
[ 2018-09-01T10:13:01+08:00 ] 127.0.0.1 GET /wpad.dat
[ info ] wpad.com/wpad.dat [运行时间：3.226630s][吞吐率：0.31req/s] [内存消耗：1,720.09kb] [文件加载：38]
[ info ] [ LANG ] D:\Vc_PHP\Apache24\htdocs\2018\WorkManagement\shop\thinkphp\lang\zh-cn.php
[ info ] [ ROUTE ] array (
  'type' => 'module',
  'module' => 
  array (
    0 => 'wpad.dat',
    1 => NULL,
    2 => NULL,
  ),
)
[ info ] [ HEADER ] array (
  'connection' => 'Keep-Alive',
  'accept' => '*/*',
  'user-agent' => 'WinHttp-Autoproxy-Service/5.1',
  'host' => 'wpad.com',
)
[ info ] [ PARAM ] array (
)
[ info ] [ LOG ] INIT File
---------------------------------------------------------------
[ 2018-09-01T11:40:08+08:00 ] 127.0.0.1 GET /wpad.dat
[ info ] wpad.com/wpad.dat [运行时间：0.057125s][吞吐率：17.51req/s] [内存消耗：1,720.09kb] [文件加载：38]
[ info ] [ LANG ] D:\Vc_PHP\Apache24\htdocs\2018\WorkManagement\shop\thinkphp\lang\zh-cn.php
[ info ] [ ROUTE ] array (
  'type' => 'module',
  'module' => 
  array (
    0 => 'wpad.dat',
    1 => NULL,
    2 => NULL,
  ),
)
[ info ] [ HEADER ] array (
  'connection' => 'Keep-Alive',
  'accept' => '*/*',
  'user-agent' => 'WinHttp-Autoproxy-Service/5.1',
  'host' => 'wpad.com',
)
[ info ] [ PARAM ] array (
)
[ info ] [ LOG ] INIT File
---------------------------------------------------------------
[ 2018-09-01T11:40:08+08:00 ] 127.0.0.1 GET /wpad.dat
[ info ] wpad.com/wpad.dat [运行时间：0.042646s][吞吐率：23.45req/s] [内存消耗：1,720.09kb] [文件加载：38]
[ info ] [ LANG ] D:\Vc_PHP\Apache24\htdocs\2018\WorkManagement\shop\thinkphp\lang\zh-cn.php
[ info ] [ ROUTE ] array (
  'type' => 'module',
  'module' => 
  array (
    0 => 'wpad.dat',
    1 => NULL,
    2 => NULL,
  ),
)
[ info ] [ HEADER ] array (
  'connection' => 'Keep-Alive',
  'accept' => '*/*',
  'user-agent' => 'WinHttp-Autoproxy-Service/5.1',
  'host' => 'wpad.com',
)
[ info ] [ PARAM ] array (
)
[ info ] [ LOG ] INIT File
---------------------------------------------------------------
[ 2018-09-01T11:40:11+08:00 ] 127.0.0.1 GET /wpad.dat
[ info ] wpad.com/wpad.dat [运行时间：0.042402s][吞吐率：23.58req/s] [内存消耗：1,720.09kb] [文件加载：38]
[ info ] [ LANG ] D:\Vc_PHP\Apache24\htdocs\2018\WorkManagement\shop\thinkphp\lang\zh-cn.php
[ info ] [ ROUTE ] array (
  'type' => 'module',
  'module' => 
  array (
    0 => 'wpad.dat',
    1 => NULL,
    2 => NULL,
  ),
)
[ info ] [ HEADER ] array (
  'connection' => 'Keep-Alive',
  'accept' => '*/*',
  'user-agent' => 'WinHttp-Autoproxy-Service/5.1',
  'host' => 'wpad.com',
)
[ info ] [ PARAM ] array (
)
[ info ] [ LOG ] INIT File
---------------------------------------------------------------
[ 2018-09-01T11:40:14+08:00 ] 127.0.0.1 GET /wpad.dat
[ info ] wpad.com/wpad.dat [运行时间：0.039877s][吞吐率：25.08req/s] [内存消耗：1,720.09kb] [文件加载：38]
[ info ] [ LANG ] D:\Vc_PHP\Apache24\htdocs\2018\WorkManagement\shop\thinkphp\lang\zh-cn.php
[ info ] [ ROUTE ] array (
  'type' => 'module',
  'module' => 
  array (
    0 => 'wpad.dat',
    1 => NULL,
    2 => NULL,
  ),
)
[ info ] [ HEADER ] array (
  'connection' => 'Keep-Alive',
  'accept' => '*/*',
  'user-agent' => 'WinHttp-Autoproxy-Service/5.1',
  'host' => 'wpad.com',
)
[ info ] [ PARAM ] array (
)
[ info ] [ LOG ] INIT File
---------------------------------------------------------------
[ 2018-09-01T11:40:24+08:00 ] 127.0.0.1 GET /wpad.dat
[ info ] wpad.com/wpad.dat [运行时间：0.040258s][吞吐率：24.84req/s] [内存消耗：1,720.09kb] [文件加载：38]
[ info ] [ LANG ] D:\Vc_PHP\Apache24\htdocs\2018\WorkManagement\shop\thinkphp\lang\zh-cn.php
[ info ] [ ROUTE ] array (
  'type' => 'module',
  'module' => 
  array (
    0 => 'wpad.dat',
    1 => NULL,
    2 => NULL,
  ),
)
[ info ] [ HEADER ] array (
  'connection' => 'Keep-Alive',
  'accept' => '*/*',
  'user-agent' => 'WinHttp-Autoproxy-Service/5.1',
  'host' => 'wpad.com',
)
[ info ] [ PARAM ] array (
)
[ info ] [ LOG ] INIT File
---------------------------------------------------------------
[ 2018-09-01T11:40:26+08:00 ] 127.0.0.1 GET /wpad.dat
[ info ] wpad.com/wpad.dat [运行时间：0.040302s][吞吐率：24.81req/s] [内存消耗：1,720.09kb] [文件加载：38]
[ info ] [ LANG ] D:\Vc_PHP\Apache24\htdocs\2018\WorkManagement\shop\thinkphp\lang\zh-cn.php
[ info ] [ ROUTE ] array (
  'type' => 'module',
  'module' => 
  array (
    0 => 'wpad.dat',
    1 => NULL,
    2 => NULL,
  ),
)
[ info ] [ HEADER ] array (
  'connection' => 'Keep-Alive',
  'accept' => '*/*',
  'user-agent' => 'WinHttp-Autoproxy-Service/5.1',
  'host' => 'wpad.com',
)
[ info ] [ PARAM ] array (
)
[ info ] [ LOG ] INIT File
---------------------------------------------------------------
[ 2018-09-01T11:40:29+08:00 ] 127.0.0.1 GET /wpad.dat
[ info ] wpad.com/wpad.dat [运行时间：0.056156s][吞吐率：17.81req/s] [内存消耗：1,720.09kb] [文件加载：38]
[ info ] [ LANG ] D:\Vc_PHP\Apache24\htdocs\2018\WorkManagement\shop\thinkphp\lang\zh-cn.php
[ info ] [ ROUTE ] array (
  'type' => 'module',
  'module' => 
  array (
    0 => 'wpad.dat',
    1 => NULL,
    2 => NULL,
  ),
)
[ info ] [ HEADER ] array (
  'connection' => 'Keep-Alive',
  'accept' => '*/*',
  'user-agent' => 'WinHttp-Autoproxy-Service/5.1',
  'host' => 'wpad.com',
)
[ info ] [ PARAM ] array (
)
[ info ] [ LOG ] INIT File
---------------------------------------------------------------
[ 2018-09-01T11:40:44+08:00 ] 127.0.0.1 GET /wpad.dat
[ info ] wpad.com/wpad.dat [运行时间：0.043860s][吞吐率：22.80req/s] [内存消耗：1,720.09kb] [文件加载：38]
[ info ] [ LANG ] D:\Vc_PHP\Apache24\htdocs\2018\WorkManagement\shop\thinkphp\lang\zh-cn.php
[ info ] [ ROUTE ] array (
  'type' => 'module',
  'module' => 
  array (
    0 => 'wpad.dat',
    1 => NULL,
    2 => NULL,
  ),
)
[ info ] [ HEADER ] array (
  'connection' => 'Keep-Alive',
  'accept' => '*/*',
  'user-agent' => 'WinHttp-Autoproxy-Service/5.1',
  'host' => 'wpad.com',
)
[ info ] [ PARAM ] array (
)
[ info ] [ LOG ] INIT File
---------------------------------------------------------------
[ 2018-09-01T11:41:45+08:00 ] 127.0.0.1 GET /wpad.dat
[ info ] wpad.com/wpad.dat [运行时间：0.829633s][吞吐率：1.21req/s] [内存消耗：1,720.09kb] [文件加载：38]
[ info ] [ LANG ] D:\Vc_PHP\Apache24\htdocs\2018\WorkManagement\shop\thinkphp\lang\zh-cn.php
[ info ] [ ROUTE ] array (
  'type' => 'module',
  'module' => 
  array (
    0 => 'wpad.dat',
    1 => NULL,
    2 => NULL,
  ),
)
[ info ] [ HEADER ] array (
  'connection' => 'Keep-Alive',
  'accept' => '*/*',
  'user-agent' => 'WinHttp-Autoproxy-Service/5.1',
  'host' => 'wpad.com',
)
[ info ] [ PARAM ] array (
)
[ info ] [ LOG ] INIT File
---------------------------------------------------------------
[ 2018-09-01T11:51:45+08:00 ] 127.0.0.1 GET /wpad.dat
[ info ] wpad.com/wpad.dat [运行时间：0.056839s][吞吐率：17.59req/s] [内存消耗：1,720.09kb] [文件加载：38]
[ info ] [ LANG ] D:\Vc_PHP\Apache24\htdocs\2018\WorkManagement\shop\thinkphp\lang\zh-cn.php
[ info ] [ ROUTE ] array (
  'type' => 'module',
  'module' => 
  array (
    0 => 'wpad.dat',
    1 => NULL,
    2 => NULL,
  ),
)
[ info ] [ HEADER ] array (
  'connection' => 'Keep-Alive',
  'accept' => '*/*',
  'user-agent' => 'WinHttp-Autoproxy-Service/5.1',
  'host' => 'wpad.com',
)
[ info ] [ PARAM ] array (
)
[ info ] [ LOG ] INIT File
---------------------------------------------------------------
[ 2018-09-01T12:01:45+08:00 ] 127.0.0.1 GET /wpad.dat
[ info ] wpad.com/wpad.dat [运行时间：0.041188s][吞吐率：24.28req/s] [内存消耗：1,720.09kb] [文件加载：38]
[ info ] [ LANG ] D:\Vc_PHP\Apache24\htdocs\2018\WorkManagement\shop\thinkphp\lang\zh-cn.php
[ info ] [ ROUTE ] array (
  'type' => 'module',
  'module' => 
  array (
    0 => 'wpad.dat',
    1 => NULL,
    2 => NULL,
  ),
)
[ info ] [ HEADER ] array (
  'connection' => 'Keep-Alive',
  'accept' => '*/*',
  'user-agent' => 'WinHttp-Autoproxy-Service/5.1',
  'host' => 'wpad.com',
)
[ info ] [ PARAM ] array (
)
[ info ] [ LOG ] INIT File
---------------------------------------------------------------
[ 2018-09-01T12:11:45+08:00 ] 127.0.0.1 GET /wpad.dat
[ info ] wpad.com/wpad.dat [运行时间：0.041510s][吞吐率：24.09req/s] [内存消耗：1,720.09kb] [文件加载：38]
[ info ] [ LANG ] D:\Vc_PHP\Apache24\htdocs\2018\WorkManagement\shop\thinkphp\lang\zh-cn.php
[ info ] [ ROUTE ] array (
  'type' => 'module',
  'module' => 
  array (
    0 => 'wpad.dat',
    1 => NULL,
    2 => NULL,
  ),
)
[ info ] [ HEADER ] array (
  'connection' => 'Keep-Alive',
  'accept' => '*/*',
  'user-agent' => 'WinHttp-Autoproxy-Service/5.1',
  'host' => 'wpad.com',
)
[ info ] [ PARAM ] array (
)
[ info ] [ LOG ] INIT File
---------------------------------------------------------------
[ 2018-09-01T12:21:46+08:00 ] 127.0.0.1 GET /wpad.dat
[ info ] wpad.com/wpad.dat [运行时间：0.083708s][吞吐率：11.95req/s] [内存消耗：1,720.09kb] [文件加载：38]
[ info ] [ LANG ] D:\Vc_PHP\Apache24\htdocs\2018\WorkManagement\shop\thinkphp\lang\zh-cn.php
[ info ] [ ROUTE ] array (
  'type' => 'module',
  'module' => 
  array (
    0 => 'wpad.dat',
    1 => NULL,
    2 => NULL,
  ),
)
[ info ] [ HEADER ] array (
  'connection' => 'Keep-Alive',
  'accept' => '*/*',
  'user-agent' => 'WinHttp-Autoproxy-Service/5.1',
  'host' => 'wpad.com',
)
[ info ] [ PARAM ] array (
)
[ info ] [ LOG ] INIT File
---------------------------------------------------------------
[ 2018-09-01T12:23:56+08:00 ] 127.0.0.1 GET /wpad.dat
[ info ] wpad.com/wpad.dat [运行时间：0.044719s][吞吐率：22.36req/s] [内存消耗：1,720.09kb] [文件加载：38]
[ info ] [ LANG ] D:\Vc_PHP\Apache24\htdocs\2018\WorkManagement\shop\thinkphp\lang\zh-cn.php
[ info ] [ ROUTE ] array (
  'type' => 'module',
  'module' => 
  array (
    0 => 'wpad.dat',
    1 => NULL,
    2 => NULL,
  ),
)
[ info ] [ HEADER ] array (
  'connection' => 'Keep-Alive',
  'accept' => '*/*',
  'user-agent' => 'WinHttp-Autoproxy-Service/5.1',
  'host' => 'wpad.com',
)
[ info ] [ PARAM ] array (
)
[ info ] [ LOG ] INIT File
---------------------------------------------------------------
[ 2018-09-01T12:23:56+08:00 ] 127.0.0.1 GET /wpad.dat
[ info ] wpad.com/wpad.dat [运行时间：0.038334s][吞吐率：26.09req/s] [内存消耗：1,720.09kb] [文件加载：38]
[ info ] [ LANG ] D:\Vc_PHP\Apache24\htdocs\2018\WorkManagement\shop\thinkphp\lang\zh-cn.php
[ info ] [ ROUTE ] array (
  'type' => 'module',
  'module' => 
  array (
    0 => 'wpad.dat',
    1 => NULL,
    2 => NULL,
  ),
)
[ info ] [ HEADER ] array (
  'connection' => 'Keep-Alive',
  'accept' => '*/*',
  'user-agent' => 'WinHttp-Autoproxy-Service/5.1',
  'host' => 'wpad.com',
)
[ info ] [ PARAM ] array (
)
[ info ] [ LOG ] INIT File
---------------------------------------------------------------
[ 2018-09-01T12:23:58+08:00 ] 127.0.0.1 GET /wpad.dat
[ info ] wpad.com/wpad.dat [运行时间：0.039375s][吞吐率：25.40req/s] [内存消耗：1,720.09kb] [文件加载：38]
[ info ] [ LANG ] D:\Vc_PHP\Apache24\htdocs\2018\WorkManagement\shop\thinkphp\lang\zh-cn.php
[ info ] [ ROUTE ] array (
  'type' => 'module',
  'module' => 
  array (
    0 => 'wpad.dat',
    1 => NULL,
    2 => NULL,
  ),
)
[ info ] [ HEADER ] array (
  'connection' => 'Keep-Alive',
  'accept' => '*/*',
  'user-agent' => 'WinHttp-Autoproxy-Service/5.1',
  'host' => 'wpad.com',
)
[ info ] [ PARAM ] array (
)
[ info ] [ LOG ] INIT File
---------------------------------------------------------------
[ 2018-09-01T12:23:59+08:00 ] 127.0.0.1 GET /wpad.dat
[ info ] wpad.com/wpad.dat [运行时间：0.041657s][吞吐率：24.01req/s] [内存消耗：1,720.09kb] [文件加载：38]
[ info ] [ LANG ] D:\Vc_PHP\Apache24\htdocs\2018\WorkManagement\shop\thinkphp\lang\zh-cn.php
[ info ] [ ROUTE ] array (
  'type' => 'module',
  'module' => 
  array (
    0 => 'wpad.dat',
    1 => NULL,
    2 => NULL,
  ),
)
[ info ] [ HEADER ] array (
  'connection' => 'Keep-Alive',
  'accept' => '*/*',
  'user-agent' => 'WinHttp-Autoproxy-Service/5.1',
  'host' => 'wpad.com',
)
[ info ] [ PARAM ] array (
)
[ info ] [ LOG ] INIT File
---------------------------------------------------------------
[ 2018-09-01T12:24:01+08:00 ] 127.0.0.1 GET /wpad.dat
[ info ] wpad.com/wpad.dat [运行时间：0.049651s][吞吐率：20.14req/s] [内存消耗：1,720.09kb] [文件加载：38]
[ info ] [ LANG ] D:\Vc_PHP\Apache24\htdocs\2018\WorkManagement\shop\thinkphp\lang\zh-cn.php
[ info ] [ ROUTE ] array (
  'type' => 'module',
  'module' => 
  array (
    0 => 'wpad.dat',
    1 => NULL,
    2 => NULL,
  ),
)
[ info ] [ HEADER ] array (
  'connection' => 'Keep-Alive',
  'accept' => '*/*',
  'user-agent' => 'WinHttp-Autoproxy-Service/5.1',
  'host' => 'wpad.com',
)
[ info ] [ PARAM ] array (
)
[ info ] [ LOG ] INIT File
---------------------------------------------------------------
[ 2018-09-01T12:24:02+08:00 ] 127.0.0.1 GET /wpad.dat
[ info ] wpad.com/wpad.dat [运行时间：0.049389s][吞吐率：20.25req/s] [内存消耗：1,720.09kb] [文件加载：38]
[ info ] [ LANG ] D:\Vc_PHP\Apache24\htdocs\2018\WorkManagement\shop\thinkphp\lang\zh-cn.php
[ info ] [ ROUTE ] array (
  'type' => 'module',
  'module' => 
  array (
    0 => 'wpad.dat',
    1 => NULL,
    2 => NULL,
  ),
)
[ info ] [ HEADER ] array (
  'connection' => 'Keep-Alive',
  'accept' => '*/*',
  'user-agent' => 'WinHttp-Autoproxy-Service/5.1',
  'host' => 'wpad.com',
)
[ info ] [ PARAM ] array (
)
[ info ] [ LOG ] INIT File
---------------------------------------------------------------
[ 2018-09-01T12:24:09+08:00 ] 127.0.0.1 GET /wpad.dat
[ info ] wpad.com/wpad.dat [运行时间：0.043583s][吞吐率：22.94req/s] [内存消耗：1,720.09kb] [文件加载：38]
[ info ] [ LANG ] D:\Vc_PHP\Apache24\htdocs\2018\WorkManagement\shop\thinkphp\lang\zh-cn.php
[ info ] [ ROUTE ] array (
  'type' => 'module',
  'module' => 
  array (
    0 => 'wpad.dat',
    1 => NULL,
    2 => NULL,
  ),
)
[ info ] [ HEADER ] array (
  'connection' => 'Keep-Alive',
  'accept' => '*/*',
  'user-agent' => 'WinHttp-Autoproxy-Service/5.1',
  'host' => 'wpad.com',
)
[ info ] [ PARAM ] array (
)
[ info ] [ LOG ] INIT File
---------------------------------------------------------------
[ 2018-09-01T12:24:11+08:00 ] 127.0.0.1 GET /wpad.dat
[ info ] wpad.com/wpad.dat [运行时间：0.048211s][吞吐率：20.74req/s] [内存消耗：1,720.09kb] [文件加载：38]
[ info ] [ LANG ] D:\Vc_PHP\Apache24\htdocs\2018\WorkManagement\shop\thinkphp\lang\zh-cn.php
[ info ] [ ROUTE ] array (
  'type' => 'module',
  'module' => 
  array (
    0 => 'wpad.dat',
    1 => NULL,
    2 => NULL,
  ),
)
[ info ] [ HEADER ] array (
  'connection' => 'Keep-Alive',
  'accept' => '*/*',
  'user-agent' => 'WinHttp-Autoproxy-Service/5.1',
  'host' => 'wpad.com',
)
[ info ] [ PARAM ] array (
)
[ info ] [ LOG ] INIT File
---------------------------------------------------------------
[ 2018-09-01T12:24:14+08:00 ] 127.0.0.1 GET /wpad.dat
[ info ] wpad.com/wpad.dat [运行时间：0.055839s][吞吐率：17.91req/s] [内存消耗：1,720.09kb] [文件加载：38]
[ info ] [ LANG ] D:\Vc_PHP\Apache24\htdocs\2018\WorkManagement\shop\thinkphp\lang\zh-cn.php
[ info ] [ ROUTE ] array (
  'type' => 'module',
  'module' => 
  array (
    0 => 'wpad.dat',
    1 => NULL,
    2 => NULL,
  ),
)
[ info ] [ HEADER ] array (
  'connection' => 'Keep-Alive',
  'accept' => '*/*',
  'user-agent' => 'WinHttp-Autoproxy-Service/5.1',
  'host' => 'wpad.com',
)
[ info ] [ PARAM ] array (
)
[ info ] [ LOG ] INIT File
---------------------------------------------------------------
[ 2018-09-01T12:24:29+08:00 ] 127.0.0.1 GET /wpad.dat
[ info ] wpad.com/wpad.dat [运行时间：0.039254s][吞吐率：25.48req/s] [内存消耗：1,720.09kb] [文件加载：38]
[ info ] [ LANG ] D:\Vc_PHP\Apache24\htdocs\2018\WorkManagement\shop\thinkphp\lang\zh-cn.php
[ info ] [ ROUTE ] array (
  'type' => 'module',
  'module' => 
  array (
    0 => 'wpad.dat',
    1 => NULL,
    2 => NULL,
  ),
)
[ info ] [ HEADER ] array (
  'connection' => 'Keep-Alive',
  'accept' => '*/*',
  'user-agent' => 'WinHttp-Autoproxy-Service/5.1',
  'host' => 'wpad.com',
)
[ info ] [ PARAM ] array (
)
[ info ] [ LOG ] INIT File
---------------------------------------------------------------
[ 2018-09-01T12:25:29+08:00 ] 127.0.0.1 GET /wpad.dat
[ info ] wpad.com/wpad.dat [运行时间：0.041136s][吞吐率：24.31req/s] [内存消耗：1,720.09kb] [文件加载：38]
[ info ] [ LANG ] D:\Vc_PHP\Apache24\htdocs\2018\WorkManagement\shop\thinkphp\lang\zh-cn.php
[ info ] [ ROUTE ] array (
  'type' => 'module',
  'module' => 
  array (
    0 => 'wpad.dat',
    1 => NULL,
    2 => NULL,
  ),
)
[ info ] [ HEADER ] array (
  'connection' => 'Keep-Alive',
  'accept' => '*/*',
  'user-agent' => 'WinHttp-Autoproxy-Service/5.1',
  'host' => 'wpad.com',
)
[ info ] [ PARAM ] array (
)
[ info ] [ LOG ] INIT File
---------------------------------------------------------------
[ 2018-09-01T12:35:30+08:00 ] 127.0.0.1 GET /wpad.dat
[ info ] wpad.com/wpad.dat [运行时间：0.084141s][吞吐率：11.88req/s] [内存消耗：1,720.09kb] [文件加载：38]
[ info ] [ LANG ] D:\Vc_PHP\Apache24\htdocs\2018\WorkManagement\shop\thinkphp\lang\zh-cn.php
[ info ] [ ROUTE ] array (
  'type' => 'module',
  'module' => 
  array (
    0 => 'wpad.dat',
    1 => NULL,
    2 => NULL,
  ),
)
[ info ] [ HEADER ] array (
  'connection' => 'Keep-Alive',
  'accept' => '*/*',
  'user-agent' => 'WinHttp-Autoproxy-Service/5.1',
  'host' => 'wpad.com',
)
[ info ] [ PARAM ] array (
)
[ info ] [ LOG ] INIT File
---------------------------------------------------------------
[ 2018-09-01T12:45:31+08:00 ] 127.0.0.1 GET /wpad.dat
[ info ] wpad.com/wpad.dat [运行时间：0.829234s][吞吐率：1.21req/s] [内存消耗：1,720.09kb] [文件加载：38]
[ info ] [ LANG ] D:\Vc_PHP\Apache24\htdocs\2018\WorkManagement\shop\thinkphp\lang\zh-cn.php
[ info ] [ ROUTE ] array (
  'type' => 'module',
  'module' => 
  array (
    0 => 'wpad.dat',
    1 => NULL,
    2 => NULL,
  ),
)
[ info ] [ HEADER ] array (
  'connection' => 'Keep-Alive',
  'accept' => '*/*',
  'user-agent' => 'WinHttp-Autoproxy-Service/5.1',
  'host' => 'wpad.com',
)
[ info ] [ PARAM ] array (
)
[ info ] [ LOG ] INIT File
---------------------------------------------------------------
[ 2018-09-01T12:55:32+08:00 ] 127.0.0.1 GET /wpad.dat
[ info ] wpad.com/wpad.dat [运行时间：0.065216s][吞吐率：15.33req/s] [内存消耗：1,720.09kb] [文件加载：38]
[ info ] [ LANG ] D:\Vc_PHP\Apache24\htdocs\2018\WorkManagement\shop\thinkphp\lang\zh-cn.php
[ info ] [ ROUTE ] array (
  'type' => 'module',
  'module' => 
  array (
    0 => 'wpad.dat',
    1 => NULL,
    2 => NULL,
  ),
)
[ info ] [ HEADER ] array (
  'connection' => 'Keep-Alive',
  'accept' => '*/*',
  'user-agent' => 'WinHttp-Autoproxy-Service/5.1',
  'host' => 'wpad.com',
)
[ info ] [ PARAM ] array (
)
[ info ] [ LOG ] INIT File
---------------------------------------------------------------
[ 2018-09-01T13:05:32+08:00 ] 127.0.0.1 GET /wpad.dat
[ info ] wpad.com/wpad.dat [运行时间：0.043896s][吞吐率：22.78req/s] [内存消耗：1,720.09kb] [文件加载：38]
[ info ] [ LANG ] D:\Vc_PHP\Apache24\htdocs\2018\WorkManagement\shop\thinkphp\lang\zh-cn.php
[ info ] [ ROUTE ] array (
  'type' => 'module',
  'module' => 
  array (
    0 => 'wpad.dat',
    1 => NULL,
    2 => NULL,
  ),
)
[ info ] [ HEADER ] array (
  'connection' => 'Keep-Alive',
  'accept' => '*/*',
  'user-agent' => 'WinHttp-Autoproxy-Service/5.1',
  'host' => 'wpad.com',
)
[ info ] [ PARAM ] array (
)
[ info ] [ LOG ] INIT File
---------------------------------------------------------------
[ 2018-09-01T13:15:32+08:00 ] 127.0.0.1 GET /wpad.dat
[ info ] wpad.com/wpad.dat [运行时间：0.041431s][吞吐率：24.14req/s] [内存消耗：1,720.09kb] [文件加载：38]
[ info ] [ LANG ] D:\Vc_PHP\Apache24\htdocs\2018\WorkManagement\shop\thinkphp\lang\zh-cn.php
[ info ] [ ROUTE ] array (
  'type' => 'module',
  'module' => 
  array (
    0 => 'wpad.dat',
    1 => NULL,
    2 => NULL,
  ),
)
[ info ] [ HEADER ] array (
  'connection' => 'Keep-Alive',
  'accept' => '*/*',
  'user-agent' => 'WinHttp-Autoproxy-Service/5.1',
  'host' => 'wpad.com',
)
[ info ] [ PARAM ] array (
)
[ info ] [ LOG ] INIT File
---------------------------------------------------------------
[ 2018-09-01T13:25:33+08:00 ] 127.0.0.1 GET /wpad.dat
[ info ] wpad.com/wpad.dat [运行时间：0.043012s][吞吐率：23.25req/s] [内存消耗：1,720.09kb] [文件加载：38]
[ info ] [ LANG ] D:\Vc_PHP\Apache24\htdocs\2018\WorkManagement\shop\thinkphp\lang\zh-cn.php
[ info ] [ ROUTE ] array (
  'type' => 'module',
  'module' => 
  array (
    0 => 'wpad.dat',
    1 => NULL,
    2 => NULL,
  ),
)
[ info ] [ HEADER ] array (
  'connection' => 'Keep-Alive',
  'accept' => '*/*',
  'user-agent' => 'WinHttp-Autoproxy-Service/5.1',
  'host' => 'wpad.com',
)
[ info ] [ PARAM ] array (
)
[ info ] [ LOG ] INIT File
---------------------------------------------------------------
[ 2018-09-01T13:35:33+08:00 ] 127.0.0.1 GET /wpad.dat
[ info ] wpad.com/wpad.dat [运行时间：0.041418s][吞吐率：24.14req/s] [内存消耗：1,720.09kb] [文件加载：38]
[ info ] [ LANG ] D:\Vc_PHP\Apache24\htdocs\2018\WorkManagement\shop\thinkphp\lang\zh-cn.php
[ info ] [ ROUTE ] array (
  'type' => 'module',
  'module' => 
  array (
    0 => 'wpad.dat',
    1 => NULL,
    2 => NULL,
  ),
)
[ info ] [ HEADER ] array (
  'connection' => 'Keep-Alive',
  'accept' => '*/*',
  'user-agent' => 'WinHttp-Autoproxy-Service/5.1',
  'host' => 'wpad.com',
)
[ info ] [ PARAM ] array (
)
[ info ] [ LOG ] INIT File
---------------------------------------------------------------
[ 2018-09-01T13:45:33+08:00 ] 127.0.0.1 GET /wpad.dat
[ info ] wpad.com/wpad.dat [运行时间：0.040994s][吞吐率：24.39req/s] [内存消耗：1,720.09kb] [文件加载：38]
[ info ] [ LANG ] D:\Vc_PHP\Apache24\htdocs\2018\WorkManagement\shop\thinkphp\lang\zh-cn.php
[ info ] [ ROUTE ] array (
  'type' => 'module',
  'module' => 
  array (
    0 => 'wpad.dat',
    1 => NULL,
    2 => NULL,
  ),
)
[ info ] [ HEADER ] array (
  'connection' => 'Keep-Alive',
  'accept' => '*/*',
  'user-agent' => 'WinHttp-Autoproxy-Service/5.1',
  'host' => 'wpad.com',
)
[ info ] [ PARAM ] array (
)
[ info ] [ LOG ] INIT File
---------------------------------------------------------------
[ 2018-09-01T13:55:34+08:00 ] 127.0.0.1 GET /wpad.dat
[ info ] wpad.com/wpad.dat [运行时间：0.071772s][吞吐率：13.93req/s] [内存消耗：1,720.09kb] [文件加载：38]
[ info ] [ LANG ] D:\Vc_PHP\Apache24\htdocs\2018\WorkManagement\shop\thinkphp\lang\zh-cn.php
[ info ] [ ROUTE ] array (
  'type' => 'module',
  'module' => 
  array (
    0 => 'wpad.dat',
    1 => NULL,
    2 => NULL,
  ),
)
[ info ] [ HEADER ] array (
  'connection' => 'Keep-Alive',
  'accept' => '*/*',
  'user-agent' => 'WinHttp-Autoproxy-Service/5.1',
  'host' => 'wpad.com',
)
[ info ] [ PARAM ] array (
)
[ info ] [ LOG ] INIT File
---------------------------------------------------------------
[ 2018-09-01T14:05:34+08:00 ] 127.0.0.1 GET /wpad.dat
[ info ] wpad.com/wpad.dat [运行时间：0.041313s][吞吐率：24.21req/s] [内存消耗：1,720.09kb] [文件加载：38]
[ info ] [ LANG ] D:\Vc_PHP\Apache24\htdocs\2018\WorkManagement\shop\thinkphp\lang\zh-cn.php
[ info ] [ ROUTE ] array (
  'type' => 'module',
  'module' => 
  array (
    0 => 'wpad.dat',
    1 => NULL,
    2 => NULL,
  ),
)
[ info ] [ HEADER ] array (
  'connection' => 'Keep-Alive',
  'accept' => '*/*',
  'user-agent' => 'WinHttp-Autoproxy-Service/5.1',
  'host' => 'wpad.com',
)
[ info ] [ PARAM ] array (
)
[ info ] [ LOG ] INIT File
---------------------------------------------------------------
[ 2018-09-01T14:15:34+08:00 ] 127.0.0.1 GET /wpad.dat
[ info ] wpad.com/wpad.dat [运行时间：0.040217s][吞吐率：24.87req/s] [内存消耗：1,720.09kb] [文件加载：38]
[ info ] [ LANG ] D:\Vc_PHP\Apache24\htdocs\2018\WorkManagement\shop\thinkphp\lang\zh-cn.php
[ info ] [ ROUTE ] array (
  'type' => 'module',
  'module' => 
  array (
    0 => 'wpad.dat',
    1 => NULL,
    2 => NULL,
  ),
)
[ info ] [ HEADER ] array (
  'connection' => 'Keep-Alive',
  'accept' => '*/*',
  'user-agent' => 'WinHttp-Autoproxy-Service/5.1',
  'host' => 'wpad.com',
)
[ info ] [ PARAM ] array (
)
[ info ] [ LOG ] INIT File
---------------------------------------------------------------
[ 2018-09-01T14:25:35+08:00 ] 127.0.0.1 GET /wpad.dat
[ info ] wpad.com/wpad.dat [运行时间：0.058742s][吞吐率：17.02req/s] [内存消耗：1,720.09kb] [文件加载：38]
[ info ] [ LANG ] D:\Vc_PHP\Apache24\htdocs\2018\WorkManagement\shop\thinkphp\lang\zh-cn.php
[ info ] [ ROUTE ] array (
  'type' => 'module',
  'module' => 
  array (
    0 => 'wpad.dat',
    1 => NULL,
    2 => NULL,
  ),
)
[ info ] [ HEADER ] array (
  'connection' => 'Keep-Alive',
  'accept' => '*/*',
  'user-agent' => 'WinHttp-Autoproxy-Service/5.1',
  'host' => 'wpad.com',
)
[ info ] [ PARAM ] array (
)
[ info ] [ LOG ] INIT File
---------------------------------------------------------------
[ 2018-09-01T14:35:35+08:00 ] 127.0.0.1 GET /wpad.dat
[ info ] wpad.com/wpad.dat [运行时间：0.040563s][吞吐率：24.65req/s] [内存消耗：1,720.09kb] [文件加载：38]
[ info ] [ LANG ] D:\Vc_PHP\Apache24\htdocs\2018\WorkManagement\shop\thinkphp\lang\zh-cn.php
[ info ] [ ROUTE ] array (
  'type' => 'module',
  'module' => 
  array (
    0 => 'wpad.dat',
    1 => NULL,
    2 => NULL,
  ),
)
[ info ] [ HEADER ] array (
  'connection' => 'Keep-Alive',
  'accept' => '*/*',
  'user-agent' => 'WinHttp-Autoproxy-Service/5.1',
  'host' => 'wpad.com',
)
[ info ] [ PARAM ] array (
)
[ info ] [ LOG ] INIT File
---------------------------------------------------------------
[ 2018-09-01T14:45:35+08:00 ] 127.0.0.1 GET /wpad.dat
[ info ] wpad.com/wpad.dat [运行时间：0.041698s][吞吐率：23.98req/s] [内存消耗：1,720.09kb] [文件加载：38]
[ info ] [ LANG ] D:\Vc_PHP\Apache24\htdocs\2018\WorkManagement\shop\thinkphp\lang\zh-cn.php
[ info ] [ ROUTE ] array (
  'type' => 'module',
  'module' => 
  array (
    0 => 'wpad.dat',
    1 => NULL,
    2 => NULL,
  ),
)
[ info ] [ HEADER ] array (
  'connection' => 'Keep-Alive',
  'accept' => '*/*',
  'user-agent' => 'WinHttp-Autoproxy-Service/5.1',
  'host' => 'wpad.com',
)
[ info ] [ PARAM ] array (
)
[ info ] [ LOG ] INIT File
---------------------------------------------------------------
[ 2018-09-01T14:55:36+08:00 ] 127.0.0.1 GET /wpad.dat
[ info ] wpad.com/wpad.dat [运行时间：0.039510s][吞吐率：25.31req/s] [内存消耗：1,720.09kb] [文件加载：38]
[ info ] [ LANG ] D:\Vc_PHP\Apache24\htdocs\2018\WorkManagement\shop\thinkphp\lang\zh-cn.php
[ info ] [ ROUTE ] array (
  'type' => 'module',
  'module' => 
  array (
    0 => 'wpad.dat',
    1 => NULL,
    2 => NULL,
  ),
)
[ info ] [ HEADER ] array (
  'connection' => 'Keep-Alive',
  'accept' => '*/*',
  'user-agent' => 'WinHttp-Autoproxy-Service/5.1',
  'host' => 'wpad.com',
)
[ info ] [ PARAM ] array (
)
[ info ] [ LOG ] INIT File
---------------------------------------------------------------
[ 2018-09-01T15:05:36+08:00 ] 127.0.0.1 GET /wpad.dat
[ info ] wpad.com/wpad.dat [运行时间：0.041904s][吞吐率：23.86req/s] [内存消耗：1,720.09kb] [文件加载：38]
[ info ] [ LANG ] D:\Vc_PHP\Apache24\htdocs\2018\WorkManagement\shop\thinkphp\lang\zh-cn.php
[ info ] [ ROUTE ] array (
  'type' => 'module',
  'module' => 
  array (
    0 => 'wpad.dat',
    1 => NULL,
    2 => NULL,
  ),
)
[ info ] [ HEADER ] array (
  'connection' => 'Keep-Alive',
  'accept' => '*/*',
  'user-agent' => 'WinHttp-Autoproxy-Service/5.1',
  'host' => 'wpad.com',
)
[ info ] [ PARAM ] array (
)
[ info ] [ LOG ] INIT File
---------------------------------------------------------------
[ 2018-09-01T15:15:36+08:00 ] 127.0.0.1 GET /wpad.dat
[ info ] wpad.com/wpad.dat [运行时间：0.040756s][吞吐率：24.54req/s] [内存消耗：1,720.09kb] [文件加载：38]
[ info ] [ LANG ] D:\Vc_PHP\Apache24\htdocs\2018\WorkManagement\shop\thinkphp\lang\zh-cn.php
[ info ] [ ROUTE ] array (
  'type' => 'module',
  'module' => 
  array (
    0 => 'wpad.dat',
    1 => NULL,
    2 => NULL,
  ),
)
[ info ] [ HEADER ] array (
  'connection' => 'Keep-Alive',
  'accept' => '*/*',
  'user-agent' => 'WinHttp-Autoproxy-Service/5.1',
  'host' => 'wpad.com',
)
[ info ] [ PARAM ] array (
)
[ info ] [ LOG ] INIT File
---------------------------------------------------------------
[ 2018-09-01T15:25:37+08:00 ] 127.0.0.1 GET /wpad.dat
[ info ] wpad.com/wpad.dat [运行时间：0.042934s][吞吐率：23.29req/s] [内存消耗：1,720.09kb] [文件加载：38]
[ info ] [ LANG ] D:\Vc_PHP\Apache24\htdocs\2018\WorkManagement\shop\thinkphp\lang\zh-cn.php
[ info ] [ ROUTE ] array (
  'type' => 'module',
  'module' => 
  array (
    0 => 'wpad.dat',
    1 => NULL,
    2 => NULL,
  ),
)
[ info ] [ HEADER ] array (
  'connection' => 'Keep-Alive',
  'accept' => '*/*',
  'user-agent' => 'WinHttp-Autoproxy-Service/5.1',
  'host' => 'wpad.com',
)
[ info ] [ PARAM ] array (
)
[ info ] [ LOG ] INIT File
---------------------------------------------------------------
[ 2018-09-01T15:35:37+08:00 ] 127.0.0.1 GET /wpad.dat
[ info ] wpad.com/wpad.dat [运行时间：0.041325s][吞吐率：24.20req/s] [内存消耗：1,720.09kb] [文件加载：38]
[ info ] [ LANG ] D:\Vc_PHP\Apache24\htdocs\2018\WorkManagement\shop\thinkphp\lang\zh-cn.php
[ info ] [ ROUTE ] array (
  'type' => 'module',
  'module' => 
  array (
    0 => 'wpad.dat',
    1 => NULL,
    2 => NULL,
  ),
)
[ info ] [ HEADER ] array (
  'connection' => 'Keep-Alive',
  'accept' => '*/*',
  'user-agent' => 'WinHttp-Autoproxy-Service/5.1',
  'host' => 'wpad.com',
)
[ info ] [ PARAM ] array (
)
[ info ] [ LOG ] INIT File
---------------------------------------------------------------
[ 2018-09-01T15:45:37+08:00 ] 127.0.0.1 GET /wpad.dat
[ info ] wpad.com/wpad.dat [运行时间：0.041828s][吞吐率：23.91req/s] [内存消耗：1,720.09kb] [文件加载：38]
[ info ] [ LANG ] D:\Vc_PHP\Apache24\htdocs\2018\WorkManagement\shop\thinkphp\lang\zh-cn.php
[ info ] [ ROUTE ] array (
  'type' => 'module',
  'module' => 
  array (
    0 => 'wpad.dat',
    1 => NULL,
    2 => NULL,
  ),
)
[ info ] [ HEADER ] array (
  'connection' => 'Keep-Alive',
  'accept' => '*/*',
  'user-agent' => 'WinHttp-Autoproxy-Service/5.1',
  'host' => 'wpad.com',
)
[ info ] [ PARAM ] array (
)
[ info ] [ LOG ] INIT File
---------------------------------------------------------------
[ 2018-09-01T15:55:38+08:00 ] 127.0.0.1 GET /wpad.dat
[ info ] wpad.com/wpad.dat [运行时间：0.046735s][吞吐率：21.40req/s] [内存消耗：1,720.09kb] [文件加载：38]
[ info ] [ LANG ] D:\Vc_PHP\Apache24\htdocs\2018\WorkManagement\shop\thinkphp\lang\zh-cn.php
[ info ] [ ROUTE ] array (
  'type' => 'module',
  'module' => 
  array (
    0 => 'wpad.dat',
    1 => NULL,
    2 => NULL,
  ),
)
[ info ] [ HEADER ] array (
  'connection' => 'Keep-Alive',
  'accept' => '*/*',
  'user-agent' => 'WinHttp-Autoproxy-Service/5.1',
  'host' => 'wpad.com',
)
[ info ] [ PARAM ] array (
)
[ info ] [ LOG ] INIT File
---------------------------------------------------------------
[ 2018-09-01T16:05:38+08:00 ] 127.0.0.1 GET /wpad.dat
[ info ] wpad.com/wpad.dat [运行时间：0.043050s][吞吐率：23.23req/s] [内存消耗：1,720.09kb] [文件加载：38]
[ info ] [ LANG ] D:\Vc_PHP\Apache24\htdocs\2018\WorkManagement\shop\thinkphp\lang\zh-cn.php
[ info ] [ ROUTE ] array (
  'type' => 'module',
  'module' => 
  array (
    0 => 'wpad.dat',
    1 => NULL,
    2 => NULL,
  ),
)
[ info ] [ HEADER ] array (
  'connection' => 'Keep-Alive',
  'accept' => '*/*',
  'user-agent' => 'WinHttp-Autoproxy-Service/5.1',
  'host' => 'wpad.com',
)
[ info ] [ PARAM ] array (
)
[ info ] [ LOG ] INIT File
---------------------------------------------------------------
[ 2018-09-01T16:15:38+08:00 ] 127.0.0.1 GET /wpad.dat
[ info ] wpad.com/wpad.dat [运行时间：0.041535s][吞吐率：24.08req/s] [内存消耗：1,720.09kb] [文件加载：38]
[ info ] [ LANG ] D:\Vc_PHP\Apache24\htdocs\2018\WorkManagement\shop\thinkphp\lang\zh-cn.php
[ info ] [ ROUTE ] array (
  'type' => 'module',
  'module' => 
  array (
    0 => 'wpad.dat',
    1 => NULL,
    2 => NULL,
  ),
)
[ info ] [ HEADER ] array (
  'connection' => 'Keep-Alive',
  'accept' => '*/*',
  'user-agent' => 'WinHttp-Autoproxy-Service/5.1',
  'host' => 'wpad.com',
)
[ info ] [ PARAM ] array (
)
[ info ] [ LOG ] INIT File
---------------------------------------------------------------
[ 2018-09-01T16:25:39+08:00 ] 127.0.0.1 GET /wpad.dat
[ info ] wpad.com/wpad.dat [运行时间：0.043772s][吞吐率：22.85req/s] [内存消耗：1,720.09kb] [文件加载：38]
[ info ] [ LANG ] D:\Vc_PHP\Apache24\htdocs\2018\WorkManagement\shop\thinkphp\lang\zh-cn.php
[ info ] [ ROUTE ] array (
  'type' => 'module',
  'module' => 
  array (
    0 => 'wpad.dat',
    1 => NULL,
    2 => NULL,
  ),
)
[ info ] [ HEADER ] array (
  'connection' => 'Keep-Alive',
  'accept' => '*/*',
  'user-agent' => 'WinHttp-Autoproxy-Service/5.1',
  'host' => 'wpad.com',
)
[ info ] [ PARAM ] array (
)
[ info ] [ LOG ] INIT File
---------------------------------------------------------------
[ 2018-09-01T16:35:39+08:00 ] 127.0.0.1 GET /wpad.dat
[ info ] wpad.com/wpad.dat [运行时间：0.041615s][吞吐率：24.03req/s] [内存消耗：1,720.09kb] [文件加载：38]
[ info ] [ LANG ] D:\Vc_PHP\Apache24\htdocs\2018\WorkManagement\shop\thinkphp\lang\zh-cn.php
[ info ] [ ROUTE ] array (
  'type' => 'module',
  'module' => 
  array (
    0 => 'wpad.dat',
    1 => NULL,
    2 => NULL,
  ),
)
[ info ] [ HEADER ] array (
  'connection' => 'Keep-Alive',
  'accept' => '*/*',
  'user-agent' => 'WinHttp-Autoproxy-Service/5.1',
  'host' => 'wpad.com',
)
[ info ] [ PARAM ] array (
)
[ info ] [ LOG ] INIT File
---------------------------------------------------------------
[ 2018-09-01T16:45:39+08:00 ] 127.0.0.1 GET /wpad.dat
[ info ] wpad.com/wpad.dat [运行时间：0.041593s][吞吐率：24.04req/s] [内存消耗：1,720.09kb] [文件加载：38]
[ info ] [ LANG ] D:\Vc_PHP\Apache24\htdocs\2018\WorkManagement\shop\thinkphp\lang\zh-cn.php
[ info ] [ ROUTE ] array (
  'type' => 'module',
  'module' => 
  array (
    0 => 'wpad.dat',
    1 => NULL,
    2 => NULL,
  ),
)
[ info ] [ HEADER ] array (
  'connection' => 'Keep-Alive',
  'accept' => '*/*',
  'user-agent' => 'WinHttp-Autoproxy-Service/5.1',
  'host' => 'wpad.com',
)
[ info ] [ PARAM ] array (
)
[ info ] [ LOG ] INIT File
---------------------------------------------------------------
[ 2018-09-01T16:55:40+08:00 ] 127.0.0.1 GET /wpad.dat
[ info ] wpad.com/wpad.dat [运行时间：0.039523s][吞吐率：25.30req/s] [内存消耗：1,720.09kb] [文件加载：38]
[ info ] [ LANG ] D:\Vc_PHP\Apache24\htdocs\2018\WorkManagement\shop\thinkphp\lang\zh-cn.php
[ info ] [ ROUTE ] array (
  'type' => 'module',
  'module' => 
  array (
    0 => 'wpad.dat',
    1 => NULL,
    2 => NULL,
  ),
)
[ info ] [ HEADER ] array (
  'connection' => 'Keep-Alive',
  'accept' => '*/*',
  'user-agent' => 'WinHttp-Autoproxy-Service/5.1',
  'host' => 'wpad.com',
)
[ info ] [ PARAM ] array (
)
[ info ] [ LOG ] INIT File
---------------------------------------------------------------
[ 2018-09-01T17:05:40+08:00 ] 127.0.0.1 GET /wpad.dat
[ info ] wpad.com/wpad.dat [运行时间：0.055371s][吞吐率：18.06req/s] [内存消耗：1,720.09kb] [文件加载：38]
[ info ] [ LANG ] D:\Vc_PHP\Apache24\htdocs\2018\WorkManagement\shop\thinkphp\lang\zh-cn.php
[ info ] [ ROUTE ] array (
  'type' => 'module',
  'module' => 
  array (
    0 => 'wpad.dat',
    1 => NULL,
    2 => NULL,
  ),
)
[ info ] [ HEADER ] array (
  'connection' => 'Keep-Alive',
  'accept' => '*/*',
  'user-agent' => 'WinHttp-Autoproxy-Service/5.1',
  'host' => 'wpad.com',
)
[ info ] [ PARAM ] array (
)
[ info ] [ LOG ] INIT File
---------------------------------------------------------------
[ 2018-09-01T17:15:41+08:00 ] 127.0.0.1 GET /wpad.dat
[ info ] wpad.com/wpad.dat [运行时间：0.044917s][吞吐率：22.26req/s] [内存消耗：1,720.09kb] [文件加载：38]
[ info ] [ LANG ] D:\Vc_PHP\Apache24\htdocs\2018\WorkManagement\shop\thinkphp\lang\zh-cn.php
[ info ] [ ROUTE ] array (
  'type' => 'module',
  'module' => 
  array (
    0 => 'wpad.dat',
    1 => NULL,
    2 => NULL,
  ),
)
[ info ] [ HEADER ] array (
  'connection' => 'Keep-Alive',
  'accept' => '*/*',
  'user-agent' => 'WinHttp-Autoproxy-Service/5.1',
  'host' => 'wpad.com',
)
[ info ] [ PARAM ] array (
)
[ info ] [ LOG ] INIT File
---------------------------------------------------------------
[ 2018-09-01T17:25:41+08:00 ] 127.0.0.1 GET /wpad.dat
[ info ] wpad.com/wpad.dat [运行时间：0.041654s][吞吐率：24.01req/s] [内存消耗：1,720.09kb] [文件加载：38]
[ info ] [ LANG ] D:\Vc_PHP\Apache24\htdocs\2018\WorkManagement\shop\thinkphp\lang\zh-cn.php
[ info ] [ ROUTE ] array (
  'type' => 'module',
  'module' => 
  array (
    0 => 'wpad.dat',
    1 => NULL,
    2 => NULL,
  ),
)
[ info ] [ HEADER ] array (
  'connection' => 'Keep-Alive',
  'accept' => '*/*',
  'user-agent' => 'WinHttp-Autoproxy-Service/5.1',
  'host' => 'wpad.com',
)
[ info ] [ PARAM ] array (
)
[ info ] [ LOG ] INIT File
---------------------------------------------------------------
[ 2018-09-01T17:35:42+08:00 ] 127.0.0.1 GET /wpad.dat
[ info ] wpad.com/wpad.dat [运行时间：0.064394s][吞吐率：15.53req/s] [内存消耗：1,720.09kb] [文件加载：38]
[ info ] [ LANG ] D:\Vc_PHP\Apache24\htdocs\2018\WorkManagement\shop\thinkphp\lang\zh-cn.php
[ info ] [ ROUTE ] array (
  'type' => 'module',
  'module' => 
  array (
    0 => 'wpad.dat',
    1 => NULL,
    2 => NULL,
  ),
)
[ info ] [ HEADER ] array (
  'connection' => 'Keep-Alive',
  'accept' => '*/*',
  'user-agent' => 'WinHttp-Autoproxy-Service/5.1',
  'host' => 'wpad.com',
)
[ info ] [ PARAM ] array (
)
[ info ] [ LOG ] INIT File
---------------------------------------------------------------
[ 2018-09-01T17:45:42+08:00 ] 127.0.0.1 GET /wpad.dat
[ info ] wpad.com/wpad.dat [运行时间：0.056986s][吞吐率：17.55req/s] [内存消耗：1,720.09kb] [文件加载：38]
[ info ] [ LANG ] D:\Vc_PHP\Apache24\htdocs\2018\WorkManagement\shop\thinkphp\lang\zh-cn.php
[ info ] [ ROUTE ] array (
  'type' => 'module',
  'module' => 
  array (
    0 => 'wpad.dat',
    1 => NULL,
    2 => NULL,
  ),
)
[ info ] [ HEADER ] array (
  'connection' => 'Keep-Alive',
  'accept' => '*/*',
  'user-agent' => 'WinHttp-Autoproxy-Service/5.1',
  'host' => 'wpad.com',
)
[ info ] [ PARAM ] array (
)
[ info ] [ LOG ] INIT File
---------------------------------------------------------------
[ 2018-09-01T17:55:42+08:00 ] 127.0.0.1 GET /wpad.dat
[ info ] wpad.com/wpad.dat [运行时间：0.040782s][吞吐率：24.52req/s] [内存消耗：1,720.09kb] [文件加载：38]
[ info ] [ LANG ] D:\Vc_PHP\Apache24\htdocs\2018\WorkManagement\shop\thinkphp\lang\zh-cn.php
[ info ] [ ROUTE ] array (
  'type' => 'module',
  'module' => 
  array (
    0 => 'wpad.dat',
    1 => NULL,
    2 => NULL,
  ),
)
[ info ] [ HEADER ] array (
  'connection' => 'Keep-Alive',
  'accept' => '*/*',
  'user-agent' => 'WinHttp-Autoproxy-Service/5.1',
  'host' => 'wpad.com',
)
[ info ] [ PARAM ] array (
)
[ info ] [ LOG ] INIT File
---------------------------------------------------------------
[ 2018-09-01T18:05:42+08:00 ] 127.0.0.1 GET /wpad.dat
[ info ] wpad.com/wpad.dat [运行时间：0.039450s][吞吐率：25.35req/s] [内存消耗：1,720.09kb] [文件加载：38]
[ info ] [ LANG ] D:\Vc_PHP\Apache24\htdocs\2018\WorkManagement\shop\thinkphp\lang\zh-cn.php
[ info ] [ ROUTE ] array (
  'type' => 'module',
  'module' => 
  array (
    0 => 'wpad.dat',
    1 => NULL,
    2 => NULL,
  ),
)
[ info ] [ HEADER ] array (
  'connection' => 'Keep-Alive',
  'accept' => '*/*',
  'user-agent' => 'WinHttp-Autoproxy-Service/5.1',
  'host' => 'wpad.com',
)
[ info ] [ PARAM ] array (
)
[ info ] [ LOG ] INIT File
---------------------------------------------------------------
[ 2018-09-01T18:15:42+08:00 ] 127.0.0.1 GET /wpad.dat
[ info ] wpad.com/wpad.dat [运行时间：0.046689s][吞吐率：21.42req/s] [内存消耗：1,720.09kb] [文件加载：38]
[ info ] [ LANG ] D:\Vc_PHP\Apache24\htdocs\2018\WorkManagement\shop\thinkphp\lang\zh-cn.php
[ info ] [ ROUTE ] array (
  'type' => 'module',
  'module' => 
  array (
    0 => 'wpad.dat',
    1 => NULL,
    2 => NULL,
  ),
)
[ info ] [ HEADER ] array (
  'connection' => 'Keep-Alive',
  'accept' => '*/*',
  'user-agent' => 'WinHttp-Autoproxy-Service/5.1',
  'host' => 'wpad.com',
)
[ info ] [ PARAM ] array (
)
[ info ] [ LOG ] INIT File
---------------------------------------------------------------
[ 2018-09-01T18:20:24+08:00 ] 127.0.0.1 GET /wpad.dat
[ info ] wpad.com/wpad.dat [运行时间：0.638199s][吞吐率：1.57req/s] [内存消耗：1,720.09kb] [文件加载：38]
[ info ] [ LANG ] D:\Vc_PHP\Apache24\htdocs\2018\WorkManagement\shop\thinkphp\lang\zh-cn.php
[ info ] [ ROUTE ] array (
  'type' => 'module',
  'module' => 
  array (
    0 => 'wpad.dat',
    1 => NULL,
    2 => NULL,
  ),
)
[ info ] [ HEADER ] array (
  'connection' => 'Keep-Alive',
  'accept' => '*/*',
  'user-agent' => 'WinHttp-Autoproxy-Service/5.1',
  'host' => 'wpad.com',
)
[ info ] [ PARAM ] array (
)
[ info ] [ LOG ] INIT File
---------------------------------------------------------------
[ 2018-09-01T18:20:26+08:00 ] 127.0.0.1 GET /wpad.dat
[ info ] wpad.com/wpad.dat [运行时间：0.044954s][吞吐率：22.24req/s] [内存消耗：1,720.09kb] [文件加载：38]
[ info ] [ LANG ] D:\Vc_PHP\Apache24\htdocs\2018\WorkManagement\shop\thinkphp\lang\zh-cn.php
[ info ] [ ROUTE ] array (
  'type' => 'module',
  'module' => 
  array (
    0 => 'wpad.dat',
    1 => NULL,
    2 => NULL,
  ),
)
[ info ] [ HEADER ] array (
  'connection' => 'Keep-Alive',
  'accept' => '*/*',
  'user-agent' => 'WinHttp-Autoproxy-Service/5.1',
  'host' => 'wpad.com',
)
[ info ] [ PARAM ] array (
)
[ info ] [ LOG ] INIT File
---------------------------------------------------------------
[ 2018-09-01T18:20:41+08:00 ] 127.0.0.1 GET /wpad.dat
[ info ] wpad.com/wpad.dat [运行时间：0.045815s][吞吐率：21.83req/s] [内存消耗：1,720.09kb] [文件加载：38]
[ info ] [ LANG ] D:\Vc_PHP\Apache24\htdocs\2018\WorkManagement\shop\thinkphp\lang\zh-cn.php
[ info ] [ ROUTE ] array (
  'type' => 'module',
  'module' => 
  array (
    0 => 'wpad.dat',
    1 => NULL,
    2 => NULL,
  ),
)
[ info ] [ HEADER ] array (
  'connection' => 'Keep-Alive',
  'accept' => '*/*',
  'user-agent' => 'WinHttp-Autoproxy-Service/5.1',
  'host' => 'wpad.com',
)
[ info ] [ PARAM ] array (
)
[ info ] [ LOG ] INIT File
---------------------------------------------------------------
[ 2018-09-01T18:22:04+08:00 ] 127.0.0.1 GET /wpad.dat
[ info ] wpad.com/wpad.dat [运行时间：0.445069s][吞吐率：2.25req/s] [内存消耗：1,720.09kb] [文件加载：38]
[ info ] [ LANG ] D:\Vc_PHP\Apache24\htdocs\2018\WorkManagement\shop\thinkphp\lang\zh-cn.php
[ info ] [ ROUTE ] array (
  'type' => 'module',
  'module' => 
  array (
    0 => 'wpad.dat',
    1 => NULL,
    2 => NULL,
  ),
)
[ info ] [ HEADER ] array (
  'connection' => 'Keep-Alive',
  'accept' => '*/*',
  'user-agent' => 'WinHttp-Autoproxy-Service/5.1',
  'host' => 'wpad.com',
)
[ info ] [ PARAM ] array (
)
[ info ] [ LOG ] INIT File
---------------------------------------------------------------
[ 2018-09-01T18:22:06+08:00 ] 127.0.0.1 GET /wpad.dat
[ info ] wpad.com/wpad.dat [运行时间：0.046101s][吞吐率：21.69req/s] [内存消耗：1,720.09kb] [文件加载：38]
[ info ] [ LANG ] D:\Vc_PHP\Apache24\htdocs\2018\WorkManagement\shop\thinkphp\lang\zh-cn.php
[ info ] [ ROUTE ] array (
  'type' => 'module',
  'module' => 
  array (
    0 => 'wpad.dat',
    1 => NULL,
    2 => NULL,
  ),
)
[ info ] [ HEADER ] array (
  'connection' => 'Keep-Alive',
  'accept' => '*/*',
  'user-agent' => 'WinHttp-Autoproxy-Service/5.1',
  'host' => 'wpad.com',
)
[ info ] [ PARAM ] array (
)
[ info ] [ LOG ] INIT File
---------------------------------------------------------------
[ 2018-09-01T18:22:18+08:00 ] 127.0.0.1 GET /wpad.dat
[ info ] wpad.com/wpad.dat [运行时间：0.421710s][吞吐率：2.37req/s] [内存消耗：1,720.09kb] [文件加载：38]
[ info ] [ LANG ] D:\Vc_PHP\Apache24\htdocs\2018\WorkManagement\shop\thinkphp\lang\zh-cn.php
[ info ] [ ROUTE ] array (
  'type' => 'module',
  'module' => 
  array (
    0 => 'wpad.dat',
    1 => NULL,
    2 => NULL,
  ),
)
[ info ] [ HEADER ] array (
  'connection' => 'Keep-Alive',
  'accept' => '*/*',
  'user-agent' => 'WinHttp-Autoproxy-Service/5.1',
  'host' => 'wpad.com',
)
[ info ] [ PARAM ] array (
)
[ info ] [ LOG ] INIT File
---------------------------------------------------------------
[ 2018-09-01T18:22:21+08:00 ] 127.0.0.1 GET /wpad.dat
[ info ] wpad.com/wpad.dat [运行时间：0.039204s][吞吐率：25.51req/s] [内存消耗：1,720.09kb] [文件加载：38]
[ info ] [ LANG ] D:\Vc_PHP\Apache24\htdocs\2018\WorkManagement\shop\thinkphp\lang\zh-cn.php
[ info ] [ ROUTE ] array (
  'type' => 'module',
  'module' => 
  array (
    0 => 'wpad.dat',
    1 => NULL,
    2 => NULL,
  ),
)
[ info ] [ HEADER ] array (
  'connection' => 'Keep-Alive',
  'accept' => '*/*',
  'user-agent' => 'WinHttp-Autoproxy-Service/5.1',
  'host' => 'wpad.com',
)
[ info ] [ PARAM ] array (
)
[ info ] [ LOG ] INIT File
---------------------------------------------------------------
[ 2018-09-01T18:22:37+08:00 ] 127.0.0.1 GET /wpad.dat
[ info ] wpad.com/wpad.dat [运行时间：0.088932s][吞吐率：11.24req/s] [内存消耗：1,720.09kb] [文件加载：38]
[ info ] [ LANG ] D:\Vc_PHP\Apache24\htdocs\2018\WorkManagement\shop\thinkphp\lang\zh-cn.php
[ info ] [ ROUTE ] array (
  'type' => 'module',
  'module' => 
  array (
    0 => 'wpad.dat',
    1 => NULL,
    2 => NULL,
  ),
)
[ info ] [ HEADER ] array (
  'connection' => 'Keep-Alive',
  'accept' => '*/*',
  'user-agent' => 'WinHttp-Autoproxy-Service/5.1',
  'host' => 'wpad.com',
)
[ info ] [ PARAM ] array (
)
[ info ] [ LOG ] INIT File
---------------------------------------------------------------
[ 2018-09-01T18:22:57+08:00 ] 127.0.0.1 GET /wpad.dat
[ info ] wpad.com/wpad.dat [运行时间：0.046231s][吞吐率：21.63req/s] [内存消耗：1,720.09kb] [文件加载：38]
[ info ] [ LANG ] D:\Vc_PHP\Apache24\htdocs\2018\WorkManagement\shop\thinkphp\lang\zh-cn.php
[ info ] [ ROUTE ] array (
  'type' => 'module',
  'module' => 
  array (
    0 => 'wpad.dat',
    1 => NULL,
    2 => NULL,
  ),
)
[ info ] [ HEADER ] array (
  'connection' => 'Keep-Alive',
  'accept' => '*/*',
  'user-agent' => 'WinHttp-Autoproxy-Service/5.1',
  'host' => 'wpad.com',
)
[ info ] [ PARAM ] array (
)
[ info ] [ LOG ] INIT File
---------------------------------------------------------------
[ 2018-09-01T18:23:00+08:00 ] 127.0.0.1 GET /wpad.dat
[ info ] wpad.com/wpad.dat [运行时间：0.047543s][吞吐率：21.03req/s] [内存消耗：1,720.09kb] [文件加载：38]
[ info ] [ LANG ] D:\Vc_PHP\Apache24\htdocs\2018\WorkManagement\shop\thinkphp\lang\zh-cn.php
[ info ] [ ROUTE ] array (
  'type' => 'module',
  'module' => 
  array (
    0 => 'wpad.dat',
    1 => NULL,
    2 => NULL,
  ),
)
[ info ] [ HEADER ] array (
  'connection' => 'Keep-Alive',
  'accept' => '*/*',
  'user-agent' => 'WinHttp-Autoproxy-Service/5.1',
  'host' => 'wpad.com',
)
[ info ] [ PARAM ] array (
)
[ info ] [ LOG ] INIT File
---------------------------------------------------------------
[ 2018-09-01T18:23:03+08:00 ] 127.0.0.1 GET /wpad.dat
[ info ] wpad.com/wpad.dat [运行时间：0.046032s][吞吐率：21.72req/s] [内存消耗：1,720.09kb] [文件加载：38]
[ info ] [ LANG ] D:\Vc_PHP\Apache24\htdocs\2018\WorkManagement\shop\thinkphp\lang\zh-cn.php
[ info ] [ ROUTE ] array (
  'type' => 'module',
  'module' => 
  array (
    0 => 'wpad.dat',
    1 => NULL,
    2 => NULL,
  ),
)
[ info ] [ HEADER ] array (
  'connection' => 'Keep-Alive',
  'accept' => '*/*',
  'user-agent' => 'WinHttp-Autoproxy-Service/5.1',
  'host' => 'wpad.com',
)
[ info ] [ PARAM ] array (
)
[ info ] [ LOG ] INIT File
---------------------------------------------------------------
[ 2018-09-01T18:23:06+08:00 ] 127.0.0.1 GET /wpad.dat
[ info ] wpad.com/wpad.dat [运行时间：0.045410s][吞吐率：22.02req/s] [内存消耗：1,720.09kb] [文件加载：38]
[ info ] [ LANG ] D:\Vc_PHP\Apache24\htdocs\2018\WorkManagement\shop\thinkphp\lang\zh-cn.php
[ info ] [ ROUTE ] array (
  'type' => 'module',
  'module' => 
  array (
    0 => 'wpad.dat',
    1 => NULL,
    2 => NULL,
  ),
)
[ info ] [ HEADER ] array (
  'connection' => 'Keep-Alive',
  'accept' => '*/*',
  'user-agent' => 'WinHttp-Autoproxy-Service/5.1',
  'host' => 'wpad.com',
)
[ info ] [ PARAM ] array (
)
[ info ] [ LOG ] INIT File
---------------------------------------------------------------
[ 2018-09-01T18:23:21+08:00 ] 127.0.0.1 GET /wpad.dat
[ info ] wpad.com/wpad.dat [运行时间：0.045061s][吞吐率：22.19req/s] [内存消耗：1,720.09kb] [文件加载：38]
[ info ] [ LANG ] D:\Vc_PHP\Apache24\htdocs\2018\WorkManagement\shop\thinkphp\lang\zh-cn.php
[ info ] [ ROUTE ] array (
  'type' => 'module',
  'module' => 
  array (
    0 => 'wpad.dat',
    1 => NULL,
    2 => NULL,
  ),
)
[ info ] [ HEADER ] array (
  'connection' => 'Keep-Alive',
  'accept' => '*/*',
  'user-agent' => 'WinHttp-Autoproxy-Service/5.1',
  'host' => 'wpad.com',
)
[ info ] [ PARAM ] array (
)
[ info ] [ LOG ] INIT File
---------------------------------------------------------------
[ 2018-09-01T18:24:21+08:00 ] 127.0.0.1 GET /wpad.dat
[ info ] wpad.com/wpad.dat [运行时间：0.048413s][吞吐率：20.66req/s] [内存消耗：1,720.09kb] [文件加载：38]
[ info ] [ LANG ] D:\Vc_PHP\Apache24\htdocs\2018\WorkManagement\shop\thinkphp\lang\zh-cn.php
[ info ] [ ROUTE ] array (
  'type' => 'module',
  'module' => 
  array (
    0 => 'wpad.dat',
    1 => NULL,
    2 => NULL,
  ),
)
[ info ] [ HEADER ] array (
  'connection' => 'Keep-Alive',
  'accept' => '*/*',
  'user-agent' => 'WinHttp-Autoproxy-Service/5.1',
  'host' => 'wpad.com',
)
[ info ] [ PARAM ] array (
)
[ info ] [ LOG ] INIT File
---------------------------------------------------------------
[ 2018-09-01T18:34:21+08:00 ] 127.0.0.1 GET /wpad.dat
[ info ] wpad.com/wpad.dat [运行时间：0.046654s][吞吐率：21.43req/s] [内存消耗：1,720.09kb] [文件加载：38]
[ info ] [ LANG ] D:\Vc_PHP\Apache24\htdocs\2018\WorkManagement\shop\thinkphp\lang\zh-cn.php
[ info ] [ ROUTE ] array (
  'type' => 'module',
  'module' => 
  array (
    0 => 'wpad.dat',
    1 => NULL,
    2 => NULL,
  ),
)
[ info ] [ HEADER ] array (
  'connection' => 'Keep-Alive',
  'accept' => '*/*',
  'user-agent' => 'WinHttp-Autoproxy-Service/5.1',
  'host' => 'wpad.com',
)
[ info ] [ PARAM ] array (
)
[ info ] [ LOG ] INIT File
---------------------------------------------------------------
[ 2018-09-01T18:44:22+08:00 ] 127.0.0.1 GET /wpad.dat
[ info ] wpad.com/wpad.dat [运行时间：0.047932s][吞吐率：20.86req/s] [内存消耗：1,720.09kb] [文件加载：38]
[ info ] [ LANG ] D:\Vc_PHP\Apache24\htdocs\2018\WorkManagement\shop\thinkphp\lang\zh-cn.php
[ info ] [ ROUTE ] array (
  'type' => 'module',
  'module' => 
  array (
    0 => 'wpad.dat',
    1 => NULL,
    2 => NULL,
  ),
)
[ info ] [ HEADER ] array (
  'connection' => 'Keep-Alive',
  'accept' => '*/*',
  'user-agent' => 'WinHttp-Autoproxy-Service/5.1',
  'host' => 'wpad.com',
)
[ info ] [ PARAM ] array (
)
[ info ] [ LOG ] INIT File
---------------------------------------------------------------
[ 2018-09-01T18:54:22+08:00 ] 127.0.0.1 GET /wpad.dat
[ info ] wpad.com/wpad.dat [运行时间：0.052797s][吞吐率：18.94req/s] [内存消耗：1,720.09kb] [文件加载：38]
[ info ] [ LANG ] D:\Vc_PHP\Apache24\htdocs\2018\WorkManagement\shop\thinkphp\lang\zh-cn.php
[ info ] [ ROUTE ] array (
  'type' => 'module',
  'module' => 
  array (
    0 => 'wpad.dat',
    1 => NULL,
    2 => NULL,
  ),
)
[ info ] [ HEADER ] array (
  'connection' => 'Keep-Alive',
  'accept' => '*/*',
  'user-agent' => 'WinHttp-Autoproxy-Service/5.1',
  'host' => 'wpad.com',
)
[ info ] [ PARAM ] array (
)
[ info ] [ LOG ] INIT File
---------------------------------------------------------------
[ 2018-09-01T19:04:22+08:00 ] 127.0.0.1 GET /wpad.dat
[ info ] wpad.com/wpad.dat [运行时间：0.071568s][吞吐率：13.97req/s] [内存消耗：1,720.09kb] [文件加载：38]
[ info ] [ LANG ] D:\Vc_PHP\Apache24\htdocs\2018\WorkManagement\shop\thinkphp\lang\zh-cn.php
[ info ] [ ROUTE ] array (
  'type' => 'module',
  'module' => 
  array (
    0 => 'wpad.dat',
    1 => NULL,
    2 => NULL,
  ),
)
[ info ] [ HEADER ] array (
  'connection' => 'Keep-Alive',
  'accept' => '*/*',
  'user-agent' => 'WinHttp-Autoproxy-Service/5.1',
  'host' => 'wpad.com',
)
[ info ] [ PARAM ] array (
)
[ info ] [ LOG ] INIT File
---------------------------------------------------------------
[ 2018-09-01T19:14:22+08:00 ] 127.0.0.1 GET /wpad.dat
[ info ] wpad.com/wpad.dat [运行时间：0.047244s][吞吐率：21.17req/s] [内存消耗：1,720.09kb] [文件加载：38]
[ info ] [ LANG ] D:\Vc_PHP\Apache24\htdocs\2018\WorkManagement\shop\thinkphp\lang\zh-cn.php
[ info ] [ ROUTE ] array (
  'type' => 'module',
  'module' => 
  array (
    0 => 'wpad.dat',
    1 => NULL,
    2 => NULL,
  ),
)
[ info ] [ HEADER ] array (
  'connection' => 'Keep-Alive',
  'accept' => '*/*',
  'user-agent' => 'WinHttp-Autoproxy-Service/5.1',
  'host' => 'wpad.com',
)
[ info ] [ PARAM ] array (
)
[ info ] [ LOG ] INIT File
---------------------------------------------------------------
[ 2018-09-01T19:24:22+08:00 ] 127.0.0.1 GET /wpad.dat
[ info ] wpad.com/wpad.dat [运行时间：0.062463s][吞吐率：16.01req/s] [内存消耗：1,720.09kb] [文件加载：38]
[ info ] [ LANG ] D:\Vc_PHP\Apache24\htdocs\2018\WorkManagement\shop\thinkphp\lang\zh-cn.php
[ info ] [ ROUTE ] array (
  'type' => 'module',
  'module' => 
  array (
    0 => 'wpad.dat',
    1 => NULL,
    2 => NULL,
  ),
)
[ info ] [ HEADER ] array (
  'connection' => 'Keep-Alive',
  'accept' => '*/*',
  'user-agent' => 'WinHttp-Autoproxy-Service/5.1',
  'host' => 'wpad.com',
)
[ info ] [ PARAM ] array (
)
[ info ] [ LOG ] INIT File
---------------------------------------------------------------
[ 2018-09-01T19:34:22+08:00 ] 127.0.0.1 GET /wpad.dat
[ info ] wpad.com/wpad.dat [运行时间：0.060168s][吞吐率：16.62req/s] [内存消耗：1,720.09kb] [文件加载：38]
[ info ] [ LANG ] D:\Vc_PHP\Apache24\htdocs\2018\WorkManagement\shop\thinkphp\lang\zh-cn.php
[ info ] [ ROUTE ] array (
  'type' => 'module',
  'module' => 
  array (
    0 => 'wpad.dat',
    1 => NULL,
    2 => NULL,
  ),
)
[ info ] [ HEADER ] array (
  'connection' => 'Keep-Alive',
  'accept' => '*/*',
  'user-agent' => 'WinHttp-Autoproxy-Service/5.1',
  'host' => 'wpad.com',
)
[ info ] [ PARAM ] array (
)
[ info ] [ LOG ] INIT File
---------------------------------------------------------------
[ 2018-09-01T19:44:22+08:00 ] 127.0.0.1 GET /wpad.dat
[ info ] wpad.com/wpad.dat [运行时间：0.053601s][吞吐率：18.66req/s] [内存消耗：1,720.09kb] [文件加载：38]
[ info ] [ LANG ] D:\Vc_PHP\Apache24\htdocs\2018\WorkManagement\shop\thinkphp\lang\zh-cn.php
[ info ] [ ROUTE ] array (
  'type' => 'module',
  'module' => 
  array (
    0 => 'wpad.dat',
    1 => NULL,
    2 => NULL,
  ),
)
[ info ] [ HEADER ] array (
  'connection' => 'Keep-Alive',
  'accept' => '*/*',
  'user-agent' => 'WinHttp-Autoproxy-Service/5.1',
  'host' => 'wpad.com',
)
[ info ] [ PARAM ] array (
)
[ info ] [ LOG ] INIT File
---------------------------------------------------------------
[ 2018-09-01T19:54:23+08:00 ] 127.0.0.1 GET /wpad.dat
[ info ] wpad.com/wpad.dat [运行时间：0.048821s][吞吐率：20.48req/s] [内存消耗：1,720.09kb] [文件加载：38]
[ info ] [ LANG ] D:\Vc_PHP\Apache24\htdocs\2018\WorkManagement\shop\thinkphp\lang\zh-cn.php
[ info ] [ ROUTE ] array (
  'type' => 'module',
  'module' => 
  array (
    0 => 'wpad.dat',
    1 => NULL,
    2 => NULL,
  ),
)
[ info ] [ HEADER ] array (
  'connection' => 'Keep-Alive',
  'accept' => '*/*',
  'user-agent' => 'WinHttp-Autoproxy-Service/5.1',
  'host' => 'wpad.com',
)
[ info ] [ PARAM ] array (
)
[ info ] [ LOG ] INIT File
---------------------------------------------------------------
[ 2018-09-01T20:04:23+08:00 ] 127.0.0.1 GET /wpad.dat
[ info ] wpad.com/wpad.dat [运行时间：0.845191s][吞吐率：1.18req/s] [内存消耗：1,720.09kb] [文件加载：38]
[ info ] [ LANG ] D:\Vc_PHP\Apache24\htdocs\2018\WorkManagement\shop\thinkphp\lang\zh-cn.php
[ info ] [ ROUTE ] array (
  'type' => 'module',
  'module' => 
  array (
    0 => 'wpad.dat',
    1 => NULL,
    2 => NULL,
  ),
)
[ info ] [ HEADER ] array (
  'connection' => 'Keep-Alive',
  'accept' => '*/*',
  'user-agent' => 'WinHttp-Autoproxy-Service/5.1',
  'host' => 'wpad.com',
)
[ info ] [ PARAM ] array (
)
[ info ] [ LOG ] INIT File
---------------------------------------------------------------
[ 2018-09-01T20:14:23+08:00 ] 127.0.0.1 GET /wpad.dat
[ info ] wpad.com/wpad.dat [运行时间：0.054729s][吞吐率：18.27req/s] [内存消耗：1,720.09kb] [文件加载：38]
[ info ] [ LANG ] D:\Vc_PHP\Apache24\htdocs\2018\WorkManagement\shop\thinkphp\lang\zh-cn.php
[ info ] [ ROUTE ] array (
  'type' => 'module',
  'module' => 
  array (
    0 => 'wpad.dat',
    1 => NULL,
    2 => NULL,
  ),
)
[ info ] [ HEADER ] array (
  'connection' => 'Keep-Alive',
  'accept' => '*/*',
  'user-agent' => 'WinHttp-Autoproxy-Service/5.1',
  'host' => 'wpad.com',
)
[ info ] [ PARAM ] array (
)
[ info ] [ LOG ] INIT File
---------------------------------------------------------------
[ 2018-09-01T20:24:25+08:00 ] 127.0.0.1 GET /wpad.dat
[ info ] wpad.com/wpad.dat [运行时间：1.035752s][吞吐率：0.97req/s] [内存消耗：1,720.09kb] [文件加载：38]
[ info ] [ LANG ] D:\Vc_PHP\Apache24\htdocs\2018\WorkManagement\shop\thinkphp\lang\zh-cn.php
[ info ] [ ROUTE ] array (
  'type' => 'module',
  'module' => 
  array (
    0 => 'wpad.dat',
    1 => NULL,
    2 => NULL,
  ),
)
[ info ] [ HEADER ] array (
  'connection' => 'Keep-Alive',
  'accept' => '*/*',
  'user-agent' => 'WinHttp-Autoproxy-Service/5.1',
  'host' => 'wpad.com',
)
[ info ] [ PARAM ] array (
)
[ info ] [ LOG ] INIT File
---------------------------------------------------------------
[ 2018-09-01T20:34:25+08:00 ] 127.0.0.1 GET /wpad.dat
[ info ] wpad.com/wpad.dat [运行时间：0.075984s][吞吐率：13.16req/s] [内存消耗：1,720.09kb] [文件加载：38]
[ info ] [ LANG ] D:\Vc_PHP\Apache24\htdocs\2018\WorkManagement\shop\thinkphp\lang\zh-cn.php
[ info ] [ ROUTE ] array (
  'type' => 'module',
  'module' => 
  array (
    0 => 'wpad.dat',
    1 => NULL,
    2 => NULL,
  ),
)
[ info ] [ HEADER ] array (
  'connection' => 'Keep-Alive',
  'accept' => '*/*',
  'user-agent' => 'WinHttp-Autoproxy-Service/5.1',
  'host' => 'wpad.com',
)
[ info ] [ PARAM ] array (
)
[ info ] [ LOG ] INIT File
---------------------------------------------------------------
[ 2018-09-01T20:44:25+08:00 ] 127.0.0.1 GET /wpad.dat
[ info ] wpad.com/wpad.dat [运行时间：0.066372s][吞吐率：15.07req/s] [内存消耗：1,720.09kb] [文件加载：38]
[ info ] [ LANG ] D:\Vc_PHP\Apache24\htdocs\2018\WorkManagement\shop\thinkphp\lang\zh-cn.php
[ info ] [ ROUTE ] array (
  'type' => 'module',
  'module' => 
  array (
    0 => 'wpad.dat',
    1 => NULL,
    2 => NULL,
  ),
)
[ info ] [ HEADER ] array (
  'connection' => 'Keep-Alive',
  'accept' => '*/*',
  'user-agent' => 'WinHttp-Autoproxy-Service/5.1',
  'host' => 'wpad.com',
)
[ info ] [ PARAM ] array (
)
[ info ] [ LOG ] INIT File
---------------------------------------------------------------
[ 2018-09-01T20:54:25+08:00 ] 127.0.0.1 GET /wpad.dat
[ info ] wpad.com/wpad.dat [运行时间：0.053725s][吞吐率：18.61req/s] [内存消耗：1,720.09kb] [文件加载：38]
[ info ] [ LANG ] D:\Vc_PHP\Apache24\htdocs\2018\WorkManagement\shop\thinkphp\lang\zh-cn.php
[ info ] [ ROUTE ] array (
  'type' => 'module',
  'module' => 
  array (
    0 => 'wpad.dat',
    1 => NULL,
    2 => NULL,
  ),
)
[ info ] [ HEADER ] array (
  'connection' => 'Keep-Alive',
  'accept' => '*/*',
  'user-agent' => 'WinHttp-Autoproxy-Service/5.1',
  'host' => 'wpad.com',
)
[ info ] [ PARAM ] array (
)
[ info ] [ LOG ] INIT File
---------------------------------------------------------------
[ 2018-09-01T21:04:26+08:00 ] 127.0.0.1 GET /wpad.dat
[ info ] wpad.com/wpad.dat [运行时间：0.048345s][吞吐率：20.68req/s] [内存消耗：1,720.09kb] [文件加载：38]
[ info ] [ LANG ] D:\Vc_PHP\Apache24\htdocs\2018\WorkManagement\shop\thinkphp\lang\zh-cn.php
[ info ] [ ROUTE ] array (
  'type' => 'module',
  'module' => 
  array (
    0 => 'wpad.dat',
    1 => NULL,
    2 => NULL,
  ),
)
[ info ] [ HEADER ] array (
  'connection' => 'Keep-Alive',
  'accept' => '*/*',
  'user-agent' => 'WinHttp-Autoproxy-Service/5.1',
  'host' => 'wpad.com',
)
[ info ] [ PARAM ] array (
)
[ info ] [ LOG ] INIT File
---------------------------------------------------------------
[ 2018-09-01T21:14:26+08:00 ] 127.0.0.1 GET /wpad.dat
[ info ] wpad.com/wpad.dat [运行时间：0.052723s][吞吐率：18.97req/s] [内存消耗：1,720.09kb] [文件加载：38]
[ info ] [ LANG ] D:\Vc_PHP\Apache24\htdocs\2018\WorkManagement\shop\thinkphp\lang\zh-cn.php
[ info ] [ ROUTE ] array (
  'type' => 'module',
  'module' => 
  array (
    0 => 'wpad.dat',
    1 => NULL,
    2 => NULL,
  ),
)
[ info ] [ HEADER ] array (
  'connection' => 'Keep-Alive',
  'accept' => '*/*',
  'user-agent' => 'WinHttp-Autoproxy-Service/5.1',
  'host' => 'wpad.com',
)
[ info ] [ PARAM ] array (
)
[ info ] [ LOG ] INIT File
---------------------------------------------------------------
[ 2018-09-01T21:24:26+08:00 ] 127.0.0.1 GET /wpad.dat
[ info ] wpad.com/wpad.dat [运行时间：0.056122s][吞吐率：17.82req/s] [内存消耗：1,720.09kb] [文件加载：38]
[ info ] [ LANG ] D:\Vc_PHP\Apache24\htdocs\2018\WorkManagement\shop\thinkphp\lang\zh-cn.php
[ info ] [ ROUTE ] array (
  'type' => 'module',
  'module' => 
  array (
    0 => 'wpad.dat',
    1 => NULL,
    2 => NULL,
  ),
)
[ info ] [ HEADER ] array (
  'connection' => 'Keep-Alive',
  'accept' => '*/*',
  'user-agent' => 'WinHttp-Autoproxy-Service/5.1',
  'host' => 'wpad.com',
)
[ info ] [ PARAM ] array (
)
[ info ] [ LOG ] INIT File
---------------------------------------------------------------
[ 2018-09-01T21:34:27+08:00 ] 127.0.0.1 GET /wpad.dat
[ info ] wpad.com/wpad.dat [运行时间：0.116499s][吞吐率：8.58req/s] [内存消耗：1,720.09kb] [文件加载：38]
[ info ] [ LANG ] D:\Vc_PHP\Apache24\htdocs\2018\WorkManagement\shop\thinkphp\lang\zh-cn.php
[ info ] [ ROUTE ] array (
  'type' => 'module',
  'module' => 
  array (
    0 => 'wpad.dat',
    1 => NULL,
    2 => NULL,
  ),
)
[ info ] [ HEADER ] array (
  'connection' => 'Keep-Alive',
  'accept' => '*/*',
  'user-agent' => 'WinHttp-Autoproxy-Service/5.1',
  'host' => 'wpad.com',
)
[ info ] [ PARAM ] array (
)
[ info ] [ LOG ] INIT File
---------------------------------------------------------------
[ 2018-09-01T21:44:27+08:00 ] 127.0.0.1 GET /wpad.dat
[ info ] wpad.com/wpad.dat [运行时间：0.059961s][吞吐率：16.68req/s] [内存消耗：1,720.09kb] [文件加载：38]
[ info ] [ LANG ] D:\Vc_PHP\Apache24\htdocs\2018\WorkManagement\shop\thinkphp\lang\zh-cn.php
[ info ] [ ROUTE ] array (
  'type' => 'module',
  'module' => 
  array (
    0 => 'wpad.dat',
    1 => NULL,
    2 => NULL,
  ),
)
[ info ] [ HEADER ] array (
  'connection' => 'Keep-Alive',
  'accept' => '*/*',
  'user-agent' => 'WinHttp-Autoproxy-Service/5.1',
  'host' => 'wpad.com',
)
[ info ] [ PARAM ] array (
)
[ info ] [ LOG ] INIT File
---------------------------------------------------------------
[ 2018-09-01T21:54:28+08:00 ] 127.0.0.1 GET /wpad.dat
[ info ] wpad.com/wpad.dat [运行时间：0.076266s][吞吐率：13.11req/s] [内存消耗：1,720.09kb] [文件加载：38]
[ info ] [ LANG ] D:\Vc_PHP\Apache24\htdocs\2018\WorkManagement\shop\thinkphp\lang\zh-cn.php
[ info ] [ ROUTE ] array (
  'type' => 'module',
  'module' => 
  array (
    0 => 'wpad.dat',
    1 => NULL,
    2 => NULL,
  ),
)
[ info ] [ HEADER ] array (
  'connection' => 'Keep-Alive',
  'accept' => '*/*',
  'user-agent' => 'WinHttp-Autoproxy-Service/5.1',
  'host' => 'wpad.com',
)
[ info ] [ PARAM ] array (
)
[ info ] [ LOG ] INIT File
---------------------------------------------------------------
[ 2018-09-01T22:04:28+08:00 ] 127.0.0.1 GET /wpad.dat
[ info ] wpad.com/wpad.dat [运行时间：0.050024s][吞吐率：19.99req/s] [内存消耗：1,720.09kb] [文件加载：38]
[ info ] [ LANG ] D:\Vc_PHP\Apache24\htdocs\2018\WorkManagement\shop\thinkphp\lang\zh-cn.php
[ info ] [ ROUTE ] array (
  'type' => 'module',
  'module' => 
  array (
    0 => 'wpad.dat',
    1 => NULL,
    2 => NULL,
  ),
)
[ info ] [ HEADER ] array (
  'connection' => 'Keep-Alive',
  'accept' => '*/*',
  'user-agent' => 'WinHttp-Autoproxy-Service/5.1',
  'host' => 'wpad.com',
)
[ info ] [ PARAM ] array (
)
[ info ] [ LOG ] INIT File
---------------------------------------------------------------
[ 2018-09-01T22:14:28+08:00 ] 127.0.0.1 GET /wpad.dat
[ info ] wpad.com/wpad.dat [运行时间：0.050778s][吞吐率：19.69req/s] [内存消耗：1,720.09kb] [文件加载：38]
[ info ] [ LANG ] D:\Vc_PHP\Apache24\htdocs\2018\WorkManagement\shop\thinkphp\lang\zh-cn.php
[ info ] [ ROUTE ] array (
  'type' => 'module',
  'module' => 
  array (
    0 => 'wpad.dat',
    1 => NULL,
    2 => NULL,
  ),
)
[ info ] [ HEADER ] array (
  'connection' => 'Keep-Alive',
  'accept' => '*/*',
  'user-agent' => 'WinHttp-Autoproxy-Service/5.1',
  'host' => 'wpad.com',
)
[ info ] [ PARAM ] array (
)
[ info ] [ LOG ] INIT File
---------------------------------------------------------------
[ 2018-09-01T22:24:29+08:00 ] 127.0.0.1 GET /wpad.dat
[ info ] wpad.com/wpad.dat [运行时间：0.073961s][吞吐率：13.52req/s] [内存消耗：1,720.09kb] [文件加载：38]
[ info ] [ LANG ] D:\Vc_PHP\Apache24\htdocs\2018\WorkManagement\shop\thinkphp\lang\zh-cn.php
[ info ] [ ROUTE ] array (
  'type' => 'module',
  'module' => 
  array (
    0 => 'wpad.dat',
    1 => NULL,
    2 => NULL,
  ),
)
[ info ] [ HEADER ] array (
  'connection' => 'Keep-Alive',
  'accept' => '*/*',
  'user-agent' => 'WinHttp-Autoproxy-Service/5.1',
  'host' => 'wpad.com',
)
[ info ] [ PARAM ] array (
)
[ info ] [ LOG ] INIT File
---------------------------------------------------------------
[ 2018-09-01T22:34:29+08:00 ] 127.0.0.1 GET /wpad.dat
[ info ] wpad.com/wpad.dat [运行时间：0.063891s][吞吐率：15.65req/s] [内存消耗：1,720.09kb] [文件加载：38]
[ info ] [ LANG ] D:\Vc_PHP\Apache24\htdocs\2018\WorkManagement\shop\thinkphp\lang\zh-cn.php
[ info ] [ ROUTE ] array (
  'type' => 'module',
  'module' => 
  array (
    0 => 'wpad.dat',
    1 => NULL,
    2 => NULL,
  ),
)
[ info ] [ HEADER ] array (
  'connection' => 'Keep-Alive',
  'accept' => '*/*',
  'user-agent' => 'WinHttp-Autoproxy-Service/5.1',
  'host' => 'wpad.com',
)
[ info ] [ PARAM ] array (
)
[ info ] [ LOG ] INIT File
---------------------------------------------------------------
[ 2018-09-01T22:44:30+08:00 ] 127.0.0.1 GET /wpad.dat
[ info ] wpad.com/wpad.dat [运行时间：0.071232s][吞吐率：14.04req/s] [内存消耗：1,720.09kb] [文件加载：38]
[ info ] [ LANG ] D:\Vc_PHP\Apache24\htdocs\2018\WorkManagement\shop\thinkphp\lang\zh-cn.php
[ info ] [ ROUTE ] array (
  'type' => 'module',
  'module' => 
  array (
    0 => 'wpad.dat',
    1 => NULL,
    2 => NULL,
  ),
)
[ info ] [ HEADER ] array (
  'connection' => 'Keep-Alive',
  'accept' => '*/*',
  'user-agent' => 'WinHttp-Autoproxy-Service/5.1',
  'host' => 'wpad.com',
)
[ info ] [ PARAM ] array (
)
[ info ] [ LOG ] INIT File
---------------------------------------------------------------
[ 2018-09-01T22:54:30+08:00 ] 127.0.0.1 GET /wpad.dat
[ info ] wpad.com/wpad.dat [运行时间：0.059800s][吞吐率：16.72req/s] [内存消耗：1,720.09kb] [文件加载：38]
[ info ] [ LANG ] D:\Vc_PHP\Apache24\htdocs\2018\WorkManagement\shop\thinkphp\lang\zh-cn.php
[ info ] [ ROUTE ] array (
  'type' => 'module',
  'module' => 
  array (
    0 => 'wpad.dat',
    1 => NULL,
    2 => NULL,
  ),
)
[ info ] [ HEADER ] array (
  'connection' => 'Keep-Alive',
  'accept' => '*/*',
  'user-agent' => 'WinHttp-Autoproxy-Service/5.1',
  'host' => 'wpad.com',
)
[ info ] [ PARAM ] array (
)
[ info ] [ LOG ] INIT File
---------------------------------------------------------------
[ 2018-09-01T23:04:30+08:00 ] 127.0.0.1 GET /wpad.dat
[ info ] wpad.com/wpad.dat [运行时间：0.061809s][吞吐率：16.18req/s] [内存消耗：1,720.09kb] [文件加载：38]
[ info ] [ LANG ] D:\Vc_PHP\Apache24\htdocs\2018\WorkManagement\shop\thinkphp\lang\zh-cn.php
[ info ] [ ROUTE ] array (
  'type' => 'module',
  'module' => 
  array (
    0 => 'wpad.dat',
    1 => NULL,
    2 => NULL,
  ),
)
[ info ] [ HEADER ] array (
  'connection' => 'Keep-Alive',
  'accept' => '*/*',
  'user-agent' => 'WinHttp-Autoproxy-Service/5.1',
  'host' => 'wpad.com',
)
[ info ] [ PARAM ] array (
)
[ info ] [ LOG ] INIT File
---------------------------------------------------------------
[ 2018-09-01T23:13:09+08:00 ] 127.0.0.1 GET /wpad.dat
[ info ] wpad.com/wpad.dat [运行时间：0.049206s][吞吐率：20.32req/s] [内存消耗：1,720.09kb] [文件加载：38]
[ info ] [ LANG ] D:\Vc_PHP\Apache24\htdocs\2018\WorkManagement\shop\thinkphp\lang\zh-cn.php
[ info ] [ ROUTE ] array (
  'type' => 'module',
  'module' => 
  array (
    0 => 'wpad.dat',
    1 => NULL,
    2 => NULL,
  ),
)
[ info ] [ HEADER ] array (
  'connection' => 'Keep-Alive',
  'accept' => '*/*',
  'user-agent' => 'WinHttp-Autoproxy-Service/5.1',
  'host' => 'wpad.com',
)
[ info ] [ PARAM ] array (
)
[ info ] [ LOG ] INIT File
---------------------------------------------------------------
[ 2018-09-01T23:13:10+08:00 ] 127.0.0.1 GET /wpad.dat
[ info ] wpad.com/wpad.dat [运行时间：0.062820s][吞吐率：15.92req/s] [内存消耗：1,720.09kb] [文件加载：38]
[ info ] [ LANG ] D:\Vc_PHP\Apache24\htdocs\2018\WorkManagement\shop\thinkphp\lang\zh-cn.php
[ info ] [ ROUTE ] array (
  'type' => 'module',
  'module' => 
  array (
    0 => 'wpad.dat',
    1 => NULL,
    2 => NULL,
  ),
)
[ info ] [ HEADER ] array (
  'connection' => 'Keep-Alive',
  'accept' => '*/*',
  'user-agent' => 'WinHttp-Autoproxy-Service/5.1',
  'host' => 'wpad.com',
)
[ info ] [ PARAM ] array (
)
[ info ] [ LOG ] INIT File
---------------------------------------------------------------
[ 2018-09-01T23:13:11+08:00 ] 127.0.0.1 GET /wpad.dat
[ info ] wpad.com/wpad.dat [运行时间：0.059239s][吞吐率：16.88req/s] [内存消耗：1,720.09kb] [文件加载：38]
[ info ] [ LANG ] D:\Vc_PHP\Apache24\htdocs\2018\WorkManagement\shop\thinkphp\lang\zh-cn.php
[ info ] [ ROUTE ] array (
  'type' => 'module',
  'module' => 
  array (
    0 => 'wpad.dat',
    1 => NULL,
    2 => NULL,
  ),
)
[ info ] [ HEADER ] array (
  'connection' => 'Keep-Alive',
  'accept' => '*/*',
  'user-agent' => 'WinHttp-Autoproxy-Service/5.1',
  'host' => 'wpad.com',
)
[ info ] [ PARAM ] array (
)
[ info ] [ LOG ] INIT File
---------------------------------------------------------------
[ 2018-09-01T23:13:14+08:00 ] 127.0.0.1 GET /wpad.dat
[ info ] wpad.com/wpad.dat [运行时间：0.049694s][吞吐率：20.12req/s] [内存消耗：1,720.09kb] [文件加载：38]
[ info ] [ LANG ] D:\Vc_PHP\Apache24\htdocs\2018\WorkManagement\shop\thinkphp\lang\zh-cn.php
[ info ] [ ROUTE ] array (
  'type' => 'module',
  'module' => 
  array (
    0 => 'wpad.dat',
    1 => NULL,
    2 => NULL,
  ),
)
[ info ] [ HEADER ] array (
  'connection' => 'Keep-Alive',
  'accept' => '*/*',
  'user-agent' => 'WinHttp-Autoproxy-Service/5.1',
  'host' => 'wpad.com',
)
[ info ] [ PARAM ] array (
)
[ info ] [ LOG ] INIT File
---------------------------------------------------------------
[ 2018-09-01T23:13:15+08:00 ] 127.0.0.1 GET /wpad.dat
[ info ] wpad.com/wpad.dat [运行时间：0.051377s][吞吐率：19.46req/s] [内存消耗：1,720.09kb] [文件加载：38]
[ info ] [ LANG ] D:\Vc_PHP\Apache24\htdocs\2018\WorkManagement\shop\thinkphp\lang\zh-cn.php
[ info ] [ ROUTE ] array (
  'type' => 'module',
  'module' => 
  array (
    0 => 'wpad.dat',
    1 => NULL,
    2 => NULL,
  ),
)
[ info ] [ HEADER ] array (
  'connection' => 'Keep-Alive',
  'accept' => '*/*',
  'user-agent' => 'WinHttp-Autoproxy-Service/5.1',
  'host' => 'wpad.com',
)
[ info ] [ PARAM ] array (
)
[ info ] [ LOG ] INIT File
---------------------------------------------------------------
[ 2018-09-01T23:13:18+08:00 ] 127.0.0.1 GET /wpad.dat
[ info ] wpad.com/wpad.dat [运行时间：0.065479s][吞吐率：15.27req/s] [内存消耗：1,720.09kb] [文件加载：38]
[ info ] [ LANG ] D:\Vc_PHP\Apache24\htdocs\2018\WorkManagement\shop\thinkphp\lang\zh-cn.php
[ info ] [ ROUTE ] array (
  'type' => 'module',
  'module' => 
  array (
    0 => 'wpad.dat',
    1 => NULL,
    2 => NULL,
  ),
)
[ info ] [ HEADER ] array (
  'connection' => 'Keep-Alive',
  'accept' => '*/*',
  'user-agent' => 'WinHttp-Autoproxy-Service/5.1',
  'host' => 'wpad.com',
)
[ info ] [ PARAM ] array (
)
[ info ] [ LOG ] INIT File
---------------------------------------------------------------
[ 2018-09-01T23:13:18+08:00 ] 127.0.0.1 GET /wpad.dat
[ info ] wpad.com/wpad.dat [运行时间：0.055508s][吞吐率：18.02req/s] [内存消耗：1,720.09kb] [文件加载：38]
[ info ] [ LANG ] D:\Vc_PHP\Apache24\htdocs\2018\WorkManagement\shop\thinkphp\lang\zh-cn.php
[ info ] [ ROUTE ] array (
  'type' => 'module',
  'module' => 
  array (
    0 => 'wpad.dat',
    1 => NULL,
    2 => NULL,
  ),
)
[ info ] [ HEADER ] array (
  'connection' => 'Keep-Alive',
  'accept' => '*/*',
  'user-agent' => 'WinHttp-Autoproxy-Service/5.1',
  'host' => 'wpad.com',
)
[ info ] [ PARAM ] array (
)
[ info ] [ LOG ] INIT File
---------------------------------------------------------------
[ 2018-09-01T23:13:24+08:00 ] 127.0.0.1 GET /wpad.dat
[ info ] wpad.com/wpad.dat [运行时间：0.060172s][吞吐率：16.62req/s] [内存消耗：1,720.09kb] [文件加载：38]
[ info ] [ LANG ] D:\Vc_PHP\Apache24\htdocs\2018\WorkManagement\shop\thinkphp\lang\zh-cn.php
[ info ] [ ROUTE ] array (
  'type' => 'module',
  'module' => 
  array (
    0 => 'wpad.dat',
    1 => NULL,
    2 => NULL,
  ),
)
[ info ] [ HEADER ] array (
  'connection' => 'Keep-Alive',
  'accept' => '*/*',
  'user-agent' => 'WinHttp-Autoproxy-Service/5.1',
  'host' => 'wpad.com',
)
[ info ] [ PARAM ] array (
)
[ info ] [ LOG ] INIT File
---------------------------------------------------------------
[ 2018-09-01T23:13:25+08:00 ] 127.0.0.1 GET /wpad.dat
[ info ] wpad.com/wpad.dat [运行时间：0.047562s][吞吐率：21.03req/s] [内存消耗：1,720.09kb] [文件加载：38]
[ info ] [ LANG ] D:\Vc_PHP\Apache24\htdocs\2018\WorkManagement\shop\thinkphp\lang\zh-cn.php
[ info ] [ ROUTE ] array (
  'type' => 'module',
  'module' => 
  array (
    0 => 'wpad.dat',
    1 => NULL,
    2 => NULL,
  ),
)
[ info ] [ HEADER ] array (
  'connection' => 'Keep-Alive',
  'accept' => '*/*',
  'user-agent' => 'WinHttp-Autoproxy-Service/5.1',
  'host' => 'wpad.com',
)
[ info ] [ PARAM ] array (
)
[ info ] [ LOG ] INIT File
---------------------------------------------------------------
[ 2018-09-01T23:13:28+08:00 ] 127.0.0.1 GET /wpad.dat
[ info ] wpad.com/wpad.dat [运行时间：0.046036s][吞吐率：21.72req/s] [内存消耗：1,720.09kb] [文件加载：38]
[ info ] [ LANG ] D:\Vc_PHP\Apache24\htdocs\2018\WorkManagement\shop\thinkphp\lang\zh-cn.php
[ info ] [ ROUTE ] array (
  'type' => 'module',
  'module' => 
  array (
    0 => 'wpad.dat',
    1 => NULL,
    2 => NULL,
  ),
)
[ info ] [ HEADER ] array (
  'connection' => 'Keep-Alive',
  'accept' => '*/*',
  'user-agent' => 'WinHttp-Autoproxy-Service/5.1',
  'host' => 'wpad.com',
)
[ info ] [ PARAM ] array (
)
[ info ] [ LOG ] INIT File
---------------------------------------------------------------
[ 2018-09-01T23:13:28+08:00 ] 127.0.0.1 GET /wpad.dat
[ info ] wpad.com/wpad.dat [运行时间：0.051828s][吞吐率：19.29req/s] [内存消耗：1,720.09kb] [文件加载：38]
[ info ] [ LANG ] D:\Vc_PHP\Apache24\htdocs\2018\WorkManagement\shop\thinkphp\lang\zh-cn.php
[ info ] [ ROUTE ] array (
  'type' => 'module',
  'module' => 
  array (
    0 => 'wpad.dat',
    1 => NULL,
    2 => NULL,
  ),
)
[ info ] [ HEADER ] array (
  'connection' => 'Keep-Alive',
  'accept' => '*/*',
  'user-agent' => 'WinHttp-Autoproxy-Service/5.1',
  'host' => 'wpad.com',
)
[ info ] [ PARAM ] array (
)
[ info ] [ LOG ] INIT File
---------------------------------------------------------------
[ 2018-09-01T23:13:31+08:00 ] 127.0.0.1 GET /wpad.dat
[ info ] wpad.com/wpad.dat [运行时间：0.049408s][吞吐率：20.24req/s] [内存消耗：1,720.09kb] [文件加载：38]
[ info ] [ LANG ] D:\Vc_PHP\Apache24\htdocs\2018\WorkManagement\shop\thinkphp\lang\zh-cn.php
[ info ] [ ROUTE ] array (
  'type' => 'module',
  'module' => 
  array (
    0 => 'wpad.dat',
    1 => NULL,
    2 => NULL,
  ),
)
[ info ] [ HEADER ] array (
  'connection' => 'Keep-Alive',
  'accept' => '*/*',
  'user-agent' => 'WinHttp-Autoproxy-Service/5.1',
  'host' => 'wpad.com',
)
[ info ] [ PARAM ] array (
)
[ info ] [ LOG ] INIT File
---------------------------------------------------------------
[ 2018-09-01T23:13:32+08:00 ] 127.0.0.1 GET /wpad.dat
[ info ] wpad.com/wpad.dat [运行时间：0.088116s][吞吐率：11.35req/s] [内存消耗：1,720.09kb] [文件加载：38]
[ info ] [ LANG ] D:\Vc_PHP\Apache24\htdocs\2018\WorkManagement\shop\thinkphp\lang\zh-cn.php
[ info ] [ ROUTE ] array (
  'type' => 'module',
  'module' => 
  array (
    0 => 'wpad.dat',
    1 => NULL,
    2 => NULL,
  ),
)
[ info ] [ HEADER ] array (
  'connection' => 'Keep-Alive',
  'accept' => '*/*',
  'user-agent' => 'WinHttp-Autoproxy-Service/5.1',
  'host' => 'wpad.com',
)
[ info ] [ PARAM ] array (
)
[ info ] [ LOG ] INIT File
---------------------------------------------------------------
[ 2018-09-01T23:13:35+08:00 ] 127.0.0.1 GET /wpad.dat
[ info ] wpad.com/wpad.dat [运行时间：0.052419s][吞吐率：19.08req/s] [内存消耗：1,720.09kb] [文件加载：38]
[ info ] [ LANG ] D:\Vc_PHP\Apache24\htdocs\2018\WorkManagement\shop\thinkphp\lang\zh-cn.php
[ info ] [ ROUTE ] array (
  'type' => 'module',
  'module' => 
  array (
    0 => 'wpad.dat',
    1 => NULL,
    2 => NULL,
  ),
)
[ info ] [ HEADER ] array (
  'connection' => 'Keep-Alive',
  'accept' => '*/*',
  'user-agent' => 'WinHttp-Autoproxy-Service/5.1',
  'host' => 'wpad.com',
)
[ info ] [ PARAM ] array (
)
[ info ] [ LOG ] INIT File
---------------------------------------------------------------
[ 2018-09-01T23:13:50+08:00 ] 127.0.0.1 GET /wpad.dat
[ info ] wpad.com/wpad.dat [运行时间：0.068485s][吞吐率：14.60req/s] [内存消耗：1,720.09kb] [文件加载：38]
[ info ] [ LANG ] D:\Vc_PHP\Apache24\htdocs\2018\WorkManagement\shop\thinkphp\lang\zh-cn.php
[ info ] [ ROUTE ] array (
  'type' => 'module',
  'module' => 
  array (
    0 => 'wpad.dat',
    1 => NULL,
    2 => NULL,
  ),
)
[ info ] [ HEADER ] array (
  'connection' => 'Keep-Alive',
  'accept' => '*/*',
  'user-agent' => 'WinHttp-Autoproxy-Service/5.1',
  'host' => 'wpad.com',
)
[ info ] [ PARAM ] array (
)
[ info ] [ LOG ] INIT File
---------------------------------------------------------------
[ 2018-09-01T23:14:50+08:00 ] 127.0.0.1 GET /wpad.dat
[ info ] wpad.com/wpad.dat [运行时间：0.047639s][吞吐率：20.99req/s] [内存消耗：1,720.09kb] [文件加载：38]
[ info ] [ LANG ] D:\Vc_PHP\Apache24\htdocs\2018\WorkManagement\shop\thinkphp\lang\zh-cn.php
[ info ] [ ROUTE ] array (
  'type' => 'module',
  'module' => 
  array (
    0 => 'wpad.dat',
    1 => NULL,
    2 => NULL,
  ),
)
[ info ] [ HEADER ] array (
  'connection' => 'Keep-Alive',
  'accept' => '*/*',
  'user-agent' => 'WinHttp-Autoproxy-Service/5.1',
  'host' => 'wpad.com',
)
[ info ] [ PARAM ] array (
)
[ info ] [ LOG ] INIT File
---------------------------------------------------------------
[ 2018-09-01T23:24:51+08:00 ] 127.0.0.1 GET /wpad.dat
[ info ] wpad.com/wpad.dat [运行时间：0.071084s][吞吐率：14.07req/s] [内存消耗：1,720.09kb] [文件加载：38]
[ info ] [ LANG ] D:\Vc_PHP\Apache24\htdocs\2018\WorkManagement\shop\thinkphp\lang\zh-cn.php
[ info ] [ ROUTE ] array (
  'type' => 'module',
  'module' => 
  array (
    0 => 'wpad.dat',
    1 => NULL,
    2 => NULL,
  ),
)
[ info ] [ HEADER ] array (
  'connection' => 'Keep-Alive',
  'accept' => '*/*',
  'user-agent' => 'WinHttp-Autoproxy-Service/5.1',
  'host' => 'wpad.com',
)
[ info ] [ PARAM ] array (
)
[ info ] [ LOG ] INIT File
---------------------------------------------------------------
[ 2018-09-01T23:34:51+08:00 ] 127.0.0.1 GET /wpad.dat
[ info ] wpad.com/wpad.dat [运行时间：0.049660s][吞吐率：20.14req/s] [内存消耗：1,720.09kb] [文件加载：38]
[ info ] [ LANG ] D:\Vc_PHP\Apache24\htdocs\2018\WorkManagement\shop\thinkphp\lang\zh-cn.php
[ info ] [ ROUTE ] array (
  'type' => 'module',
  'module' => 
  array (
    0 => 'wpad.dat',
    1 => NULL,
    2 => NULL,
  ),
)
[ info ] [ HEADER ] array (
  'connection' => 'Keep-Alive',
  'accept' => '*/*',
  'user-agent' => 'WinHttp-Autoproxy-Service/5.1',
  'host' => 'wpad.com',
)
[ info ] [ PARAM ] array (
)
[ info ] [ LOG ] INIT File
---------------------------------------------------------------
[ 2018-09-01T23:43:36+08:00 ] 127.0.0.1 GET /wpad.dat
[ info ] wpad.com/wpad.dat [运行时间：0.051261s][吞吐率：19.51req/s] [内存消耗：1,720.09kb] [文件加载：38]
[ info ] [ LANG ] D:\Vc_PHP\Apache24\htdocs\2018\WorkManagement\shop\thinkphp\lang\zh-cn.php
[ info ] [ ROUTE ] array (
  'type' => 'module',
  'module' => 
  array (
    0 => 'wpad.dat',
    1 => NULL,
    2 => NULL,
  ),
)
[ info ] [ HEADER ] array (
  'connection' => 'Keep-Alive',
  'accept' => '*/*',
  'user-agent' => 'WinHttp-Autoproxy-Service/5.1',
  'host' => 'wpad.com',
)
[ info ] [ PARAM ] array (
)
[ info ] [ LOG ] INIT File
---------------------------------------------------------------
[ 2018-09-01T23:43:38+08:00 ] 127.0.0.1 GET /wpad.dat
[ info ] wpad.com/wpad.dat [运行时间：0.049106s][吞吐率：20.36req/s] [内存消耗：1,720.09kb] [文件加载：38]
[ info ] [ LANG ] D:\Vc_PHP\Apache24\htdocs\2018\WorkManagement\shop\thinkphp\lang\zh-cn.php
[ info ] [ ROUTE ] array (
  'type' => 'module',
  'module' => 
  array (
    0 => 'wpad.dat',
    1 => NULL,
    2 => NULL,
  ),
)
[ info ] [ HEADER ] array (
  'connection' => 'Keep-Alive',
  'accept' => '*/*',
  'user-agent' => 'WinHttp-Autoproxy-Service/5.1',
  'host' => 'wpad.com',
)
[ info ] [ PARAM ] array (
)
[ info ] [ LOG ] INIT File
