---------------------------------------------------------------
[ 2018-09-14T21:39:45+08:00 ] 127.0.0.1 GET /wpad.dat
[ info ] wpad.com/wpad.dat [运行时间：0.480224s][吞吐率：2.08req/s] [内存消耗：1,719.40kb] [文件加载：38]
[ info ] [ LANG ] D:\Vc_PHP\Apache24\htdocs\2018\JobManagement\thinkphp\lang\zh-cn.php
[ info ] [ ROUTE ] array (
  'type' => 'module',
  'module' => 
  array (
    0 => 'wpad.dat',
    1 => NULL,
    2 => NULL,
  ),
)
[ info ] [ HEADER ] array (
  'connection' => 'Keep-Alive',
  'accept' => '*/*',
  'user-agent' => 'WinHttp-Autoproxy-Service/5.1',
  'host' => 'wpad.com',
)
[ info ] [ PARAM ] array (
)
[ info ] [ LOG ] INIT File
---------------------------------------------------------------
[ 2018-09-14T21:41:18+08:00 ] 127.0.0.1 GET /
[ info ] www.tpwork.com/ [运行时间：0.611742s][吞吐率：1.63req/s] [内存消耗：2,409.64kb] [文件加载：46]
[ info ] [ LANG ] D:\Vc_PHP\Apache24\htdocs\2018\JobManagement\thinkphp\lang\zh-cn.php
[ info ] [ ROUTE ] array (
  'type' => 'module',
  'module' => 
  array (
    0 => '',
    1 => NULL,
    2 => NULL,
  ),
)
[ info ] [ HEADER ] array (
  'host' => 'www.tpwork.com',
  'connection' => 'keep-alive',
  'cache-control' => 'max-age=0',
  'upgrade-insecure-requests' => '1',
  'user-agent' => 'Mozilla/5.0 (Windows NT 10.0; Win64; x64) AppleWebKit/537.36 (KHTML, like Gecko) Chrome/69.0.3497.92 Safari/537.36',
  'accept' => 'text/html,application/xhtml+xml,application/xml;q=0.9,image/webp,image/apng,*/*;q=0.8',
  'referer' => 'http://www.tpwork.com/index/students',
  'accept-encoding' => 'gzip, deflate',
  'accept-language' => 'zh-CN,zh;q=0.9,zh-TW;q=0.8',
  'cookie' => 'PHPSESSID=9cskvofqb610u0fnsidktnftgq',
)
[ info ] [ PARAM ] array (
)
[ info ] [ SESSION ] INIT array (
  'id' => '',
  'var_session_id' => '',
  'prefix' => 'think',
  'type' => '',
  'auto_start' => true,
)
[ info ] [ RUN ] app\index\controller\Index->index[ D:\Vc_PHP\Apache24\htdocs\2018\JobManagement\application\index\controller\Index.php ]
[ info ] [ VIEW ] D:\Vc_PHP\Apache24\htdocs\2018\JobManagement\public/../application/index\view\index\index.html [ array (
) ]
[ info ] [ LOG ] INIT File
---------------------------------------------------------------
[ 2018-09-14T21:41:19+08:00 ] 127.0.0.1 GET /static/bootstrap4.0/popper.min.js.map
[ info ] www.tpwork.com/static/bootstrap4.0/popper.min.js.map [运行时间：0.019936s][吞吐率：50.16req/s] [内存消耗：1,720.67kb] [文件加载：38]
[ info ] [ LANG ] D:\Vc_PHP\Apache24\htdocs\2018\JobManagement\thinkphp\lang\zh-cn.php
[ info ] [ ROUTE ] array (
  'type' => 'module',
  'module' => 
  array (
    0 => 'static',
    1 => 'bootstrap4.0',
    2 => 'popper.min.js.map',
  ),
)
[ info ] [ HEADER ] array (
  'host' => 'www.tpwork.com',
  'connection' => 'keep-alive',
  'user-agent' => 'Mozilla/5.0 (Windows NT 10.0; Win64; x64) AppleWebKit/537.36 (KHTML, like Gecko) Chrome/69.0.3497.92 Safari/537.36',
  'accept-encoding' => 'gzip, deflate',
  'accept-language' => 'zh-CN,zh;q=0.9,zh-TW;q=0.8',
  'cookie' => 'PHPSESSID=9cskvofqb610u0fnsidktnftgq',
)
[ info ] [ PARAM ] array (
)
[ info ] [ LOG ] INIT File
---------------------------------------------------------------
[ 2018-09-14T21:41:27+08:00 ] 127.0.0.1 GET /index/index/getnumber.html?id=12
[ info ] www.tpwork.com/index/index/getnumber.html?id=12 [运行时间：0.305001s][吞吐率：3.28req/s] [内存消耗：3,526.45kb] [文件加载：52]
[ info ] [ LANG ] D:\Vc_PHP\Apache24\htdocs\2018\JobManagement\thinkphp\lang\zh-cn.php
[ info ] [ ROUTE ] array (
  'type' => 'module',
  'module' => 
  array (
    0 => 'index',
    1 => 'index',
    2 => 'getnumber',
  ),
)
[ info ] [ HEADER ] array (
  'host' => 'www.tpwork.com',
  'connection' => 'keep-alive',
  'accept' => 'application/json, text/javascript, */*; q=0.01',
  'x-requested-with' => 'XMLHttpRequest',
  'user-agent' => 'Mozilla/5.0 (Windows NT 10.0; Win64; x64) AppleWebKit/537.36 (KHTML, like Gecko) Chrome/69.0.3497.92 Safari/537.36',
  'referer' => 'http://www.tpwork.com/',
  'accept-encoding' => 'gzip, deflate',
  'accept-language' => 'zh-CN,zh;q=0.9,zh-TW;q=0.8',
  'cookie' => 'PHPSESSID=9cskvofqb610u0fnsidktnftgq',
)
[ info ] [ PARAM ] array (
  'id' => '12',
)
[ info ] [ RUN ] app\index\controller\Index->getNumber[ D:\Vc_PHP\Apache24\htdocs\2018\JobManagement\application\index\controller\Index.php ]
[ info ] [ DB ] INIT mysql
[ info ] [ LOG ] INIT File
[ sql ] [ DB ] CONNECT:[ UseTime:0.001336s ] mysql:host=127.0.0.1;port=3306;dbname=workmsg;charset=utf8
[ sql ] [ SQL ] SHOW COLUMNS FROM `student` [ RunTime:0.073725s ]
[ sql ] [ SQL ] SELECT * FROM `student` WHERE  `number` = '12' LIMIT 1 [ RunTime:0.000410s ]
[ sql ] [ SQL ] SHOW COLUMNS FROM `teachers` [ RunTime:0.051581s ]
[ sql ] [ SQL ] SELECT * FROM `teachers` WHERE  `number` = '12' LIMIT 1 [ RunTime:0.000372s ]
---------------------------------------------------------------
[ 2018-09-14T21:41:27+08:00 ] 127.0.0.1 GET /index/index/getnumber.html?id=1
[ info ] www.tpwork.com/index/index/getnumber.html?id=1 [运行时间：0.350351s][吞吐率：2.85req/s] [内存消耗：3,526.45kb] [文件加载：52]
[ info ] [ LANG ] D:\Vc_PHP\Apache24\htdocs\2018\JobManagement\thinkphp\lang\zh-cn.php
[ info ] [ ROUTE ] array (
  'type' => 'module',
  'module' => 
  array (
    0 => 'index',
    1 => 'index',
    2 => 'getnumber',
  ),
)
[ info ] [ HEADER ] array (
  'host' => 'www.tpwork.com',
  'connection' => 'keep-alive',
  'accept' => 'application/json, text/javascript, */*; q=0.01',
  'x-requested-with' => 'XMLHttpRequest',
  'user-agent' => 'Mozilla/5.0 (Windows NT 10.0; Win64; x64) AppleWebKit/537.36 (KHTML, like Gecko) Chrome/69.0.3497.92 Safari/537.36',
  'referer' => 'http://www.tpwork.com/',
  'accept-encoding' => 'gzip, deflate',
  'accept-language' => 'zh-CN,zh;q=0.9,zh-TW;q=0.8',
  'cookie' => 'PHPSESSID=9cskvofqb610u0fnsidktnftgq',
)
[ info ] [ PARAM ] array (
  'id' => '1',
)
[ info ] [ RUN ] app\index\controller\Index->getNumber[ D:\Vc_PHP\Apache24\htdocs\2018\JobManagement\application\index\controller\Index.php ]
[ info ] [ DB ] INIT mysql
[ info ] [ LOG ] INIT File
[ sql ] [ DB ] CONNECT:[ UseTime:0.000848s ] mysql:host=127.0.0.1;port=3306;dbname=workmsg;charset=utf8
[ sql ] [ SQL ] SHOW COLUMNS FROM `student` [ RunTime:0.045332s ]
[ sql ] [ SQL ] SELECT * FROM `student` WHERE  `number` = '1' LIMIT 1 [ RunTime:0.000476s ]
[ sql ] [ SQL ] SHOW COLUMNS FROM `teachers` [ RunTime:0.091548s ]
[ sql ] [ SQL ] SELECT * FROM `teachers` WHERE  `number` = '1' LIMIT 1 [ RunTime:0.000343s ]
---------------------------------------------------------------
[ 2018-09-14T21:41:27+08:00 ] 127.0.0.1 GET /index/index/getnumber.html?id=1
[ info ] www.tpwork.com/index/index/getnumber.html?id=1 [运行时间：0.066626s][吞吐率：15.01req/s] [内存消耗：3,526.45kb] [文件加载：52]
[ info ] [ LANG ] D:\Vc_PHP\Apache24\htdocs\2018\JobManagement\thinkphp\lang\zh-cn.php
[ info ] [ ROUTE ] array (
  'type' => 'module',
  'module' => 
  array (
    0 => 'index',
    1 => 'index',
    2 => 'getnumber',
  ),
)
[ info ] [ HEADER ] array (
  'host' => 'www.tpwork.com',
  'connection' => 'keep-alive',
  'accept' => 'application/json, text/javascript, */*; q=0.01',
  'x-requested-with' => 'XMLHttpRequest',
  'user-agent' => 'Mozilla/5.0 (Windows NT 10.0; Win64; x64) AppleWebKit/537.36 (KHTML, like Gecko) Chrome/69.0.3497.92 Safari/537.36',
  'referer' => 'http://www.tpwork.com/',
  'accept-encoding' => 'gzip, deflate',
  'accept-language' => 'zh-CN,zh;q=0.9,zh-TW;q=0.8',
  'cookie' => 'PHPSESSID=9cskvofqb610u0fnsidktnftgq',
)
[ info ] [ PARAM ] array (
  'id' => '1',
)
[ info ] [ RUN ] app\index\controller\Index->getNumber[ D:\Vc_PHP\Apache24\htdocs\2018\JobManagement\application\index\controller\Index.php ]
[ info ] [ DB ] INIT mysql
[ info ] [ LOG ] INIT File
[ sql ] [ DB ] CONNECT:[ UseTime:0.000958s ] mysql:host=127.0.0.1;port=3306;dbname=workmsg;charset=utf8
[ sql ] [ SQL ] SHOW COLUMNS FROM `student` [ RunTime:0.019521s ]
[ sql ] [ SQL ] SELECT * FROM `student` WHERE  `number` = '1' LIMIT 1 [ RunTime:0.000372s ]
[ sql ] [ SQL ] SHOW COLUMNS FROM `teachers` [ RunTime:0.009433s ]
[ sql ] [ SQL ] SELECT * FROM `teachers` WHERE  `number` = '1' LIMIT 1 [ RunTime:0.000331s ]
---------------------------------------------------------------
[ 2018-09-14T21:41:28+08:00 ] 127.0.0.1 GET /index/index/getnumber.html?id=
[ info ] www.tpwork.com/index/index/getnumber.html?id= [运行时间：0.084899s][吞吐率：11.78req/s] [内存消耗：3,526.42kb] [文件加载：52]
[ info ] [ LANG ] D:\Vc_PHP\Apache24\htdocs\2018\JobManagement\thinkphp\lang\zh-cn.php
[ info ] [ ROUTE ] array (
  'type' => 'module',
  'module' => 
  array (
    0 => 'index',
    1 => 'index',
    2 => 'getnumber',
  ),
)
[ info ] [ HEADER ] array (
  'host' => 'www.tpwork.com',
  'connection' => 'keep-alive',
  'accept' => 'application/json, text/javascript, */*; q=0.01',
  'x-requested-with' => 'XMLHttpRequest',
  'user-agent' => 'Mozilla/5.0 (Windows NT 10.0; Win64; x64) AppleWebKit/537.36 (KHTML, like Gecko) Chrome/69.0.3497.92 Safari/537.36',
  'referer' => 'http://www.tpwork.com/',
  'accept-encoding' => 'gzip, deflate',
  'accept-language' => 'zh-CN,zh;q=0.9,zh-TW;q=0.8',
  'cookie' => 'PHPSESSID=9cskvofqb610u0fnsidktnftgq',
)
[ info ] [ PARAM ] array (
  'id' => '',
)
[ info ] [ RUN ] app\index\controller\Index->getNumber[ D:\Vc_PHP\Apache24\htdocs\2018\JobManagement\application\index\controller\Index.php ]
[ info ] [ DB ] INIT mysql
[ info ] [ LOG ] INIT File
[ sql ] [ DB ] CONNECT:[ UseTime:0.000946s ] mysql:host=127.0.0.1;port=3306;dbname=workmsg;charset=utf8
[ sql ] [ SQL ] SHOW COLUMNS FROM `student` [ RunTime:0.038202s ]
[ sql ] [ SQL ] SELECT * FROM `student` WHERE  `number` = '' LIMIT 1 [ RunTime:0.000374s ]
[ sql ] [ SQL ] SHOW COLUMNS FROM `teachers` [ RunTime:0.012604s ]
[ sql ] [ SQL ] SELECT * FROM `teachers` WHERE  `number` = '' LIMIT 1 [ RunTime:0.000345s ]
---------------------------------------------------------------
[ 2018-09-14T21:41:41+08:00 ] 127.0.0.1 GET /index/index/getnumber.html?id=1
[ info ] www.tpwork.com/index/index/getnumber.html?id=1 [运行时间：0.074904s][吞吐率：13.35req/s] [内存消耗：3,526.45kb] [文件加载：52]
[ info ] [ LANG ] D:\Vc_PHP\Apache24\htdocs\2018\JobManagement\thinkphp\lang\zh-cn.php
[ info ] [ ROUTE ] array (
  'type' => 'module',
  'module' => 
  array (
    0 => 'index',
    1 => 'index',
    2 => 'getnumber',
  ),
)
[ info ] [ HEADER ] array (
  'host' => 'www.tpwork.com',
  'connection' => 'keep-alive',
  'accept' => 'application/json, text/javascript, */*; q=0.01',
  'x-requested-with' => 'XMLHttpRequest',
  'user-agent' => 'Mozilla/5.0 (Windows NT 10.0; Win64; x64) AppleWebKit/537.36 (KHTML, like Gecko) Chrome/69.0.3497.92 Safari/537.36',
  'referer' => 'http://www.tpwork.com/',
  'accept-encoding' => 'gzip, deflate',
  'accept-language' => 'zh-CN,zh;q=0.9,zh-TW;q=0.8',
  'cookie' => 'PHPSESSID=9cskvofqb610u0fnsidktnftgq',
)
[ info ] [ PARAM ] array (
  'id' => '1',
)
[ info ] [ RUN ] app\index\controller\Index->getNumber[ D:\Vc_PHP\Apache24\htdocs\2018\JobManagement\application\index\controller\Index.php ]
[ info ] [ DB ] INIT mysql
[ info ] [ LOG ] INIT File
[ sql ] [ DB ] CONNECT:[ UseTime:0.001390s ] mysql:host=127.0.0.1;port=3306;dbname=workmsg;charset=utf8
[ sql ] [ SQL ] SHOW COLUMNS FROM `student` [ RunTime:0.021959s ]
[ sql ] [ SQL ] SELECT * FROM `student` WHERE  `number` = '1' LIMIT 1 [ RunTime:0.000337s ]
[ sql ] [ SQL ] SHOW COLUMNS FROM `teachers` [ RunTime:0.018153s ]
[ sql ] [ SQL ] SELECT * FROM `teachers` WHERE  `number` = '1' LIMIT 1 [ RunTime:0.000307s ]
---------------------------------------------------------------
[ 2018-09-14T21:41:41+08:00 ] 127.0.0.1 GET /index/index/getnumber.html?id=12
[ info ] www.tpwork.com/index/index/getnumber.html?id=12 [运行时间：0.100782s][吞吐率：9.92req/s] [内存消耗：3,526.45kb] [文件加载：52]
[ info ] [ LANG ] D:\Vc_PHP\Apache24\htdocs\2018\JobManagement\thinkphp\lang\zh-cn.php
[ info ] [ ROUTE ] array (
  'type' => 'module',
  'module' => 
  array (
    0 => 'index',
    1 => 'index',
    2 => 'getnumber',
  ),
)
[ info ] [ HEADER ] array (
  'host' => 'www.tpwork.com',
  'connection' => 'keep-alive',
  'accept' => 'application/json, text/javascript, */*; q=0.01',
  'x-requested-with' => 'XMLHttpRequest',
  'user-agent' => 'Mozilla/5.0 (Windows NT 10.0; Win64; x64) AppleWebKit/537.36 (KHTML, like Gecko) Chrome/69.0.3497.92 Safari/537.36',
  'referer' => 'http://www.tpwork.com/',
  'accept-encoding' => 'gzip, deflate',
  'accept-language' => 'zh-CN,zh;q=0.9,zh-TW;q=0.8',
  'cookie' => 'PHPSESSID=9cskvofqb610u0fnsidktnftgq',
)
[ info ] [ PARAM ] array (
  'id' => '12',
)
[ info ] [ RUN ] app\index\controller\Index->getNumber[ D:\Vc_PHP\Apache24\htdocs\2018\JobManagement\application\index\controller\Index.php ]
[ info ] [ DB ] INIT mysql
[ info ] [ LOG ] INIT File
[ sql ] [ DB ] CONNECT:[ UseTime:0.006916s ] mysql:host=127.0.0.1;port=3306;dbname=workmsg;charset=utf8
[ sql ] [ SQL ] SHOW COLUMNS FROM `student` [ RunTime:0.041426s ]
[ sql ] [ SQL ] SELECT * FROM `student` WHERE  `number` = '12' LIMIT 1 [ RunTime:0.000363s ]
[ sql ] [ SQL ] SHOW COLUMNS FROM `teachers` [ RunTime:0.007876s ]
[ sql ] [ SQL ] SELECT * FROM `teachers` WHERE  `number` = '12' LIMIT 1 [ RunTime:0.000384s ]
---------------------------------------------------------------
[ 2018-09-14T21:41:41+08:00 ] 127.0.0.1 GET /index/index/getnumber.html?id=123
[ info ] www.tpwork.com/index/index/getnumber.html?id=123 [运行时间：0.078358s][吞吐率：12.76req/s] [内存消耗：3,526.45kb] [文件加载：52]
[ info ] [ LANG ] D:\Vc_PHP\Apache24\htdocs\2018\JobManagement\thinkphp\lang\zh-cn.php
[ info ] [ ROUTE ] array (
  'type' => 'module',
  'module' => 
  array (
    0 => 'index',
    1 => 'index',
    2 => 'getnumber',
  ),
)
[ info ] [ HEADER ] array (
  'host' => 'www.tpwork.com',
  'connection' => 'keep-alive',
  'accept' => 'application/json, text/javascript, */*; q=0.01',
  'x-requested-with' => 'XMLHttpRequest',
  'user-agent' => 'Mozilla/5.0 (Windows NT 10.0; Win64; x64) AppleWebKit/537.36 (KHTML, like Gecko) Chrome/69.0.3497.92 Safari/537.36',
  'referer' => 'http://www.tpwork.com/',
  'accept-encoding' => 'gzip, deflate',
  'accept-language' => 'zh-CN,zh;q=0.9,zh-TW;q=0.8',
  'cookie' => 'PHPSESSID=9cskvofqb610u0fnsidktnftgq',
)
[ info ] [ PARAM ] array (
  'id' => '123',
)
[ info ] [ RUN ] app\index\controller\Index->getNumber[ D:\Vc_PHP\Apache24\htdocs\2018\JobManagement\application\index\controller\Index.php ]
[ info ] [ DB ] INIT mysql
[ info ] [ LOG ] INIT File
[ sql ] [ DB ] CONNECT:[ UseTime:0.001484s ] mysql:host=127.0.0.1;port=3306;dbname=workmsg;charset=utf8
[ sql ] [ SQL ] SHOW COLUMNS FROM `student` [ RunTime:0.023298s ]
[ sql ] [ SQL ] SELECT * FROM `student` WHERE  `number` = '123' LIMIT 1 [ RunTime:0.000368s ]
[ sql ] [ SQL ] SHOW COLUMNS FROM `teachers` [ RunTime:0.012399s ]
[ sql ] [ SQL ] SELECT * FROM `teachers` WHERE  `number` = '123' LIMIT 1 [ RunTime:0.001913s ]
---------------------------------------------------------------
[ 2018-09-14T21:41:42+08:00 ] 127.0.0.1 GET /index/index/getnumber.html?id=1234
[ info ] www.tpwork.com/index/index/getnumber.html?id=1234 [运行时间：0.080739s][吞吐率：12.39req/s] [内存消耗：3,526.45kb] [文件加载：52]
[ info ] [ LANG ] D:\Vc_PHP\Apache24\htdocs\2018\JobManagement\thinkphp\lang\zh-cn.php
[ info ] [ ROUTE ] array (
  'type' => 'module',
  'module' => 
  array (
    0 => 'index',
    1 => 'index',
    2 => 'getnumber',
  ),
)
[ info ] [ HEADER ] array (
  'host' => 'www.tpwork.com',
  'connection' => 'keep-alive',
  'accept' => 'application/json, text/javascript, */*; q=0.01',
  'x-requested-with' => 'XMLHttpRequest',
  'user-agent' => 'Mozilla/5.0 (Windows NT 10.0; Win64; x64) AppleWebKit/537.36 (KHTML, like Gecko) Chrome/69.0.3497.92 Safari/537.36',
  'referer' => 'http://www.tpwork.com/',
  'accept-encoding' => 'gzip, deflate',
  'accept-language' => 'zh-CN,zh;q=0.9,zh-TW;q=0.8',
  'cookie' => 'PHPSESSID=9cskvofqb610u0fnsidktnftgq',
)
[ info ] [ PARAM ] array (
  'id' => '1234',
)
[ info ] [ RUN ] app\index\controller\Index->getNumber[ D:\Vc_PHP\Apache24\htdocs\2018\JobManagement\application\index\controller\Index.php ]
[ info ] [ DB ] INIT mysql
[ info ] [ LOG ] INIT File
[ sql ] [ DB ] CONNECT:[ UseTime:0.000980s ] mysql:host=127.0.0.1;port=3306;dbname=workmsg;charset=utf8
[ sql ] [ SQL ] SHOW COLUMNS FROM `student` [ RunTime:0.028328s ]
[ sql ] [ SQL ] SELECT * FROM `student` WHERE  `number` = '1234' LIMIT 1 [ RunTime:0.000583s ]
[ sql ] [ SQL ] SHOW COLUMNS FROM `teachers` [ RunTime:0.016476s ]
[ sql ] [ SQL ] SELECT * FROM `teachers` WHERE  `number` = '1234' LIMIT 1 [ RunTime:0.000339s ]
---------------------------------------------------------------
[ 2018-09-14T21:41:42+08:00 ] 127.0.0.1 GET /index/index/getnumber.html?id=12345
[ info ] www.tpwork.com/index/index/getnumber.html?id=12345 [运行时间：0.091788s][吞吐率：10.89req/s] [内存消耗：3,526.47kb] [文件加载：52]
[ info ] [ LANG ] D:\Vc_PHP\Apache24\htdocs\2018\JobManagement\thinkphp\lang\zh-cn.php
[ info ] [ ROUTE ] array (
  'type' => 'module',
  'module' => 
  array (
    0 => 'index',
    1 => 'index',
    2 => 'getnumber',
  ),
)
[ info ] [ HEADER ] array (
  'host' => 'www.tpwork.com',
  'connection' => 'keep-alive',
  'accept' => 'application/json, text/javascript, */*; q=0.01',
  'x-requested-with' => 'XMLHttpRequest',
  'user-agent' => 'Mozilla/5.0 (Windows NT 10.0; Win64; x64) AppleWebKit/537.36 (KHTML, like Gecko) Chrome/69.0.3497.92 Safari/537.36',
  'referer' => 'http://www.tpwork.com/',
  'accept-encoding' => 'gzip, deflate',
  'accept-language' => 'zh-CN,zh;q=0.9,zh-TW;q=0.8',
  'cookie' => 'PHPSESSID=9cskvofqb610u0fnsidktnftgq',
)
[ info ] [ PARAM ] array (
  'id' => '12345',
)
[ info ] [ RUN ] app\index\controller\Index->getNumber[ D:\Vc_PHP\Apache24\htdocs\2018\JobManagement\application\index\controller\Index.php ]
[ info ] [ DB ] INIT mysql
[ info ] [ LOG ] INIT File
[ sql ] [ DB ] CONNECT:[ UseTime:0.007737s ] mysql:host=127.0.0.1;port=3306;dbname=workmsg;charset=utf8
[ sql ] [ SQL ] SHOW COLUMNS FROM `student` [ RunTime:0.026824s ]
[ sql ] [ SQL ] SELECT * FROM `student` WHERE  `number` = '12345' LIMIT 1 [ RunTime:0.000673s ]
[ sql ] [ SQL ] SHOW COLUMNS FROM `teachers` [ RunTime:0.016090s ]
[ sql ] [ SQL ] SELECT * FROM `teachers` WHERE  `number` = '12345' LIMIT 1 [ RunTime:0.000341s ]
---------------------------------------------------------------
[ 2018-09-14T21:41:42+08:00 ] 127.0.0.1 GET /index/index/getnumber.html?id=123456
[ info ] www.tpwork.com/index/index/getnumber.html?id=123456 [运行时间：0.075948s][吞吐率：13.17req/s] [内存消耗：3,526.48kb] [文件加载：52]
[ info ] [ LANG ] D:\Vc_PHP\Apache24\htdocs\2018\JobManagement\thinkphp\lang\zh-cn.php
[ info ] [ ROUTE ] array (
  'type' => 'module',
  'module' => 
  array (
    0 => 'index',
    1 => 'index',
    2 => 'getnumber',
  ),
)
[ info ] [ HEADER ] array (
  'host' => 'www.tpwork.com',
  'connection' => 'keep-alive',
  'accept' => 'application/json, text/javascript, */*; q=0.01',
  'x-requested-with' => 'XMLHttpRequest',
  'user-agent' => 'Mozilla/5.0 (Windows NT 10.0; Win64; x64) AppleWebKit/537.36 (KHTML, like Gecko) Chrome/69.0.3497.92 Safari/537.36',
  'referer' => 'http://www.tpwork.com/',
  'accept-encoding' => 'gzip, deflate',
  'accept-language' => 'zh-CN,zh;q=0.9,zh-TW;q=0.8',
  'cookie' => 'PHPSESSID=9cskvofqb610u0fnsidktnftgq',
)
[ info ] [ PARAM ] array (
  'id' => '123456',
)
[ info ] [ RUN ] app\index\controller\Index->getNumber[ D:\Vc_PHP\Apache24\htdocs\2018\JobManagement\application\index\controller\Index.php ]
[ info ] [ DB ] INIT mysql
[ info ] [ LOG ] INIT File
[ sql ] [ DB ] CONNECT:[ UseTime:0.001564s ] mysql:host=127.0.0.1;port=3306;dbname=workmsg;charset=utf8
[ sql ] [ SQL ] SHOW COLUMNS FROM `student` [ RunTime:0.011802s ]
[ sql ] [ SQL ] SELECT * FROM `student` WHERE  `number` = '123456' LIMIT 1 [ RunTime:0.000803s ]
[ sql ] [ SQL ] SHOW COLUMNS FROM `teachers` [ RunTime:0.025492s ]
[ sql ] [ SQL ] SELECT * FROM `teachers` WHERE  `number` = '123456' LIMIT 1 [ RunTime:0.000344s ]
---------------------------------------------------------------
[ 2018-09-14T21:41:42+08:00 ] 127.0.0.1 GET /index/index/getnumber.html?id=1234567
[ info ] www.tpwork.com/index/index/getnumber.html?id=1234567 [运行时间：0.107172s][吞吐率：9.33req/s] [内存消耗：3,526.50kb] [文件加载：52]
[ info ] [ LANG ] D:\Vc_PHP\Apache24\htdocs\2018\JobManagement\thinkphp\lang\zh-cn.php
[ info ] [ ROUTE ] array (
  'type' => 'module',
  'module' => 
  array (
    0 => 'index',
    1 => 'index',
    2 => 'getnumber',
  ),
)
[ info ] [ HEADER ] array (
  'host' => 'www.tpwork.com',
  'connection' => 'keep-alive',
  'accept' => 'application/json, text/javascript, */*; q=0.01',
  'x-requested-with' => 'XMLHttpRequest',
  'user-agent' => 'Mozilla/5.0 (Windows NT 10.0; Win64; x64) AppleWebKit/537.36 (KHTML, like Gecko) Chrome/69.0.3497.92 Safari/537.36',
  'referer' => 'http://www.tpwork.com/',
  'accept-encoding' => 'gzip, deflate',
  'accept-language' => 'zh-CN,zh;q=0.9,zh-TW;q=0.8',
  'cookie' => 'PHPSESSID=9cskvofqb610u0fnsidktnftgq',
)
[ info ] [ PARAM ] array (
  'id' => '1234567',
)
[ info ] [ RUN ] app\index\controller\Index->getNumber[ D:\Vc_PHP\Apache24\htdocs\2018\JobManagement\application\index\controller\Index.php ]
[ info ] [ DB ] INIT mysql
[ info ] [ LOG ] INIT File
[ sql ] [ DB ] CONNECT:[ UseTime:0.000918s ] mysql:host=127.0.0.1;port=3306;dbname=workmsg;charset=utf8
[ sql ] [ SQL ] SHOW COLUMNS FROM `student` [ RunTime:0.014332s ]
[ sql ] [ SQL ] SELECT * FROM `student` WHERE  `number` = '1234567' LIMIT 1 [ RunTime:0.000420s ]
[ sql ] [ SQL ] SHOW COLUMNS FROM `teachers` [ RunTime:0.056135s ]
[ sql ] [ SQL ] SELECT * FROM `teachers` WHERE  `number` = '1234567' LIMIT 1 [ RunTime:0.000431s ]
---------------------------------------------------------------
[ 2018-09-14T21:41:43+08:00 ] 127.0.0.1 GET /index/index/getnumber.html?id=12345678
[ info ] www.tpwork.com/index/index/getnumber.html?id=12345678 [运行时间：0.107808s][吞吐率：9.28req/s] [内存消耗：3,526.51kb] [文件加载：52]
[ info ] [ LANG ] D:\Vc_PHP\Apache24\htdocs\2018\JobManagement\thinkphp\lang\zh-cn.php
[ info ] [ ROUTE ] array (
  'type' => 'module',
  'module' => 
  array (
    0 => 'index',
    1 => 'index',
    2 => 'getnumber',
  ),
)
[ info ] [ HEADER ] array (
  'host' => 'www.tpwork.com',
  'connection' => 'keep-alive',
  'accept' => 'application/json, text/javascript, */*; q=0.01',
  'x-requested-with' => 'XMLHttpRequest',
  'user-agent' => 'Mozilla/5.0 (Windows NT 10.0; Win64; x64) AppleWebKit/537.36 (KHTML, like Gecko) Chrome/69.0.3497.92 Safari/537.36',
  'referer' => 'http://www.tpwork.com/',
  'accept-encoding' => 'gzip, deflate',
  'accept-language' => 'zh-CN,zh;q=0.9,zh-TW;q=0.8',
  'cookie' => 'PHPSESSID=9cskvofqb610u0fnsidktnftgq',
)
[ info ] [ PARAM ] array (
  'id' => '12345678',
)
[ info ] [ RUN ] app\index\controller\Index->getNumber[ D:\Vc_PHP\Apache24\htdocs\2018\JobManagement\application\index\controller\Index.php ]
[ info ] [ DB ] INIT mysql
[ info ] [ LOG ] INIT File
[ sql ] [ DB ] CONNECT:[ UseTime:0.001399s ] mysql:host=127.0.0.1;port=3306;dbname=workmsg;charset=utf8
[ sql ] [ SQL ] SHOW COLUMNS FROM `student` [ RunTime:0.042357s ]
[ sql ] [ SQL ] SELECT * FROM `student` WHERE  `number` = '12345678' LIMIT 1 [ RunTime:0.000368s ]
[ sql ] [ SQL ] SHOW COLUMNS FROM `teachers` [ RunTime:0.030118s ]
[ sql ] [ SQL ] SELECT * FROM `teachers` WHERE  `number` = '12345678' LIMIT 1 [ RunTime:0.000353s ]
---------------------------------------------------------------
[ 2018-09-14T21:41:43+08:00 ] 127.0.0.1 GET /index/index/getnumber.html?id=123456789
[ info ] www.tpwork.com/index/index/getnumber.html?id=123456789 [运行时间：0.108216s][吞吐率：9.24req/s] [内存消耗：3,526.79kb] [文件加载：52]
[ info ] [ LANG ] D:\Vc_PHP\Apache24\htdocs\2018\JobManagement\thinkphp\lang\zh-cn.php
[ info ] [ ROUTE ] array (
  'type' => 'module',
  'module' => 
  array (
    0 => 'index',
    1 => 'index',
    2 => 'getnumber',
  ),
)
[ info ] [ HEADER ] array (
  'host' => 'www.tpwork.com',
  'connection' => 'keep-alive',
  'accept' => 'application/json, text/javascript, */*; q=0.01',
  'x-requested-with' => 'XMLHttpRequest',
  'user-agent' => 'Mozilla/5.0 (Windows NT 10.0; Win64; x64) AppleWebKit/537.36 (KHTML, like Gecko) Chrome/69.0.3497.92 Safari/537.36',
  'referer' => 'http://www.tpwork.com/',
  'accept-encoding' => 'gzip, deflate',
  'accept-language' => 'zh-CN,zh;q=0.9,zh-TW;q=0.8',
  'cookie' => 'PHPSESSID=9cskvofqb610u0fnsidktnftgq',
)
[ info ] [ PARAM ] array (
  'id' => '123456789',
)
[ info ] [ RUN ] app\index\controller\Index->getNumber[ D:\Vc_PHP\Apache24\htdocs\2018\JobManagement\application\index\controller\Index.php ]
[ info ] [ DB ] INIT mysql
[ info ] [ LOG ] INIT File
[ sql ] [ DB ] CONNECT:[ UseTime:0.000974s ] mysql:host=127.0.0.1;port=3306;dbname=workmsg;charset=utf8
[ sql ] [ SQL ] SHOW COLUMNS FROM `student` [ RunTime:0.055903s ]
[ sql ] [ SQL ] SELECT * FROM `student` WHERE  `number` = '123456789' LIMIT 1 [ RunTime:0.000375s ]
[ sql ] [ SQL ] SHOW COLUMNS FROM `teachers` [ RunTime:0.014831s ]
[ sql ] [ SQL ] SELECT * FROM `teachers` WHERE  `number` = '123456789' LIMIT 1 [ RunTime:0.000342s ]
---------------------------------------------------------------
[ 2018-09-14T21:41:49+08:00 ] 127.0.0.1 POST /index/index/login.html
[ info ] www.tpwork.com/index/index/login.html [运行时间：0.070917s][吞吐率：14.10req/s] [内存消耗：3,506.02kb] [文件加载：51]
[ info ] [ LANG ] D:\Vc_PHP\Apache24\htdocs\2018\JobManagement\thinkphp\lang\zh-cn.php
[ info ] [ ROUTE ] array (
  'type' => 'module',
  'module' => 
  array (
    0 => 'index',
    1 => 'index',
    2 => 'login',
  ),
)
[ info ] [ HEADER ] array (
  'host' => 'www.tpwork.com',
  'connection' => 'keep-alive',
  'content-length' => '43',
  'accept' => 'application/json, text/javascript, */*; q=0.01',
  'origin' => 'http://www.tpwork.com',
  'x-requested-with' => 'XMLHttpRequest',
  'user-agent' => 'Mozilla/5.0 (Windows NT 10.0; Win64; x64) AppleWebKit/537.36 (KHTML, like Gecko) Chrome/69.0.3497.92 Safari/537.36',
  'content-type' => 'application/x-www-form-urlencoded; charset=UTF-8',
  'referer' => 'http://www.tpwork.com/',
  'accept-encoding' => 'gzip, deflate',
  'accept-language' => 'zh-CN,zh;q=0.9,zh-TW;q=0.8',
  'cookie' => 'PHPSESSID=9cskvofqb610u0fnsidktnftgq',
)
[ info ] [ PARAM ] array (
  'number' => '123456789',
  'pass' => '123456',
  'class_number' => '2',
)
[ info ] [ RUN ] app\index\controller\Index->login[ D:\Vc_PHP\Apache24\htdocs\2018\JobManagement\application\index\controller\Index.php ]
[ info ] [ DB ] INIT mysql
[ info ] [ LOG ] INIT File
[ sql ] [ DB ] CONNECT:[ UseTime:0.011685s ] mysql:host=127.0.0.1;port=3306;dbname=workmsg;charset=utf8
[ sql ] [ SQL ] SHOW COLUMNS FROM `teachers` [ RunTime:0.020230s ]
[ sql ] [ SQL ] SELECT * FROM `teachers` WHERE  `number` = '123456789'  AND `pass` = '8c501476890c1ada7f18dff3d7bb2843' [ RunTime:0.000572s ]
---------------------------------------------------------------
[ 2018-09-14T21:42:02+08:00 ] 127.0.0.1 POST /index/index/login.html
[ info ] www.tpwork.com/index/index/login.html [运行时间：0.071497s][吞吐率：13.99req/s] [内存消耗：3,506.02kb] [文件加载：51]
[ info ] [ LANG ] D:\Vc_PHP\Apache24\htdocs\2018\JobManagement\thinkphp\lang\zh-cn.php
[ info ] [ ROUTE ] array (
  'type' => 'module',
  'module' => 
  array (
    0 => 'index',
    1 => 'index',
    2 => 'login',
  ),
)
[ info ] [ HEADER ] array (
  'host' => 'www.tpwork.com',
  'connection' => 'keep-alive',
  'content-length' => '43',
  'accept' => 'application/json, text/javascript, */*; q=0.01',
  'origin' => 'http://www.tpwork.com',
  'x-requested-with' => 'XMLHttpRequest',
  'user-agent' => 'Mozilla/5.0 (Windows NT 10.0; Win64; x64) AppleWebKit/537.36 (KHTML, like Gecko) Chrome/69.0.3497.92 Safari/537.36',
  'content-type' => 'application/x-www-form-urlencoded; charset=UTF-8',
  'referer' => 'http://www.tpwork.com/',
  'accept-encoding' => 'gzip, deflate',
  'accept-language' => 'zh-CN,zh;q=0.9,zh-TW;q=0.8',
  'cookie' => 'PHPSESSID=9cskvofqb610u0fnsidktnftgq',
)
[ info ] [ PARAM ] array (
  'number' => '123456789',
  'pass' => '745730',
  'class_number' => '2',
)
[ info ] [ RUN ] app\index\controller\Index->login[ D:\Vc_PHP\Apache24\htdocs\2018\JobManagement\application\index\controller\Index.php ]
[ info ] [ DB ] INIT mysql
[ info ] [ LOG ] INIT File
[ sql ] [ DB ] CONNECT:[ UseTime:0.001275s ] mysql:host=127.0.0.1;port=3306;dbname=workmsg;charset=utf8
[ sql ] [ SQL ] SHOW COLUMNS FROM `teachers` [ RunTime:0.029498s ]
[ sql ] [ SQL ] SELECT * FROM `teachers` WHERE  `number` = '123456789'  AND `pass` = 'b899cb01b7b8e6bd5bb14d89275b8e86' [ RunTime:0.000621s ]
---------------------------------------------------------------
[ 2018-09-14T21:42:14+08:00 ] 127.0.0.1 POST /index/index/login.html
[ info ] www.tpwork.com/index/index/login.html [运行时间：0.068635s][吞吐率：14.57req/s] [内存消耗：3,508.12kb] [文件加载：51]
[ info ] [ LANG ] D:\Vc_PHP\Apache24\htdocs\2018\JobManagement\thinkphp\lang\zh-cn.php
[ info ] [ ROUTE ] array (
  'type' => 'module',
  'module' => 
  array (
    0 => 'index',
    1 => 'index',
    2 => 'login',
  ),
)
[ info ] [ HEADER ] array (
  'host' => 'www.tpwork.com',
  'connection' => 'keep-alive',
  'content-length' => '46',
  'accept' => 'application/json, text/javascript, */*; q=0.01',
  'origin' => 'http://www.tpwork.com',
  'x-requested-with' => 'XMLHttpRequest',
  'user-agent' => 'Mozilla/5.0 (Windows NT 10.0; Win64; x64) AppleWebKit/537.36 (KHTML, like Gecko) Chrome/69.0.3497.92 Safari/537.36',
  'content-type' => 'application/x-www-form-urlencoded; charset=UTF-8',
  'referer' => 'http://www.tpwork.com/',
  'accept-encoding' => 'gzip, deflate',
  'accept-language' => 'zh-CN,zh;q=0.9,zh-TW;q=0.8',
  'cookie' => 'PHPSESSID=9cskvofqb610u0fnsidktnftgq',
)
[ info ] [ PARAM ] array (
  'number' => '123456789',
  'pass' => '123456789',
  'class_number' => '2',
)
[ info ] [ RUN ] app\index\controller\Index->login[ D:\Vc_PHP\Apache24\htdocs\2018\JobManagement\application\index\controller\Index.php ]
[ info ] [ DB ] INIT mysql
[ info ] [ SESSION ] INIT array (
  'id' => '',
  'var_session_id' => '',
  'prefix' => 'think',
  'type' => '',
  'auto_start' => true,
)
[ info ] [ LOG ] INIT File
[ sql ] [ DB ] CONNECT:[ UseTime:0.011551s ] mysql:host=127.0.0.1;port=3306;dbname=workmsg;charset=utf8
[ sql ] [ SQL ] SHOW COLUMNS FROM `teachers` [ RunTime:0.017372s ]
[ sql ] [ SQL ] SELECT * FROM `teachers` WHERE  `number` = '123456789'  AND `pass` = '82b670deb0331979dceb2ce8c797c4e6' [ RunTime:0.000732s ]
---------------------------------------------------------------
[ 2018-09-14T21:42:17+08:00 ] 127.0.0.1 GET /index/teachers
[ info ] www.tpwork.com/index/teachers [运行时间：0.109179s][吞吐率：9.16req/s] [内存消耗：3,828.38kb] [文件加载：57]
[ info ] [ LANG ] D:\Vc_PHP\Apache24\htdocs\2018\JobManagement\thinkphp\lang\zh-cn.php
[ info ] [ ROUTE ] array (
  'type' => 'module',
  'module' => 
  array (
    0 => 'index',
    1 => 'teachers',
    2 => NULL,
  ),
)
[ info ] [ HEADER ] array (
  'host' => 'www.tpwork.com',
  'connection' => 'keep-alive',
  'upgrade-insecure-requests' => '1',
  'user-agent' => 'Mozilla/5.0 (Windows NT 10.0; Win64; x64) AppleWebKit/537.36 (KHTML, like Gecko) Chrome/69.0.3497.92 Safari/537.36',
  'accept' => 'text/html,application/xhtml+xml,application/xml;q=0.9,image/webp,image/apng,*/*;q=0.8',
  'referer' => 'http://www.tpwork.com/',
  'accept-encoding' => 'gzip, deflate',
  'accept-language' => 'zh-CN,zh;q=0.9,zh-TW;q=0.8',
  'cookie' => 'PHPSESSID=9cskvofqb610u0fnsidktnftgq',
)
[ info ] [ PARAM ] array (
)
[ info ] [ SESSION ] INIT array (
  'id' => '',
  'var_session_id' => '',
  'prefix' => 'think',
  'type' => '',
  'auto_start' => true,
)
[ info ] [ DB ] INIT mysql
[ info ] [ RUN ] app\index\controller\Teachers->index[ D:\Vc_PHP\Apache24\htdocs\2018\JobManagement\application\index\controller\Teachers.php ]
[ info ] [ VIEW ] D:\Vc_PHP\Apache24\htdocs\2018\JobManagement\public/../application/index\view\teachers\index.html [ array (
  0 => 'Details',
) ]
[ info ] [ RUN ] app\index\widget\Widgets->Teachers[ D:\Vc_PHP\Apache24\htdocs\2018\JobManagement\application\index\widget\Widgets.php ]
[ info ] [ VIEW ] D:\Vc_PHP\Apache24\htdocs\2018\JobManagement\public/../application/index\view\widgets\teachers.html [ array (
  0 => 'Details',
  1 => 'data',
) ]
[ info ] [ LOG ] INIT File
[ sql ] [ DB ] CONNECT:[ UseTime:0.001500s ] mysql:host=127.0.0.1;port=3306;dbname=workmsg;charset=utf8
[ sql ] [ SQL ] SHOW COLUMNS FROM `teachers` [ RunTime:0.016217s ]
[ sql ] [ SQL ] SELECT * FROM `teachers` WHERE  `number` = '123456789'  AND `pass` = '82b670deb0331979dceb2ce8c797c4e6' [ RunTime:0.000565s ]
[ sql ] [ SQL ] SELECT * FROM `teachers` WHERE  `number` = '123456789'  AND `state` = 0  AND `department_id` <> 0 [ RunTime:0.000450s ]
[ sql ] [ SQL ] SELECT * FROM `teachers` WHERE  `number` = '123456789'  AND `department_id` = 0 [ RunTime:0.000414s ]
[ sql ] [ SQL ] SELECT `A`.`name`,`A`.`number`,B.name as depName FROM `teachers` `A`,`department` `B` WHERE  (  A.department_id=B.Id and A.number=123456789 ) [ RunTime:0.000678s ]
[ sql ] [ SQL ] SELECT `name`,`number`,`department_id`,`state` FROM `teachers` WHERE  `number` = '123456789'  AND `pass` = '82b670deb0331979dceb2ce8c797c4e6' [ RunTime:0.000483s ]
---------------------------------------------------------------
[ 2018-09-14T21:42:17+08:00 ] 127.0.0.1 GET /static/bootstrap4.0/popper.min.js.map
[ info ] www.tpwork.com/static/bootstrap4.0/popper.min.js.map [运行时间：0.021208s][吞吐率：47.15req/s] [内存消耗：1,720.67kb] [文件加载：38]
[ info ] [ LANG ] D:\Vc_PHP\Apache24\htdocs\2018\JobManagement\thinkphp\lang\zh-cn.php
[ info ] [ ROUTE ] array (
  'type' => 'module',
  'module' => 
  array (
    0 => 'static',
    1 => 'bootstrap4.0',
    2 => 'popper.min.js.map',
  ),
)
[ info ] [ HEADER ] array (
  'host' => 'www.tpwork.com',
  'connection' => 'keep-alive',
  'user-agent' => 'Mozilla/5.0 (Windows NT 10.0; Win64; x64) AppleWebKit/537.36 (KHTML, like Gecko) Chrome/69.0.3497.92 Safari/537.36',
  'accept-encoding' => 'gzip, deflate',
  'accept-language' => 'zh-CN,zh;q=0.9,zh-TW;q=0.8',
  'cookie' => 'PHPSESSID=9cskvofqb610u0fnsidktnftgq',
)
[ info ] [ PARAM ] array (
)
[ info ] [ LOG ] INIT File
---------------------------------------------------------------
[ 2018-09-14T21:42:51+08:00 ] 127.0.0.1 GET /index/teachers/course
[ info ] www.tpwork.com/index/teachers/course [运行时间：0.110824s][吞吐率：9.02req/s] [内存消耗：3,946.27kb] [文件加载：60]
[ info ] [ LANG ] D:\Vc_PHP\Apache24\htdocs\2018\JobManagement\thinkphp\lang\zh-cn.php
[ info ] [ ROUTE ] array (
  'type' => 'module',
  'module' => 
  array (
    0 => 'index',
    1 => 'teachers',
    2 => 'course',
  ),
)
[ info ] [ HEADER ] array (
  'host' => 'www.tpwork.com',
  'connection' => 'keep-alive',
  'upgrade-insecure-requests' => '1',
  'user-agent' => 'Mozilla/5.0 (Windows NT 10.0; Win64; x64) AppleWebKit/537.36 (KHTML, like Gecko) Chrome/69.0.3497.92 Safari/537.36',
  'accept' => 'text/html,application/xhtml+xml,application/xml;q=0.9,image/webp,image/apng,*/*;q=0.8',
  'referer' => 'http://www.tpwork.com/index/teachers',
  'accept-encoding' => 'gzip, deflate',
  'accept-language' => 'zh-CN,zh;q=0.9,zh-TW;q=0.8',
  'cookie' => 'PHPSESSID=9cskvofqb610u0fnsidktnftgq',
)
[ info ] [ PARAM ] array (
)
[ info ] [ SESSION ] INIT array (
  'id' => '',
  'var_session_id' => '',
  'prefix' => 'think',
  'type' => '',
  'auto_start' => true,
)
[ info ] [ DB ] INIT mysql
[ info ] [ RUN ] app\index\controller\Teachers->Course[ D:\Vc_PHP\Apache24\htdocs\2018\JobManagement\application\index\controller\Teachers.php ]
[ info ] [ VIEW ] D:\Vc_PHP\Apache24\htdocs\2018\JobManagement\public/../application/index\view\teachers\course.html [ array (
  0 => 'data',
  1 => 'page',
) ]
[ info ] [ RUN ] app\index\widget\Widgets->Teachers[ D:\Vc_PHP\Apache24\htdocs\2018\JobManagement\application\index\widget\Widgets.php ]
[ info ] [ VIEW ] D:\Vc_PHP\Apache24\htdocs\2018\JobManagement\public/../application/index\view\widgets\teachers.html [ array (
  0 => 'data',
  1 => 'page',
) ]
[ info ] [ LOG ] INIT File
[ sql ] [ DB ] CONNECT:[ UseTime:0.010577s ] mysql:host=127.0.0.1;port=3306;dbname=workmsg;charset=utf8
[ sql ] [ SQL ] SHOW COLUMNS FROM `teachers` [ RunTime:0.015554s ]
[ sql ] [ SQL ] SELECT * FROM `teachers` WHERE  `number` = '123456789'  AND `pass` = '82b670deb0331979dceb2ce8c797c4e6' [ RunTime:0.000587s ]
[ sql ] [ SQL ] SELECT * FROM `teachers` WHERE  `number` = '123456789'  AND `state` = 0  AND `department_id` <> 0 [ RunTime:0.000550s ]
[ sql ] [ SQL ] SELECT `Id` FROM `teachers` WHERE  `number` = '123456789'  AND `pass` = '82b670deb0331979dceb2ce8c797c4e6' [ RunTime:0.000557s ]
[ sql ] [ SQL ] SHOW COLUMNS FROM `course` [ RunTime:0.015383s ]
[ sql ] [ SQL ] SELECT COUNT(*) AS tp_count FROM `course` `a`,`vc_class` `s` WHERE  (  a.class_id=s.id and a.teachers_id=16 ) LIMIT 1 [ RunTime:0.000725s ]
[ sql ] [ SQL ] SELECT `a`.`Id`,s.name as class_name,`a`.`img_url`,`s`.`grade`,`s`.`sequence`,a.name as course_name FROM `course` `a`,`vc_class` `s` WHERE  (  a.class_id=s.id and a.teachers_id=16 ) ORDER BY `a`.`Id`  asc LIMIT 0,11 [ RunTime:0.000874s ]
[ sql ] [ SQL ] SELECT `name`,`number`,`department_id`,`state` FROM `teachers` WHERE  `number` = '123456789'  AND `pass` = '82b670deb0331979dceb2ce8c797c4e6' [ RunTime:0.000546s ]
---------------------------------------------------------------
[ 2018-09-14T21:42:51+08:00 ] 127.0.0.1 GET /static/bootstrap4.0/popper.min.js.map
[ info ] www.tpwork.com/static/bootstrap4.0/popper.min.js.map [运行时间：0.020157s][吞吐率：49.61req/s] [内存消耗：1,720.67kb] [文件加载：38]
[ info ] [ LANG ] D:\Vc_PHP\Apache24\htdocs\2018\JobManagement\thinkphp\lang\zh-cn.php
[ info ] [ ROUTE ] array (
  'type' => 'module',
  'module' => 
  array (
    0 => 'static',
    1 => 'bootstrap4.0',
    2 => 'popper.min.js.map',
  ),
)
[ info ] [ HEADER ] array (
  'host' => 'www.tpwork.com',
  'connection' => 'keep-alive',
  'user-agent' => 'Mozilla/5.0 (Windows NT 10.0; Win64; x64) AppleWebKit/537.36 (KHTML, like Gecko) Chrome/69.0.3497.92 Safari/537.36',
  'accept-encoding' => 'gzip, deflate',
  'accept-language' => 'zh-CN,zh;q=0.9,zh-TW;q=0.8',
  'cookie' => 'PHPSESSID=9cskvofqb610u0fnsidktnftgq',
)
[ info ] [ PARAM ] array (
)
[ info ] [ LOG ] INIT File
---------------------------------------------------------------
[ 2018-09-14T21:42:52+08:00 ] 127.0.0.1 GET /index/teachers/courseDetails?id=1&key=ThinkPHP
[ info ] www.tpwork.com/index/teachers/courseDetails?id=1&key=ThinkPHP [运行时间：0.146107s][吞吐率：6.84req/s] [内存消耗：4,068.66kb] [文件加载：63]
[ info ] [ LANG ] D:\Vc_PHP\Apache24\htdocs\2018\JobManagement\thinkphp\lang\zh-cn.php
[ info ] [ ROUTE ] array (
  'type' => 'module',
  'module' => 
  array (
    0 => 'index',
    1 => 'teachers',
    2 => 'courseDetails',
  ),
)
[ info ] [ HEADER ] array (
  'host' => 'www.tpwork.com',
  'connection' => 'keep-alive',
  'upgrade-insecure-requests' => '1',
  'user-agent' => 'Mozilla/5.0 (Windows NT 10.0; Win64; x64) AppleWebKit/537.36 (KHTML, like Gecko) Chrome/69.0.3497.92 Safari/537.36',
  'accept' => 'text/html,application/xhtml+xml,application/xml;q=0.9,image/webp,image/apng,*/*;q=0.8',
  'referer' => 'http://www.tpwork.com/index/teachers/course',
  'accept-encoding' => 'gzip, deflate',
  'accept-language' => 'zh-CN,zh;q=0.9,zh-TW;q=0.8',
  'cookie' => 'PHPSESSID=9cskvofqb610u0fnsidktnftgq',
)
[ info ] [ PARAM ] array (
  'id' => '1',
  'key' => 'ThinkPHP',
)
[ info ] [ SESSION ] INIT array (
  'id' => '',
  'var_session_id' => '',
  'prefix' => 'think',
  'type' => '',
  'auto_start' => true,
)
[ info ] [ DB ] INIT mysql
[ info ] [ RUN ] app\index\controller\Teachers->CourseDetails[ D:\Vc_PHP\Apache24\htdocs\2018\JobManagement\application\index\controller\Teachers.php ]
[ info ] [ VIEW ] D:\Vc_PHP\Apache24\htdocs\2018\JobManagement\public/../application/index\view\teachers\coursedetails.html [ array (
  0 => 'data',
  1 => 'page',
  2 => 'course',
) ]
[ info ] [ RUN ] app\index\widget\Widgets->Teachers[ D:\Vc_PHP\Apache24\htdocs\2018\JobManagement\application\index\widget\Widgets.php ]
[ info ] [ VIEW ] D:\Vc_PHP\Apache24\htdocs\2018\JobManagement\public/../application/index\view\widgets\teachers.html [ array (
  0 => 'data',
  1 => 'page',
  2 => 'course',
) ]
[ info ] [ LOG ] INIT File
[ sql ] [ DB ] CONNECT:[ UseTime:0.011143s ] mysql:host=127.0.0.1;port=3306;dbname=workmsg;charset=utf8
[ sql ] [ SQL ] SHOW COLUMNS FROM `teachers` [ RunTime:0.020289s ]
[ sql ] [ SQL ] SELECT * FROM `teachers` WHERE  `number` = '123456789'  AND `pass` = '82b670deb0331979dceb2ce8c797c4e6' [ RunTime:0.000526s ]
[ sql ] [ SQL ] SELECT * FROM `teachers` WHERE  `number` = '123456789'  AND `state` = 0  AND `department_id` <> 0 [ RunTime:0.000524s ]
[ sql ] [ SQL ] SELECT `Id` FROM `teachers` WHERE  `number` = '123456789'  AND `pass` = '82b670deb0331979dceb2ce8c797c4e6' [ RunTime:0.000472s ]
[ sql ] [ SQL ] SHOW COLUMNS FROM `course` [ RunTime:0.014079s ]
[ sql ] [ SQL ] SELECT * FROM `course` WHERE  `Id` = 1  AND `teachers_id` = 16 [ RunTime:0.000409s ]
[ sql ] [ SQL ] SHOW COLUMNS FROM `homework` [ RunTime:0.017730s ]
[ sql ] [ SQL ] SELECT COUNT(*) AS tp_count FROM `homework` WHERE  `course_id` = 1 LIMIT 1 [ RunTime:0.000520s ]
[ sql ] [ SQL ] SELECT * FROM `homework` WHERE  `course_id` = 1 LIMIT 0,8 [ RunTime:0.000537s ]
[ sql ] [ SQL ] SELECT `name`,`number`,`department_id`,`state` FROM `teachers` WHERE  `number` = '123456789'  AND `pass` = '82b670deb0331979dceb2ce8c797c4e6' [ RunTime:0.000509s ]
---------------------------------------------------------------
[ 2018-09-14T21:42:53+08:00 ] 127.0.0.1 GET /static/bootstrap4.0/popper.min.js.map
[ info ] www.tpwork.com/static/bootstrap4.0/popper.min.js.map [运行时间：0.020015s][吞吐率：49.96req/s] [内存消耗：1,720.67kb] [文件加载：38]
[ info ] [ LANG ] D:\Vc_PHP\Apache24\htdocs\2018\JobManagement\thinkphp\lang\zh-cn.php
[ info ] [ ROUTE ] array (
  'type' => 'module',
  'module' => 
  array (
    0 => 'static',
    1 => 'bootstrap4.0',
    2 => 'popper.min.js.map',
  ),
)
[ info ] [ HEADER ] array (
  'host' => 'www.tpwork.com',
  'connection' => 'keep-alive',
  'user-agent' => 'Mozilla/5.0 (Windows NT 10.0; Win64; x64) AppleWebKit/537.36 (KHTML, like Gecko) Chrome/69.0.3497.92 Safari/537.36',
  'accept-encoding' => 'gzip, deflate',
  'accept-language' => 'zh-CN,zh;q=0.9,zh-TW;q=0.8',
  'cookie' => 'PHPSESSID=9cskvofqb610u0fnsidktnftgq',
)
[ info ] [ PARAM ] array (
)
[ info ] [ LOG ] INIT File
---------------------------------------------------------------
[ 2018-09-14T21:42:53+08:00 ] 127.0.0.1 GET /index/teachers/CourseImgView?id=1
[ info ] www.tpwork.com/index/teachers/CourseImgView?id=1 [运行时间：0.108418s][吞吐率：9.22req/s] [内存消耗：3,831.66kb] [文件加载：58]
[ info ] [ LANG ] D:\Vc_PHP\Apache24\htdocs\2018\JobManagement\thinkphp\lang\zh-cn.php
[ info ] [ ROUTE ] array (
  'type' => 'module',
  'module' => 
  array (
    0 => 'index',
    1 => 'teachers',
    2 => 'CourseImgView',
  ),
)
[ info ] [ HEADER ] array (
  'host' => 'www.tpwork.com',
  'connection' => 'keep-alive',
  'upgrade-insecure-requests' => '1',
  'user-agent' => 'Mozilla/5.0 (Windows NT 10.0; Win64; x64) AppleWebKit/537.36 (KHTML, like Gecko) Chrome/69.0.3497.92 Safari/537.36',
  'accept' => 'text/html,application/xhtml+xml,application/xml;q=0.9,image/webp,image/apng,*/*;q=0.8',
  'referer' => 'http://www.tpwork.com/index/teachers/courseDetails?id=1&key=ThinkPHP',
  'accept-encoding' => 'gzip, deflate',
  'accept-language' => 'zh-CN,zh;q=0.9,zh-TW;q=0.8',
  'cookie' => 'PHPSESSID=9cskvofqb610u0fnsidktnftgq',
)
[ info ] [ PARAM ] array (
  'id' => '1',
)
[ info ] [ SESSION ] INIT array (
  'id' => '',
  'var_session_id' => '',
  'prefix' => 'think',
  'type' => '',
  'auto_start' => true,
)
[ info ] [ DB ] INIT mysql
[ info ] [ RUN ] app\index\controller\Teachers->CourseImgView[ D:\Vc_PHP\Apache24\htdocs\2018\JobManagement\application\index\controller\Teachers.php ]
[ info ] [ VIEW ] D:\Vc_PHP\Apache24\htdocs\2018\JobManagement\public/../application/index\view\teachers\courseimgview.html [ array (
  0 => 'id',
  1 => 'data',
) ]
[ info ] [ RUN ] app\index\widget\Widgets->Teachers[ D:\Vc_PHP\Apache24\htdocs\2018\JobManagement\application\index\widget\Widgets.php ]
[ info ] [ VIEW ] D:\Vc_PHP\Apache24\htdocs\2018\JobManagement\public/../application/index\view\widgets\teachers.html [ array (
  0 => 'id',
  1 => 'data',
) ]
[ info ] [ LOG ] INIT File
[ sql ] [ DB ] CONNECT:[ UseTime:0.010028s ] mysql:host=127.0.0.1;port=3306;dbname=workmsg;charset=utf8
[ sql ] [ SQL ] SHOW COLUMNS FROM `teachers` [ RunTime:0.018139s ]
[ sql ] [ SQL ] SELECT * FROM `teachers` WHERE  `number` = '123456789'  AND `pass` = '82b670deb0331979dceb2ce8c797c4e6' [ RunTime:0.000548s ]
[ sql ] [ SQL ] SELECT * FROM `teachers` WHERE  `number` = '123456789'  AND `state` = 0  AND `department_id` <> 0 [ RunTime:0.000523s ]
[ sql ] [ SQL ] SHOW COLUMNS FROM `course` [ RunTime:0.018701s ]
[ sql ] [ SQL ] SELECT * FROM `course` WHERE  `Id` = 1 LIMIT 1 [ RunTime:0.000525s ]
[ sql ] [ SQL ] SELECT `img_url` FROM `course` WHERE  `Id` = 1 [ RunTime:0.000473s ]
[ sql ] [ SQL ] SELECT `name`,`number`,`department_id`,`state` FROM `teachers` WHERE  `number` = '123456789'  AND `pass` = '82b670deb0331979dceb2ce8c797c4e6' [ RunTime:0.000694s ]
---------------------------------------------------------------
[ 2018-09-14T21:42:54+08:00 ] 127.0.0.1 GET /static/bootstrap4.0/popper.min.js.map
[ info ] www.tpwork.com/static/bootstrap4.0/popper.min.js.map [运行时间：0.021192s][吞吐率：47.19req/s] [内存消耗：1,720.67kb] [文件加载：38]
[ info ] [ LANG ] D:\Vc_PHP\Apache24\htdocs\2018\JobManagement\thinkphp\lang\zh-cn.php
[ info ] [ ROUTE ] array (
  'type' => 'module',
  'module' => 
  array (
    0 => 'static',
    1 => 'bootstrap4.0',
    2 => 'popper.min.js.map',
  ),
)
[ info ] [ HEADER ] array (
  'host' => 'www.tpwork.com',
  'connection' => 'keep-alive',
  'user-agent' => 'Mozilla/5.0 (Windows NT 10.0; Win64; x64) AppleWebKit/537.36 (KHTML, like Gecko) Chrome/69.0.3497.92 Safari/537.36',
  'accept-encoding' => 'gzip, deflate',
  'accept-language' => 'zh-CN,zh;q=0.9,zh-TW;q=0.8',
  'cookie' => 'PHPSESSID=9cskvofqb610u0fnsidktnftgq',
)
[ info ] [ PARAM ] array (
)
[ info ] [ LOG ] INIT File
---------------------------------------------------------------
[ 2018-09-14T21:42:59+08:00 ] 127.0.0.1 GET /index/teachers/courseDetails?id=1&key=ThinkPHP
[ info ] www.tpwork.com/index/teachers/courseDetails?id=1&key=ThinkPHP [运行时间：0.102110s][吞吐率：9.79req/s] [内存消耗：3,872.00kb] [文件加载：61]
[ info ] [ LANG ] D:\Vc_PHP\Apache24\htdocs\2018\JobManagement\thinkphp\lang\zh-cn.php
[ info ] [ ROUTE ] array (
  'type' => 'module',
  'module' => 
  array (
    0 => 'index',
    1 => 'teachers',
    2 => 'courseDetails',
  ),
)
[ info ] [ HEADER ] array (
  'host' => 'www.tpwork.com',
  'connection' => 'keep-alive',
  'upgrade-insecure-requests' => '1',
  'user-agent' => 'Mozilla/5.0 (Windows NT 10.0; Win64; x64) AppleWebKit/537.36 (KHTML, like Gecko) Chrome/69.0.3497.92 Safari/537.36',
  'accept' => 'text/html,application/xhtml+xml,application/xml;q=0.9,image/webp,image/apng,*/*;q=0.8',
  'referer' => 'http://www.tpwork.com/index/teachers/course',
  'accept-encoding' => 'gzip, deflate',
  'accept-language' => 'zh-CN,zh;q=0.9,zh-TW;q=0.8',
  'cookie' => 'PHPSESSID=9cskvofqb610u0fnsidktnftgq',
)
[ info ] [ PARAM ] array (
  'id' => '1',
  'key' => 'ThinkPHP',
)
[ info ] [ SESSION ] INIT array (
  'id' => '',
  'var_session_id' => '',
  'prefix' => 'think',
  'type' => '',
  'auto_start' => true,
)
[ info ] [ DB ] INIT mysql
[ info ] [ RUN ] app\index\controller\Teachers->CourseDetails[ D:\Vc_PHP\Apache24\htdocs\2018\JobManagement\application\index\controller\Teachers.php ]
[ info ] [ VIEW ] D:\Vc_PHP\Apache24\htdocs\2018\JobManagement\public/../application/index\view\teachers\coursedetails.html [ array (
  0 => 'data',
  1 => 'page',
  2 => 'course',
) ]
[ info ] [ RUN ] app\index\widget\Widgets->Teachers[ D:\Vc_PHP\Apache24\htdocs\2018\JobManagement\application\index\widget\Widgets.php ]
[ info ] [ VIEW ] D:\Vc_PHP\Apache24\htdocs\2018\JobManagement\public/../application/index\view\widgets\teachers.html [ array (
  0 => 'data',
  1 => 'page',
  2 => 'course',
) ]
[ info ] [ LOG ] INIT File
[ sql ] [ DB ] CONNECT:[ UseTime:0.001071s ] mysql:host=127.0.0.1;port=3306;dbname=workmsg;charset=utf8
[ sql ] [ SQL ] SHOW COLUMNS FROM `teachers` [ RunTime:0.016179s ]
[ sql ] [ SQL ] SELECT * FROM `teachers` WHERE  `number` = '123456789'  AND `pass` = '82b670deb0331979dceb2ce8c797c4e6' [ RunTime:0.000589s ]
[ sql ] [ SQL ] SELECT * FROM `teachers` WHERE  `number` = '123456789'  AND `state` = 0  AND `department_id` <> 0 [ RunTime:0.000468s ]
[ sql ] [ SQL ] SELECT `Id` FROM `teachers` WHERE  `number` = '123456789'  AND `pass` = '82b670deb0331979dceb2ce8c797c4e6' [ RunTime:0.000421s ]
[ sql ] [ SQL ] SHOW COLUMNS FROM `course` [ RunTime:0.011782s ]
[ sql ] [ SQL ] SELECT * FROM `course` WHERE  `Id` = 1  AND `teachers_id` = 16 [ RunTime:0.000599s ]
[ sql ] [ SQL ] SHOW COLUMNS FROM `homework` [ RunTime:0.012316s ]
[ sql ] [ SQL ] SELECT COUNT(*) AS tp_count FROM `homework` WHERE  `course_id` = 1 LIMIT 1 [ RunTime:0.000424s ]
[ sql ] [ SQL ] SELECT * FROM `homework` WHERE  `course_id` = 1 LIMIT 0,8 [ RunTime:0.000434s ]
[ sql ] [ SQL ] SELECT `name`,`number`,`department_id`,`state` FROM `teachers` WHERE  `number` = '123456789'  AND `pass` = '82b670deb0331979dceb2ce8c797c4e6' [ RunTime:0.000398s ]
---------------------------------------------------------------
[ 2018-09-14T21:43:00+08:00 ] 127.0.0.1 GET /static/bootstrap4.0/popper.min.js.map
[ info ] www.tpwork.com/static/bootstrap4.0/popper.min.js.map [运行时间：0.019262s][吞吐率：51.92req/s] [内存消耗：1,720.67kb] [文件加载：38]
[ info ] [ LANG ] D:\Vc_PHP\Apache24\htdocs\2018\JobManagement\thinkphp\lang\zh-cn.php
[ info ] [ ROUTE ] array (
  'type' => 'module',
  'module' => 
  array (
    0 => 'static',
    1 => 'bootstrap4.0',
    2 => 'popper.min.js.map',
  ),
)
[ info ] [ HEADER ] array (
  'host' => 'www.tpwork.com',
  'connection' => 'keep-alive',
  'user-agent' => 'Mozilla/5.0 (Windows NT 10.0; Win64; x64) AppleWebKit/537.36 (KHTML, like Gecko) Chrome/69.0.3497.92 Safari/537.36',
  'accept-encoding' => 'gzip, deflate',
  'accept-language' => 'zh-CN,zh;q=0.9,zh-TW;q=0.8',
  'cookie' => 'PHPSESSID=9cskvofqb610u0fnsidktnftgq',
)
[ info ] [ PARAM ] array (
)
[ info ] [ LOG ] INIT File
---------------------------------------------------------------
[ 2018-09-14T21:43:04+08:00 ] 127.0.0.1 GET /index/index/exitlogin
[ info ] www.tpwork.com/index/index/exitlogin [运行时间：0.036699s][吞吐率：27.25req/s] [内存消耗：2,143.80kb] [文件加载：44]
[ info ] [ LANG ] D:\Vc_PHP\Apache24\htdocs\2018\JobManagement\thinkphp\lang\zh-cn.php
[ info ] [ ROUTE ] array (
  'type' => 'module',
  'module' => 
  array (
    0 => 'index',
    1 => 'index',
    2 => 'exitlogin',
  ),
)
[ info ] [ HEADER ] array (
  'host' => 'www.tpwork.com',
  'connection' => 'keep-alive',
  'upgrade-insecure-requests' => '1',
  'user-agent' => 'Mozilla/5.0 (Windows NT 10.0; Win64; x64) AppleWebKit/537.36 (KHTML, like Gecko) Chrome/69.0.3497.92 Safari/537.36',
  'accept' => 'text/html,application/xhtml+xml,application/xml;q=0.9,image/webp,image/apng,*/*;q=0.8',
  'referer' => 'http://www.tpwork.com/index/teachers/courseDetails?id=1&key=ThinkPHP',
  'accept-encoding' => 'gzip, deflate',
  'accept-language' => 'zh-CN,zh;q=0.9,zh-TW;q=0.8',
  'cookie' => 'PHPSESSID=9cskvofqb610u0fnsidktnftgq',
)
[ info ] [ PARAM ] array (
)
[ info ] [ RUN ] app\index\controller\Index->ExitLogin[ D:\Vc_PHP\Apache24\htdocs\2018\JobManagement\application\index\controller\Index.php ]
[ info ] [ SESSION ] INIT array (
  'id' => '',
  'var_session_id' => '',
  'prefix' => 'think',
  'type' => '',
  'auto_start' => true,
)
[ info ] [ LOG ] INIT File
---------------------------------------------------------------
[ 2018-09-14T21:43:04+08:00 ] 127.0.0.1 GET /
[ info ] www.tpwork.com/ [运行时间：0.023526s][吞吐率：42.51req/s] [内存消耗：2,209.09kb] [文件加载：44]
[ info ] [ LANG ] D:\Vc_PHP\Apache24\htdocs\2018\JobManagement\thinkphp\lang\zh-cn.php
[ info ] [ ROUTE ] array (
  'type' => 'module',
  'module' => 
  array (
    0 => '',
    1 => NULL,
    2 => NULL,
  ),
)
[ info ] [ HEADER ] array (
  'host' => 'www.tpwork.com',
  'connection' => 'keep-alive',
  'upgrade-insecure-requests' => '1',
  'user-agent' => 'Mozilla/5.0 (Windows NT 10.0; Win64; x64) AppleWebKit/537.36 (KHTML, like Gecko) Chrome/69.0.3497.92 Safari/537.36',
  'accept' => 'text/html,application/xhtml+xml,application/xml;q=0.9,image/webp,image/apng,*/*;q=0.8',
  'referer' => 'http://www.tpwork.com/index/teachers/courseDetails?id=1&key=ThinkPHP',
  'accept-encoding' => 'gzip, deflate',
  'accept-language' => 'zh-CN,zh;q=0.9,zh-TW;q=0.8',
  'cookie' => 'PHPSESSID=9cskvofqb610u0fnsidktnftgq',
)
[ info ] [ PARAM ] array (
)
[ info ] [ SESSION ] INIT array (
  'id' => '',
  'var_session_id' => '',
  'prefix' => 'think',
  'type' => '',
  'auto_start' => true,
)
[ info ] [ RUN ] app\index\controller\Index->index[ D:\Vc_PHP\Apache24\htdocs\2018\JobManagement\application\index\controller\Index.php ]
[ info ] [ VIEW ] D:\Vc_PHP\Apache24\htdocs\2018\JobManagement\public/../application/index\view\index\index.html [ array (
) ]
[ info ] [ LOG ] INIT File
---------------------------------------------------------------
[ 2018-09-14T21:43:04+08:00 ] 127.0.0.1 GET /static/bootstrap4.0/popper.min.js.map
[ info ] www.tpwork.com/static/bootstrap4.0/popper.min.js.map [运行时间：0.019719s][吞吐率：50.71req/s] [内存消耗：1,720.67kb] [文件加载：38]
[ info ] [ LANG ] D:\Vc_PHP\Apache24\htdocs\2018\JobManagement\thinkphp\lang\zh-cn.php
[ info ] [ ROUTE ] array (
  'type' => 'module',
  'module' => 
  array (
    0 => 'static',
    1 => 'bootstrap4.0',
    2 => 'popper.min.js.map',
  ),
)
[ info ] [ HEADER ] array (
  'host' => 'www.tpwork.com',
  'connection' => 'keep-alive',
  'user-agent' => 'Mozilla/5.0 (Windows NT 10.0; Win64; x64) AppleWebKit/537.36 (KHTML, like Gecko) Chrome/69.0.3497.92 Safari/537.36',
  'accept-encoding' => 'gzip, deflate',
  'accept-language' => 'zh-CN,zh;q=0.9,zh-TW;q=0.8',
  'cookie' => 'PHPSESSID=9cskvofqb610u0fnsidktnftgq',
)
[ info ] [ PARAM ] array (
)
[ info ] [ LOG ] INIT File
---------------------------------------------------------------
[ 2018-09-14T21:49:45+08:00 ] 127.0.0.1 GET /wpad.dat
[ info ] wpad.com/wpad.dat [运行时间：0.033179s][吞吐率：30.14req/s] [内存消耗：1,719.41kb] [文件加载：38]
[ info ] [ LANG ] D:\Vc_PHP\Apache24\htdocs\2018\JobManagement\thinkphp\lang\zh-cn.php
[ info ] [ ROUTE ] array (
  'type' => 'module',
  'module' => 
  array (
    0 => 'wpad.dat',
    1 => NULL,
    2 => NULL,
  ),
)
[ info ] [ HEADER ] array (
  'connection' => 'Keep-Alive',
  'accept' => '*/*',
  'user-agent' => 'WinHttp-Autoproxy-Service/5.1',
  'host' => 'wpad.com',
)
[ info ] [ PARAM ] array (
)
[ info ] [ LOG ] INIT File
---------------------------------------------------------------
[ 2018-09-14T21:59:45+08:00 ] 127.0.0.1 GET /wpad.dat
[ info ] wpad.com/wpad.dat [运行时间：0.026422s][吞吐率：37.85req/s] [内存消耗：1,719.41kb] [文件加载：38]
[ info ] [ LANG ] D:\Vc_PHP\Apache24\htdocs\2018\JobManagement\thinkphp\lang\zh-cn.php
[ info ] [ ROUTE ] array (
  'type' => 'module',
  'module' => 
  array (
    0 => 'wpad.dat',
    1 => NULL,
    2 => NULL,
  ),
)
[ info ] [ HEADER ] array (
  'connection' => 'Keep-Alive',
  'accept' => '*/*',
  'user-agent' => 'WinHttp-Autoproxy-Service/5.1',
  'host' => 'wpad.com',
)
[ info ] [ PARAM ] array (
)
[ info ] [ LOG ] INIT File
---------------------------------------------------------------
[ 2018-09-14T22:09:45+08:00 ] 127.0.0.1 GET /wpad.dat
[ info ] wpad.com/wpad.dat [运行时间：0.029727s][吞吐率：33.64req/s] [内存消耗：1,719.41kb] [文件加载：38]
[ info ] [ LANG ] D:\Vc_PHP\Apache24\htdocs\2018\JobManagement\thinkphp\lang\zh-cn.php
[ info ] [ ROUTE ] array (
  'type' => 'module',
  'module' => 
  array (
    0 => 'wpad.dat',
    1 => NULL,
    2 => NULL,
  ),
)
[ info ] [ HEADER ] array (
  'connection' => 'Keep-Alive',
  'accept' => '*/*',
  'user-agent' => 'WinHttp-Autoproxy-Service/5.1',
  'host' => 'wpad.com',
)
[ info ] [ PARAM ] array (
)
[ info ] [ LOG ] INIT File
---------------------------------------------------------------
[ 2018-09-14T22:19:45+08:00 ] 127.0.0.1 GET /wpad.dat
[ info ] wpad.com/wpad.dat [运行时间：0.021166s][吞吐率：47.25req/s] [内存消耗：1,719.41kb] [文件加载：38]
[ info ] [ LANG ] D:\Vc_PHP\Apache24\htdocs\2018\JobManagement\thinkphp\lang\zh-cn.php
[ info ] [ ROUTE ] array (
  'type' => 'module',
  'module' => 
  array (
    0 => 'wpad.dat',
    1 => NULL,
    2 => NULL,
  ),
)
[ info ] [ HEADER ] array (
  'connection' => 'Keep-Alive',
  'accept' => '*/*',
  'user-agent' => 'WinHttp-Autoproxy-Service/5.1',
  'host' => 'wpad.com',
)
[ info ] [ PARAM ] array (
)
[ info ] [ LOG ] INIT File
---------------------------------------------------------------
[ 2018-09-14T22:29:45+08:00 ] 127.0.0.1 GET /wpad.dat
[ info ] wpad.com/wpad.dat [运行时间：0.031385s][吞吐率：31.86req/s] [内存消耗：1,719.41kb] [文件加载：38]
[ info ] [ LANG ] D:\Vc_PHP\Apache24\htdocs\2018\JobManagement\thinkphp\lang\zh-cn.php
[ info ] [ ROUTE ] array (
  'type' => 'module',
  'module' => 
  array (
    0 => 'wpad.dat',
    1 => NULL,
    2 => NULL,
  ),
)
[ info ] [ HEADER ] array (
  'connection' => 'Keep-Alive',
  'accept' => '*/*',
  'user-agent' => 'WinHttp-Autoproxy-Service/5.1',
  'host' => 'wpad.com',
)
[ info ] [ PARAM ] array (
)
[ info ] [ LOG ] INIT File
---------------------------------------------------------------
[ 2018-09-14T22:39:45+08:00 ] 127.0.0.1 GET /wpad.dat
[ info ] wpad.com/wpad.dat [运行时间：0.022634s][吞吐率：44.18req/s] [内存消耗：1,719.41kb] [文件加载：38]
[ info ] [ LANG ] D:\Vc_PHP\Apache24\htdocs\2018\JobManagement\thinkphp\lang\zh-cn.php
[ info ] [ ROUTE ] array (
  'type' => 'module',
  'module' => 
  array (
    0 => 'wpad.dat',
    1 => NULL,
    2 => NULL,
  ),
)
[ info ] [ HEADER ] array (
  'connection' => 'Keep-Alive',
  'accept' => '*/*',
  'user-agent' => 'WinHttp-Autoproxy-Service/5.1',
  'host' => 'wpad.com',
)
[ info ] [ PARAM ] array (
)
[ info ] [ LOG ] INIT File
---------------------------------------------------------------
[ 2018-09-14T22:49:45+08:00 ] 127.0.0.1 GET /wpad.dat
[ info ] wpad.com/wpad.dat [运行时间：0.021789s][吞吐率：45.90req/s] [内存消耗：1,719.41kb] [文件加载：38]
[ info ] [ LANG ] D:\Vc_PHP\Apache24\htdocs\2018\JobManagement\thinkphp\lang\zh-cn.php
[ info ] [ ROUTE ] array (
  'type' => 'module',
  'module' => 
  array (
    0 => 'wpad.dat',
    1 => NULL,
    2 => NULL,
  ),
)
[ info ] [ HEADER ] array (
  'connection' => 'Keep-Alive',
  'accept' => '*/*',
  'user-agent' => 'WinHttp-Autoproxy-Service/5.1',
  'host' => 'wpad.com',
)
[ info ] [ PARAM ] array (
)
[ info ] [ LOG ] INIT File
---------------------------------------------------------------
[ 2018-09-14T22:59:45+08:00 ] 127.0.0.1 GET /wpad.dat
[ info ] wpad.com/wpad.dat [运行时间：0.022362s][吞吐率：44.72req/s] [内存消耗：1,719.41kb] [文件加载：38]
[ info ] [ LANG ] D:\Vc_PHP\Apache24\htdocs\2018\JobManagement\thinkphp\lang\zh-cn.php
[ info ] [ ROUTE ] array (
  'type' => 'module',
  'module' => 
  array (
    0 => 'wpad.dat',
    1 => NULL,
    2 => NULL,
  ),
)
[ info ] [ HEADER ] array (
  'connection' => 'Keep-Alive',
  'accept' => '*/*',
  'user-agent' => 'WinHttp-Autoproxy-Service/5.1',
  'host' => 'wpad.com',
)
[ info ] [ PARAM ] array (
)
[ info ] [ LOG ] INIT File
---------------------------------------------------------------
[ 2018-09-14T23:04:32+08:00 ] 127.0.0.1 GET /wpad.dat
[ info ] wpad.com/wpad.dat [运行时间：0.031407s][吞吐率：31.84req/s] [内存消耗：1,719.38kb] [文件加载：38]
[ info ] [ LANG ] D:\Vc_PHP\Apache24\htdocs\2018\JobManagement\thinkphp\lang\zh-cn.php
[ info ] [ ROUTE ] array (
  'type' => 'module',
  'module' => 
  array (
    0 => 'wpad.dat',
    1 => NULL,
    2 => NULL,
  ),
)
[ info ] [ HEADER ] array (
  'host' => 'wpad.com',
  'user-agent' => 'Safari (unknown version) CFNetwork/520.2.6',
  'connection' => 'keep-alive',
)
[ info ] [ PARAM ] array (
)
[ info ] [ LOG ] INIT File
---------------------------------------------------------------
[ 2018-09-14T23:04:32+08:00 ] 127.0.0.1 GET /wpad.dat
[ info ] wpad.com/wpad.dat [运行时间：0.021632s][吞吐率：46.23req/s] [内存消耗：1,719.38kb] [文件加载：38]
[ info ] [ LANG ] D:\Vc_PHP\Apache24\htdocs\2018\JobManagement\thinkphp\lang\zh-cn.php
[ info ] [ ROUTE ] array (
  'type' => 'module',
  'module' => 
  array (
    0 => 'wpad.dat',
    1 => NULL,
    2 => NULL,
  ),
)
[ info ] [ HEADER ] array (
  'host' => 'wpad.com',
  'user-agent' => 'WebKit2WebProcess (unknown version) CFNetwork/520.2.6',
  'connection' => 'keep-alive',
)
[ info ] [ PARAM ] array (
)
[ info ] [ LOG ] INIT File
---------------------------------------------------------------
[ 2018-09-14T23:05:21+08:00 ] 127.0.0.1 GET /wpad.dat
[ info ] wpad.com/wpad.dat [运行时间：0.022279s][吞吐率：44.89req/s] [内存消耗：1,719.38kb] [文件加载：38]
[ info ] [ LANG ] D:\Vc_PHP\Apache24\htdocs\2018\JobManagement\thinkphp\lang\zh-cn.php
[ info ] [ ROUTE ] array (
  'type' => 'module',
  'module' => 
  array (
    0 => 'wpad.dat',
    1 => NULL,
    2 => NULL,
  ),
)
[ info ] [ HEADER ] array (
  'host' => 'wpad.com',
  'user-agent' => 'WebKit2WebProcess (unknown version) CFNetwork/520.2.6',
  'connection' => 'keep-alive',
)
[ info ] [ PARAM ] array (
)
[ info ] [ LOG ] INIT File
---------------------------------------------------------------
[ 2018-09-14T23:08:40+08:00 ] 127.0.0.1 GET /wpad.dat
[ info ] wpad.com/wpad.dat [运行时间：0.021668s][吞吐率：46.15req/s] [内存消耗：1,719.38kb] [文件加载：38]
[ info ] [ LANG ] D:\Vc_PHP\Apache24\htdocs\2018\JobManagement\thinkphp\lang\zh-cn.php
[ info ] [ ROUTE ] array (
  'type' => 'module',
  'module' => 
  array (
    0 => 'wpad.dat',
    1 => NULL,
    2 => NULL,
  ),
)
[ info ] [ HEADER ] array (
  'host' => 'wpad.com',
  'user-agent' => 'Safari (unknown version) CFNetwork/520.2.6',
  'connection' => 'keep-alive',
)
[ info ] [ PARAM ] array (
)
[ info ] [ LOG ] INIT File
---------------------------------------------------------------
[ 2018-09-14T23:09:45+08:00 ] 127.0.0.1 GET /wpad.dat
[ info ] wpad.com/wpad.dat [运行时间：0.018561s][吞吐率：53.88req/s] [内存消耗：1,719.41kb] [文件加载：38]
[ info ] [ LANG ] D:\Vc_PHP\Apache24\htdocs\2018\JobManagement\thinkphp\lang\zh-cn.php
[ info ] [ ROUTE ] array (
  'type' => 'module',
  'module' => 
  array (
    0 => 'wpad.dat',
    1 => NULL,
    2 => NULL,
  ),
)
[ info ] [ HEADER ] array (
  'connection' => 'Keep-Alive',
  'accept' => '*/*',
  'user-agent' => 'WinHttp-Autoproxy-Service/5.1',
  'host' => 'wpad.com',
)
[ info ] [ PARAM ] array (
)
[ info ] [ LOG ] INIT File
---------------------------------------------------------------
[ 2018-09-14T23:19:45+08:00 ] 127.0.0.1 GET /wpad.dat
[ info ] wpad.com/wpad.dat [运行时间：0.020947s][吞吐率：47.74req/s] [内存消耗：1,719.41kb] [文件加载：38]
[ info ] [ LANG ] D:\Vc_PHP\Apache24\htdocs\2018\JobManagement\thinkphp\lang\zh-cn.php
[ info ] [ ROUTE ] array (
  'type' => 'module',
  'module' => 
  array (
    0 => 'wpad.dat',
    1 => NULL,
    2 => NULL,
  ),
)
[ info ] [ HEADER ] array (
  'connection' => 'Keep-Alive',
  'accept' => '*/*',
  'user-agent' => 'WinHttp-Autoproxy-Service/5.1',
  'host' => 'wpad.com',
)
[ info ] [ PARAM ] array (
)
[ info ] [ LOG ] INIT File
---------------------------------------------------------------
[ 2018-09-14T23:29:45+08:00 ] 127.0.0.1 GET /wpad.dat
[ info ] wpad.com/wpad.dat [运行时间：0.021443s][吞吐率：46.64req/s] [内存消耗：1,719.41kb] [文件加载：38]
[ info ] [ LANG ] D:\Vc_PHP\Apache24\htdocs\2018\JobManagement\thinkphp\lang\zh-cn.php
[ info ] [ ROUTE ] array (
  'type' => 'module',
  'module' => 
  array (
    0 => 'wpad.dat',
    1 => NULL,
    2 => NULL,
  ),
)
[ info ] [ HEADER ] array (
  'connection' => 'Keep-Alive',
  'accept' => '*/*',
  'user-agent' => 'WinHttp-Autoproxy-Service/5.1',
  'host' => 'wpad.com',
)
[ info ] [ PARAM ] array (
)
[ info ] [ LOG ] INIT File
---------------------------------------------------------------
[ 2018-09-14T23:34:30+08:00 ] 127.0.0.1 GET /wpad.dat
[ info ] wpad.com/wpad.dat [运行时间：0.021557s][吞吐率：46.39req/s] [内存消耗：1,719.41kb] [文件加载：38]
[ info ] [ LANG ] D:\Vc_PHP\Apache24\htdocs\2018\JobManagement\thinkphp\lang\zh-cn.php
[ info ] [ ROUTE ] array (
  'type' => 'module',
  'module' => 
  array (
    0 => 'wpad.dat',
    1 => NULL,
    2 => NULL,
  ),
)
[ info ] [ HEADER ] array (
  'connection' => 'Keep-Alive',
  'accept' => '*/*',
  'user-agent' => 'WinHttp-Autoproxy-Service/5.1',
  'host' => 'wpad.com',
)
[ info ] [ PARAM ] array (
)
[ info ] [ LOG ] INIT File
---------------------------------------------------------------
[ 2018-09-14T23:41:30+08:00 ] 127.0.0.1 GET /wpad.dat
[ info ] wpad.com/wpad.dat [运行时间：0.731857s][吞吐率：1.37req/s] [内存消耗：1,719.41kb] [文件加载：38]
[ info ] [ LANG ] D:\Vc_PHP\Apache24\htdocs\2018\JobManagement\thinkphp\lang\zh-cn.php
[ info ] [ ROUTE ] array (
  'type' => 'module',
  'module' => 
  array (
    0 => 'wpad.dat',
    1 => NULL,
    2 => NULL,
  ),
)
[ info ] [ HEADER ] array (
  'connection' => 'Keep-Alive',
  'accept' => '*/*',
  'user-agent' => 'WinHttp-Autoproxy-Service/5.1',
  'host' => 'wpad.com',
)
[ info ] [ PARAM ] array (
)
[ info ] [ LOG ] INIT File
---------------------------------------------------------------
[ 2018-09-14T23:41:33+08:00 ] 127.0.0.1 GET /wpad.dat
[ info ] wpad.com/wpad.dat [运行时间：0.076311s][吞吐率：13.10req/s] [内存消耗：1,719.41kb] [文件加载：38]
[ info ] [ LANG ] D:\Vc_PHP\Apache24\htdocs\2018\JobManagement\thinkphp\lang\zh-cn.php
[ info ] [ ROUTE ] array (
  'type' => 'module',
  'module' => 
  array (
    0 => 'wpad.dat',
    1 => NULL,
    2 => NULL,
  ),
)
[ info ] [ HEADER ] array (
  'connection' => 'Keep-Alive',
  'accept' => '*/*',
  'user-agent' => 'WinHttp-Autoproxy-Service/5.1',
  'host' => 'wpad.com',
)
[ info ] [ PARAM ] array (
)
[ info ] [ LOG ] INIT File
---------------------------------------------------------------
[ 2018-09-14T23:41:48+08:00 ] 127.0.0.1 GET /wpad.dat
[ info ] wpad.com/wpad.dat [运行时间：0.058585s][吞吐率：17.07req/s] [内存消耗：1,719.41kb] [文件加载：38]
[ info ] [ LANG ] D:\Vc_PHP\Apache24\htdocs\2018\JobManagement\thinkphp\lang\zh-cn.php
[ info ] [ ROUTE ] array (
  'type' => 'module',
  'module' => 
  array (
    0 => 'wpad.dat',
    1 => NULL,
    2 => NULL,
  ),
)
[ info ] [ HEADER ] array (
  'connection' => 'Keep-Alive',
  'accept' => '*/*',
  'user-agent' => 'WinHttp-Autoproxy-Service/5.1',
  'host' => 'wpad.com',
)
[ info ] [ PARAM ] array (
)
[ info ] [ LOG ] INIT File
---------------------------------------------------------------
[ 2018-09-14T23:41:57+08:00 ] 127.0.0.1 GET /wpad.dat
[ info ] wpad/wpad.dat [运行时间：0.046409s][吞吐率：21.55req/s] [内存消耗：1,720.03kb] [文件加载：38]
[ info ] [ LANG ] D:\Vc_PHP\Apache24\htdocs\2018\JobManagement\thinkphp\lang\zh-cn.php
[ info ] [ ROUTE ] array (
  'type' => 'module',
  'module' => 
  array (
    0 => 'wpad.dat',
    1 => NULL,
    2 => NULL,
  ),
)
[ info ] [ HEADER ] array (
  'host' => 'wpad',
  'connection' => 'keep-alive',
  'user-agent' => 'Mozilla/5.0 (Windows NT 10.0.0; WOW64) AppleWebKit/537.36 (KHTML, like Gecko) Chrome/57.0.2987.98 Safari/537.36 CreativeCloud/4.6.0.384',
  'accept-encoding' => 'gzip, deflate',
  'accept-language' => 'en-US,en;q=0.9',
)
[ info ] [ PARAM ] array (
)
[ info ] [ LOG ] INIT File
---------------------------------------------------------------
[ 2018-09-14T23:42:05+08:00 ] 127.0.0.1 GET /wpad.dat
[ info ] wpad/wpad.dat [运行时间：0.051130s][吞吐率：19.56req/s] [内存消耗：1,720.03kb] [文件加载：38]
[ info ] [ LANG ] D:\Vc_PHP\Apache24\htdocs\2018\JobManagement\thinkphp\lang\zh-cn.php
[ info ] [ ROUTE ] array (
  'type' => 'module',
  'module' => 
  array (
    0 => 'wpad.dat',
    1 => NULL,
    2 => NULL,
  ),
)
[ info ] [ HEADER ] array (
  'host' => 'wpad',
  'connection' => 'keep-alive',
  'user-agent' => 'Mozilla/5.0 (Windows NT 10.0.0; WOW64) AppleWebKit/537.36 (KHTML, like Gecko) Chrome/57.0.2987.98 Safari/537.36 CreativeCloud/4.6.0.384',
  'accept-encoding' => 'gzip, deflate',
  'accept-language' => 'en-US,en;q=0.9',
)
[ info ] [ PARAM ] array (
)
[ info ] [ LOG ] INIT File
---------------------------------------------------------------
[ 2018-09-14T23:42:48+08:00 ] 127.0.0.1 GET /wpad.dat
[ info ] wpad.com/wpad.dat [运行时间：0.049167s][吞吐率：20.34req/s] [内存消耗：1,719.41kb] [文件加载：38]
[ info ] [ LANG ] D:\Vc_PHP\Apache24\htdocs\2018\JobManagement\thinkphp\lang\zh-cn.php
[ info ] [ ROUTE ] array (
  'type' => 'module',
  'module' => 
  array (
    0 => 'wpad.dat',
    1 => NULL,
    2 => NULL,
  ),
)
[ info ] [ HEADER ] array (
  'connection' => 'Keep-Alive',
  'accept' => '*/*',
  'user-agent' => 'WinHttp-Autoproxy-Service/5.1',
  'host' => 'wpad.com',
)
[ info ] [ PARAM ] array (
)
[ info ] [ LOG ] INIT File
---------------------------------------------------------------
[ 2018-09-14T23:52:48+08:00 ] 127.0.0.1 GET /wpad.dat
[ info ] wpad.com/wpad.dat [运行时间：0.043571s][吞吐率：22.95req/s] [内存消耗：1,719.41kb] [文件加载：38]
[ info ] [ LANG ] D:\Vc_PHP\Apache24\htdocs\2018\JobManagement\thinkphp\lang\zh-cn.php
[ info ] [ ROUTE ] array (
  'type' => 'module',
  'module' => 
  array (
    0 => 'wpad.dat',
    1 => NULL,
    2 => NULL,
  ),
)
[ info ] [ HEADER ] array (
  'connection' => 'Keep-Alive',
  'accept' => '*/*',
  'user-agent' => 'WinHttp-Autoproxy-Service/5.1',
  'host' => 'wpad.com',
)
[ info ] [ PARAM ] array (
)
[ info ] [ LOG ] INIT File
---------------------------------------------------------------
[ 2018-09-14T23:56:20+08:00 ] 127.0.0.1 GET /
[ info ] www.tpwork.com/ [运行时间：0.243846s][吞吐率：4.10req/s] [内存消耗：2,207.57kb] [文件加载：44]
[ info ] [ LANG ] D:\Vc_PHP\Apache24\htdocs\2018\JobManagement\thinkphp\lang\zh-cn.php
[ info ] [ ROUTE ] array (
  'type' => 'module',
  'module' => 
  array (
    0 => '',
    1 => NULL,
    2 => NULL,
  ),
)
[ info ] [ HEADER ] array (
  'host' => 'www.tpwork.com',
  'user-agent' => 'Mozilla/5.0 (Windows NT 10.0; Win64; x64; rv:62.0) Gecko/20100101 Firefox/62.0',
  'accept' => 'text/html,application/xhtml+xml,application/xml;q=0.9,*/*;q=0.8',
  'accept-language' => 'zh-CN,zh;q=0.8,zh-TW;q=0.7,zh-HK;q=0.5,en-US;q=0.3,en;q=0.2',
  'accept-encoding' => 'gzip, deflate',
  'connection' => 'keep-alive',
  'upgrade-insecure-requests' => '1',
)
[ info ] [ PARAM ] array (
)
[ info ] [ SESSION ] INIT array (
  'id' => '',
  'var_session_id' => '',
  'prefix' => 'think',
  'type' => '',
  'auto_start' => true,
)
[ info ] [ RUN ] app\index\controller\Index->index[ D:\Vc_PHP\Apache24\htdocs\2018\JobManagement\application\index\controller\Index.php ]
[ info ] [ VIEW ] D:\Vc_PHP\Apache24\htdocs\2018\JobManagement\public/../application/index\view\index\index.html [ array (
) ]
[ info ] [ LOG ] INIT File
---------------------------------------------------------------
[ 2018-09-14T23:57:16+08:00 ] 127.0.0.1 GET /index/index/getnumber.html?id=1
[ info ] www.tpwork.com/index/index/getnumber.html?id=1 [运行时间：0.291194s][吞吐率：3.43req/s] [内存消耗：3,526.45kb] [文件加载：52]
[ info ] [ LANG ] D:\Vc_PHP\Apache24\htdocs\2018\JobManagement\thinkphp\lang\zh-cn.php
[ info ] [ ROUTE ] array (
  'type' => 'module',
  'module' => 
  array (
    0 => 'index',
    1 => 'index',
    2 => 'getnumber',
  ),
)
[ info ] [ HEADER ] array (
  'host' => 'www.tpwork.com',
  'user-agent' => 'Mozilla/5.0 (Windows NT 10.0; Win64; x64; rv:62.0) Gecko/20100101 Firefox/62.0',
  'accept' => 'application/json, text/javascript, */*; q=0.01',
  'accept-language' => 'zh-CN,zh;q=0.8,zh-TW;q=0.7,zh-HK;q=0.5,en-US;q=0.3,en;q=0.2',
  'accept-encoding' => 'gzip, deflate',
  'referer' => 'http://www.tpwork.com/',
  'x-requested-with' => 'XMLHttpRequest',
  'cookie' => 'PHPSESSID=buggaqqdlaben9gqh81h7gpn5s',
  'connection' => 'keep-alive',
)
[ info ] [ PARAM ] array (
  'id' => '1',
)
[ info ] [ RUN ] app\index\controller\Index->getNumber[ D:\Vc_PHP\Apache24\htdocs\2018\JobManagement\application\index\controller\Index.php ]
[ info ] [ DB ] INIT mysql
[ info ] [ LOG ] INIT File
[ sql ] [ DB ] CONNECT:[ UseTime:0.006624s ] mysql:host=127.0.0.1;port=3306;dbname=workmsg;charset=utf8
[ sql ] [ SQL ] SHOW COLUMNS FROM `student` [ RunTime:0.035002s ]
[ sql ] [ SQL ] SELECT * FROM `student` WHERE  `number` = '1' LIMIT 1 [ RunTime:0.003187s ]
[ sql ] [ SQL ] SHOW COLUMNS FROM `teachers` [ RunTime:0.037641s ]
[ sql ] [ SQL ] SELECT * FROM `teachers` WHERE  `number` = '1' LIMIT 1 [ RunTime:0.000930s ]
---------------------------------------------------------------
[ 2018-09-14T23:57:16+08:00 ] 127.0.0.1 GET /index/index/getnumber.html?id=16
[ info ] www.tpwork.com/index/index/getnumber.html?id=16 [运行时间：0.192407s][吞吐率：5.20req/s] [内存消耗：3,526.45kb] [文件加载：52]
[ info ] [ LANG ] D:\Vc_PHP\Apache24\htdocs\2018\JobManagement\thinkphp\lang\zh-cn.php
[ info ] [ ROUTE ] array (
  'type' => 'module',
  'module' => 
  array (
    0 => 'index',
    1 => 'index',
    2 => 'getnumber',
  ),
)
[ info ] [ HEADER ] array (
  'host' => 'www.tpwork.com',
  'user-agent' => 'Mozilla/5.0 (Windows NT 10.0; Win64; x64; rv:62.0) Gecko/20100101 Firefox/62.0',
  'accept' => 'application/json, text/javascript, */*; q=0.01',
  'accept-language' => 'zh-CN,zh;q=0.8,zh-TW;q=0.7,zh-HK;q=0.5,en-US;q=0.3,en;q=0.2',
  'accept-encoding' => 'gzip, deflate',
  'referer' => 'http://www.tpwork.com/',
  'x-requested-with' => 'XMLHttpRequest',
  'cookie' => 'PHPSESSID=buggaqqdlaben9gqh81h7gpn5s',
  'connection' => 'keep-alive',
)
[ info ] [ PARAM ] array (
  'id' => '16',
)
[ info ] [ RUN ] app\index\controller\Index->getNumber[ D:\Vc_PHP\Apache24\htdocs\2018\JobManagement\application\index\controller\Index.php ]
[ info ] [ DB ] INIT mysql
[ info ] [ LOG ] INIT File
[ sql ] [ DB ] CONNECT:[ UseTime:0.006665s ] mysql:host=127.0.0.1;port=3306;dbname=workmsg;charset=utf8
[ sql ] [ SQL ] SHOW COLUMNS FROM `student` [ RunTime:0.041663s ]
[ sql ] [ SQL ] SELECT * FROM `student` WHERE  `number` = '16' LIMIT 1 [ RunTime:0.000745s ]
[ sql ] [ SQL ] SHOW COLUMNS FROM `teachers` [ RunTime:0.041213s ]
[ sql ] [ SQL ] SELECT * FROM `teachers` WHERE  `number` = '16' LIMIT 1 [ RunTime:0.000879s ]
---------------------------------------------------------------
[ 2018-09-14T23:57:16+08:00 ] 127.0.0.1 GET /index/index/getnumber.html?id=163
[ info ] www.tpwork.com/index/index/getnumber.html?id=163 [运行时间：0.102946s][吞吐率：9.71req/s] [内存消耗：3,526.45kb] [文件加载：52]
[ info ] [ LANG ] D:\Vc_PHP\Apache24\htdocs\2018\JobManagement\thinkphp\lang\zh-cn.php
[ info ] [ ROUTE ] array (
  'type' => 'module',
  'module' => 
  array (
    0 => 'index',
    1 => 'index',
    2 => 'getnumber',
  ),
)
[ info ] [ HEADER ] array (
  'host' => 'www.tpwork.com',
  'user-agent' => 'Mozilla/5.0 (Windows NT 10.0; Win64; x64; rv:62.0) Gecko/20100101 Firefox/62.0',
  'accept' => 'application/json, text/javascript, */*; q=0.01',
  'accept-language' => 'zh-CN,zh;q=0.8,zh-TW;q=0.7,zh-HK;q=0.5,en-US;q=0.3,en;q=0.2',
  'accept-encoding' => 'gzip, deflate',
  'referer' => 'http://www.tpwork.com/',
  'x-requested-with' => 'XMLHttpRequest',
  'cookie' => 'PHPSESSID=buggaqqdlaben9gqh81h7gpn5s',
  'connection' => 'keep-alive',
)
[ info ] [ PARAM ] array (
  'id' => '163',
)
[ info ] [ RUN ] app\index\controller\Index->getNumber[ D:\Vc_PHP\Apache24\htdocs\2018\JobManagement\application\index\controller\Index.php ]
[ info ] [ DB ] INIT mysql
[ info ] [ LOG ] INIT File
[ sql ] [ DB ] CONNECT:[ UseTime:0.000942s ] mysql:host=127.0.0.1;port=3306;dbname=workmsg;charset=utf8
[ sql ] [ SQL ] SHOW COLUMNS FROM `student` [ RunTime:0.011551s ]
[ sql ] [ SQL ] SELECT * FROM `student` WHERE  `number` = '163' LIMIT 1 [ RunTime:0.000940s ]
[ sql ] [ SQL ] SHOW COLUMNS FROM `teachers` [ RunTime:0.008298s ]
[ sql ] [ SQL ] SELECT * FROM `teachers` WHERE  `number` = '163' LIMIT 1 [ RunTime:0.000699s ]
---------------------------------------------------------------
[ 2018-09-14T23:57:16+08:00 ] 127.0.0.1 GET /index/index/getnumber.html?id=1630
[ info ] www.tpwork.com/index/index/getnumber.html?id=1630 [运行时间：0.103290s][吞吐率：9.68req/s] [内存消耗：3,526.45kb] [文件加载：52]
[ info ] [ LANG ] D:\Vc_PHP\Apache24\htdocs\2018\JobManagement\thinkphp\lang\zh-cn.php
[ info ] [ ROUTE ] array (
  'type' => 'module',
  'module' => 
  array (
    0 => 'index',
    1 => 'index',
    2 => 'getnumber',
  ),
)
[ info ] [ HEADER ] array (
  'host' => 'www.tpwork.com',
  'user-agent' => 'Mozilla/5.0 (Windows NT 10.0; Win64; x64; rv:62.0) Gecko/20100101 Firefox/62.0',
  'accept' => 'application/json, text/javascript, */*; q=0.01',
  'accept-language' => 'zh-CN,zh;q=0.8,zh-TW;q=0.7,zh-HK;q=0.5,en-US;q=0.3,en;q=0.2',
  'accept-encoding' => 'gzip, deflate',
  'referer' => 'http://www.tpwork.com/',
  'x-requested-with' => 'XMLHttpRequest',
  'cookie' => 'PHPSESSID=buggaqqdlaben9gqh81h7gpn5s',
  'connection' => 'keep-alive',
)
[ info ] [ PARAM ] array (
  'id' => '1630',
)
[ info ] [ RUN ] app\index\controller\Index->getNumber[ D:\Vc_PHP\Apache24\htdocs\2018\JobManagement\application\index\controller\Index.php ]
[ info ] [ DB ] INIT mysql
[ info ] [ LOG ] INIT File
[ sql ] [ DB ] CONNECT:[ UseTime:0.010200s ] mysql:host=127.0.0.1;port=3306;dbname=workmsg;charset=utf8
[ sql ] [ SQL ] SHOW COLUMNS FROM `student` [ RunTime:0.008250s ]
[ sql ] [ SQL ] SELECT * FROM `student` WHERE  `number` = '1630' LIMIT 1 [ RunTime:0.000893s ]
[ sql ] [ SQL ] SHOW COLUMNS FROM `teachers` [ RunTime:0.007566s ]
[ sql ] [ SQL ] SELECT * FROM `teachers` WHERE  `number` = '1630' LIMIT 1 [ RunTime:0.000854s ]
---------------------------------------------------------------
[ 2018-09-14T23:57:16+08:00 ] 127.0.0.1 GET /index/index/getnumber.html?id=16301
[ info ] www.tpwork.com/index/index/getnumber.html?id=16301 [运行时间：0.107408s][吞吐率：9.31req/s] [内存消耗：3,526.46kb] [文件加载：52]
[ info ] [ LANG ] D:\Vc_PHP\Apache24\htdocs\2018\JobManagement\thinkphp\lang\zh-cn.php
[ info ] [ ROUTE ] array (
  'type' => 'module',
  'module' => 
  array (
    0 => 'index',
    1 => 'index',
    2 => 'getnumber',
  ),
)
[ info ] [ HEADER ] array (
  'host' => 'www.tpwork.com',
  'user-agent' => 'Mozilla/5.0 (Windows NT 10.0; Win64; x64; rv:62.0) Gecko/20100101 Firefox/62.0',
  'accept' => 'application/json, text/javascript, */*; q=0.01',
  'accept-language' => 'zh-CN,zh;q=0.8,zh-TW;q=0.7,zh-HK;q=0.5,en-US;q=0.3,en;q=0.2',
  'accept-encoding' => 'gzip, deflate',
  'referer' => 'http://www.tpwork.com/',
  'x-requested-with' => 'XMLHttpRequest',
  'cookie' => 'PHPSESSID=buggaqqdlaben9gqh81h7gpn5s',
  'connection' => 'keep-alive',
)
[ info ] [ PARAM ] array (
  'id' => '16301',
)
[ info ] [ RUN ] app\index\controller\Index->getNumber[ D:\Vc_PHP\Apache24\htdocs\2018\JobManagement\application\index\controller\Index.php ]
[ info ] [ DB ] INIT mysql
[ info ] [ LOG ] INIT File
[ sql ] [ DB ] CONNECT:[ UseTime:0.011646s ] mysql:host=127.0.0.1;port=3306;dbname=workmsg;charset=utf8
[ sql ] [ SQL ] SHOW COLUMNS FROM `student` [ RunTime:0.010656s ]
[ sql ] [ SQL ] SELECT * FROM `student` WHERE  `number` = '16301' LIMIT 1 [ RunTime:0.000898s ]
[ sql ] [ SQL ] SHOW COLUMNS FROM `teachers` [ RunTime:0.009431s ]
[ sql ] [ SQL ] SELECT * FROM `teachers` WHERE  `number` = '16301' LIMIT 1 [ RunTime:0.000662s ]
---------------------------------------------------------------
[ 2018-09-14T23:57:16+08:00 ] 127.0.0.1 GET /index/index/getnumber.html?id=163010
[ info ] www.tpwork.com/index/index/getnumber.html?id=163010 [运行时间：0.103343s][吞吐率：9.68req/s] [内存消耗：3,526.48kb] [文件加载：52]
[ info ] [ LANG ] D:\Vc_PHP\Apache24\htdocs\2018\JobManagement\thinkphp\lang\zh-cn.php
[ info ] [ ROUTE ] array (
  'type' => 'module',
  'module' => 
  array (
    0 => 'index',
    1 => 'index',
    2 => 'getnumber',
  ),
)
[ info ] [ HEADER ] array (
  'host' => 'www.tpwork.com',
  'user-agent' => 'Mozilla/5.0 (Windows NT 10.0; Win64; x64; rv:62.0) Gecko/20100101 Firefox/62.0',
  'accept' => 'application/json, text/javascript, */*; q=0.01',
  'accept-language' => 'zh-CN,zh;q=0.8,zh-TW;q=0.7,zh-HK;q=0.5,en-US;q=0.3,en;q=0.2',
  'accept-encoding' => 'gzip, deflate',
  'referer' => 'http://www.tpwork.com/',
  'x-requested-with' => 'XMLHttpRequest',
  'cookie' => 'PHPSESSID=buggaqqdlaben9gqh81h7gpn5s',
  'connection' => 'keep-alive',
)
[ info ] [ PARAM ] array (
  'id' => '163010',
)
[ info ] [ RUN ] app\index\controller\Index->getNumber[ D:\Vc_PHP\Apache24\htdocs\2018\JobManagement\application\index\controller\Index.php ]
[ info ] [ DB ] INIT mysql
[ info ] [ LOG ] INIT File
[ sql ] [ DB ] CONNECT:[ UseTime:0.011595s ] mysql:host=127.0.0.1;port=3306;dbname=workmsg;charset=utf8
[ sql ] [ SQL ] SHOW COLUMNS FROM `student` [ RunTime:0.008971s ]
[ sql ] [ SQL ] SELECT * FROM `student` WHERE  `number` = '163010' LIMIT 1 [ RunTime:0.000849s ]
[ sql ] [ SQL ] SHOW COLUMNS FROM `teachers` [ RunTime:0.008269s ]
[ sql ] [ SQL ] SELECT * FROM `teachers` WHERE  `number` = '163010' LIMIT 1 [ RunTime:0.000772s ]
---------------------------------------------------------------
[ 2018-09-14T23:57:16+08:00 ] 127.0.0.1 GET /index/index/getnumber.html?id=1630107
[ info ] www.tpwork.com/index/index/getnumber.html?id=1630107 [运行时间：0.123867s][吞吐率：8.07req/s] [内存消耗：3,526.49kb] [文件加载：52]
[ info ] [ LANG ] D:\Vc_PHP\Apache24\htdocs\2018\JobManagement\thinkphp\lang\zh-cn.php
[ info ] [ ROUTE ] array (
  'type' => 'module',
  'module' => 
  array (
    0 => 'index',
    1 => 'index',
    2 => 'getnumber',
  ),
)
[ info ] [ HEADER ] array (
  'host' => 'www.tpwork.com',
  'user-agent' => 'Mozilla/5.0 (Windows NT 10.0; Win64; x64; rv:62.0) Gecko/20100101 Firefox/62.0',
  'accept' => 'application/json, text/javascript, */*; q=0.01',
  'accept-language' => 'zh-CN,zh;q=0.8,zh-TW;q=0.7,zh-HK;q=0.5,en-US;q=0.3,en;q=0.2',
  'accept-encoding' => 'gzip, deflate',
  'referer' => 'http://www.tpwork.com/',
  'x-requested-with' => 'XMLHttpRequest',
  'cookie' => 'PHPSESSID=buggaqqdlaben9gqh81h7gpn5s',
  'connection' => 'keep-alive',
)
[ info ] [ PARAM ] array (
  'id' => '1630107',
)
[ info ] [ RUN ] app\index\controller\Index->getNumber[ D:\Vc_PHP\Apache24\htdocs\2018\JobManagement\application\index\controller\Index.php ]
[ info ] [ DB ] INIT mysql
[ info ] [ LOG ] INIT File
[ sql ] [ DB ] CONNECT:[ UseTime:0.011368s ] mysql:host=127.0.0.1;port=3306;dbname=workmsg;charset=utf8
[ sql ] [ SQL ] SHOW COLUMNS FROM `student` [ RunTime:0.011281s ]
[ sql ] [ SQL ] SELECT * FROM `student` WHERE  `number` = '1630107' LIMIT 1 [ RunTime:0.000996s ]
[ sql ] [ SQL ] SHOW COLUMNS FROM `teachers` [ RunTime:0.021369s ]
[ sql ] [ SQL ] SELECT * FROM `teachers` WHERE  `number` = '1630107' LIMIT 1 [ RunTime:0.000887s ]
---------------------------------------------------------------
[ 2018-09-14T23:57:17+08:00 ] 127.0.0.1 GET /index/index/getnumber.html?id=16301070
[ info ] www.tpwork.com/index/index/getnumber.html?id=16301070 [运行时间：0.097219s][吞吐率：10.29req/s] [内存消耗：3,522.12kb] [文件加载：52]
[ info ] [ LANG ] D:\Vc_PHP\Apache24\htdocs\2018\JobManagement\thinkphp\lang\zh-cn.php
[ info ] [ ROUTE ] array (
  'type' => 'module',
  'module' => 
  array (
    0 => 'index',
    1 => 'index',
    2 => 'getnumber',
  ),
)
[ info ] [ HEADER ] array (
  'host' => 'www.tpwork.com',
  'user-agent' => 'Mozilla/5.0 (Windows NT 10.0; Win64; x64; rv:62.0) Gecko/20100101 Firefox/62.0',
  'accept' => 'application/json, text/javascript, */*; q=0.01',
  'accept-language' => 'zh-CN,zh;q=0.8,zh-TW;q=0.7,zh-HK;q=0.5,en-US;q=0.3,en;q=0.2',
  'accept-encoding' => 'gzip, deflate',
  'referer' => 'http://www.tpwork.com/',
  'x-requested-with' => 'XMLHttpRequest',
  'cookie' => 'PHPSESSID=buggaqqdlaben9gqh81h7gpn5s',
  'connection' => 'keep-alive',
)
[ info ] [ PARAM ] array (
  'id' => '16301070',
)
[ info ] [ RUN ] app\index\controller\Index->getNumber[ D:\Vc_PHP\Apache24\htdocs\2018\JobManagement\application\index\controller\Index.php ]
[ info ] [ DB ] INIT mysql
[ info ] [ LOG ] INIT File
[ sql ] [ DB ] CONNECT:[ UseTime:0.010039s ] mysql:host=127.0.0.1;port=3306;dbname=workmsg;charset=utf8
[ sql ] [ SQL ] SHOW COLUMNS FROM `student` [ RunTime:0.014809s ]
[ sql ] [ SQL ] SELECT * FROM `student` WHERE  `number` = '16301070' LIMIT 1 [ RunTime:0.000798s ]
---------------------------------------------------------------
[ 2018-09-14T23:57:21+08:00 ] 127.0.0.1 POST /index/index/login.html
[ info ] www.tpwork.com/index/index/login.html [运行时间：0.106938s][吞吐率：9.35req/s] [内存消耗：3,505.71kb] [文件加载：51]
[ info ] [ LANG ] D:\Vc_PHP\Apache24\htdocs\2018\JobManagement\thinkphp\lang\zh-cn.php
[ info ] [ ROUTE ] array (
  'type' => 'module',
  'module' => 
  array (
    0 => 'index',
    1 => 'index',
    2 => 'login',
  ),
)
[ info ] [ HEADER ] array (
  'host' => 'www.tpwork.com',
  'user-agent' => 'Mozilla/5.0 (Windows NT 10.0; Win64; x64; rv:62.0) Gecko/20100101 Firefox/62.0',
  'accept' => 'application/json, text/javascript, */*; q=0.01',
  'accept-language' => 'zh-CN,zh;q=0.8,zh-TW;q=0.7,zh-HK;q=0.5,en-US;q=0.3,en;q=0.2',
  'accept-encoding' => 'gzip, deflate',
  'referer' => 'http://www.tpwork.com/',
  'content-type' => 'application/x-www-form-urlencoded; charset=UTF-8',
  'x-requested-with' => 'XMLHttpRequest',
  'content-length' => '42',
  'cookie' => 'PHPSESSID=buggaqqdlaben9gqh81h7gpn5s',
  'connection' => 'keep-alive',
)
[ info ] [ PARAM ] array (
  'number' => '16301070',
  'pass' => '745730',
  'class_number' => '1',
)
[ info ] [ RUN ] app\index\controller\Index->login[ D:\Vc_PHP\Apache24\htdocs\2018\JobManagement\application\index\controller\Index.php ]
[ info ] [ DB ] INIT mysql
[ info ] [ LOG ] INIT File
[ sql ] [ DB ] CONNECT:[ UseTime:0.001146s ] mysql:host=127.0.0.1;port=3306;dbname=workmsg;charset=utf8
[ sql ] [ SQL ] SHOW COLUMNS FROM `student` [ RunTime:0.017961s ]
[ sql ] [ SQL ] SELECT * FROM `student` WHERE  `number` = '16301070'  AND `pass` = 'fb7eda5b5d722efa50c104c1fc298078' [ RunTime:0.001893s ]
---------------------------------------------------------------
[ 2018-09-14T23:57:28+08:00 ] 127.0.0.1 POST /index/index/login.html
[ info ] www.tpwork.com/index/index/login.html [运行时间：0.125145s][吞吐率：7.99req/s] [内存消耗：3,507.75kb] [文件加载：51]
[ info ] [ LANG ] D:\Vc_PHP\Apache24\htdocs\2018\JobManagement\thinkphp\lang\zh-cn.php
[ info ] [ ROUTE ] array (
  'type' => 'module',
  'module' => 
  array (
    0 => 'index',
    1 => 'index',
    2 => 'login',
  ),
)
[ info ] [ HEADER ] array (
  'host' => 'www.tpwork.com',
  'user-agent' => 'Mozilla/5.0 (Windows NT 10.0; Win64; x64; rv:62.0) Gecko/20100101 Firefox/62.0',
  'accept' => 'application/json, text/javascript, */*; q=0.01',
  'accept-language' => 'zh-CN,zh;q=0.8,zh-TW;q=0.7,zh-HK;q=0.5,en-US;q=0.3,en;q=0.2',
  'accept-encoding' => 'gzip, deflate',
  'referer' => 'http://www.tpwork.com/',
  'content-type' => 'application/x-www-form-urlencoded; charset=UTF-8',
  'x-requested-with' => 'XMLHttpRequest',
  'content-length' => '42',
  'cookie' => 'PHPSESSID=buggaqqdlaben9gqh81h7gpn5s',
  'connection' => 'keep-alive',
)
[ info ] [ PARAM ] array (
  'number' => '16301070',
  'pass' => '123456',
  'class_number' => '1',
)
[ info ] [ RUN ] app\index\controller\Index->login[ D:\Vc_PHP\Apache24\htdocs\2018\JobManagement\application\index\controller\Index.php ]
[ info ] [ DB ] INIT mysql
[ info ] [ SESSION ] INIT array (
  'id' => '',
  'var_session_id' => '',
  'prefix' => 'think',
  'type' => '',
  'auto_start' => true,
)
[ info ] [ LOG ] INIT File
[ sql ] [ DB ] CONNECT:[ UseTime:0.000954s ] mysql:host=127.0.0.1;port=3306;dbname=workmsg;charset=utf8
[ sql ] [ SQL ] SHOW COLUMNS FROM `student` [ RunTime:0.018753s ]
[ sql ] [ SQL ] SELECT * FROM `student` WHERE  `number` = '16301070'  AND `pass` = 'e63666bf61625ecaad8df43d905ca278' [ RunTime:0.001027s ]
---------------------------------------------------------------
[ 2018-09-14T23:57:30+08:00 ] 127.0.0.1 GET /index/students
[ info ] www.tpwork.com/index/students [运行时间：0.283916s][吞吐率：3.52req/s] [内存消耗：3,775.20kb] [文件加载：56]
[ info ] [ LANG ] D:\Vc_PHP\Apache24\htdocs\2018\JobManagement\thinkphp\lang\zh-cn.php
[ info ] [ ROUTE ] array (
  'type' => 'module',
  'module' => 
  array (
    0 => 'index',
    1 => 'students',
    2 => NULL,
  ),
)
[ info ] [ HEADER ] array (
  'host' => 'www.tpwork.com',
  'user-agent' => 'Mozilla/5.0 (Windows NT 10.0; Win64; x64; rv:62.0) Gecko/20100101 Firefox/62.0',
  'accept' => 'text/html,application/xhtml+xml,application/xml;q=0.9,*/*;q=0.8',
  'accept-language' => 'zh-CN,zh;q=0.8,zh-TW;q=0.7,zh-HK;q=0.5,en-US;q=0.3,en;q=0.2',
  'accept-encoding' => 'gzip, deflate',
  'referer' => 'http://www.tpwork.com/',
  'cookie' => 'PHPSESSID=buggaqqdlaben9gqh81h7gpn5s',
  'connection' => 'keep-alive',
  'upgrade-insecure-requests' => '1',
)
[ info ] [ PARAM ] array (
)
[ info ] [ SESSION ] INIT array (
  'id' => '',
  'var_session_id' => '',
  'prefix' => 'think',
  'type' => '',
  'auto_start' => true,
)
[ info ] [ DB ] INIT mysql
[ info ] [ RUN ] app\index\controller\Students->index[ D:\Vc_PHP\Apache24\htdocs\2018\JobManagement\application\index\controller\Students.php ]
[ info ] [ VIEW ] D:\Vc_PHP\Apache24\htdocs\2018\JobManagement\public/../application/index\view\students\index.html [ array (
  0 => 'Details',
) ]
[ info ] [ RUN ] app\index\widget\Widgets->Students[ D:\Vc_PHP\Apache24\htdocs\2018\JobManagement\application\index\widget\Widgets.php ]
[ info ] [ VIEW ] D:\Vc_PHP\Apache24\htdocs\2018\JobManagement\public/../application/index\view\widgets\students.html [ array (
  0 => 'Details',
  1 => 'data',
) ]
[ info ] [ LOG ] INIT File
[ sql ] [ DB ] CONNECT:[ UseTime:0.011467s ] mysql:host=127.0.0.1;port=3306;dbname=workmsg;charset=utf8
[ sql ] [ SQL ] SHOW COLUMNS FROM `student` [ RunTime:0.015046s ]
[ sql ] [ SQL ] SELECT * FROM `student` WHERE  `number` = '16301070'  AND `pass` = 'e63666bf61625ecaad8df43d905ca278' [ RunTime:0.001388s ]
[ sql ] [ SQL ] SELECT * FROM `student` WHERE  `number` = '16301070'  AND `state` = 0  AND `class_id` <> 0 [ RunTime:0.001153s ]
[ sql ] [ SQL ] SELECT `name`,`number`,`class_id`,`state` FROM `student` WHERE  `number` = '16301070'  AND `pass` = 'e63666bf61625ecaad8df43d905ca278' [ RunTime:0.000893s ]
[ sql ] [ SQL ] SELECT `A`.`name`,`A`.`number`,B.name as ClassName FROM `student` `A`,`vc_class` `B` WHERE  (  A.class_id=B.Id and A.number=16301070 ) [ RunTime:0.008328s ]
[ sql ] [ SQL ] SELECT `name`,`number` FROM `student` WHERE  `number` = '16301070'  AND `pass` = 'e63666bf61625ecaad8df43d905ca278' [ RunTime:0.000915s ]
