---------------------------------------------------------------
[ 2018-06-27T15:56:06+08:00 ] 127.0.0.1 GET /wpad.dat
[ info ] wpad.com/wpad.dat [运行时间：1.093940s][吞吐率：0.91req/s] [内存消耗：1,720.08kb] [文件加载：38]
[ info ] [ LANG ] D:\Vc_PHP\Apache24\htdocs\2018\WorkManagement\shop\thinkphp\lang\zh-cn.php
[ info ] [ ROUTE ] array (
  'type' => 'module',
  'module' => 
  array (
    0 => 'wpad.dat',
    1 => NULL,
    2 => NULL,
  ),
)
[ info ] [ HEADER ] array (
  'connection' => 'Keep-Alive',
  'accept' => '*/*',
  'user-agent' => 'WinHttp-Autoproxy-Service/5.1',
  'host' => 'wpad.com',
)
[ info ] [ PARAM ] array (
)
[ info ] [ LOG ] INIT File
---------------------------------------------------------------
[ 2018-06-27T15:56:09+08:00 ] 127.0.0.1 GET /wpad.dat
[ info ] wpad.com/wpad.dat [运行时间：0.056175s][吞吐率：17.80req/s] [内存消耗：1,720.08kb] [文件加载：38]
[ info ] [ LANG ] D:\Vc_PHP\Apache24\htdocs\2018\WorkManagement\shop\thinkphp\lang\zh-cn.php
[ info ] [ ROUTE ] array (
  'type' => 'module',
  'module' => 
  array (
    0 => 'wpad.dat',
    1 => NULL,
    2 => NULL,
  ),
)
[ info ] [ HEADER ] array (
  'connection' => 'Keep-Alive',
  'accept' => '*/*',
  'user-agent' => 'WinHttp-Autoproxy-Service/5.1',
  'host' => 'wpad.com',
)
[ info ] [ PARAM ] array (
)
[ info ] [ LOG ] INIT File
---------------------------------------------------------------
[ 2018-06-27T15:56:12+08:00 ] 127.0.0.1 GET /wpad.dat
[ info ] wpad.com/wpad.dat [运行时间：0.052815s][吞吐率：18.93req/s] [内存消耗：1,720.08kb] [文件加载：38]
[ info ] [ LANG ] D:\Vc_PHP\Apache24\htdocs\2018\WorkManagement\shop\thinkphp\lang\zh-cn.php
[ info ] [ ROUTE ] array (
  'type' => 'module',
  'module' => 
  array (
    0 => 'wpad.dat',
    1 => NULL,
    2 => NULL,
  ),
)
[ info ] [ HEADER ] array (
  'connection' => 'Keep-Alive',
  'accept' => '*/*',
  'user-agent' => 'WinHttp-Autoproxy-Service/5.1',
  'host' => 'wpad.com',
)
[ info ] [ PARAM ] array (
)
[ info ] [ LOG ] INIT File
---------------------------------------------------------------
[ 2018-06-27T15:56:27+08:00 ] 127.0.0.1 GET /wpad.dat
[ info ] wpad.com/wpad.dat [运行时间：0.050217s][吞吐率：19.91req/s] [内存消耗：1,720.08kb] [文件加载：38]
[ info ] [ LANG ] D:\Vc_PHP\Apache24\htdocs\2018\WorkManagement\shop\thinkphp\lang\zh-cn.php
[ info ] [ ROUTE ] array (
  'type' => 'module',
  'module' => 
  array (
    0 => 'wpad.dat',
    1 => NULL,
    2 => NULL,
  ),
)
[ info ] [ HEADER ] array (
  'connection' => 'Keep-Alive',
  'accept' => '*/*',
  'user-agent' => 'WinHttp-Autoproxy-Service/5.1',
  'host' => 'wpad.com',
)
[ info ] [ PARAM ] array (
)
[ info ] [ LOG ] INIT File
---------------------------------------------------------------
[ 2018-06-27T15:57:27+08:00 ] 127.0.0.1 GET /wpad.dat
[ info ] wpad.com/wpad.dat [运行时间：0.044175s][吞吐率：22.64req/s] [内存消耗：1,720.08kb] [文件加载：38]
[ info ] [ LANG ] D:\Vc_PHP\Apache24\htdocs\2018\WorkManagement\shop\thinkphp\lang\zh-cn.php
[ info ] [ ROUTE ] array (
  'type' => 'module',
  'module' => 
  array (
    0 => 'wpad.dat',
    1 => NULL,
    2 => NULL,
  ),
)
[ info ] [ HEADER ] array (
  'connection' => 'Keep-Alive',
  'accept' => '*/*',
  'user-agent' => 'WinHttp-Autoproxy-Service/5.1',
  'host' => 'wpad.com',
)
[ info ] [ PARAM ] array (
)
[ info ] [ LOG ] INIT File
---------------------------------------------------------------
[ 2018-06-27T16:07:27+08:00 ] 127.0.0.1 GET /wpad.dat
[ info ] wpad.com/wpad.dat [运行时间：0.049578s][吞吐率：20.17req/s] [内存消耗：1,720.08kb] [文件加载：38]
[ info ] [ LANG ] D:\Vc_PHP\Apache24\htdocs\2018\WorkManagement\shop\thinkphp\lang\zh-cn.php
[ info ] [ ROUTE ] array (
  'type' => 'module',
  'module' => 
  array (
    0 => 'wpad.dat',
    1 => NULL,
    2 => NULL,
  ),
)
[ info ] [ HEADER ] array (
  'connection' => 'Keep-Alive',
  'accept' => '*/*',
  'user-agent' => 'WinHttp-Autoproxy-Service/5.1',
  'host' => 'wpad.com',
)
[ info ] [ PARAM ] array (
)
[ info ] [ LOG ] INIT File
---------------------------------------------------------------
[ 2018-06-27T16:17:27+08:00 ] 127.0.0.1 GET /wpad.dat
[ info ] wpad.com/wpad.dat [运行时间：0.048572s][吞吐率：20.59req/s] [内存消耗：1,720.08kb] [文件加载：38]
[ info ] [ LANG ] D:\Vc_PHP\Apache24\htdocs\2018\WorkManagement\shop\thinkphp\lang\zh-cn.php
[ info ] [ ROUTE ] array (
  'type' => 'module',
  'module' => 
  array (
    0 => 'wpad.dat',
    1 => NULL,
    2 => NULL,
  ),
)
[ info ] [ HEADER ] array (
  'connection' => 'Keep-Alive',
  'accept' => '*/*',
  'user-agent' => 'WinHttp-Autoproxy-Service/5.1',
  'host' => 'wpad.com',
)
[ info ] [ PARAM ] array (
)
[ info ] [ LOG ] INIT File
---------------------------------------------------------------
[ 2018-06-27T16:27:27+08:00 ] 127.0.0.1 GET /wpad.dat
[ info ] wpad.com/wpad.dat [运行时间：0.047344s][吞吐率：21.12req/s] [内存消耗：1,720.08kb] [文件加载：38]
[ info ] [ LANG ] D:\Vc_PHP\Apache24\htdocs\2018\WorkManagement\shop\thinkphp\lang\zh-cn.php
[ info ] [ ROUTE ] array (
  'type' => 'module',
  'module' => 
  array (
    0 => 'wpad.dat',
    1 => NULL,
    2 => NULL,
  ),
)
[ info ] [ HEADER ] array (
  'connection' => 'Keep-Alive',
  'accept' => '*/*',
  'user-agent' => 'WinHttp-Autoproxy-Service/5.1',
  'host' => 'wpad.com',
)
[ info ] [ PARAM ] array (
)
[ info ] [ LOG ] INIT File
---------------------------------------------------------------
[ 2018-06-27T16:37:27+08:00 ] 127.0.0.1 GET /wpad.dat
[ info ] wpad.com/wpad.dat [运行时间：0.059678s][吞吐率：16.76req/s] [内存消耗：1,720.08kb] [文件加载：38]
[ info ] [ LANG ] D:\Vc_PHP\Apache24\htdocs\2018\WorkManagement\shop\thinkphp\lang\zh-cn.php
[ info ] [ ROUTE ] array (
  'type' => 'module',
  'module' => 
  array (
    0 => 'wpad.dat',
    1 => NULL,
    2 => NULL,
  ),
)
[ info ] [ HEADER ] array (
  'connection' => 'Keep-Alive',
  'accept' => '*/*',
  'user-agent' => 'WinHttp-Autoproxy-Service/5.1',
  'host' => 'wpad.com',
)
[ info ] [ PARAM ] array (
)
[ info ] [ LOG ] INIT File
---------------------------------------------------------------
[ 2018-06-27T16:47:27+08:00 ] 127.0.0.1 GET /wpad.dat
[ info ] wpad.com/wpad.dat [运行时间：0.047977s][吞吐率：20.84req/s] [内存消耗：1,720.08kb] [文件加载：38]
[ info ] [ LANG ] D:\Vc_PHP\Apache24\htdocs\2018\WorkManagement\shop\thinkphp\lang\zh-cn.php
[ info ] [ ROUTE ] array (
  'type' => 'module',
  'module' => 
  array (
    0 => 'wpad.dat',
    1 => NULL,
    2 => NULL,
  ),
)
[ info ] [ HEADER ] array (
  'connection' => 'Keep-Alive',
  'accept' => '*/*',
  'user-agent' => 'WinHttp-Autoproxy-Service/5.1',
  'host' => 'wpad.com',
)
[ info ] [ PARAM ] array (
)
[ info ] [ LOG ] INIT File
---------------------------------------------------------------
[ 2018-06-27T16:57:27+08:00 ] 127.0.0.1 GET /wpad.dat
[ info ] wpad.com/wpad.dat [运行时间：0.054573s][吞吐率：18.32req/s] [内存消耗：1,720.08kb] [文件加载：38]
[ info ] [ LANG ] D:\Vc_PHP\Apache24\htdocs\2018\WorkManagement\shop\thinkphp\lang\zh-cn.php
[ info ] [ ROUTE ] array (
  'type' => 'module',
  'module' => 
  array (
    0 => 'wpad.dat',
    1 => NULL,
    2 => NULL,
  ),
)
[ info ] [ HEADER ] array (
  'connection' => 'Keep-Alive',
  'accept' => '*/*',
  'user-agent' => 'WinHttp-Autoproxy-Service/5.1',
  'host' => 'wpad.com',
)
[ info ] [ PARAM ] array (
)
[ info ] [ LOG ] INIT File
---------------------------------------------------------------
[ 2018-06-27T16:57:38+08:00 ] 127.0.0.1 GET /wpad.dat
[ info ] wpad.com/wpad.dat [运行时间：0.185866s][吞吐率：5.38req/s] [内存消耗：1,720.08kb] [文件加载：38]
[ info ] [ LANG ] D:\Vc_PHP\Apache24\htdocs\2018\WorkManagement\shop\thinkphp\lang\zh-cn.php
[ info ] [ ROUTE ] array (
  'type' => 'module',
  'module' => 
  array (
    0 => 'wpad.dat',
    1 => NULL,
    2 => NULL,
  ),
)
[ info ] [ HEADER ] array (
  'connection' => 'Keep-Alive',
  'accept' => '*/*',
  'user-agent' => 'WinHttp-Autoproxy-Service/5.1',
  'host' => 'wpad.com',
)
[ info ] [ PARAM ] array (
)
[ info ] [ LOG ] INIT File
---------------------------------------------------------------
[ 2018-06-27T16:57:53+08:00 ] 127.0.0.1 GET /wpad.dat
[ info ] wpad.com/wpad.dat [运行时间：0.050375s][吞吐率：19.85req/s] [内存消耗：1,720.08kb] [文件加载：38]
[ info ] [ LANG ] D:\Vc_PHP\Apache24\htdocs\2018\WorkManagement\shop\thinkphp\lang\zh-cn.php
[ info ] [ ROUTE ] array (
  'type' => 'module',
  'module' => 
  array (
    0 => 'wpad.dat',
    1 => NULL,
    2 => NULL,
  ),
)
[ info ] [ HEADER ] array (
  'connection' => 'Keep-Alive',
  'accept' => '*/*',
  'user-agent' => 'WinHttp-Autoproxy-Service/5.1',
  'host' => 'wpad.com',
)
[ info ] [ PARAM ] array (
)
[ info ] [ LOG ] INIT File
---------------------------------------------------------------
[ 2018-06-27T16:58:53+08:00 ] 127.0.0.1 GET /wpad.dat
[ info ] wpad.com/wpad.dat [运行时间：0.046261s][吞吐率：21.62req/s] [内存消耗：1,720.08kb] [文件加载：38]
[ info ] [ LANG ] D:\Vc_PHP\Apache24\htdocs\2018\WorkManagement\shop\thinkphp\lang\zh-cn.php
[ info ] [ ROUTE ] array (
  'type' => 'module',
  'module' => 
  array (
    0 => 'wpad.dat',
    1 => NULL,
    2 => NULL,
  ),
)
[ info ] [ HEADER ] array (
  'connection' => 'Keep-Alive',
  'accept' => '*/*',
  'user-agent' => 'WinHttp-Autoproxy-Service/5.1',
  'host' => 'wpad.com',
)
[ info ] [ PARAM ] array (
)
[ info ] [ LOG ] INIT File
---------------------------------------------------------------
[ 2018-06-27T17:08:53+08:00 ] 127.0.0.1 GET /wpad.dat
[ info ] wpad.com/wpad.dat [运行时间：0.050502s][吞吐率：19.80req/s] [内存消耗：1,720.08kb] [文件加载：38]
[ info ] [ LANG ] D:\Vc_PHP\Apache24\htdocs\2018\WorkManagement\shop\thinkphp\lang\zh-cn.php
[ info ] [ ROUTE ] array (
  'type' => 'module',
  'module' => 
  array (
    0 => 'wpad.dat',
    1 => NULL,
    2 => NULL,
  ),
)
[ info ] [ HEADER ] array (
  'connection' => 'Keep-Alive',
  'accept' => '*/*',
  'user-agent' => 'WinHttp-Autoproxy-Service/5.1',
  'host' => 'wpad.com',
)
[ info ] [ PARAM ] array (
)
[ info ] [ LOG ] INIT File
---------------------------------------------------------------
[ 2018-06-27T17:18:53+08:00 ] 127.0.0.1 GET /wpad.dat
[ info ] wpad.com/wpad.dat [运行时间：0.062959s][吞吐率：15.88req/s] [内存消耗：1,720.08kb] [文件加载：38]
[ info ] [ LANG ] D:\Vc_PHP\Apache24\htdocs\2018\WorkManagement\shop\thinkphp\lang\zh-cn.php
[ info ] [ ROUTE ] array (
  'type' => 'module',
  'module' => 
  array (
    0 => 'wpad.dat',
    1 => NULL,
    2 => NULL,
  ),
)
[ info ] [ HEADER ] array (
  'connection' => 'Keep-Alive',
  'accept' => '*/*',
  'user-agent' => 'WinHttp-Autoproxy-Service/5.1',
  'host' => 'wpad.com',
)
[ info ] [ PARAM ] array (
)
[ info ] [ LOG ] INIT File
---------------------------------------------------------------
[ 2018-06-27T17:28:53+08:00 ] 127.0.0.1 GET /wpad.dat
[ info ] wpad.com/wpad.dat [运行时间：0.057689s][吞吐率：17.33req/s] [内存消耗：1,720.08kb] [文件加载：38]
[ info ] [ LANG ] D:\Vc_PHP\Apache24\htdocs\2018\WorkManagement\shop\thinkphp\lang\zh-cn.php
[ info ] [ ROUTE ] array (
  'type' => 'module',
  'module' => 
  array (
    0 => 'wpad.dat',
    1 => NULL,
    2 => NULL,
  ),
)
[ info ] [ HEADER ] array (
  'connection' => 'Keep-Alive',
  'accept' => '*/*',
  'user-agent' => 'WinHttp-Autoproxy-Service/5.1',
  'host' => 'wpad.com',
)
[ info ] [ PARAM ] array (
)
[ info ] [ LOG ] INIT File
---------------------------------------------------------------
[ 2018-06-27T17:38:53+08:00 ] 127.0.0.1 GET /wpad.dat
[ info ] wpad.com/wpad.dat [运行时间：0.045658s][吞吐率：21.90req/s] [内存消耗：1,720.08kb] [文件加载：38]
[ info ] [ LANG ] D:\Vc_PHP\Apache24\htdocs\2018\WorkManagement\shop\thinkphp\lang\zh-cn.php
[ info ] [ ROUTE ] array (
  'type' => 'module',
  'module' => 
  array (
    0 => 'wpad.dat',
    1 => NULL,
    2 => NULL,
  ),
)
[ info ] [ HEADER ] array (
  'connection' => 'Keep-Alive',
  'accept' => '*/*',
  'user-agent' => 'WinHttp-Autoproxy-Service/5.1',
  'host' => 'wpad.com',
)
[ info ] [ PARAM ] array (
)
[ info ] [ LOG ] INIT File
---------------------------------------------------------------
[ 2018-06-27T17:48:53+08:00 ] 127.0.0.1 GET /wpad.dat
[ info ] wpad.com/wpad.dat [运行时间：0.046052s][吞吐率：21.71req/s] [内存消耗：1,720.08kb] [文件加载：38]
[ info ] [ LANG ] D:\Vc_PHP\Apache24\htdocs\2018\WorkManagement\shop\thinkphp\lang\zh-cn.php
[ info ] [ ROUTE ] array (
  'type' => 'module',
  'module' => 
  array (
    0 => 'wpad.dat',
    1 => NULL,
    2 => NULL,
  ),
)
[ info ] [ HEADER ] array (
  'connection' => 'Keep-Alive',
  'accept' => '*/*',
  'user-agent' => 'WinHttp-Autoproxy-Service/5.1',
  'host' => 'wpad.com',
)
[ info ] [ PARAM ] array (
)
[ info ] [ LOG ] INIT File
---------------------------------------------------------------
[ 2018-06-27T17:58:53+08:00 ] 127.0.0.1 GET /wpad.dat
[ info ] wpad.com/wpad.dat [运行时间：0.047651s][吞吐率：20.99req/s] [内存消耗：1,720.08kb] [文件加载：38]
[ info ] [ LANG ] D:\Vc_PHP\Apache24\htdocs\2018\WorkManagement\shop\thinkphp\lang\zh-cn.php
[ info ] [ ROUTE ] array (
  'type' => 'module',
  'module' => 
  array (
    0 => 'wpad.dat',
    1 => NULL,
    2 => NULL,
  ),
)
[ info ] [ HEADER ] array (
  'connection' => 'Keep-Alive',
  'accept' => '*/*',
  'user-agent' => 'WinHttp-Autoproxy-Service/5.1',
  'host' => 'wpad.com',
)
[ info ] [ PARAM ] array (
)
[ info ] [ LOG ] INIT File
---------------------------------------------------------------
[ 2018-06-27T18:08:53+08:00 ] 127.0.0.1 GET /wpad.dat
[ info ] wpad.com/wpad.dat [运行时间：0.057165s][吞吐率：17.49req/s] [内存消耗：1,720.08kb] [文件加载：38]
[ info ] [ LANG ] D:\Vc_PHP\Apache24\htdocs\2018\WorkManagement\shop\thinkphp\lang\zh-cn.php
[ info ] [ ROUTE ] array (
  'type' => 'module',
  'module' => 
  array (
    0 => 'wpad.dat',
    1 => NULL,
    2 => NULL,
  ),
)
[ info ] [ HEADER ] array (
  'connection' => 'Keep-Alive',
  'accept' => '*/*',
  'user-agent' => 'WinHttp-Autoproxy-Service/5.1',
  'host' => 'wpad.com',
)
[ info ] [ PARAM ] array (
)
[ info ] [ LOG ] INIT File
---------------------------------------------------------------
[ 2018-06-27T18:18:53+08:00 ] 127.0.0.1 GET /wpad.dat
[ info ] wpad.com/wpad.dat [运行时间：0.045268s][吞吐率：22.09req/s] [内存消耗：1,720.08kb] [文件加载：38]
[ info ] [ LANG ] D:\Vc_PHP\Apache24\htdocs\2018\WorkManagement\shop\thinkphp\lang\zh-cn.php
[ info ] [ ROUTE ] array (
  'type' => 'module',
  'module' => 
  array (
    0 => 'wpad.dat',
    1 => NULL,
    2 => NULL,
  ),
)
[ info ] [ HEADER ] array (
  'connection' => 'Keep-Alive',
  'accept' => '*/*',
  'user-agent' => 'WinHttp-Autoproxy-Service/5.1',
  'host' => 'wpad.com',
)
[ info ] [ PARAM ] array (
)
[ info ] [ LOG ] INIT File
---------------------------------------------------------------
[ 2018-06-27T18:28:53+08:00 ] 127.0.0.1 GET /wpad.dat
[ info ] wpad.com/wpad.dat [运行时间：0.048115s][吞吐率：20.78req/s] [内存消耗：1,720.08kb] [文件加载：38]
[ info ] [ LANG ] D:\Vc_PHP\Apache24\htdocs\2018\WorkManagement\shop\thinkphp\lang\zh-cn.php
[ info ] [ ROUTE ] array (
  'type' => 'module',
  'module' => 
  array (
    0 => 'wpad.dat',
    1 => NULL,
    2 => NULL,
  ),
)
[ info ] [ HEADER ] array (
  'connection' => 'Keep-Alive',
  'accept' => '*/*',
  'user-agent' => 'WinHttp-Autoproxy-Service/5.1',
  'host' => 'wpad.com',
)
[ info ] [ PARAM ] array (
)
[ info ] [ LOG ] INIT File
---------------------------------------------------------------
[ 2018-06-27T18:38:54+08:00 ] 127.0.0.1 GET /wpad.dat
[ info ] wpad.com/wpad.dat [运行时间：0.828449s][吞吐率：1.21req/s] [内存消耗：1,720.08kb] [文件加载：38]
[ info ] [ LANG ] D:\Vc_PHP\Apache24\htdocs\2018\WorkManagement\shop\thinkphp\lang\zh-cn.php
[ info ] [ ROUTE ] array (
  'type' => 'module',
  'module' => 
  array (
    0 => 'wpad.dat',
    1 => NULL,
    2 => NULL,
  ),
)
[ info ] [ HEADER ] array (
  'connection' => 'Keep-Alive',
  'accept' => '*/*',
  'user-agent' => 'WinHttp-Autoproxy-Service/5.1',
  'host' => 'wpad.com',
)
[ info ] [ PARAM ] array (
)
[ info ] [ LOG ] INIT File
---------------------------------------------------------------
[ 2018-06-27T18:48:54+08:00 ] 127.0.0.1 GET /wpad.dat
[ info ] wpad.com/wpad.dat [运行时间：0.050762s][吞吐率：19.70req/s] [内存消耗：1,720.08kb] [文件加载：38]
[ info ] [ LANG ] D:\Vc_PHP\Apache24\htdocs\2018\WorkManagement\shop\thinkphp\lang\zh-cn.php
[ info ] [ ROUTE ] array (
  'type' => 'module',
  'module' => 
  array (
    0 => 'wpad.dat',
    1 => NULL,
    2 => NULL,
  ),
)
[ info ] [ HEADER ] array (
  'connection' => 'Keep-Alive',
  'accept' => '*/*',
  'user-agent' => 'WinHttp-Autoproxy-Service/5.1',
  'host' => 'wpad.com',
)
[ info ] [ PARAM ] array (
)
[ info ] [ LOG ] INIT File
---------------------------------------------------------------
[ 2018-06-27T18:58:54+08:00 ] 127.0.0.1 GET /wpad.dat
[ info ] wpad.com/wpad.dat [运行时间：0.050257s][吞吐率：19.90req/s] [内存消耗：1,720.08kb] [文件加载：38]
[ info ] [ LANG ] D:\Vc_PHP\Apache24\htdocs\2018\WorkManagement\shop\thinkphp\lang\zh-cn.php
[ info ] [ ROUTE ] array (
  'type' => 'module',
  'module' => 
  array (
    0 => 'wpad.dat',
    1 => NULL,
    2 => NULL,
  ),
)
[ info ] [ HEADER ] array (
  'connection' => 'Keep-Alive',
  'accept' => '*/*',
  'user-agent' => 'WinHttp-Autoproxy-Service/5.1',
  'host' => 'wpad.com',
)
[ info ] [ PARAM ] array (
)
[ info ] [ LOG ] INIT File
---------------------------------------------------------------
[ 2018-06-27T19:08:54+08:00 ] 127.0.0.1 GET /wpad.dat
[ info ] wpad.com/wpad.dat [运行时间：0.045414s][吞吐率：22.02req/s] [内存消耗：1,720.08kb] [文件加载：38]
[ info ] [ LANG ] D:\Vc_PHP\Apache24\htdocs\2018\WorkManagement\shop\thinkphp\lang\zh-cn.php
[ info ] [ ROUTE ] array (
  'type' => 'module',
  'module' => 
  array (
    0 => 'wpad.dat',
    1 => NULL,
    2 => NULL,
  ),
)
[ info ] [ HEADER ] array (
  'connection' => 'Keep-Alive',
  'accept' => '*/*',
  'user-agent' => 'WinHttp-Autoproxy-Service/5.1',
  'host' => 'wpad.com',
)
[ info ] [ PARAM ] array (
)
[ info ] [ LOG ] INIT File
---------------------------------------------------------------
[ 2018-06-27T19:18:55+08:00 ] 127.0.0.1 GET /wpad.dat
[ info ] wpad.com/wpad.dat [运行时间：0.057000s][吞吐率：17.54req/s] [内存消耗：1,720.08kb] [文件加载：38]
[ info ] [ LANG ] D:\Vc_PHP\Apache24\htdocs\2018\WorkManagement\shop\thinkphp\lang\zh-cn.php
[ info ] [ ROUTE ] array (
  'type' => 'module',
  'module' => 
  array (
    0 => 'wpad.dat',
    1 => NULL,
    2 => NULL,
  ),
)
[ info ] [ HEADER ] array (
  'connection' => 'Keep-Alive',
  'accept' => '*/*',
  'user-agent' => 'WinHttp-Autoproxy-Service/5.1',
  'host' => 'wpad.com',
)
[ info ] [ PARAM ] array (
)
[ info ] [ LOG ] INIT File
---------------------------------------------------------------
[ 2018-06-27T19:28:55+08:00 ] 127.0.0.1 GET /wpad.dat
[ info ] wpad.com/wpad.dat [运行时间：0.052720s][吞吐率：18.97req/s] [内存消耗：1,720.08kb] [文件加载：38]
[ info ] [ LANG ] D:\Vc_PHP\Apache24\htdocs\2018\WorkManagement\shop\thinkphp\lang\zh-cn.php
[ info ] [ ROUTE ] array (
  'type' => 'module',
  'module' => 
  array (
    0 => 'wpad.dat',
    1 => NULL,
    2 => NULL,
  ),
)
[ info ] [ HEADER ] array (
  'connection' => 'Keep-Alive',
  'accept' => '*/*',
  'user-agent' => 'WinHttp-Autoproxy-Service/5.1',
  'host' => 'wpad.com',
)
[ info ] [ PARAM ] array (
)
[ info ] [ LOG ] INIT File
---------------------------------------------------------------
[ 2018-06-27T19:38:55+08:00 ] 127.0.0.1 GET /wpad.dat
[ info ] wpad.com/wpad.dat [运行时间：0.052471s][吞吐率：19.06req/s] [内存消耗：1,720.08kb] [文件加载：38]
[ info ] [ LANG ] D:\Vc_PHP\Apache24\htdocs\2018\WorkManagement\shop\thinkphp\lang\zh-cn.php
[ info ] [ ROUTE ] array (
  'type' => 'module',
  'module' => 
  array (
    0 => 'wpad.dat',
    1 => NULL,
    2 => NULL,
  ),
)
[ info ] [ HEADER ] array (
  'connection' => 'Keep-Alive',
  'accept' => '*/*',
  'user-agent' => 'WinHttp-Autoproxy-Service/5.1',
  'host' => 'wpad.com',
)
[ info ] [ PARAM ] array (
)
[ info ] [ LOG ] INIT File
---------------------------------------------------------------
[ 2018-06-27T19:48:55+08:00 ] 127.0.0.1 GET /wpad.dat
[ info ] wpad.com/wpad.dat [运行时间：0.065690s][吞吐率：15.22req/s] [内存消耗：1,720.08kb] [文件加载：38]
[ info ] [ LANG ] D:\Vc_PHP\Apache24\htdocs\2018\WorkManagement\shop\thinkphp\lang\zh-cn.php
[ info ] [ ROUTE ] array (
  'type' => 'module',
  'module' => 
  array (
    0 => 'wpad.dat',
    1 => NULL,
    2 => NULL,
  ),
)
[ info ] [ HEADER ] array (
  'connection' => 'Keep-Alive',
  'accept' => '*/*',
  'user-agent' => 'WinHttp-Autoproxy-Service/5.1',
  'host' => 'wpad.com',
)
[ info ] [ PARAM ] array (
)
[ info ] [ LOG ] INIT File
---------------------------------------------------------------
[ 2018-06-27T19:58:55+08:00 ] 127.0.0.1 GET /wpad.dat
[ info ] wpad.com/wpad.dat [运行时间：0.065658s][吞吐率：15.23req/s] [内存消耗：1,720.08kb] [文件加载：38]
[ info ] [ LANG ] D:\Vc_PHP\Apache24\htdocs\2018\WorkManagement\shop\thinkphp\lang\zh-cn.php
[ info ] [ ROUTE ] array (
  'type' => 'module',
  'module' => 
  array (
    0 => 'wpad.dat',
    1 => NULL,
    2 => NULL,
  ),
)
[ info ] [ HEADER ] array (
  'connection' => 'Keep-Alive',
  'accept' => '*/*',
  'user-agent' => 'WinHttp-Autoproxy-Service/5.1',
  'host' => 'wpad.com',
)
[ info ] [ PARAM ] array (
)
[ info ] [ LOG ] INIT File
---------------------------------------------------------------
[ 2018-06-27T20:08:55+08:00 ] 127.0.0.1 GET /wpad.dat
[ info ] wpad.com/wpad.dat [运行时间：0.435389s][吞吐率：2.30req/s] [内存消耗：1,720.08kb] [文件加载：38]
[ info ] [ LANG ] D:\Vc_PHP\Apache24\htdocs\2018\WorkManagement\shop\thinkphp\lang\zh-cn.php
[ info ] [ ROUTE ] array (
  'type' => 'module',
  'module' => 
  array (
    0 => 'wpad.dat',
    1 => NULL,
    2 => NULL,
  ),
)
[ info ] [ HEADER ] array (
  'connection' => 'Keep-Alive',
  'accept' => '*/*',
  'user-agent' => 'WinHttp-Autoproxy-Service/5.1',
  'host' => 'wpad.com',
)
[ info ] [ PARAM ] array (
)
[ info ] [ LOG ] INIT File
---------------------------------------------------------------
[ 2018-06-27T20:18:55+08:00 ] 127.0.0.1 GET /wpad.dat
[ info ] wpad.com/wpad.dat [运行时间：0.061140s][吞吐率：16.36req/s] [内存消耗：1,720.08kb] [文件加载：38]
[ info ] [ LANG ] D:\Vc_PHP\Apache24\htdocs\2018\WorkManagement\shop\thinkphp\lang\zh-cn.php
[ info ] [ ROUTE ] array (
  'type' => 'module',
  'module' => 
  array (
    0 => 'wpad.dat',
    1 => NULL,
    2 => NULL,
  ),
)
[ info ] [ HEADER ] array (
  'connection' => 'Keep-Alive',
  'accept' => '*/*',
  'user-agent' => 'WinHttp-Autoproxy-Service/5.1',
  'host' => 'wpad.com',
)
[ info ] [ PARAM ] array (
)
[ info ] [ LOG ] INIT File
---------------------------------------------------------------
[ 2018-06-27T20:28:56+08:00 ] 127.0.0.1 GET /wpad.dat
[ info ] wpad.com/wpad.dat [运行时间：0.060496s][吞吐率：16.53req/s] [内存消耗：1,720.08kb] [文件加载：38]
[ info ] [ LANG ] D:\Vc_PHP\Apache24\htdocs\2018\WorkManagement\shop\thinkphp\lang\zh-cn.php
[ info ] [ ROUTE ] array (
  'type' => 'module',
  'module' => 
  array (
    0 => 'wpad.dat',
    1 => NULL,
    2 => NULL,
  ),
)
[ info ] [ HEADER ] array (
  'connection' => 'Keep-Alive',
  'accept' => '*/*',
  'user-agent' => 'WinHttp-Autoproxy-Service/5.1',
  'host' => 'wpad.com',
)
[ info ] [ PARAM ] array (
)
[ info ] [ LOG ] INIT File
---------------------------------------------------------------
[ 2018-06-27T20:38:56+08:00 ] 127.0.0.1 GET /wpad.dat
[ info ] wpad.com/wpad.dat [运行时间：0.049544s][吞吐率：20.18req/s] [内存消耗：1,720.08kb] [文件加载：38]
[ info ] [ LANG ] D:\Vc_PHP\Apache24\htdocs\2018\WorkManagement\shop\thinkphp\lang\zh-cn.php
[ info ] [ ROUTE ] array (
  'type' => 'module',
  'module' => 
  array (
    0 => 'wpad.dat',
    1 => NULL,
    2 => NULL,
  ),
)
[ info ] [ HEADER ] array (
  'connection' => 'Keep-Alive',
  'accept' => '*/*',
  'user-agent' => 'WinHttp-Autoproxy-Service/5.1',
  'host' => 'wpad.com',
)
[ info ] [ PARAM ] array (
)
[ info ] [ LOG ] INIT File
---------------------------------------------------------------
[ 2018-06-27T20:48:56+08:00 ] 127.0.0.1 GET /wpad.dat
[ info ] wpad.com/wpad.dat [运行时间：0.073106s][吞吐率：13.68req/s] [内存消耗：1,720.08kb] [文件加载：38]
[ info ] [ LANG ] D:\Vc_PHP\Apache24\htdocs\2018\WorkManagement\shop\thinkphp\lang\zh-cn.php
[ info ] [ ROUTE ] array (
  'type' => 'module',
  'module' => 
  array (
    0 => 'wpad.dat',
    1 => NULL,
    2 => NULL,
  ),
)
[ info ] [ HEADER ] array (
  'connection' => 'Keep-Alive',
  'accept' => '*/*',
  'user-agent' => 'WinHttp-Autoproxy-Service/5.1',
  'host' => 'wpad.com',
)
[ info ] [ PARAM ] array (
)
[ info ] [ LOG ] INIT File
---------------------------------------------------------------
[ 2018-06-27T20:58:56+08:00 ] 127.0.0.1 GET /wpad.dat
[ info ] wpad.com/wpad.dat [运行时间：0.047289s][吞吐率：21.15req/s] [内存消耗：1,720.08kb] [文件加载：38]
[ info ] [ LANG ] D:\Vc_PHP\Apache24\htdocs\2018\WorkManagement\shop\thinkphp\lang\zh-cn.php
[ info ] [ ROUTE ] array (
  'type' => 'module',
  'module' => 
  array (
    0 => 'wpad.dat',
    1 => NULL,
    2 => NULL,
  ),
)
[ info ] [ HEADER ] array (
  'connection' => 'Keep-Alive',
  'accept' => '*/*',
  'user-agent' => 'WinHttp-Autoproxy-Service/5.1',
  'host' => 'wpad.com',
)
[ info ] [ PARAM ] array (
)
[ info ] [ LOG ] INIT File
---------------------------------------------------------------
[ 2018-06-27T21:08:56+08:00 ] 127.0.0.1 GET /wpad.dat
[ info ] wpad.com/wpad.dat [运行时间：0.062937s][吞吐率：15.89req/s] [内存消耗：1,720.08kb] [文件加载：38]
[ info ] [ LANG ] D:\Vc_PHP\Apache24\htdocs\2018\WorkManagement\shop\thinkphp\lang\zh-cn.php
[ info ] [ ROUTE ] array (
  'type' => 'module',
  'module' => 
  array (
    0 => 'wpad.dat',
    1 => NULL,
    2 => NULL,
  ),
)
[ info ] [ HEADER ] array (
  'connection' => 'Keep-Alive',
  'accept' => '*/*',
  'user-agent' => 'WinHttp-Autoproxy-Service/5.1',
  'host' => 'wpad.com',
)
[ info ] [ PARAM ] array (
)
[ info ] [ LOG ] INIT File
---------------------------------------------------------------
[ 2018-06-27T21:18:56+08:00 ] 127.0.0.1 GET /wpad.dat
[ info ] wpad.com/wpad.dat [运行时间：0.055085s][吞吐率：18.15req/s] [内存消耗：1,720.08kb] [文件加载：38]
[ info ] [ LANG ] D:\Vc_PHP\Apache24\htdocs\2018\WorkManagement\shop\thinkphp\lang\zh-cn.php
[ info ] [ ROUTE ] array (
  'type' => 'module',
  'module' => 
  array (
    0 => 'wpad.dat',
    1 => NULL,
    2 => NULL,
  ),
)
[ info ] [ HEADER ] array (
  'connection' => 'Keep-Alive',
  'accept' => '*/*',
  'user-agent' => 'WinHttp-Autoproxy-Service/5.1',
  'host' => 'wpad.com',
)
[ info ] [ PARAM ] array (
)
[ info ] [ LOG ] INIT File
---------------------------------------------------------------
[ 2018-06-27T21:28:56+08:00 ] 127.0.0.1 GET /wpad.dat
[ info ] wpad.com/wpad.dat [运行时间：0.057980s][吞吐率：17.25req/s] [内存消耗：1,720.08kb] [文件加载：38]
[ info ] [ LANG ] D:\Vc_PHP\Apache24\htdocs\2018\WorkManagement\shop\thinkphp\lang\zh-cn.php
[ info ] [ ROUTE ] array (
  'type' => 'module',
  'module' => 
  array (
    0 => 'wpad.dat',
    1 => NULL,
    2 => NULL,
  ),
)
[ info ] [ HEADER ] array (
  'connection' => 'Keep-Alive',
  'accept' => '*/*',
  'user-agent' => 'WinHttp-Autoproxy-Service/5.1',
  'host' => 'wpad.com',
)
[ info ] [ PARAM ] array (
)
[ info ] [ LOG ] INIT File
---------------------------------------------------------------
[ 2018-06-27T21:38:56+08:00 ] 127.0.0.1 GET /wpad.dat
[ info ] wpad.com/wpad.dat [运行时间：0.065253s][吞吐率：15.32req/s] [内存消耗：1,720.08kb] [文件加载：38]
[ info ] [ LANG ] D:\Vc_PHP\Apache24\htdocs\2018\WorkManagement\shop\thinkphp\lang\zh-cn.php
[ info ] [ ROUTE ] array (
  'type' => 'module',
  'module' => 
  array (
    0 => 'wpad.dat',
    1 => NULL,
    2 => NULL,
  ),
)
[ info ] [ HEADER ] array (
  'connection' => 'Keep-Alive',
  'accept' => '*/*',
  'user-agent' => 'WinHttp-Autoproxy-Service/5.1',
  'host' => 'wpad.com',
)
[ info ] [ PARAM ] array (
)
[ info ] [ LOG ] INIT File
---------------------------------------------------------------
[ 2018-06-27T21:48:56+08:00 ] 127.0.0.1 GET /wpad.dat
[ info ] wpad.com/wpad.dat [运行时间：0.058178s][吞吐率：17.19req/s] [内存消耗：1,720.08kb] [文件加载：38]
[ info ] [ LANG ] D:\Vc_PHP\Apache24\htdocs\2018\WorkManagement\shop\thinkphp\lang\zh-cn.php
[ info ] [ ROUTE ] array (
  'type' => 'module',
  'module' => 
  array (
    0 => 'wpad.dat',
    1 => NULL,
    2 => NULL,
  ),
)
[ info ] [ HEADER ] array (
  'connection' => 'Keep-Alive',
  'accept' => '*/*',
  'user-agent' => 'WinHttp-Autoproxy-Service/5.1',
  'host' => 'wpad.com',
)
[ info ] [ PARAM ] array (
)
[ info ] [ LOG ] INIT File
---------------------------------------------------------------
[ 2018-06-27T21:58:56+08:00 ] 127.0.0.1 GET /wpad.dat
[ info ] wpad.com/wpad.dat [运行时间：0.071363s][吞吐率：14.01req/s] [内存消耗：1,720.08kb] [文件加载：38]
[ info ] [ LANG ] D:\Vc_PHP\Apache24\htdocs\2018\WorkManagement\shop\thinkphp\lang\zh-cn.php
[ info ] [ ROUTE ] array (
  'type' => 'module',
  'module' => 
  array (
    0 => 'wpad.dat',
    1 => NULL,
    2 => NULL,
  ),
)
[ info ] [ HEADER ] array (
  'connection' => 'Keep-Alive',
  'accept' => '*/*',
  'user-agent' => 'WinHttp-Autoproxy-Service/5.1',
  'host' => 'wpad.com',
)
[ info ] [ PARAM ] array (
)
[ info ] [ LOG ] INIT File
---------------------------------------------------------------
[ 2018-06-27T22:08:57+08:00 ] 127.0.0.1 GET /wpad.dat
[ info ] wpad.com/wpad.dat [运行时间：0.073343s][吞吐率：13.63req/s] [内存消耗：1,720.08kb] [文件加载：38]
[ info ] [ LANG ] D:\Vc_PHP\Apache24\htdocs\2018\WorkManagement\shop\thinkphp\lang\zh-cn.php
[ info ] [ ROUTE ] array (
  'type' => 'module',
  'module' => 
  array (
    0 => 'wpad.dat',
    1 => NULL,
    2 => NULL,
  ),
)
[ info ] [ HEADER ] array (
  'connection' => 'Keep-Alive',
  'accept' => '*/*',
  'user-agent' => 'WinHttp-Autoproxy-Service/5.1',
  'host' => 'wpad.com',
)
[ info ] [ PARAM ] array (
)
[ info ] [ LOG ] INIT File
---------------------------------------------------------------
[ 2018-06-27T22:18:57+08:00 ] 127.0.0.1 GET /wpad.dat
[ info ] wpad.com/wpad.dat [运行时间：0.063188s][吞吐率：15.83req/s] [内存消耗：1,720.08kb] [文件加载：38]
[ info ] [ LANG ] D:\Vc_PHP\Apache24\htdocs\2018\WorkManagement\shop\thinkphp\lang\zh-cn.php
[ info ] [ ROUTE ] array (
  'type' => 'module',
  'module' => 
  array (
    0 => 'wpad.dat',
    1 => NULL,
    2 => NULL,
  ),
)
[ info ] [ HEADER ] array (
  'connection' => 'Keep-Alive',
  'accept' => '*/*',
  'user-agent' => 'WinHttp-Autoproxy-Service/5.1',
  'host' => 'wpad.com',
)
[ info ] [ PARAM ] array (
)
[ info ] [ LOG ] INIT File
---------------------------------------------------------------
[ 2018-06-27T22:28:57+08:00 ] 127.0.0.1 GET /wpad.dat
[ info ] wpad.com/wpad.dat [运行时间：0.051641s][吞吐率：19.36req/s] [内存消耗：1,720.08kb] [文件加载：38]
[ info ] [ LANG ] D:\Vc_PHP\Apache24\htdocs\2018\WorkManagement\shop\thinkphp\lang\zh-cn.php
[ info ] [ ROUTE ] array (
  'type' => 'module',
  'module' => 
  array (
    0 => 'wpad.dat',
    1 => NULL,
    2 => NULL,
  ),
)
[ info ] [ HEADER ] array (
  'connection' => 'Keep-Alive',
  'accept' => '*/*',
  'user-agent' => 'WinHttp-Autoproxy-Service/5.1',
  'host' => 'wpad.com',
)
[ info ] [ PARAM ] array (
)
[ info ] [ LOG ] INIT File
---------------------------------------------------------------
[ 2018-06-27T22:30:33+08:00 ] 127.0.0.1 GET /wpad.dat
[ info ] wpad.com/wpad.dat [运行时间：0.117691s][吞吐率：8.50req/s] [内存消耗：1,720.08kb] [文件加载：38]
[ info ] [ LANG ] D:\Vc_PHP\Apache24\htdocs\2018\WorkManagement\shop\thinkphp\lang\zh-cn.php
[ info ] [ ROUTE ] array (
  'type' => 'module',
  'module' => 
  array (
    0 => 'wpad.dat',
    1 => NULL,
    2 => NULL,
  ),
)
[ info ] [ HEADER ] array (
  'connection' => 'Keep-Alive',
  'accept' => '*/*',
  'user-agent' => 'WinHttp-Autoproxy-Service/5.1',
  'host' => 'wpad.com',
)
[ info ] [ PARAM ] array (
)
[ info ] [ LOG ] INIT File
---------------------------------------------------------------
[ 2018-06-27T22:30:48+08:00 ] 127.0.0.1 GET /wpad.dat
[ info ] wpad.com/wpad.dat [运行时间：0.045760s][吞吐率：21.85req/s] [内存消耗：1,720.08kb] [文件加载：38]
[ info ] [ LANG ] D:\Vc_PHP\Apache24\htdocs\2018\WorkManagement\shop\thinkphp\lang\zh-cn.php
[ info ] [ ROUTE ] array (
  'type' => 'module',
  'module' => 
  array (
    0 => 'wpad.dat',
    1 => NULL,
    2 => NULL,
  ),
)
[ info ] [ HEADER ] array (
  'connection' => 'Keep-Alive',
  'accept' => '*/*',
  'user-agent' => 'WinHttp-Autoproxy-Service/5.1',
  'host' => 'wpad.com',
)
[ info ] [ PARAM ] array (
)
[ info ] [ LOG ] INIT File
---------------------------------------------------------------
[ 2018-06-27T22:31:49+08:00 ] 127.0.0.1 GET /wpad.dat
[ info ] wpad.com/wpad.dat [运行时间：0.056669s][吞吐率：17.65req/s] [内存消耗：1,720.08kb] [文件加载：38]
[ info ] [ LANG ] D:\Vc_PHP\Apache24\htdocs\2018\WorkManagement\shop\thinkphp\lang\zh-cn.php
[ info ] [ ROUTE ] array (
  'type' => 'module',
  'module' => 
  array (
    0 => 'wpad.dat',
    1 => NULL,
    2 => NULL,
  ),
)
[ info ] [ HEADER ] array (
  'connection' => 'Keep-Alive',
  'accept' => '*/*',
  'user-agent' => 'WinHttp-Autoproxy-Service/5.1',
  'host' => 'wpad.com',
)
[ info ] [ PARAM ] array (
)
[ info ] [ LOG ] INIT File
---------------------------------------------------------------
[ 2018-06-27T22:41:49+08:00 ] 127.0.0.1 GET /wpad.dat
[ info ] wpad.com/wpad.dat [运行时间：0.057603s][吞吐率：17.36req/s] [内存消耗：1,720.08kb] [文件加载：38]
[ info ] [ LANG ] D:\Vc_PHP\Apache24\htdocs\2018\WorkManagement\shop\thinkphp\lang\zh-cn.php
[ info ] [ ROUTE ] array (
  'type' => 'module',
  'module' => 
  array (
    0 => 'wpad.dat',
    1 => NULL,
    2 => NULL,
  ),
)
[ info ] [ HEADER ] array (
  'connection' => 'Keep-Alive',
  'accept' => '*/*',
  'user-agent' => 'WinHttp-Autoproxy-Service/5.1',
  'host' => 'wpad.com',
)
[ info ] [ PARAM ] array (
)
[ info ] [ LOG ] INIT File
---------------------------------------------------------------
[ 2018-06-27T22:51:49+08:00 ] 127.0.0.1 GET /wpad.dat
[ info ] wpad.com/wpad.dat [运行时间：0.055271s][吞吐率：18.09req/s] [内存消耗：1,720.08kb] [文件加载：38]
[ info ] [ LANG ] D:\Vc_PHP\Apache24\htdocs\2018\WorkManagement\shop\thinkphp\lang\zh-cn.php
[ info ] [ ROUTE ] array (
  'type' => 'module',
  'module' => 
  array (
    0 => 'wpad.dat',
    1 => NULL,
    2 => NULL,
  ),
)
[ info ] [ HEADER ] array (
  'connection' => 'Keep-Alive',
  'accept' => '*/*',
  'user-agent' => 'WinHttp-Autoproxy-Service/5.1',
  'host' => 'wpad.com',
)
[ info ] [ PARAM ] array (
)
[ info ] [ LOG ] INIT File
---------------------------------------------------------------
[ 2018-06-27T23:01:49+08:00 ] 127.0.0.1 GET /wpad.dat
[ info ] wpad.com/wpad.dat [运行时间：0.058575s][吞吐率：17.07req/s] [内存消耗：1,720.08kb] [文件加载：38]
[ info ] [ LANG ] D:\Vc_PHP\Apache24\htdocs\2018\WorkManagement\shop\thinkphp\lang\zh-cn.php
[ info ] [ ROUTE ] array (
  'type' => 'module',
  'module' => 
  array (
    0 => 'wpad.dat',
    1 => NULL,
    2 => NULL,
  ),
)
[ info ] [ HEADER ] array (
  'connection' => 'Keep-Alive',
  'accept' => '*/*',
  'user-agent' => 'WinHttp-Autoproxy-Service/5.1',
  'host' => 'wpad.com',
)
[ info ] [ PARAM ] array (
)
[ info ] [ LOG ] INIT File
---------------------------------------------------------------
[ 2018-06-27T23:05:44+08:00 ] 127.0.0.1 GET /wpad.dat
[ info ] wpad.com/wpad.dat [运行时间：0.070589s][吞吐率：14.17req/s] [内存消耗：1,720.08kb] [文件加载：38]
[ info ] [ LANG ] D:\Vc_PHP\Apache24\htdocs\2018\WorkManagement\shop\thinkphp\lang\zh-cn.php
[ info ] [ ROUTE ] array (
  'type' => 'module',
  'module' => 
  array (
    0 => 'wpad.dat',
    1 => NULL,
    2 => NULL,
  ),
)
[ info ] [ HEADER ] array (
  'connection' => 'Keep-Alive',
  'accept' => '*/*',
  'user-agent' => 'WinHttp-Autoproxy-Service/5.1',
  'host' => 'wpad.com',
)
[ info ] [ PARAM ] array (
)
[ info ] [ LOG ] INIT File
---------------------------------------------------------------
[ 2018-06-27T23:07:56+08:00 ] 127.0.0.1 GET /wpad.dat
[ info ] wpad.com/wpad.dat [运行时间：0.054401s][吞吐率：18.38req/s] [内存消耗：1,720.08kb] [文件加载：38]
[ info ] [ LANG ] D:\Vc_PHP\Apache24\htdocs\2018\WorkManagement\shop\thinkphp\lang\zh-cn.php
[ info ] [ ROUTE ] array (
  'type' => 'module',
  'module' => 
  array (
    0 => 'wpad.dat',
    1 => NULL,
    2 => NULL,
  ),
)
[ info ] [ HEADER ] array (
  'connection' => 'Keep-Alive',
  'accept' => '*/*',
  'user-agent' => 'WinHttp-Autoproxy-Service/5.1',
  'host' => 'wpad.com',
)
[ info ] [ PARAM ] array (
)
[ info ] [ LOG ] INIT File
---------------------------------------------------------------
[ 2018-06-27T23:17:56+08:00 ] 127.0.0.1 GET /wpad.dat
[ info ] wpad.com/wpad.dat [运行时间：0.062304s][吞吐率：16.05req/s] [内存消耗：1,720.08kb] [文件加载：38]
[ info ] [ LANG ] D:\Vc_PHP\Apache24\htdocs\2018\WorkManagement\shop\thinkphp\lang\zh-cn.php
[ info ] [ ROUTE ] array (
  'type' => 'module',
  'module' => 
  array (
    0 => 'wpad.dat',
    1 => NULL,
    2 => NULL,
  ),
)
[ info ] [ HEADER ] array (
  'connection' => 'Keep-Alive',
  'accept' => '*/*',
  'user-agent' => 'WinHttp-Autoproxy-Service/5.1',
  'host' => 'wpad.com',
)
[ info ] [ PARAM ] array (
)
[ info ] [ LOG ] INIT File
---------------------------------------------------------------
[ 2018-06-27T23:27:56+08:00 ] 127.0.0.1 GET /wpad.dat
[ info ] wpad.com/wpad.dat [运行时间：0.047959s][吞吐率：20.85req/s] [内存消耗：1,720.08kb] [文件加载：38]
[ info ] [ LANG ] D:\Vc_PHP\Apache24\htdocs\2018\WorkManagement\shop\thinkphp\lang\zh-cn.php
[ info ] [ ROUTE ] array (
  'type' => 'module',
  'module' => 
  array (
    0 => 'wpad.dat',
    1 => NULL,
    2 => NULL,
  ),
)
[ info ] [ HEADER ] array (
  'connection' => 'Keep-Alive',
  'accept' => '*/*',
  'user-agent' => 'WinHttp-Autoproxy-Service/5.1',
  'host' => 'wpad.com',
)
[ info ] [ PARAM ] array (
)
[ info ] [ LOG ] INIT File
---------------------------------------------------------------
[ 2018-06-27T23:37:57+08:00 ] 127.0.0.1 GET /wpad.dat
[ info ] wpad.com/wpad.dat [运行时间：0.045450s][吞吐率：22.00req/s] [内存消耗：1,720.08kb] [文件加载：38]
[ info ] [ LANG ] D:\Vc_PHP\Apache24\htdocs\2018\WorkManagement\shop\thinkphp\lang\zh-cn.php
[ info ] [ ROUTE ] array (
  'type' => 'module',
  'module' => 
  array (
    0 => 'wpad.dat',
    1 => NULL,
    2 => NULL,
  ),
)
[ info ] [ HEADER ] array (
  'connection' => 'Keep-Alive',
  'accept' => '*/*',
  'user-agent' => 'WinHttp-Autoproxy-Service/5.1',
  'host' => 'wpad.com',
)
[ info ] [ PARAM ] array (
)
[ info ] [ LOG ] INIT File
