---------------------------------------------------------------
[ 2018-05-06T00:02:32+08:00 ] 127.0.0.1 GET /wpad.dat
[ info ] wpad.com/wpad.dat [运行时间：0.025661s][吞吐率：38.97req/s] [内存消耗：1,431.89kb] [文件加载：38]
[ info ] [ LANG ] D:\Vc_PHP\Apache24\htdocs\2018\TP5\ThinkPHP\thinkphp\lang\zh-cn.php
[ info ] [ ROUTE ] array (
  'type' => 'module',
  'module' => 
  array (
    0 => 'wpad.dat',
    1 => NULL,
    2 => NULL,
  ),
)
[ info ] [ HEADER ] array (
  'connection' => 'Keep-Alive',
  'accept' => '*/*',
  'user-agent' => 'WinHttp-Autoproxy-Service/5.1',
  'host' => 'wpad.com',
)
[ info ] [ PARAM ] array (
)
[ info ] [ LOG ] INIT File
---------------------------------------------------------------
[ 2018-05-06T00:12:33+08:00 ] 127.0.0.1 GET /wpad.dat
[ info ] wpad.com/wpad.dat [运行时间：0.031312s][吞吐率：31.94req/s] [内存消耗：1,431.91kb] [文件加载：38]
[ info ] [ LANG ] D:\Vc_PHP\Apache24\htdocs\2018\TP5\ThinkPHP\thinkphp\lang\zh-cn.php
[ info ] [ ROUTE ] array (
  'type' => 'module',
  'module' => 
  array (
    0 => 'wpad.dat',
    1 => NULL,
    2 => NULL,
  ),
)
[ info ] [ HEADER ] array (
  'connection' => 'Keep-Alive',
  'accept' => '*/*',
  'user-agent' => 'WinHttp-Autoproxy-Service/5.1',
  'host' => 'wpad.com',
)
[ info ] [ PARAM ] array (
)
[ info ] [ LOG ] INIT File
---------------------------------------------------------------
[ 2018-05-06T00:22:33+08:00 ] 127.0.0.1 GET /wpad.dat
[ info ] wpad.com/wpad.dat [运行时间：0.029316s][吞吐率：34.11req/s] [内存消耗：1,431.91kb] [文件加载：38]
[ info ] [ LANG ] D:\Vc_PHP\Apache24\htdocs\2018\TP5\ThinkPHP\thinkphp\lang\zh-cn.php
[ info ] [ ROUTE ] array (
  'type' => 'module',
  'module' => 
  array (
    0 => 'wpad.dat',
    1 => NULL,
    2 => NULL,
  ),
)
[ info ] [ HEADER ] array (
  'connection' => 'Keep-Alive',
  'accept' => '*/*',
  'user-agent' => 'WinHttp-Autoproxy-Service/5.1',
  'host' => 'wpad.com',
)
[ info ] [ PARAM ] array (
)
[ info ] [ LOG ] INIT File
---------------------------------------------------------------
[ 2018-05-06T00:27:00+08:00 ] 127.0.0.1 GET /wpad.dat
[ info ] wpad.com/wpad.dat [运行时间：0.025699s][吞吐率：38.91req/s] [内存消耗：1,431.91kb] [文件加载：38]
[ info ] [ LANG ] D:\Vc_PHP\Apache24\htdocs\2018\TP5\ThinkPHP\thinkphp\lang\zh-cn.php
[ info ] [ ROUTE ] array (
  'type' => 'module',
  'module' => 
  array (
    0 => 'wpad.dat',
    1 => NULL,
    2 => NULL,
  ),
)
[ info ] [ HEADER ] array (
  'connection' => 'Keep-Alive',
  'accept' => '*/*',
  'user-agent' => 'WinHttp-Autoproxy-Service/5.1',
  'host' => 'wpad.com',
)
[ info ] [ PARAM ] array (
)
[ info ] [ LOG ] INIT File
---------------------------------------------------------------
[ 2018-05-06T00:27:15+08:00 ] 127.0.0.1 GET /wpad.dat
[ info ] wpad.com/wpad.dat [运行时间：0.036322s][吞吐率：27.53req/s] [内存消耗：1,431.91kb] [文件加载：38]
[ info ] [ LANG ] D:\Vc_PHP\Apache24\htdocs\2018\TP5\ThinkPHP\thinkphp\lang\zh-cn.php
[ info ] [ ROUTE ] array (
  'type' => 'module',
  'module' => 
  array (
    0 => 'wpad.dat',
    1 => NULL,
    2 => NULL,
  ),
)
[ info ] [ HEADER ] array (
  'connection' => 'Keep-Alive',
  'accept' => '*/*',
  'user-agent' => 'WinHttp-Autoproxy-Service/5.1',
  'host' => 'wpad.com',
)
[ info ] [ PARAM ] array (
)
[ info ] [ LOG ] INIT File
---------------------------------------------------------------
[ 2018-05-06T00:28:15+08:00 ] 127.0.0.1 GET /wpad.dat
[ info ] wpad.com/wpad.dat [运行时间：0.024980s][吞吐率：40.03req/s] [内存消耗：1,431.91kb] [文件加载：38]
[ info ] [ LANG ] D:\Vc_PHP\Apache24\htdocs\2018\TP5\ThinkPHP\thinkphp\lang\zh-cn.php
[ info ] [ ROUTE ] array (
  'type' => 'module',
  'module' => 
  array (
    0 => 'wpad.dat',
    1 => NULL,
    2 => NULL,
  ),
)
[ info ] [ HEADER ] array (
  'connection' => 'Keep-Alive',
  'accept' => '*/*',
  'user-agent' => 'WinHttp-Autoproxy-Service/5.1',
  'host' => 'wpad.com',
)
[ info ] [ PARAM ] array (
)
[ info ] [ LOG ] INIT File
---------------------------------------------------------------
[ 2018-05-06T00:38:16+08:00 ] 127.0.0.1 GET /wpad.dat
[ info ] wpad.com/wpad.dat [运行时间：0.028232s][吞吐率：35.42req/s] [内存消耗：1,431.91kb] [文件加载：38]
[ info ] [ LANG ] D:\Vc_PHP\Apache24\htdocs\2018\TP5\ThinkPHP\thinkphp\lang\zh-cn.php
[ info ] [ ROUTE ] array (
  'type' => 'module',
  'module' => 
  array (
    0 => 'wpad.dat',
    1 => NULL,
    2 => NULL,
  ),
)
[ info ] [ HEADER ] array (
  'connection' => 'Keep-Alive',
  'accept' => '*/*',
  'user-agent' => 'WinHttp-Autoproxy-Service/5.1',
  'host' => 'wpad.com',
)
[ info ] [ PARAM ] array (
)
[ info ] [ LOG ] INIT File
---------------------------------------------------------------
[ 2018-05-06T00:48:16+08:00 ] 127.0.0.1 GET /wpad.dat
[ info ] wpad.com/wpad.dat [运行时间：0.036229s][吞吐率：27.60req/s] [内存消耗：1,431.91kb] [文件加载：38]
[ info ] [ LANG ] D:\Vc_PHP\Apache24\htdocs\2018\TP5\ThinkPHP\thinkphp\lang\zh-cn.php
[ info ] [ ROUTE ] array (
  'type' => 'module',
  'module' => 
  array (
    0 => 'wpad.dat',
    1 => NULL,
    2 => NULL,
  ),
)
[ info ] [ HEADER ] array (
  'connection' => 'Keep-Alive',
  'accept' => '*/*',
  'user-agent' => 'WinHttp-Autoproxy-Service/5.1',
  'host' => 'wpad.com',
)
[ info ] [ PARAM ] array (
)
[ info ] [ LOG ] INIT File
---------------------------------------------------------------
[ 2018-05-06T00:58:16+08:00 ] 127.0.0.1 GET /wpad.dat
[ info ] wpad.com/wpad.dat [运行时间：0.019716s][吞吐率：50.72req/s] [内存消耗：1,431.91kb] [文件加载：38]
[ info ] [ LANG ] D:\Vc_PHP\Apache24\htdocs\2018\TP5\ThinkPHP\thinkphp\lang\zh-cn.php
[ info ] [ ROUTE ] array (
  'type' => 'module',
  'module' => 
  array (
    0 => 'wpad.dat',
    1 => NULL,
    2 => NULL,
  ),
)
[ info ] [ HEADER ] array (
  'connection' => 'Keep-Alive',
  'accept' => '*/*',
  'user-agent' => 'WinHttp-Autoproxy-Service/5.1',
  'host' => 'wpad.com',
)
[ info ] [ PARAM ] array (
)
[ info ] [ LOG ] INIT File
---------------------------------------------------------------
[ 2018-05-06T01:08:16+08:00 ] 127.0.0.1 GET /wpad.dat
[ info ] wpad.com/wpad.dat [运行时间：0.032770s][吞吐率：30.52req/s] [内存消耗：1,431.91kb] [文件加载：38]
[ info ] [ LANG ] D:\Vc_PHP\Apache24\htdocs\2018\TP5\ThinkPHP\thinkphp\lang\zh-cn.php
[ info ] [ ROUTE ] array (
  'type' => 'module',
  'module' => 
  array (
    0 => 'wpad.dat',
    1 => NULL,
    2 => NULL,
  ),
)
[ info ] [ HEADER ] array (
  'connection' => 'Keep-Alive',
  'accept' => '*/*',
  'user-agent' => 'WinHttp-Autoproxy-Service/5.1',
  'host' => 'wpad.com',
)
[ info ] [ PARAM ] array (
)
[ info ] [ LOG ] INIT File
---------------------------------------------------------------
[ 2018-05-06T01:18:16+08:00 ] 127.0.0.1 GET /wpad.dat
[ info ] wpad.com/wpad.dat [运行时间：0.023061s][吞吐率：43.36req/s] [内存消耗：1,431.91kb] [文件加载：38]
[ info ] [ LANG ] D:\Vc_PHP\Apache24\htdocs\2018\TP5\ThinkPHP\thinkphp\lang\zh-cn.php
[ info ] [ ROUTE ] array (
  'type' => 'module',
  'module' => 
  array (
    0 => 'wpad.dat',
    1 => NULL,
    2 => NULL,
  ),
)
[ info ] [ HEADER ] array (
  'connection' => 'Keep-Alive',
  'accept' => '*/*',
  'user-agent' => 'WinHttp-Autoproxy-Service/5.1',
  'host' => 'wpad.com',
)
[ info ] [ PARAM ] array (
)
[ info ] [ LOG ] INIT File
---------------------------------------------------------------
[ 2018-05-06T01:28:16+08:00 ] 127.0.0.1 GET /wpad.dat
[ info ] wpad.com/wpad.dat [运行时间：0.035798s][吞吐率：27.93req/s] [内存消耗：1,431.91kb] [文件加载：38]
[ info ] [ LANG ] D:\Vc_PHP\Apache24\htdocs\2018\TP5\ThinkPHP\thinkphp\lang\zh-cn.php
[ info ] [ ROUTE ] array (
  'type' => 'module',
  'module' => 
  array (
    0 => 'wpad.dat',
    1 => NULL,
    2 => NULL,
  ),
)
[ info ] [ HEADER ] array (
  'connection' => 'Keep-Alive',
  'accept' => '*/*',
  'user-agent' => 'WinHttp-Autoproxy-Service/5.1',
  'host' => 'wpad.com',
)
[ info ] [ PARAM ] array (
)
[ info ] [ LOG ] INIT File
---------------------------------------------------------------
[ 2018-05-06T01:38:16+08:00 ] 127.0.0.1 GET /wpad.dat
[ info ] wpad.com/wpad.dat [运行时间：0.036560s][吞吐率：27.35req/s] [内存消耗：1,431.91kb] [文件加载：38]
[ info ] [ LANG ] D:\Vc_PHP\Apache24\htdocs\2018\TP5\ThinkPHP\thinkphp\lang\zh-cn.php
[ info ] [ ROUTE ] array (
  'type' => 'module',
  'module' => 
  array (
    0 => 'wpad.dat',
    1 => NULL,
    2 => NULL,
  ),
)
[ info ] [ HEADER ] array (
  'connection' => 'Keep-Alive',
  'accept' => '*/*',
  'user-agent' => 'WinHttp-Autoproxy-Service/5.1',
  'host' => 'wpad.com',
)
[ info ] [ PARAM ] array (
)
[ info ] [ LOG ] INIT File
---------------------------------------------------------------
[ 2018-05-06T01:48:16+08:00 ] 127.0.0.1 GET /wpad.dat
[ info ] wpad.com/wpad.dat [运行时间：0.021443s][吞吐率：46.63req/s] [内存消耗：1,431.91kb] [文件加载：38]
[ info ] [ LANG ] D:\Vc_PHP\Apache24\htdocs\2018\TP5\ThinkPHP\thinkphp\lang\zh-cn.php
[ info ] [ ROUTE ] array (
  'type' => 'module',
  'module' => 
  array (
    0 => 'wpad.dat',
    1 => NULL,
    2 => NULL,
  ),
)
[ info ] [ HEADER ] array (
  'connection' => 'Keep-Alive',
  'accept' => '*/*',
  'user-agent' => 'WinHttp-Autoproxy-Service/5.1',
  'host' => 'wpad.com',
)
[ info ] [ PARAM ] array (
)
[ info ] [ LOG ] INIT File
---------------------------------------------------------------
[ 2018-05-06T01:58:16+08:00 ] 127.0.0.1 GET /wpad.dat
[ info ] wpad.com/wpad.dat [运行时间：0.037544s][吞吐率：26.64req/s] [内存消耗：1,431.91kb] [文件加载：38]
[ info ] [ LANG ] D:\Vc_PHP\Apache24\htdocs\2018\TP5\ThinkPHP\thinkphp\lang\zh-cn.php
[ info ] [ ROUTE ] array (
  'type' => 'module',
  'module' => 
  array (
    0 => 'wpad.dat',
    1 => NULL,
    2 => NULL,
  ),
)
[ info ] [ HEADER ] array (
  'connection' => 'Keep-Alive',
  'accept' => '*/*',
  'user-agent' => 'WinHttp-Autoproxy-Service/5.1',
  'host' => 'wpad.com',
)
[ info ] [ PARAM ] array (
)
[ info ] [ LOG ] INIT File
---------------------------------------------------------------
[ 2018-05-06T02:08:16+08:00 ] 127.0.0.1 GET /wpad.dat
[ info ] wpad.com/wpad.dat [运行时间：0.023544s][吞吐率：42.47req/s] [内存消耗：1,431.91kb] [文件加载：38]
[ info ] [ LANG ] D:\Vc_PHP\Apache24\htdocs\2018\TP5\ThinkPHP\thinkphp\lang\zh-cn.php
[ info ] [ ROUTE ] array (
  'type' => 'module',
  'module' => 
  array (
    0 => 'wpad.dat',
    1 => NULL,
    2 => NULL,
  ),
)
[ info ] [ HEADER ] array (
  'connection' => 'Keep-Alive',
  'accept' => '*/*',
  'user-agent' => 'WinHttp-Autoproxy-Service/5.1',
  'host' => 'wpad.com',
)
[ info ] [ PARAM ] array (
)
[ info ] [ LOG ] INIT File
---------------------------------------------------------------
[ 2018-05-06T02:18:16+08:00 ] 127.0.0.1 GET /wpad.dat
[ info ] wpad.com/wpad.dat [运行时间：0.028908s][吞吐率：34.59req/s] [内存消耗：1,431.91kb] [文件加载：38]
[ info ] [ LANG ] D:\Vc_PHP\Apache24\htdocs\2018\TP5\ThinkPHP\thinkphp\lang\zh-cn.php
[ info ] [ ROUTE ] array (
  'type' => 'module',
  'module' => 
  array (
    0 => 'wpad.dat',
    1 => NULL,
    2 => NULL,
  ),
)
[ info ] [ HEADER ] array (
  'connection' => 'Keep-Alive',
  'accept' => '*/*',
  'user-agent' => 'WinHttp-Autoproxy-Service/5.1',
  'host' => 'wpad.com',
)
[ info ] [ PARAM ] array (
)
[ info ] [ LOG ] INIT File
---------------------------------------------------------------
[ 2018-05-06T02:28:16+08:00 ] 127.0.0.1 GET /wpad.dat
[ info ] wpad.com/wpad.dat [运行时间：0.025527s][吞吐率：39.17req/s] [内存消耗：1,431.91kb] [文件加载：38]
[ info ] [ LANG ] D:\Vc_PHP\Apache24\htdocs\2018\TP5\ThinkPHP\thinkphp\lang\zh-cn.php
[ info ] [ ROUTE ] array (
  'type' => 'module',
  'module' => 
  array (
    0 => 'wpad.dat',
    1 => NULL,
    2 => NULL,
  ),
)
[ info ] [ HEADER ] array (
  'connection' => 'Keep-Alive',
  'accept' => '*/*',
  'user-agent' => 'WinHttp-Autoproxy-Service/5.1',
  'host' => 'wpad.com',
)
[ info ] [ PARAM ] array (
)
[ info ] [ LOG ] INIT File
---------------------------------------------------------------
[ 2018-05-06T02:38:16+08:00 ] 127.0.0.1 GET /wpad.dat
[ info ] wpad.com/wpad.dat [运行时间：0.022678s][吞吐率：44.10req/s] [内存消耗：1,431.91kb] [文件加载：38]
[ info ] [ LANG ] D:\Vc_PHP\Apache24\htdocs\2018\TP5\ThinkPHP\thinkphp\lang\zh-cn.php
[ info ] [ ROUTE ] array (
  'type' => 'module',
  'module' => 
  array (
    0 => 'wpad.dat',
    1 => NULL,
    2 => NULL,
  ),
)
[ info ] [ HEADER ] array (
  'connection' => 'Keep-Alive',
  'accept' => '*/*',
  'user-agent' => 'WinHttp-Autoproxy-Service/5.1',
  'host' => 'wpad.com',
)
[ info ] [ PARAM ] array (
)
[ info ] [ LOG ] INIT File
---------------------------------------------------------------
[ 2018-05-06T02:48:16+08:00 ] 127.0.0.1 GET /wpad.dat
[ info ] wpad.com/wpad.dat [运行时间：0.023395s][吞吐率：42.74req/s] [内存消耗：1,431.91kb] [文件加载：38]
[ info ] [ LANG ] D:\Vc_PHP\Apache24\htdocs\2018\TP5\ThinkPHP\thinkphp\lang\zh-cn.php
[ info ] [ ROUTE ] array (
  'type' => 'module',
  'module' => 
  array (
    0 => 'wpad.dat',
    1 => NULL,
    2 => NULL,
  ),
)
[ info ] [ HEADER ] array (
  'connection' => 'Keep-Alive',
  'accept' => '*/*',
  'user-agent' => 'WinHttp-Autoproxy-Service/5.1',
  'host' => 'wpad.com',
)
[ info ] [ PARAM ] array (
)
[ info ] [ LOG ] INIT File
---------------------------------------------------------------
[ 2018-05-06T02:58:16+08:00 ] 127.0.0.1 GET /wpad.dat
[ info ] wpad.com/wpad.dat [运行时间：0.026131s][吞吐率：38.27req/s] [内存消耗：1,431.91kb] [文件加载：38]
[ info ] [ LANG ] D:\Vc_PHP\Apache24\htdocs\2018\TP5\ThinkPHP\thinkphp\lang\zh-cn.php
[ info ] [ ROUTE ] array (
  'type' => 'module',
  'module' => 
  array (
    0 => 'wpad.dat',
    1 => NULL,
    2 => NULL,
  ),
)
[ info ] [ HEADER ] array (
  'connection' => 'Keep-Alive',
  'accept' => '*/*',
  'user-agent' => 'WinHttp-Autoproxy-Service/5.1',
  'host' => 'wpad.com',
)
[ info ] [ PARAM ] array (
)
[ info ] [ LOG ] INIT File
---------------------------------------------------------------
[ 2018-05-06T03:08:16+08:00 ] 127.0.0.1 GET /wpad.dat
[ info ] wpad.com/wpad.dat [运行时间：0.025922s][吞吐率：38.58req/s] [内存消耗：1,431.91kb] [文件加载：38]
[ info ] [ LANG ] D:\Vc_PHP\Apache24\htdocs\2018\TP5\ThinkPHP\thinkphp\lang\zh-cn.php
[ info ] [ ROUTE ] array (
  'type' => 'module',
  'module' => 
  array (
    0 => 'wpad.dat',
    1 => NULL,
    2 => NULL,
  ),
)
[ info ] [ HEADER ] array (
  'connection' => 'Keep-Alive',
  'accept' => '*/*',
  'user-agent' => 'WinHttp-Autoproxy-Service/5.1',
  'host' => 'wpad.com',
)
[ info ] [ PARAM ] array (
)
[ info ] [ LOG ] INIT File
---------------------------------------------------------------
[ 2018-05-06T03:18:16+08:00 ] 127.0.0.1 GET /wpad.dat
[ info ] wpad.com/wpad.dat [运行时间：0.028504s][吞吐率：35.08req/s] [内存消耗：1,431.91kb] [文件加载：38]
[ info ] [ LANG ] D:\Vc_PHP\Apache24\htdocs\2018\TP5\ThinkPHP\thinkphp\lang\zh-cn.php
[ info ] [ ROUTE ] array (
  'type' => 'module',
  'module' => 
  array (
    0 => 'wpad.dat',
    1 => NULL,
    2 => NULL,
  ),
)
[ info ] [ HEADER ] array (
  'connection' => 'Keep-Alive',
  'accept' => '*/*',
  'user-agent' => 'WinHttp-Autoproxy-Service/5.1',
  'host' => 'wpad.com',
)
[ info ] [ PARAM ] array (
)
[ info ] [ LOG ] INIT File
---------------------------------------------------------------
[ 2018-05-06T03:28:16+08:00 ] 127.0.0.1 GET /wpad.dat
[ info ] wpad.com/wpad.dat [运行时间：0.020991s][吞吐率：47.64req/s] [内存消耗：1,431.91kb] [文件加载：38]
[ info ] [ LANG ] D:\Vc_PHP\Apache24\htdocs\2018\TP5\ThinkPHP\thinkphp\lang\zh-cn.php
[ info ] [ ROUTE ] array (
  'type' => 'module',
  'module' => 
  array (
    0 => 'wpad.dat',
    1 => NULL,
    2 => NULL,
  ),
)
[ info ] [ HEADER ] array (
  'connection' => 'Keep-Alive',
  'accept' => '*/*',
  'user-agent' => 'WinHttp-Autoproxy-Service/5.1',
  'host' => 'wpad.com',
)
[ info ] [ PARAM ] array (
)
[ info ] [ LOG ] INIT File
---------------------------------------------------------------
[ 2018-05-06T03:38:16+08:00 ] 127.0.0.1 GET /wpad.dat
[ info ] wpad.com/wpad.dat [运行时间：0.028638s][吞吐率：34.92req/s] [内存消耗：1,431.91kb] [文件加载：38]
[ info ] [ LANG ] D:\Vc_PHP\Apache24\htdocs\2018\TP5\ThinkPHP\thinkphp\lang\zh-cn.php
[ info ] [ ROUTE ] array (
  'type' => 'module',
  'module' => 
  array (
    0 => 'wpad.dat',
    1 => NULL,
    2 => NULL,
  ),
)
[ info ] [ HEADER ] array (
  'connection' => 'Keep-Alive',
  'accept' => '*/*',
  'user-agent' => 'WinHttp-Autoproxy-Service/5.1',
  'host' => 'wpad.com',
)
[ info ] [ PARAM ] array (
)
[ info ] [ LOG ] INIT File
---------------------------------------------------------------
[ 2018-05-06T03:48:16+08:00 ] 127.0.0.1 GET /wpad.dat
[ info ] wpad.com/wpad.dat [运行时间：0.024735s][吞吐率：40.43req/s] [内存消耗：1,431.91kb] [文件加载：38]
[ info ] [ LANG ] D:\Vc_PHP\Apache24\htdocs\2018\TP5\ThinkPHP\thinkphp\lang\zh-cn.php
[ info ] [ ROUTE ] array (
  'type' => 'module',
  'module' => 
  array (
    0 => 'wpad.dat',
    1 => NULL,
    2 => NULL,
  ),
)
[ info ] [ HEADER ] array (
  'connection' => 'Keep-Alive',
  'accept' => '*/*',
  'user-agent' => 'WinHttp-Autoproxy-Service/5.1',
  'host' => 'wpad.com',
)
[ info ] [ PARAM ] array (
)
[ info ] [ LOG ] INIT File
---------------------------------------------------------------
[ 2018-05-06T03:58:16+08:00 ] 127.0.0.1 GET /wpad.dat
[ info ] wpad.com/wpad.dat [运行时间：0.037401s][吞吐率：26.74req/s] [内存消耗：1,431.91kb] [文件加载：38]
[ info ] [ LANG ] D:\Vc_PHP\Apache24\htdocs\2018\TP5\ThinkPHP\thinkphp\lang\zh-cn.php
[ info ] [ ROUTE ] array (
  'type' => 'module',
  'module' => 
  array (
    0 => 'wpad.dat',
    1 => NULL,
    2 => NULL,
  ),
)
[ info ] [ HEADER ] array (
  'connection' => 'Keep-Alive',
  'accept' => '*/*',
  'user-agent' => 'WinHttp-Autoproxy-Service/5.1',
  'host' => 'wpad.com',
)
[ info ] [ PARAM ] array (
)
[ info ] [ LOG ] INIT File
---------------------------------------------------------------
[ 2018-05-06T04:08:19+08:00 ] 127.0.0.1 GET /wpad.dat
[ info ] wpad.com/wpad.dat [运行时间：0.017888s][吞吐率：55.90req/s] [内存消耗：1,431.91kb] [文件加载：38]
[ info ] [ LANG ] D:\Vc_PHP\Apache24\htdocs\2018\TP5\ThinkPHP\thinkphp\lang\zh-cn.php
[ info ] [ ROUTE ] array (
  'type' => 'module',
  'module' => 
  array (
    0 => 'wpad.dat',
    1 => NULL,
    2 => NULL,
  ),
)
[ info ] [ HEADER ] array (
  'connection' => 'Keep-Alive',
  'accept' => '*/*',
  'user-agent' => 'WinHttp-Autoproxy-Service/5.1',
  'host' => 'wpad.com',
)
[ info ] [ PARAM ] array (
)
[ info ] [ LOG ] INIT File
---------------------------------------------------------------
[ 2018-05-06T04:18:19+08:00 ] 127.0.0.1 GET /wpad.dat
[ info ] wpad.com/wpad.dat [运行时间：0.018356s][吞吐率：54.48req/s] [内存消耗：1,431.91kb] [文件加载：38]
[ info ] [ LANG ] D:\Vc_PHP\Apache24\htdocs\2018\TP5\ThinkPHP\thinkphp\lang\zh-cn.php
[ info ] [ ROUTE ] array (
  'type' => 'module',
  'module' => 
  array (
    0 => 'wpad.dat',
    1 => NULL,
    2 => NULL,
  ),
)
[ info ] [ HEADER ] array (
  'connection' => 'Keep-Alive',
  'accept' => '*/*',
  'user-agent' => 'WinHttp-Autoproxy-Service/5.1',
  'host' => 'wpad.com',
)
[ info ] [ PARAM ] array (
)
[ info ] [ LOG ] INIT File
---------------------------------------------------------------
[ 2018-05-06T04:28:19+08:00 ] 127.0.0.1 GET /wpad.dat
[ info ] wpad.com/wpad.dat [运行时间：0.017042s][吞吐率：58.68req/s] [内存消耗：1,431.91kb] [文件加载：38]
[ info ] [ LANG ] D:\Vc_PHP\Apache24\htdocs\2018\TP5\ThinkPHP\thinkphp\lang\zh-cn.php
[ info ] [ ROUTE ] array (
  'type' => 'module',
  'module' => 
  array (
    0 => 'wpad.dat',
    1 => NULL,
    2 => NULL,
  ),
)
[ info ] [ HEADER ] array (
  'connection' => 'Keep-Alive',
  'accept' => '*/*',
  'user-agent' => 'WinHttp-Autoproxy-Service/5.1',
  'host' => 'wpad.com',
)
[ info ] [ PARAM ] array (
)
[ info ] [ LOG ] INIT File
---------------------------------------------------------------
[ 2018-05-06T04:38:19+08:00 ] 127.0.0.1 GET /wpad.dat
[ info ] wpad.com/wpad.dat [运行时间：0.026283s][吞吐率：38.05req/s] [内存消耗：1,431.91kb] [文件加载：38]
[ info ] [ LANG ] D:\Vc_PHP\Apache24\htdocs\2018\TP5\ThinkPHP\thinkphp\lang\zh-cn.php
[ info ] [ ROUTE ] array (
  'type' => 'module',
  'module' => 
  array (
    0 => 'wpad.dat',
    1 => NULL,
    2 => NULL,
  ),
)
[ info ] [ HEADER ] array (
  'connection' => 'Keep-Alive',
  'accept' => '*/*',
  'user-agent' => 'WinHttp-Autoproxy-Service/5.1',
  'host' => 'wpad.com',
)
[ info ] [ PARAM ] array (
)
[ info ] [ LOG ] INIT File
---------------------------------------------------------------
[ 2018-05-06T04:48:19+08:00 ] 127.0.0.1 GET /wpad.dat
[ info ] wpad.com/wpad.dat [运行时间：0.036825s][吞吐率：27.16req/s] [内存消耗：1,431.91kb] [文件加载：38]
[ info ] [ LANG ] D:\Vc_PHP\Apache24\htdocs\2018\TP5\ThinkPHP\thinkphp\lang\zh-cn.php
[ info ] [ ROUTE ] array (
  'type' => 'module',
  'module' => 
  array (
    0 => 'wpad.dat',
    1 => NULL,
    2 => NULL,
  ),
)
[ info ] [ HEADER ] array (
  'connection' => 'Keep-Alive',
  'accept' => '*/*',
  'user-agent' => 'WinHttp-Autoproxy-Service/5.1',
  'host' => 'wpad.com',
)
[ info ] [ PARAM ] array (
)
[ info ] [ LOG ] INIT File
---------------------------------------------------------------
[ 2018-05-06T04:58:19+08:00 ] 127.0.0.1 GET /wpad.dat
[ info ] wpad.com/wpad.dat [运行时间：0.019632s][吞吐率：50.94req/s] [内存消耗：1,431.91kb] [文件加载：38]
[ info ] [ LANG ] D:\Vc_PHP\Apache24\htdocs\2018\TP5\ThinkPHP\thinkphp\lang\zh-cn.php
[ info ] [ ROUTE ] array (
  'type' => 'module',
  'module' => 
  array (
    0 => 'wpad.dat',
    1 => NULL,
    2 => NULL,
  ),
)
[ info ] [ HEADER ] array (
  'connection' => 'Keep-Alive',
  'accept' => '*/*',
  'user-agent' => 'WinHttp-Autoproxy-Service/5.1',
  'host' => 'wpad.com',
)
[ info ] [ PARAM ] array (
)
[ info ] [ LOG ] INIT File
---------------------------------------------------------------
[ 2018-05-06T05:08:19+08:00 ] 127.0.0.1 GET /wpad.dat
[ info ] wpad.com/wpad.dat [运行时间：0.020623s][吞吐率：48.49req/s] [内存消耗：1,431.91kb] [文件加载：38]
[ info ] [ LANG ] D:\Vc_PHP\Apache24\htdocs\2018\TP5\ThinkPHP\thinkphp\lang\zh-cn.php
[ info ] [ ROUTE ] array (
  'type' => 'module',
  'module' => 
  array (
    0 => 'wpad.dat',
    1 => NULL,
    2 => NULL,
  ),
)
[ info ] [ HEADER ] array (
  'connection' => 'Keep-Alive',
  'accept' => '*/*',
  'user-agent' => 'WinHttp-Autoproxy-Service/5.1',
  'host' => 'wpad.com',
)
[ info ] [ PARAM ] array (
)
[ info ] [ LOG ] INIT File
---------------------------------------------------------------
[ 2018-05-06T05:18:19+08:00 ] 127.0.0.1 GET /wpad.dat
[ info ] wpad.com/wpad.dat [运行时间：0.026375s][吞吐率：37.91req/s] [内存消耗：1,431.91kb] [文件加载：38]
[ info ] [ LANG ] D:\Vc_PHP\Apache24\htdocs\2018\TP5\ThinkPHP\thinkphp\lang\zh-cn.php
[ info ] [ ROUTE ] array (
  'type' => 'module',
  'module' => 
  array (
    0 => 'wpad.dat',
    1 => NULL,
    2 => NULL,
  ),
)
[ info ] [ HEADER ] array (
  'connection' => 'Keep-Alive',
  'accept' => '*/*',
  'user-agent' => 'WinHttp-Autoproxy-Service/5.1',
  'host' => 'wpad.com',
)
[ info ] [ PARAM ] array (
)
[ info ] [ LOG ] INIT File
---------------------------------------------------------------
[ 2018-05-06T05:28:19+08:00 ] 127.0.0.1 GET /wpad.dat
[ info ] wpad.com/wpad.dat [运行时间：0.019468s][吞吐率：51.37req/s] [内存消耗：1,431.91kb] [文件加载：38]
[ info ] [ LANG ] D:\Vc_PHP\Apache24\htdocs\2018\TP5\ThinkPHP\thinkphp\lang\zh-cn.php
[ info ] [ ROUTE ] array (
  'type' => 'module',
  'module' => 
  array (
    0 => 'wpad.dat',
    1 => NULL,
    2 => NULL,
  ),
)
[ info ] [ HEADER ] array (
  'connection' => 'Keep-Alive',
  'accept' => '*/*',
  'user-agent' => 'WinHttp-Autoproxy-Service/5.1',
  'host' => 'wpad.com',
)
[ info ] [ PARAM ] array (
)
[ info ] [ LOG ] INIT File
---------------------------------------------------------------
[ 2018-05-06T05:38:19+08:00 ] 127.0.0.1 GET /wpad.dat
[ info ] wpad.com/wpad.dat [运行时间：0.018920s][吞吐率：52.85req/s] [内存消耗：1,431.91kb] [文件加载：38]
[ info ] [ LANG ] D:\Vc_PHP\Apache24\htdocs\2018\TP5\ThinkPHP\thinkphp\lang\zh-cn.php
[ info ] [ ROUTE ] array (
  'type' => 'module',
  'module' => 
  array (
    0 => 'wpad.dat',
    1 => NULL,
    2 => NULL,
  ),
)
[ info ] [ HEADER ] array (
  'connection' => 'Keep-Alive',
  'accept' => '*/*',
  'user-agent' => 'WinHttp-Autoproxy-Service/5.1',
  'host' => 'wpad.com',
)
[ info ] [ PARAM ] array (
)
[ info ] [ LOG ] INIT File
---------------------------------------------------------------
[ 2018-05-06T05:48:19+08:00 ] 127.0.0.1 GET /wpad.dat
[ info ] wpad.com/wpad.dat [运行时间：0.017972s][吞吐率：55.64req/s] [内存消耗：1,431.91kb] [文件加载：38]
[ info ] [ LANG ] D:\Vc_PHP\Apache24\htdocs\2018\TP5\ThinkPHP\thinkphp\lang\zh-cn.php
[ info ] [ ROUTE ] array (
  'type' => 'module',
  'module' => 
  array (
    0 => 'wpad.dat',
    1 => NULL,
    2 => NULL,
  ),
)
[ info ] [ HEADER ] array (
  'connection' => 'Keep-Alive',
  'accept' => '*/*',
  'user-agent' => 'WinHttp-Autoproxy-Service/5.1',
  'host' => 'wpad.com',
)
[ info ] [ PARAM ] array (
)
[ info ] [ LOG ] INIT File
---------------------------------------------------------------
[ 2018-05-06T05:58:19+08:00 ] 127.0.0.1 GET /wpad.dat
[ info ] wpad.com/wpad.dat [运行时间：0.019766s][吞吐率：50.59req/s] [内存消耗：1,431.91kb] [文件加载：38]
[ info ] [ LANG ] D:\Vc_PHP\Apache24\htdocs\2018\TP5\ThinkPHP\thinkphp\lang\zh-cn.php
[ info ] [ ROUTE ] array (
  'type' => 'module',
  'module' => 
  array (
    0 => 'wpad.dat',
    1 => NULL,
    2 => NULL,
  ),
)
[ info ] [ HEADER ] array (
  'connection' => 'Keep-Alive',
  'accept' => '*/*',
  'user-agent' => 'WinHttp-Autoproxy-Service/5.1',
  'host' => 'wpad.com',
)
[ info ] [ PARAM ] array (
)
[ info ] [ LOG ] INIT File
---------------------------------------------------------------
[ 2018-05-06T06:08:19+08:00 ] 127.0.0.1 GET /wpad.dat
[ info ] wpad.com/wpad.dat [运行时间：0.017006s][吞吐率：58.80req/s] [内存消耗：1,431.91kb] [文件加载：38]
[ info ] [ LANG ] D:\Vc_PHP\Apache24\htdocs\2018\TP5\ThinkPHP\thinkphp\lang\zh-cn.php
[ info ] [ ROUTE ] array (
  'type' => 'module',
  'module' => 
  array (
    0 => 'wpad.dat',
    1 => NULL,
    2 => NULL,
  ),
)
[ info ] [ HEADER ] array (
  'connection' => 'Keep-Alive',
  'accept' => '*/*',
  'user-agent' => 'WinHttp-Autoproxy-Service/5.1',
  'host' => 'wpad.com',
)
[ info ] [ PARAM ] array (
)
[ info ] [ LOG ] INIT File
---------------------------------------------------------------
[ 2018-05-06T06:18:19+08:00 ] 127.0.0.1 GET /wpad.dat
[ info ] wpad.com/wpad.dat [运行时间：0.018324s][吞吐率：54.57req/s] [内存消耗：1,431.91kb] [文件加载：38]
[ info ] [ LANG ] D:\Vc_PHP\Apache24\htdocs\2018\TP5\ThinkPHP\thinkphp\lang\zh-cn.php
[ info ] [ ROUTE ] array (
  'type' => 'module',
  'module' => 
  array (
    0 => 'wpad.dat',
    1 => NULL,
    2 => NULL,
  ),
)
[ info ] [ HEADER ] array (
  'connection' => 'Keep-Alive',
  'accept' => '*/*',
  'user-agent' => 'WinHttp-Autoproxy-Service/5.1',
  'host' => 'wpad.com',
)
[ info ] [ PARAM ] array (
)
[ info ] [ LOG ] INIT File
---------------------------------------------------------------
[ 2018-05-06T06:28:19+08:00 ] 127.0.0.1 GET /wpad.dat
[ info ] wpad.com/wpad.dat [运行时间：0.019403s][吞吐率：51.54req/s] [内存消耗：1,431.91kb] [文件加载：38]
[ info ] [ LANG ] D:\Vc_PHP\Apache24\htdocs\2018\TP5\ThinkPHP\thinkphp\lang\zh-cn.php
[ info ] [ ROUTE ] array (
  'type' => 'module',
  'module' => 
  array (
    0 => 'wpad.dat',
    1 => NULL,
    2 => NULL,
  ),
)
[ info ] [ HEADER ] array (
  'connection' => 'Keep-Alive',
  'accept' => '*/*',
  'user-agent' => 'WinHttp-Autoproxy-Service/5.1',
  'host' => 'wpad.com',
)
[ info ] [ PARAM ] array (
)
[ info ] [ LOG ] INIT File
---------------------------------------------------------------
[ 2018-05-06T06:38:19+08:00 ] 127.0.0.1 GET /wpad.dat
[ info ] wpad.com/wpad.dat [运行时间：0.030415s][吞吐率：32.88req/s] [内存消耗：1,431.91kb] [文件加载：38]
[ info ] [ LANG ] D:\Vc_PHP\Apache24\htdocs\2018\TP5\ThinkPHP\thinkphp\lang\zh-cn.php
[ info ] [ ROUTE ] array (
  'type' => 'module',
  'module' => 
  array (
    0 => 'wpad.dat',
    1 => NULL,
    2 => NULL,
  ),
)
[ info ] [ HEADER ] array (
  'connection' => 'Keep-Alive',
  'accept' => '*/*',
  'user-agent' => 'WinHttp-Autoproxy-Service/5.1',
  'host' => 'wpad.com',
)
[ info ] [ PARAM ] array (
)
[ info ] [ LOG ] INIT File
---------------------------------------------------------------
[ 2018-05-06T06:48:19+08:00 ] 127.0.0.1 GET /wpad.dat
[ info ] wpad.com/wpad.dat [运行时间：0.016988s][吞吐率：58.87req/s] [内存消耗：1,431.91kb] [文件加载：38]
[ info ] [ LANG ] D:\Vc_PHP\Apache24\htdocs\2018\TP5\ThinkPHP\thinkphp\lang\zh-cn.php
[ info ] [ ROUTE ] array (
  'type' => 'module',
  'module' => 
  array (
    0 => 'wpad.dat',
    1 => NULL,
    2 => NULL,
  ),
)
[ info ] [ HEADER ] array (
  'connection' => 'Keep-Alive',
  'accept' => '*/*',
  'user-agent' => 'WinHttp-Autoproxy-Service/5.1',
  'host' => 'wpad.com',
)
[ info ] [ PARAM ] array (
)
[ info ] [ LOG ] INIT File
---------------------------------------------------------------
[ 2018-05-06T06:58:19+08:00 ] 127.0.0.1 GET /wpad.dat
[ info ] wpad.com/wpad.dat [运行时间：0.021063s][吞吐率：47.48req/s] [内存消耗：1,431.91kb] [文件加载：38]
[ info ] [ LANG ] D:\Vc_PHP\Apache24\htdocs\2018\TP5\ThinkPHP\thinkphp\lang\zh-cn.php
[ info ] [ ROUTE ] array (
  'type' => 'module',
  'module' => 
  array (
    0 => 'wpad.dat',
    1 => NULL,
    2 => NULL,
  ),
)
[ info ] [ HEADER ] array (
  'connection' => 'Keep-Alive',
  'accept' => '*/*',
  'user-agent' => 'WinHttp-Autoproxy-Service/5.1',
  'host' => 'wpad.com',
)
[ info ] [ PARAM ] array (
)
[ info ] [ LOG ] INIT File
---------------------------------------------------------------
[ 2018-05-06T07:08:19+08:00 ] 127.0.0.1 GET /wpad.dat
[ info ] wpad.com/wpad.dat [运行时间：0.021924s][吞吐率：45.61req/s] [内存消耗：1,431.91kb] [文件加载：38]
[ info ] [ LANG ] D:\Vc_PHP\Apache24\htdocs\2018\TP5\ThinkPHP\thinkphp\lang\zh-cn.php
[ info ] [ ROUTE ] array (
  'type' => 'module',
  'module' => 
  array (
    0 => 'wpad.dat',
    1 => NULL,
    2 => NULL,
  ),
)
[ info ] [ HEADER ] array (
  'connection' => 'Keep-Alive',
  'accept' => '*/*',
  'user-agent' => 'WinHttp-Autoproxy-Service/5.1',
  'host' => 'wpad.com',
)
[ info ] [ PARAM ] array (
)
[ info ] [ LOG ] INIT File
---------------------------------------------------------------
[ 2018-05-06T07:18:19+08:00 ] 127.0.0.1 GET /wpad.dat
[ info ] wpad.com/wpad.dat [运行时间：0.027064s][吞吐率：36.95req/s] [内存消耗：1,431.91kb] [文件加载：38]
[ info ] [ LANG ] D:\Vc_PHP\Apache24\htdocs\2018\TP5\ThinkPHP\thinkphp\lang\zh-cn.php
[ info ] [ ROUTE ] array (
  'type' => 'module',
  'module' => 
  array (
    0 => 'wpad.dat',
    1 => NULL,
    2 => NULL,
  ),
)
[ info ] [ HEADER ] array (
  'connection' => 'Keep-Alive',
  'accept' => '*/*',
  'user-agent' => 'WinHttp-Autoproxy-Service/5.1',
  'host' => 'wpad.com',
)
[ info ] [ PARAM ] array (
)
[ info ] [ LOG ] INIT File
---------------------------------------------------------------
[ 2018-05-06T07:28:19+08:00 ] 127.0.0.1 GET /wpad.dat
[ info ] wpad.com/wpad.dat [运行时间：0.018040s][吞吐率：55.43req/s] [内存消耗：1,431.91kb] [文件加载：38]
[ info ] [ LANG ] D:\Vc_PHP\Apache24\htdocs\2018\TP5\ThinkPHP\thinkphp\lang\zh-cn.php
[ info ] [ ROUTE ] array (
  'type' => 'module',
  'module' => 
  array (
    0 => 'wpad.dat',
    1 => NULL,
    2 => NULL,
  ),
)
[ info ] [ HEADER ] array (
  'connection' => 'Keep-Alive',
  'accept' => '*/*',
  'user-agent' => 'WinHttp-Autoproxy-Service/5.1',
  'host' => 'wpad.com',
)
[ info ] [ PARAM ] array (
)
[ info ] [ LOG ] INIT File
---------------------------------------------------------------
[ 2018-05-06T07:38:19+08:00 ] 127.0.0.1 GET /wpad.dat
[ info ] wpad.com/wpad.dat [运行时间：0.018818s][吞吐率：53.14req/s] [内存消耗：1,431.91kb] [文件加载：38]
[ info ] [ LANG ] D:\Vc_PHP\Apache24\htdocs\2018\TP5\ThinkPHP\thinkphp\lang\zh-cn.php
[ info ] [ ROUTE ] array (
  'type' => 'module',
  'module' => 
  array (
    0 => 'wpad.dat',
    1 => NULL,
    2 => NULL,
  ),
)
[ info ] [ HEADER ] array (
  'connection' => 'Keep-Alive',
  'accept' => '*/*',
  'user-agent' => 'WinHttp-Autoproxy-Service/5.1',
  'host' => 'wpad.com',
)
[ info ] [ PARAM ] array (
)
[ info ] [ LOG ] INIT File
---------------------------------------------------------------
[ 2018-05-06T07:48:19+08:00 ] 127.0.0.1 GET /wpad.dat
[ info ] wpad.com/wpad.dat [运行时间：0.017617s][吞吐率：56.76req/s] [内存消耗：1,431.91kb] [文件加载：38]
[ info ] [ LANG ] D:\Vc_PHP\Apache24\htdocs\2018\TP5\ThinkPHP\thinkphp\lang\zh-cn.php
[ info ] [ ROUTE ] array (
  'type' => 'module',
  'module' => 
  array (
    0 => 'wpad.dat',
    1 => NULL,
    2 => NULL,
  ),
)
[ info ] [ HEADER ] array (
  'connection' => 'Keep-Alive',
  'accept' => '*/*',
  'user-agent' => 'WinHttp-Autoproxy-Service/5.1',
  'host' => 'wpad.com',
)
[ info ] [ PARAM ] array (
)
[ info ] [ LOG ] INIT File
---------------------------------------------------------------
[ 2018-05-06T07:58:19+08:00 ] 127.0.0.1 GET /wpad.dat
[ info ] wpad.com/wpad.dat [运行时间：0.017566s][吞吐率：56.93req/s] [内存消耗：1,431.91kb] [文件加载：38]
[ info ] [ LANG ] D:\Vc_PHP\Apache24\htdocs\2018\TP5\ThinkPHP\thinkphp\lang\zh-cn.php
[ info ] [ ROUTE ] array (
  'type' => 'module',
  'module' => 
  array (
    0 => 'wpad.dat',
    1 => NULL,
    2 => NULL,
  ),
)
[ info ] [ HEADER ] array (
  'connection' => 'Keep-Alive',
  'accept' => '*/*',
  'user-agent' => 'WinHttp-Autoproxy-Service/5.1',
  'host' => 'wpad.com',
)
[ info ] [ PARAM ] array (
)
[ info ] [ LOG ] INIT File
---------------------------------------------------------------
[ 2018-05-06T08:08:19+08:00 ] 127.0.0.1 GET /wpad.dat
[ info ] wpad.com/wpad.dat [运行时间：0.029519s][吞吐率：33.88req/s] [内存消耗：1,431.91kb] [文件加载：38]
[ info ] [ LANG ] D:\Vc_PHP\Apache24\htdocs\2018\TP5\ThinkPHP\thinkphp\lang\zh-cn.php
[ info ] [ ROUTE ] array (
  'type' => 'module',
  'module' => 
  array (
    0 => 'wpad.dat',
    1 => NULL,
    2 => NULL,
  ),
)
[ info ] [ HEADER ] array (
  'connection' => 'Keep-Alive',
  'accept' => '*/*',
  'user-agent' => 'WinHttp-Autoproxy-Service/5.1',
  'host' => 'wpad.com',
)
[ info ] [ PARAM ] array (
)
[ info ] [ LOG ] INIT File
---------------------------------------------------------------
[ 2018-05-06T08:18:19+08:00 ] 127.0.0.1 GET /wpad.dat
[ info ] wpad.com/wpad.dat [运行时间：0.017213s][吞吐率：58.10req/s] [内存消耗：1,431.91kb] [文件加载：38]
[ info ] [ LANG ] D:\Vc_PHP\Apache24\htdocs\2018\TP5\ThinkPHP\thinkphp\lang\zh-cn.php
[ info ] [ ROUTE ] array (
  'type' => 'module',
  'module' => 
  array (
    0 => 'wpad.dat',
    1 => NULL,
    2 => NULL,
  ),
)
[ info ] [ HEADER ] array (
  'connection' => 'Keep-Alive',
  'accept' => '*/*',
  'user-agent' => 'WinHttp-Autoproxy-Service/5.1',
  'host' => 'wpad.com',
)
[ info ] [ PARAM ] array (
)
[ info ] [ LOG ] INIT File
---------------------------------------------------------------
[ 2018-05-06T08:28:19+08:00 ] 127.0.0.1 GET /wpad.dat
[ info ] wpad.com/wpad.dat [运行时间：0.032750s][吞吐率：30.53req/s] [内存消耗：1,431.91kb] [文件加载：38]
[ info ] [ LANG ] D:\Vc_PHP\Apache24\htdocs\2018\TP5\ThinkPHP\thinkphp\lang\zh-cn.php
[ info ] [ ROUTE ] array (
  'type' => 'module',
  'module' => 
  array (
    0 => 'wpad.dat',
    1 => NULL,
    2 => NULL,
  ),
)
[ info ] [ HEADER ] array (
  'connection' => 'Keep-Alive',
  'accept' => '*/*',
  'user-agent' => 'WinHttp-Autoproxy-Service/5.1',
  'host' => 'wpad.com',
)
[ info ] [ PARAM ] array (
)
[ info ] [ LOG ] INIT File
---------------------------------------------------------------
[ 2018-05-06T08:38:19+08:00 ] 127.0.0.1 GET /wpad.dat
[ info ] wpad.com/wpad.dat [运行时间：0.018361s][吞吐率：54.46req/s] [内存消耗：1,431.91kb] [文件加载：38]
[ info ] [ LANG ] D:\Vc_PHP\Apache24\htdocs\2018\TP5\ThinkPHP\thinkphp\lang\zh-cn.php
[ info ] [ ROUTE ] array (
  'type' => 'module',
  'module' => 
  array (
    0 => 'wpad.dat',
    1 => NULL,
    2 => NULL,
  ),
)
[ info ] [ HEADER ] array (
  'connection' => 'Keep-Alive',
  'accept' => '*/*',
  'user-agent' => 'WinHttp-Autoproxy-Service/5.1',
  'host' => 'wpad.com',
)
[ info ] [ PARAM ] array (
)
[ info ] [ LOG ] INIT File
---------------------------------------------------------------
[ 2018-05-06T08:48:20+08:00 ] 127.0.0.1 GET /wpad.dat
[ info ] wpad.com/wpad.dat [运行时间：0.016942s][吞吐率：59.02req/s] [内存消耗：1,431.91kb] [文件加载：38]
[ info ] [ LANG ] D:\Vc_PHP\Apache24\htdocs\2018\TP5\ThinkPHP\thinkphp\lang\zh-cn.php
[ info ] [ ROUTE ] array (
  'type' => 'module',
  'module' => 
  array (
    0 => 'wpad.dat',
    1 => NULL,
    2 => NULL,
  ),
)
[ info ] [ HEADER ] array (
  'connection' => 'Keep-Alive',
  'accept' => '*/*',
  'user-agent' => 'WinHttp-Autoproxy-Service/5.1',
  'host' => 'wpad.com',
)
[ info ] [ PARAM ] array (
)
[ info ] [ LOG ] INIT File
---------------------------------------------------------------
[ 2018-05-06T08:58:20+08:00 ] 127.0.0.1 GET /wpad.dat
[ info ] wpad.com/wpad.dat [运行时间：0.025573s][吞吐率：39.10req/s] [内存消耗：1,431.91kb] [文件加载：38]
[ info ] [ LANG ] D:\Vc_PHP\Apache24\htdocs\2018\TP5\ThinkPHP\thinkphp\lang\zh-cn.php
[ info ] [ ROUTE ] array (
  'type' => 'module',
  'module' => 
  array (
    0 => 'wpad.dat',
    1 => NULL,
    2 => NULL,
  ),
)
[ info ] [ HEADER ] array (
  'connection' => 'Keep-Alive',
  'accept' => '*/*',
  'user-agent' => 'WinHttp-Autoproxy-Service/5.1',
  'host' => 'wpad.com',
)
[ info ] [ PARAM ] array (
)
[ info ] [ LOG ] INIT File
---------------------------------------------------------------
[ 2018-05-06T09:08:20+08:00 ] 127.0.0.1 GET /wpad.dat
[ info ] wpad.com/wpad.dat [运行时间：0.030459s][吞吐率：32.83req/s] [内存消耗：1,431.91kb] [文件加载：38]
[ info ] [ LANG ] D:\Vc_PHP\Apache24\htdocs\2018\TP5\ThinkPHP\thinkphp\lang\zh-cn.php
[ info ] [ ROUTE ] array (
  'type' => 'module',
  'module' => 
  array (
    0 => 'wpad.dat',
    1 => NULL,
    2 => NULL,
  ),
)
[ info ] [ HEADER ] array (
  'connection' => 'Keep-Alive',
  'accept' => '*/*',
  'user-agent' => 'WinHttp-Autoproxy-Service/5.1',
  'host' => 'wpad.com',
)
[ info ] [ PARAM ] array (
)
[ info ] [ LOG ] INIT File
---------------------------------------------------------------
[ 2018-05-06T09:18:20+08:00 ] 127.0.0.1 GET /wpad.dat
[ info ] wpad.com/wpad.dat [运行时间：0.027134s][吞吐率：36.85req/s] [内存消耗：1,431.91kb] [文件加载：38]
[ info ] [ LANG ] D:\Vc_PHP\Apache24\htdocs\2018\TP5\ThinkPHP\thinkphp\lang\zh-cn.php
[ info ] [ ROUTE ] array (
  'type' => 'module',
  'module' => 
  array (
    0 => 'wpad.dat',
    1 => NULL,
    2 => NULL,
  ),
)
[ info ] [ HEADER ] array (
  'connection' => 'Keep-Alive',
  'accept' => '*/*',
  'user-agent' => 'WinHttp-Autoproxy-Service/5.1',
  'host' => 'wpad.com',
)
[ info ] [ PARAM ] array (
)
[ info ] [ LOG ] INIT File
---------------------------------------------------------------
[ 2018-05-06T09:28:20+08:00 ] 127.0.0.1 GET /wpad.dat
[ info ] wpad.com/wpad.dat [运行时间：0.017677s][吞吐率：56.57req/s] [内存消耗：1,431.91kb] [文件加载：38]
[ info ] [ LANG ] D:\Vc_PHP\Apache24\htdocs\2018\TP5\ThinkPHP\thinkphp\lang\zh-cn.php
[ info ] [ ROUTE ] array (
  'type' => 'module',
  'module' => 
  array (
    0 => 'wpad.dat',
    1 => NULL,
    2 => NULL,
  ),
)
[ info ] [ HEADER ] array (
  'connection' => 'Keep-Alive',
  'accept' => '*/*',
  'user-agent' => 'WinHttp-Autoproxy-Service/5.1',
  'host' => 'wpad.com',
)
[ info ] [ PARAM ] array (
)
[ info ] [ LOG ] INIT File
---------------------------------------------------------------
[ 2018-05-06T09:38:20+08:00 ] 127.0.0.1 GET /wpad.dat
[ info ] wpad.com/wpad.dat [运行时间：0.032878s][吞吐率：30.42req/s] [内存消耗：1,431.91kb] [文件加载：38]
[ info ] [ LANG ] D:\Vc_PHP\Apache24\htdocs\2018\TP5\ThinkPHP\thinkphp\lang\zh-cn.php
[ info ] [ ROUTE ] array (
  'type' => 'module',
  'module' => 
  array (
    0 => 'wpad.dat',
    1 => NULL,
    2 => NULL,
  ),
)
[ info ] [ HEADER ] array (
  'connection' => 'Keep-Alive',
  'accept' => '*/*',
  'user-agent' => 'WinHttp-Autoproxy-Service/5.1',
  'host' => 'wpad.com',
)
[ info ] [ PARAM ] array (
)
[ info ] [ LOG ] INIT File
---------------------------------------------------------------
[ 2018-05-06T09:48:20+08:00 ] 127.0.0.1 GET /wpad.dat
[ info ] wpad.com/wpad.dat [运行时间：0.017946s][吞吐率：55.72req/s] [内存消耗：1,431.91kb] [文件加载：38]
[ info ] [ LANG ] D:\Vc_PHP\Apache24\htdocs\2018\TP5\ThinkPHP\thinkphp\lang\zh-cn.php
[ info ] [ ROUTE ] array (
  'type' => 'module',
  'module' => 
  array (
    0 => 'wpad.dat',
    1 => NULL,
    2 => NULL,
  ),
)
[ info ] [ HEADER ] array (
  'connection' => 'Keep-Alive',
  'accept' => '*/*',
  'user-agent' => 'WinHttp-Autoproxy-Service/5.1',
  'host' => 'wpad.com',
)
[ info ] [ PARAM ] array (
)
[ info ] [ LOG ] INIT File
---------------------------------------------------------------
[ 2018-05-06T09:58:20+08:00 ] 127.0.0.1 GET /wpad.dat
[ info ] wpad.com/wpad.dat [运行时间：0.017447s][吞吐率：57.32req/s] [内存消耗：1,431.91kb] [文件加载：38]
[ info ] [ LANG ] D:\Vc_PHP\Apache24\htdocs\2018\TP5\ThinkPHP\thinkphp\lang\zh-cn.php
[ info ] [ ROUTE ] array (
  'type' => 'module',
  'module' => 
  array (
    0 => 'wpad.dat',
    1 => NULL,
    2 => NULL,
  ),
)
[ info ] [ HEADER ] array (
  'connection' => 'Keep-Alive',
  'accept' => '*/*',
  'user-agent' => 'WinHttp-Autoproxy-Service/5.1',
  'host' => 'wpad.com',
)
[ info ] [ PARAM ] array (
)
[ info ] [ LOG ] INIT File
---------------------------------------------------------------
[ 2018-05-06T10:08:20+08:00 ] 127.0.0.1 GET /wpad.dat
[ info ] wpad.com/wpad.dat [运行时间：0.016944s][吞吐率：59.02req/s] [内存消耗：1,431.91kb] [文件加载：38]
[ info ] [ LANG ] D:\Vc_PHP\Apache24\htdocs\2018\TP5\ThinkPHP\thinkphp\lang\zh-cn.php
[ info ] [ ROUTE ] array (
  'type' => 'module',
  'module' => 
  array (
    0 => 'wpad.dat',
    1 => NULL,
    2 => NULL,
  ),
)
[ info ] [ HEADER ] array (
  'connection' => 'Keep-Alive',
  'accept' => '*/*',
  'user-agent' => 'WinHttp-Autoproxy-Service/5.1',
  'host' => 'wpad.com',
)
[ info ] [ PARAM ] array (
)
[ info ] [ LOG ] INIT File
---------------------------------------------------------------
[ 2018-05-06T10:18:20+08:00 ] 127.0.0.1 GET /wpad.dat
[ info ] wpad.com/wpad.dat [运行时间：0.026569s][吞吐率：37.64req/s] [内存消耗：1,431.91kb] [文件加载：38]
[ info ] [ LANG ] D:\Vc_PHP\Apache24\htdocs\2018\TP5\ThinkPHP\thinkphp\lang\zh-cn.php
[ info ] [ ROUTE ] array (
  'type' => 'module',
  'module' => 
  array (
    0 => 'wpad.dat',
    1 => NULL,
    2 => NULL,
  ),
)
[ info ] [ HEADER ] array (
  'connection' => 'Keep-Alive',
  'accept' => '*/*',
  'user-agent' => 'WinHttp-Autoproxy-Service/5.1',
  'host' => 'wpad.com',
)
[ info ] [ PARAM ] array (
)
[ info ] [ LOG ] INIT File
---------------------------------------------------------------
[ 2018-05-06T10:28:20+08:00 ] 127.0.0.1 GET /wpad.dat
[ info ] wpad.com/wpad.dat [运行时间：0.430684s][吞吐率：2.32req/s] [内存消耗：1,431.91kb] [文件加载：38]
[ info ] [ LANG ] D:\Vc_PHP\Apache24\htdocs\2018\TP5\ThinkPHP\thinkphp\lang\zh-cn.php
[ info ] [ ROUTE ] array (
  'type' => 'module',
  'module' => 
  array (
    0 => 'wpad.dat',
    1 => NULL,
    2 => NULL,
  ),
)
[ info ] [ HEADER ] array (
  'connection' => 'Keep-Alive',
  'accept' => '*/*',
  'user-agent' => 'WinHttp-Autoproxy-Service/5.1',
  'host' => 'wpad.com',
)
[ info ] [ PARAM ] array (
)
[ info ] [ LOG ] INIT File
---------------------------------------------------------------
[ 2018-05-06T10:38:20+08:00 ] 127.0.0.1 GET /wpad.dat
[ info ] wpad.com/wpad.dat [运行时间：0.018151s][吞吐率：55.09req/s] [内存消耗：1,431.91kb] [文件加载：38]
[ info ] [ LANG ] D:\Vc_PHP\Apache24\htdocs\2018\TP5\ThinkPHP\thinkphp\lang\zh-cn.php
[ info ] [ ROUTE ] array (
  'type' => 'module',
  'module' => 
  array (
    0 => 'wpad.dat',
    1 => NULL,
    2 => NULL,
  ),
)
[ info ] [ HEADER ] array (
  'connection' => 'Keep-Alive',
  'accept' => '*/*',
  'user-agent' => 'WinHttp-Autoproxy-Service/5.1',
  'host' => 'wpad.com',
)
[ info ] [ PARAM ] array (
)
[ info ] [ LOG ] INIT File
---------------------------------------------------------------
[ 2018-05-06T10:48:20+08:00 ] 127.0.0.1 GET /wpad.dat
[ info ] wpad.com/wpad.dat [运行时间：0.017975s][吞吐率：55.63req/s] [内存消耗：1,431.91kb] [文件加载：38]
[ info ] [ LANG ] D:\Vc_PHP\Apache24\htdocs\2018\TP5\ThinkPHP\thinkphp\lang\zh-cn.php
[ info ] [ ROUTE ] array (
  'type' => 'module',
  'module' => 
  array (
    0 => 'wpad.dat',
    1 => NULL,
    2 => NULL,
  ),
)
[ info ] [ HEADER ] array (
  'connection' => 'Keep-Alive',
  'accept' => '*/*',
  'user-agent' => 'WinHttp-Autoproxy-Service/5.1',
  'host' => 'wpad.com',
)
[ info ] [ PARAM ] array (
)
[ info ] [ LOG ] INIT File
---------------------------------------------------------------
[ 2018-05-06T10:58:20+08:00 ] 127.0.0.1 GET /wpad.dat
[ info ] wpad.com/wpad.dat [运行时间：0.017565s][吞吐率：56.93req/s] [内存消耗：1,431.91kb] [文件加载：38]
[ info ] [ LANG ] D:\Vc_PHP\Apache24\htdocs\2018\TP5\ThinkPHP\thinkphp\lang\zh-cn.php
[ info ] [ ROUTE ] array (
  'type' => 'module',
  'module' => 
  array (
    0 => 'wpad.dat',
    1 => NULL,
    2 => NULL,
  ),
)
[ info ] [ HEADER ] array (
  'connection' => 'Keep-Alive',
  'accept' => '*/*',
  'user-agent' => 'WinHttp-Autoproxy-Service/5.1',
  'host' => 'wpad.com',
)
[ info ] [ PARAM ] array (
)
[ info ] [ LOG ] INIT File
---------------------------------------------------------------
[ 2018-05-06T11:08:20+08:00 ] 127.0.0.1 GET /wpad.dat
[ info ] wpad.com/wpad.dat [运行时间：0.029439s][吞吐率：33.97req/s] [内存消耗：1,431.91kb] [文件加载：38]
[ info ] [ LANG ] D:\Vc_PHP\Apache24\htdocs\2018\TP5\ThinkPHP\thinkphp\lang\zh-cn.php
[ info ] [ ROUTE ] array (
  'type' => 'module',
  'module' => 
  array (
    0 => 'wpad.dat',
    1 => NULL,
    2 => NULL,
  ),
)
[ info ] [ HEADER ] array (
  'connection' => 'Keep-Alive',
  'accept' => '*/*',
  'user-agent' => 'WinHttp-Autoproxy-Service/5.1',
  'host' => 'wpad.com',
)
[ info ] [ PARAM ] array (
)
[ info ] [ LOG ] INIT File
---------------------------------------------------------------
[ 2018-05-06T11:18:20+08:00 ] 127.0.0.1 GET /wpad.dat
[ info ] wpad.com/wpad.dat [运行时间：0.029578s][吞吐率：33.81req/s] [内存消耗：1,431.91kb] [文件加载：38]
[ info ] [ LANG ] D:\Vc_PHP\Apache24\htdocs\2018\TP5\ThinkPHP\thinkphp\lang\zh-cn.php
[ info ] [ ROUTE ] array (
  'type' => 'module',
  'module' => 
  array (
    0 => 'wpad.dat',
    1 => NULL,
    2 => NULL,
  ),
)
[ info ] [ HEADER ] array (
  'connection' => 'Keep-Alive',
  'accept' => '*/*',
  'user-agent' => 'WinHttp-Autoproxy-Service/5.1',
  'host' => 'wpad.com',
)
[ info ] [ PARAM ] array (
)
[ info ] [ LOG ] INIT File
---------------------------------------------------------------
[ 2018-05-06T11:28:20+08:00 ] 127.0.0.1 GET /wpad.dat
[ info ] wpad.com/wpad.dat [运行时间：0.016756s][吞吐率：59.68req/s] [内存消耗：1,431.91kb] [文件加载：38]
[ info ] [ LANG ] D:\Vc_PHP\Apache24\htdocs\2018\TP5\ThinkPHP\thinkphp\lang\zh-cn.php
[ info ] [ ROUTE ] array (
  'type' => 'module',
  'module' => 
  array (
    0 => 'wpad.dat',
    1 => NULL,
    2 => NULL,
  ),
)
[ info ] [ HEADER ] array (
  'connection' => 'Keep-Alive',
  'accept' => '*/*',
  'user-agent' => 'WinHttp-Autoproxy-Service/5.1',
  'host' => 'wpad.com',
)
[ info ] [ PARAM ] array (
)
[ info ] [ LOG ] INIT File
---------------------------------------------------------------
[ 2018-05-06T11:38:20+08:00 ] 127.0.0.1 GET /wpad.dat
[ info ] wpad.com/wpad.dat [运行时间：0.029513s][吞吐率：33.88req/s] [内存消耗：1,431.91kb] [文件加载：38]
[ info ] [ LANG ] D:\Vc_PHP\Apache24\htdocs\2018\TP5\ThinkPHP\thinkphp\lang\zh-cn.php
[ info ] [ ROUTE ] array (
  'type' => 'module',
  'module' => 
  array (
    0 => 'wpad.dat',
    1 => NULL,
    2 => NULL,
  ),
)
[ info ] [ HEADER ] array (
  'connection' => 'Keep-Alive',
  'accept' => '*/*',
  'user-agent' => 'WinHttp-Autoproxy-Service/5.1',
  'host' => 'wpad.com',
)
[ info ] [ PARAM ] array (
)
[ info ] [ LOG ] INIT File
---------------------------------------------------------------
[ 2018-05-06T11:48:21+08:00 ] 127.0.0.1 GET /wpad.dat
[ info ] wpad.com/wpad.dat [运行时间：0.028261s][吞吐率：35.38req/s] [内存消耗：1,431.91kb] [文件加载：38]
[ info ] [ LANG ] D:\Vc_PHP\Apache24\htdocs\2018\TP5\ThinkPHP\thinkphp\lang\zh-cn.php
[ info ] [ ROUTE ] array (
  'type' => 'module',
  'module' => 
  array (
    0 => 'wpad.dat',
    1 => NULL,
    2 => NULL,
  ),
)
[ info ] [ HEADER ] array (
  'connection' => 'Keep-Alive',
  'accept' => '*/*',
  'user-agent' => 'WinHttp-Autoproxy-Service/5.1',
  'host' => 'wpad.com',
)
[ info ] [ PARAM ] array (
)
[ info ] [ LOG ] INIT File
---------------------------------------------------------------
[ 2018-05-06T11:58:21+08:00 ] 127.0.0.1 GET /wpad.dat
[ info ] wpad.com/wpad.dat [运行时间：0.017329s][吞吐率：57.71req/s] [内存消耗：1,431.91kb] [文件加载：38]
[ info ] [ LANG ] D:\Vc_PHP\Apache24\htdocs\2018\TP5\ThinkPHP\thinkphp\lang\zh-cn.php
[ info ] [ ROUTE ] array (
  'type' => 'module',
  'module' => 
  array (
    0 => 'wpad.dat',
    1 => NULL,
    2 => NULL,
  ),
)
[ info ] [ HEADER ] array (
  'connection' => 'Keep-Alive',
  'accept' => '*/*',
  'user-agent' => 'WinHttp-Autoproxy-Service/5.1',
  'host' => 'wpad.com',
)
[ info ] [ PARAM ] array (
)
[ info ] [ LOG ] INIT File
---------------------------------------------------------------
[ 2018-05-06T12:07:16+08:00 ] 127.0.0.1 GET /wpad.dat
[ info ] wpad.com/wpad.dat [运行时间：0.024258s][吞吐率：41.22req/s] [内存消耗：1,431.91kb] [文件加载：38]
[ info ] [ LANG ] D:\Vc_PHP\Apache24\htdocs\2018\TP5\ThinkPHP\thinkphp\lang\zh-cn.php
[ info ] [ ROUTE ] array (
  'type' => 'module',
  'module' => 
  array (
    0 => 'wpad.dat',
    1 => NULL,
    2 => NULL,
  ),
)
[ info ] [ HEADER ] array (
  'connection' => 'Keep-Alive',
  'accept' => '*/*',
  'user-agent' => 'WinHttp-Autoproxy-Service/5.1',
  'host' => 'wpad.com',
)
[ info ] [ PARAM ] array (
)
[ info ] [ LOG ] INIT File
---------------------------------------------------------------
[ 2018-05-06T12:09:39+08:00 ] 127.0.0.1 GET /wpad.dat
[ info ] wpad.com/wpad.dat [运行时间：0.020865s][吞吐率：47.93req/s] [内存消耗：1,431.91kb] [文件加载：38]
[ info ] [ LANG ] D:\Vc_PHP\Apache24\htdocs\2018\TP5\ThinkPHP\thinkphp\lang\zh-cn.php
[ info ] [ ROUTE ] array (
  'type' => 'module',
  'module' => 
  array (
    0 => 'wpad.dat',
    1 => NULL,
    2 => NULL,
  ),
)
[ info ] [ HEADER ] array (
  'connection' => 'Keep-Alive',
  'accept' => '*/*',
  'user-agent' => 'WinHttp-Autoproxy-Service/5.1',
  'host' => 'wpad.com',
)
[ info ] [ PARAM ] array (
)
[ info ] [ LOG ] INIT File
---------------------------------------------------------------
[ 2018-05-06T12:19:39+08:00 ] 127.0.0.1 GET /wpad.dat
[ info ] wpad.com/wpad.dat [运行时间：0.026936s][吞吐率：37.13req/s] [内存消耗：1,431.91kb] [文件加载：38]
[ info ] [ LANG ] D:\Vc_PHP\Apache24\htdocs\2018\TP5\ThinkPHP\thinkphp\lang\zh-cn.php
[ info ] [ ROUTE ] array (
  'type' => 'module',
  'module' => 
  array (
    0 => 'wpad.dat',
    1 => NULL,
    2 => NULL,
  ),
)
[ info ] [ HEADER ] array (
  'connection' => 'Keep-Alive',
  'accept' => '*/*',
  'user-agent' => 'WinHttp-Autoproxy-Service/5.1',
  'host' => 'wpad.com',
)
[ info ] [ PARAM ] array (
)
[ info ] [ LOG ] INIT File
---------------------------------------------------------------
[ 2018-05-06T12:29:39+08:00 ] 127.0.0.1 GET /wpad.dat
[ info ] wpad.com/wpad.dat [运行时间：0.020046s][吞吐率：49.89req/s] [内存消耗：1,431.91kb] [文件加载：38]
[ info ] [ LANG ] D:\Vc_PHP\Apache24\htdocs\2018\TP5\ThinkPHP\thinkphp\lang\zh-cn.php
[ info ] [ ROUTE ] array (
  'type' => 'module',
  'module' => 
  array (
    0 => 'wpad.dat',
    1 => NULL,
    2 => NULL,
  ),
)
[ info ] [ HEADER ] array (
  'connection' => 'Keep-Alive',
  'accept' => '*/*',
  'user-agent' => 'WinHttp-Autoproxy-Service/5.1',
  'host' => 'wpad.com',
)
[ info ] [ PARAM ] array (
)
[ info ] [ LOG ] INIT File
---------------------------------------------------------------
[ 2018-05-06T12:39:39+08:00 ] 127.0.0.1 GET /wpad.dat
[ info ] wpad.com/wpad.dat [运行时间：0.018367s][吞吐率：54.45req/s] [内存消耗：1,431.91kb] [文件加载：38]
[ info ] [ LANG ] D:\Vc_PHP\Apache24\htdocs\2018\TP5\ThinkPHP\thinkphp\lang\zh-cn.php
[ info ] [ ROUTE ] array (
  'type' => 'module',
  'module' => 
  array (
    0 => 'wpad.dat',
    1 => NULL,
    2 => NULL,
  ),
)
[ info ] [ HEADER ] array (
  'connection' => 'Keep-Alive',
  'accept' => '*/*',
  'user-agent' => 'WinHttp-Autoproxy-Service/5.1',
  'host' => 'wpad.com',
)
[ info ] [ PARAM ] array (
)
[ info ] [ LOG ] INIT File
---------------------------------------------------------------
[ 2018-05-06T12:49:39+08:00 ] 127.0.0.1 GET /wpad.dat
[ info ] wpad.com/wpad.dat [运行时间：0.022108s][吞吐率：45.23req/s] [内存消耗：1,431.91kb] [文件加载：38]
[ info ] [ LANG ] D:\Vc_PHP\Apache24\htdocs\2018\TP5\ThinkPHP\thinkphp\lang\zh-cn.php
[ info ] [ ROUTE ] array (
  'type' => 'module',
  'module' => 
  array (
    0 => 'wpad.dat',
    1 => NULL,
    2 => NULL,
  ),
)
[ info ] [ HEADER ] array (
  'connection' => 'Keep-Alive',
  'accept' => '*/*',
  'user-agent' => 'WinHttp-Autoproxy-Service/5.1',
  'host' => 'wpad.com',
)
[ info ] [ PARAM ] array (
)
[ info ] [ LOG ] INIT File
---------------------------------------------------------------
[ 2018-05-06T12:59:39+08:00 ] 127.0.0.1 GET /wpad.dat
[ info ] wpad.com/wpad.dat [运行时间：0.020527s][吞吐率：48.72req/s] [内存消耗：1,431.91kb] [文件加载：38]
[ info ] [ LANG ] D:\Vc_PHP\Apache24\htdocs\2018\TP5\ThinkPHP\thinkphp\lang\zh-cn.php
[ info ] [ ROUTE ] array (
  'type' => 'module',
  'module' => 
  array (
    0 => 'wpad.dat',
    1 => NULL,
    2 => NULL,
  ),
)
[ info ] [ HEADER ] array (
  'connection' => 'Keep-Alive',
  'accept' => '*/*',
  'user-agent' => 'WinHttp-Autoproxy-Service/5.1',
  'host' => 'wpad.com',
)
[ info ] [ PARAM ] array (
)
[ info ] [ LOG ] INIT File
---------------------------------------------------------------
[ 2018-05-06T13:09:39+08:00 ] 127.0.0.1 GET /wpad.dat
[ info ] wpad.com/wpad.dat [运行时间：0.020356s][吞吐率：49.13req/s] [内存消耗：1,431.91kb] [文件加载：38]
[ info ] [ LANG ] D:\Vc_PHP\Apache24\htdocs\2018\TP5\ThinkPHP\thinkphp\lang\zh-cn.php
[ info ] [ ROUTE ] array (
  'type' => 'module',
  'module' => 
  array (
    0 => 'wpad.dat',
    1 => NULL,
    2 => NULL,
  ),
)
[ info ] [ HEADER ] array (
  'connection' => 'Keep-Alive',
  'accept' => '*/*',
  'user-agent' => 'WinHttp-Autoproxy-Service/5.1',
  'host' => 'wpad.com',
)
[ info ] [ PARAM ] array (
)
[ info ] [ LOG ] INIT File
---------------------------------------------------------------
[ 2018-05-06T13:19:39+08:00 ] 127.0.0.1 GET /wpad.dat
[ info ] wpad.com/wpad.dat [运行时间：0.031465s][吞吐率：31.78req/s] [内存消耗：1,431.91kb] [文件加载：38]
[ info ] [ LANG ] D:\Vc_PHP\Apache24\htdocs\2018\TP5\ThinkPHP\thinkphp\lang\zh-cn.php
[ info ] [ ROUTE ] array (
  'type' => 'module',
  'module' => 
  array (
    0 => 'wpad.dat',
    1 => NULL,
    2 => NULL,
  ),
)
[ info ] [ HEADER ] array (
  'connection' => 'Keep-Alive',
  'accept' => '*/*',
  'user-agent' => 'WinHttp-Autoproxy-Service/5.1',
  'host' => 'wpad.com',
)
[ info ] [ PARAM ] array (
)
[ info ] [ LOG ] INIT File
---------------------------------------------------------------
[ 2018-05-06T13:24:42+08:00 ] 127.0.0.1 GET /wpad.dat
[ info ] wpad.com/wpad.dat [运行时间：0.024117s][吞吐率：41.46req/s] [内存消耗：1,431.91kb] [文件加载：38]
[ info ] [ LANG ] D:\Vc_PHP\Apache24\htdocs\2018\TP5\ThinkPHP\thinkphp\lang\zh-cn.php
[ info ] [ ROUTE ] array (
  'type' => 'module',
  'module' => 
  array (
    0 => 'wpad.dat',
    1 => NULL,
    2 => NULL,
  ),
)
[ info ] [ HEADER ] array (
  'connection' => 'Keep-Alive',
  'accept' => '*/*',
  'user-agent' => 'WinHttp-Autoproxy-Service/5.1',
  'host' => 'wpad.com',
)
[ info ] [ PARAM ] array (
)
[ info ] [ LOG ] INIT File
---------------------------------------------------------------
[ 2018-05-06T13:24:57+08:00 ] 127.0.0.1 GET /wpad.dat
[ info ] wpad.com/wpad.dat [运行时间：0.020774s][吞吐率：48.14req/s] [内存消耗：1,431.91kb] [文件加载：38]
[ info ] [ LANG ] D:\Vc_PHP\Apache24\htdocs\2018\TP5\ThinkPHP\thinkphp\lang\zh-cn.php
[ info ] [ ROUTE ] array (
  'type' => 'module',
  'module' => 
  array (
    0 => 'wpad.dat',
    1 => NULL,
    2 => NULL,
  ),
)
[ info ] [ HEADER ] array (
  'connection' => 'Keep-Alive',
  'accept' => '*/*',
  'user-agent' => 'WinHttp-Autoproxy-Service/5.1',
  'host' => 'wpad.com',
)
[ info ] [ PARAM ] array (
)
[ info ] [ LOG ] INIT File
---------------------------------------------------------------
[ 2018-05-06T13:25:57+08:00 ] 127.0.0.1 GET /wpad.dat
[ info ] wpad.com/wpad.dat [运行时间：0.018479s][吞吐率：54.12req/s] [内存消耗：1,431.91kb] [文件加载：38]
[ info ] [ LANG ] D:\Vc_PHP\Apache24\htdocs\2018\TP5\ThinkPHP\thinkphp\lang\zh-cn.php
[ info ] [ ROUTE ] array (
  'type' => 'module',
  'module' => 
  array (
    0 => 'wpad.dat',
    1 => NULL,
    2 => NULL,
  ),
)
[ info ] [ HEADER ] array (
  'connection' => 'Keep-Alive',
  'accept' => '*/*',
  'user-agent' => 'WinHttp-Autoproxy-Service/5.1',
  'host' => 'wpad.com',
)
[ info ] [ PARAM ] array (
)
[ info ] [ LOG ] INIT File
---------------------------------------------------------------
[ 2018-05-06T13:35:57+08:00 ] 127.0.0.1 GET /wpad.dat
[ info ] wpad.com/wpad.dat [运行时间：0.020779s][吞吐率：48.13req/s] [内存消耗：1,431.91kb] [文件加载：38]
[ info ] [ LANG ] D:\Vc_PHP\Apache24\htdocs\2018\TP5\ThinkPHP\thinkphp\lang\zh-cn.php
[ info ] [ ROUTE ] array (
  'type' => 'module',
  'module' => 
  array (
    0 => 'wpad.dat',
    1 => NULL,
    2 => NULL,
  ),
)
[ info ] [ HEADER ] array (
  'connection' => 'Keep-Alive',
  'accept' => '*/*',
  'user-agent' => 'WinHttp-Autoproxy-Service/5.1',
  'host' => 'wpad.com',
)
[ info ] [ PARAM ] array (
)
[ info ] [ LOG ] INIT File
---------------------------------------------------------------
[ 2018-05-06T13:45:57+08:00 ] 127.0.0.1 GET /wpad.dat
[ info ] wpad.com/wpad.dat [运行时间：0.027251s][吞吐率：36.70req/s] [内存消耗：1,431.91kb] [文件加载：38]
[ info ] [ LANG ] D:\Vc_PHP\Apache24\htdocs\2018\TP5\ThinkPHP\thinkphp\lang\zh-cn.php
[ info ] [ ROUTE ] array (
  'type' => 'module',
  'module' => 
  array (
    0 => 'wpad.dat',
    1 => NULL,
    2 => NULL,
  ),
)
[ info ] [ HEADER ] array (
  'connection' => 'Keep-Alive',
  'accept' => '*/*',
  'user-agent' => 'WinHttp-Autoproxy-Service/5.1',
  'host' => 'wpad.com',
)
[ info ] [ PARAM ] array (
)
[ info ] [ LOG ] INIT File
---------------------------------------------------------------
[ 2018-05-06T13:55:57+08:00 ] 127.0.0.1 GET /wpad.dat
[ info ] wpad.com/wpad.dat [运行时间：0.021815s][吞吐率：45.84req/s] [内存消耗：1,431.91kb] [文件加载：38]
[ info ] [ LANG ] D:\Vc_PHP\Apache24\htdocs\2018\TP5\ThinkPHP\thinkphp\lang\zh-cn.php
[ info ] [ ROUTE ] array (
  'type' => 'module',
  'module' => 
  array (
    0 => 'wpad.dat',
    1 => NULL,
    2 => NULL,
  ),
)
[ info ] [ HEADER ] array (
  'connection' => 'Keep-Alive',
  'accept' => '*/*',
  'user-agent' => 'WinHttp-Autoproxy-Service/5.1',
  'host' => 'wpad.com',
)
[ info ] [ PARAM ] array (
)
[ info ] [ LOG ] INIT File
---------------------------------------------------------------
[ 2018-05-06T14:05:57+08:00 ] 127.0.0.1 GET /wpad.dat
[ info ] wpad.com/wpad.dat [运行时间：0.028558s][吞吐率：35.02req/s] [内存消耗：1,431.91kb] [文件加载：38]
[ info ] [ LANG ] D:\Vc_PHP\Apache24\htdocs\2018\TP5\ThinkPHP\thinkphp\lang\zh-cn.php
[ info ] [ ROUTE ] array (
  'type' => 'module',
  'module' => 
  array (
    0 => 'wpad.dat',
    1 => NULL,
    2 => NULL,
  ),
)
[ info ] [ HEADER ] array (
  'connection' => 'Keep-Alive',
  'accept' => '*/*',
  'user-agent' => 'WinHttp-Autoproxy-Service/5.1',
  'host' => 'wpad.com',
)
[ info ] [ PARAM ] array (
)
[ info ] [ LOG ] INIT File
---------------------------------------------------------------
[ 2018-05-06T14:15:57+08:00 ] 127.0.0.1 GET /wpad.dat
[ info ] wpad.com/wpad.dat [运行时间：0.036992s][吞吐率：27.03req/s] [内存消耗：1,431.91kb] [文件加载：38]
[ info ] [ LANG ] D:\Vc_PHP\Apache24\htdocs\2018\TP5\ThinkPHP\thinkphp\lang\zh-cn.php
[ info ] [ ROUTE ] array (
  'type' => 'module',
  'module' => 
  array (
    0 => 'wpad.dat',
    1 => NULL,
    2 => NULL,
  ),
)
[ info ] [ HEADER ] array (
  'connection' => 'Keep-Alive',
  'accept' => '*/*',
  'user-agent' => 'WinHttp-Autoproxy-Service/5.1',
  'host' => 'wpad.com',
)
[ info ] [ PARAM ] array (
)
[ info ] [ LOG ] INIT File
---------------------------------------------------------------
[ 2018-05-06T14:25:57+08:00 ] 127.0.0.1 GET /wpad.dat
[ info ] wpad.com/wpad.dat [运行时间：0.028642s][吞吐率：34.91req/s] [内存消耗：1,431.91kb] [文件加载：38]
[ info ] [ LANG ] D:\Vc_PHP\Apache24\htdocs\2018\TP5\ThinkPHP\thinkphp\lang\zh-cn.php
[ info ] [ ROUTE ] array (
  'type' => 'module',
  'module' => 
  array (
    0 => 'wpad.dat',
    1 => NULL,
    2 => NULL,
  ),
)
[ info ] [ HEADER ] array (
  'connection' => 'Keep-Alive',
  'accept' => '*/*',
  'user-agent' => 'WinHttp-Autoproxy-Service/5.1',
  'host' => 'wpad.com',
)
[ info ] [ PARAM ] array (
)
[ info ] [ LOG ] INIT File
---------------------------------------------------------------
[ 2018-05-06T14:35:57+08:00 ] 127.0.0.1 GET /wpad.dat
[ info ] wpad.com/wpad.dat [运行时间：0.018280s][吞吐率：54.70req/s] [内存消耗：1,431.91kb] [文件加载：38]
[ info ] [ LANG ] D:\Vc_PHP\Apache24\htdocs\2018\TP5\ThinkPHP\thinkphp\lang\zh-cn.php
[ info ] [ ROUTE ] array (
  'type' => 'module',
  'module' => 
  array (
    0 => 'wpad.dat',
    1 => NULL,
    2 => NULL,
  ),
)
[ info ] [ HEADER ] array (
  'connection' => 'Keep-Alive',
  'accept' => '*/*',
  'user-agent' => 'WinHttp-Autoproxy-Service/5.1',
  'host' => 'wpad.com',
)
[ info ] [ PARAM ] array (
)
[ info ] [ LOG ] INIT File
---------------------------------------------------------------
[ 2018-05-06T14:45:57+08:00 ] 127.0.0.1 GET /wpad.dat
[ info ] wpad.com/wpad.dat [运行时间：0.017888s][吞吐率：55.90req/s] [内存消耗：1,431.91kb] [文件加载：38]
[ info ] [ LANG ] D:\Vc_PHP\Apache24\htdocs\2018\TP5\ThinkPHP\thinkphp\lang\zh-cn.php
[ info ] [ ROUTE ] array (
  'type' => 'module',
  'module' => 
  array (
    0 => 'wpad.dat',
    1 => NULL,
    2 => NULL,
  ),
)
[ info ] [ HEADER ] array (
  'connection' => 'Keep-Alive',
  'accept' => '*/*',
  'user-agent' => 'WinHttp-Autoproxy-Service/5.1',
  'host' => 'wpad.com',
)
[ info ] [ PARAM ] array (
)
[ info ] [ LOG ] INIT File
---------------------------------------------------------------
[ 2018-05-06T14:55:57+08:00 ] 127.0.0.1 GET /wpad.dat
[ info ] wpad.com/wpad.dat [运行时间：0.017255s][吞吐率：57.95req/s] [内存消耗：1,431.91kb] [文件加载：38]
[ info ] [ LANG ] D:\Vc_PHP\Apache24\htdocs\2018\TP5\ThinkPHP\thinkphp\lang\zh-cn.php
[ info ] [ ROUTE ] array (
  'type' => 'module',
  'module' => 
  array (
    0 => 'wpad.dat',
    1 => NULL,
    2 => NULL,
  ),
)
[ info ] [ HEADER ] array (
  'connection' => 'Keep-Alive',
  'accept' => '*/*',
  'user-agent' => 'WinHttp-Autoproxy-Service/5.1',
  'host' => 'wpad.com',
)
[ info ] [ PARAM ] array (
)
[ info ] [ LOG ] INIT File
---------------------------------------------------------------
[ 2018-05-06T15:05:57+08:00 ] 127.0.0.1 GET /wpad.dat
[ info ] wpad.com/wpad.dat [运行时间：0.035979s][吞吐率：27.79req/s] [内存消耗：1,431.91kb] [文件加载：38]
[ info ] [ LANG ] D:\Vc_PHP\Apache24\htdocs\2018\TP5\ThinkPHP\thinkphp\lang\zh-cn.php
[ info ] [ ROUTE ] array (
  'type' => 'module',
  'module' => 
  array (
    0 => 'wpad.dat',
    1 => NULL,
    2 => NULL,
  ),
)
[ info ] [ HEADER ] array (
  'connection' => 'Keep-Alive',
  'accept' => '*/*',
  'user-agent' => 'WinHttp-Autoproxy-Service/5.1',
  'host' => 'wpad.com',
)
[ info ] [ PARAM ] array (
)
[ info ] [ LOG ] INIT File
---------------------------------------------------------------
[ 2018-05-06T15:15:57+08:00 ] 127.0.0.1 GET /wpad.dat
[ info ] wpad.com/wpad.dat [运行时间：0.018065s][吞吐率：55.36req/s] [内存消耗：1,431.91kb] [文件加载：38]
[ info ] [ LANG ] D:\Vc_PHP\Apache24\htdocs\2018\TP5\ThinkPHP\thinkphp\lang\zh-cn.php
[ info ] [ ROUTE ] array (
  'type' => 'module',
  'module' => 
  array (
    0 => 'wpad.dat',
    1 => NULL,
    2 => NULL,
  ),
)
[ info ] [ HEADER ] array (
  'connection' => 'Keep-Alive',
  'accept' => '*/*',
  'user-agent' => 'WinHttp-Autoproxy-Service/5.1',
  'host' => 'wpad.com',
)
[ info ] [ PARAM ] array (
)
[ info ] [ LOG ] INIT File
---------------------------------------------------------------
[ 2018-05-06T15:25:57+08:00 ] 127.0.0.1 GET /wpad.dat
[ info ] wpad.com/wpad.dat [运行时间：0.016919s][吞吐率：59.11req/s] [内存消耗：1,431.91kb] [文件加载：38]
[ info ] [ LANG ] D:\Vc_PHP\Apache24\htdocs\2018\TP5\ThinkPHP\thinkphp\lang\zh-cn.php
[ info ] [ ROUTE ] array (
  'type' => 'module',
  'module' => 
  array (
    0 => 'wpad.dat',
    1 => NULL,
    2 => NULL,
  ),
)
[ info ] [ HEADER ] array (
  'connection' => 'Keep-Alive',
  'accept' => '*/*',
  'user-agent' => 'WinHttp-Autoproxy-Service/5.1',
  'host' => 'wpad.com',
)
[ info ] [ PARAM ] array (
)
[ info ] [ LOG ] INIT File
---------------------------------------------------------------
[ 2018-05-06T15:27:29+08:00 ] 127.0.0.1 GET /wpad.dat
[ info ] wpad.com/wpad.dat [运行时间：0.515547s][吞吐率：1.94req/s] [内存消耗：1,431.91kb] [文件加载：38]
[ info ] [ LANG ] D:\Vc_PHP\Apache24\htdocs\2018\TP5\ThinkPHP\thinkphp\lang\zh-cn.php
[ info ] [ ROUTE ] array (
  'type' => 'module',
  'module' => 
  array (
    0 => 'wpad.dat',
    1 => NULL,
    2 => NULL,
  ),
)
[ info ] [ HEADER ] array (
  'connection' => 'Keep-Alive',
  'accept' => '*/*',
  'user-agent' => 'WinHttp-Autoproxy-Service/5.1',
  'host' => 'wpad.com',
)
[ info ] [ PARAM ] array (
)
[ info ] [ LOG ] INIT File
---------------------------------------------------------------
[ 2018-05-06T15:27:44+08:00 ] 127.0.0.1 GET /wpad.dat
[ info ] wpad.com/wpad.dat [运行时间：0.023778s][吞吐率：42.06req/s] [内存消耗：1,431.91kb] [文件加载：38]
[ info ] [ LANG ] D:\Vc_PHP\Apache24\htdocs\2018\TP5\ThinkPHP\thinkphp\lang\zh-cn.php
[ info ] [ ROUTE ] array (
  'type' => 'module',
  'module' => 
  array (
    0 => 'wpad.dat',
    1 => NULL,
    2 => NULL,
  ),
)
[ info ] [ HEADER ] array (
  'connection' => 'Keep-Alive',
  'accept' => '*/*',
  'user-agent' => 'WinHttp-Autoproxy-Service/5.1',
  'host' => 'wpad.com',
)
[ info ] [ PARAM ] array (
)
[ info ] [ LOG ] INIT File
---------------------------------------------------------------
[ 2018-05-06T15:28:44+08:00 ] 127.0.0.1 GET /wpad.dat
[ info ] wpad.com/wpad.dat [运行时间：0.018549s][吞吐率：53.91req/s] [内存消耗：1,431.91kb] [文件加载：38]
[ info ] [ LANG ] D:\Vc_PHP\Apache24\htdocs\2018\TP5\ThinkPHP\thinkphp\lang\zh-cn.php
[ info ] [ ROUTE ] array (
  'type' => 'module',
  'module' => 
  array (
    0 => 'wpad.dat',
    1 => NULL,
    2 => NULL,
  ),
)
[ info ] [ HEADER ] array (
  'connection' => 'Keep-Alive',
  'accept' => '*/*',
  'user-agent' => 'WinHttp-Autoproxy-Service/5.1',
  'host' => 'wpad.com',
)
[ info ] [ PARAM ] array (
)
[ info ] [ LOG ] INIT File
---------------------------------------------------------------
[ 2018-05-06T15:38:44+08:00 ] 127.0.0.1 GET /wpad.dat
[ info ] wpad.com/wpad.dat [运行时间：0.033053s][吞吐率：30.25req/s] [内存消耗：1,431.91kb] [文件加载：38]
[ info ] [ LANG ] D:\Vc_PHP\Apache24\htdocs\2018\TP5\ThinkPHP\thinkphp\lang\zh-cn.php
[ info ] [ ROUTE ] array (
  'type' => 'module',
  'module' => 
  array (
    0 => 'wpad.dat',
    1 => NULL,
    2 => NULL,
  ),
)
[ info ] [ HEADER ] array (
  'connection' => 'Keep-Alive',
  'accept' => '*/*',
  'user-agent' => 'WinHttp-Autoproxy-Service/5.1',
  'host' => 'wpad.com',
)
[ info ] [ PARAM ] array (
)
[ info ] [ LOG ] INIT File
---------------------------------------------------------------
[ 2018-05-06T15:48:44+08:00 ] 127.0.0.1 GET /wpad.dat
[ info ] wpad.com/wpad.dat [运行时间：0.019819s][吞吐率：50.46req/s] [内存消耗：1,431.91kb] [文件加载：38]
[ info ] [ LANG ] D:\Vc_PHP\Apache24\htdocs\2018\TP5\ThinkPHP\thinkphp\lang\zh-cn.php
[ info ] [ ROUTE ] array (
  'type' => 'module',
  'module' => 
  array (
    0 => 'wpad.dat',
    1 => NULL,
    2 => NULL,
  ),
)
[ info ] [ HEADER ] array (
  'connection' => 'Keep-Alive',
  'accept' => '*/*',
  'user-agent' => 'WinHttp-Autoproxy-Service/5.1',
  'host' => 'wpad.com',
)
[ info ] [ PARAM ] array (
)
[ info ] [ LOG ] INIT File
---------------------------------------------------------------
[ 2018-05-06T15:58:44+08:00 ] 127.0.0.1 GET /wpad.dat
[ info ] wpad.com/wpad.dat [运行时间：0.019099s][吞吐率：52.36req/s] [内存消耗：1,431.91kb] [文件加载：38]
[ info ] [ LANG ] D:\Vc_PHP\Apache24\htdocs\2018\TP5\ThinkPHP\thinkphp\lang\zh-cn.php
[ info ] [ ROUTE ] array (
  'type' => 'module',
  'module' => 
  array (
    0 => 'wpad.dat',
    1 => NULL,
    2 => NULL,
  ),
)
[ info ] [ HEADER ] array (
  'connection' => 'Keep-Alive',
  'accept' => '*/*',
  'user-agent' => 'WinHttp-Autoproxy-Service/5.1',
  'host' => 'wpad.com',
)
[ info ] [ PARAM ] array (
)
[ info ] [ LOG ] INIT File
---------------------------------------------------------------
[ 2018-05-06T16:08:44+08:00 ] 127.0.0.1 GET /wpad.dat
[ info ] wpad.com/wpad.dat [运行时间：0.034133s][吞吐率：29.30req/s] [内存消耗：1,431.91kb] [文件加载：38]
[ info ] [ LANG ] D:\Vc_PHP\Apache24\htdocs\2018\TP5\ThinkPHP\thinkphp\lang\zh-cn.php
[ info ] [ ROUTE ] array (
  'type' => 'module',
  'module' => 
  array (
    0 => 'wpad.dat',
    1 => NULL,
    2 => NULL,
  ),
)
[ info ] [ HEADER ] array (
  'connection' => 'Keep-Alive',
  'accept' => '*/*',
  'user-agent' => 'WinHttp-Autoproxy-Service/5.1',
  'host' => 'wpad.com',
)
[ info ] [ PARAM ] array (
)
[ info ] [ LOG ] INIT File
---------------------------------------------------------------
[ 2018-05-06T16:18:44+08:00 ] 127.0.0.1 GET /wpad.dat
[ info ] wpad.com/wpad.dat [运行时间：0.019250s][吞吐率：51.95req/s] [内存消耗：1,431.91kb] [文件加载：38]
[ info ] [ LANG ] D:\Vc_PHP\Apache24\htdocs\2018\TP5\ThinkPHP\thinkphp\lang\zh-cn.php
[ info ] [ ROUTE ] array (
  'type' => 'module',
  'module' => 
  array (
    0 => 'wpad.dat',
    1 => NULL,
    2 => NULL,
  ),
)
[ info ] [ HEADER ] array (
  'connection' => 'Keep-Alive',
  'accept' => '*/*',
  'user-agent' => 'WinHttp-Autoproxy-Service/5.1',
  'host' => 'wpad.com',
)
[ info ] [ PARAM ] array (
)
[ info ] [ LOG ] INIT File
---------------------------------------------------------------
[ 2018-05-06T16:28:44+08:00 ] 127.0.0.1 GET /wpad.dat
[ info ] wpad.com/wpad.dat [运行时间：0.024180s][吞吐率：41.36req/s] [内存消耗：1,431.91kb] [文件加载：38]
[ info ] [ LANG ] D:\Vc_PHP\Apache24\htdocs\2018\TP5\ThinkPHP\thinkphp\lang\zh-cn.php
[ info ] [ ROUTE ] array (
  'type' => 'module',
  'module' => 
  array (
    0 => 'wpad.dat',
    1 => NULL,
    2 => NULL,
  ),
)
[ info ] [ HEADER ] array (
  'connection' => 'Keep-Alive',
  'accept' => '*/*',
  'user-agent' => 'WinHttp-Autoproxy-Service/5.1',
  'host' => 'wpad.com',
)
[ info ] [ PARAM ] array (
)
[ info ] [ LOG ] INIT File
---------------------------------------------------------------
[ 2018-05-06T16:38:45+08:00 ] 127.0.0.1 GET /wpad.dat
[ info ] wpad.com/wpad.dat [运行时间：0.019376s][吞吐率：51.61req/s] [内存消耗：1,431.91kb] [文件加载：38]
[ info ] [ LANG ] D:\Vc_PHP\Apache24\htdocs\2018\TP5\ThinkPHP\thinkphp\lang\zh-cn.php
[ info ] [ ROUTE ] array (
  'type' => 'module',
  'module' => 
  array (
    0 => 'wpad.dat',
    1 => NULL,
    2 => NULL,
  ),
)
[ info ] [ HEADER ] array (
  'connection' => 'Keep-Alive',
  'accept' => '*/*',
  'user-agent' => 'WinHttp-Autoproxy-Service/5.1',
  'host' => 'wpad.com',
)
[ info ] [ PARAM ] array (
)
[ info ] [ LOG ] INIT File
---------------------------------------------------------------
[ 2018-05-06T16:48:45+08:00 ] 127.0.0.1 GET /wpad.dat
[ info ] wpad.com/wpad.dat [运行时间：0.019777s][吞吐率：50.56req/s] [内存消耗：1,431.91kb] [文件加载：38]
[ info ] [ LANG ] D:\Vc_PHP\Apache24\htdocs\2018\TP5\ThinkPHP\thinkphp\lang\zh-cn.php
[ info ] [ ROUTE ] array (
  'type' => 'module',
  'module' => 
  array (
    0 => 'wpad.dat',
    1 => NULL,
    2 => NULL,
  ),
)
[ info ] [ HEADER ] array (
  'connection' => 'Keep-Alive',
  'accept' => '*/*',
  'user-agent' => 'WinHttp-Autoproxy-Service/5.1',
  'host' => 'wpad.com',
)
[ info ] [ PARAM ] array (
)
[ info ] [ LOG ] INIT File
---------------------------------------------------------------
[ 2018-05-06T16:58:45+08:00 ] 127.0.0.1 GET /wpad.dat
[ info ] wpad.com/wpad.dat [运行时间：0.021624s][吞吐率：46.24req/s] [内存消耗：1,431.91kb] [文件加载：38]
[ info ] [ LANG ] D:\Vc_PHP\Apache24\htdocs\2018\TP5\ThinkPHP\thinkphp\lang\zh-cn.php
[ info ] [ ROUTE ] array (
  'type' => 'module',
  'module' => 
  array (
    0 => 'wpad.dat',
    1 => NULL,
    2 => NULL,
  ),
)
[ info ] [ HEADER ] array (
  'connection' => 'Keep-Alive',
  'accept' => '*/*',
  'user-agent' => 'WinHttp-Autoproxy-Service/5.1',
  'host' => 'wpad.com',
)
[ info ] [ PARAM ] array (
)
[ info ] [ LOG ] INIT File
---------------------------------------------------------------
[ 2018-05-06T17:08:45+08:00 ] 127.0.0.1 GET /wpad.dat
[ info ] wpad.com/wpad.dat [运行时间：0.019118s][吞吐率：52.31req/s] [内存消耗：1,431.91kb] [文件加载：38]
[ info ] [ LANG ] D:\Vc_PHP\Apache24\htdocs\2018\TP5\ThinkPHP\thinkphp\lang\zh-cn.php
[ info ] [ ROUTE ] array (
  'type' => 'module',
  'module' => 
  array (
    0 => 'wpad.dat',
    1 => NULL,
    2 => NULL,
  ),
)
[ info ] [ HEADER ] array (
  'connection' => 'Keep-Alive',
  'accept' => '*/*',
  'user-agent' => 'WinHttp-Autoproxy-Service/5.1',
  'host' => 'wpad.com',
)
[ info ] [ PARAM ] array (
)
[ info ] [ LOG ] INIT File
---------------------------------------------------------------
[ 2018-05-06T17:18:45+08:00 ] 127.0.0.1 GET /wpad.dat
[ info ] wpad.com/wpad.dat [运行时间：0.018683s][吞吐率：53.52req/s] [内存消耗：1,431.91kb] [文件加载：38]
[ info ] [ LANG ] D:\Vc_PHP\Apache24\htdocs\2018\TP5\ThinkPHP\thinkphp\lang\zh-cn.php
[ info ] [ ROUTE ] array (
  'type' => 'module',
  'module' => 
  array (
    0 => 'wpad.dat',
    1 => NULL,
    2 => NULL,
  ),
)
[ info ] [ HEADER ] array (
  'connection' => 'Keep-Alive',
  'accept' => '*/*',
  'user-agent' => 'WinHttp-Autoproxy-Service/5.1',
  'host' => 'wpad.com',
)
[ info ] [ PARAM ] array (
)
[ info ] [ LOG ] INIT File
---------------------------------------------------------------
[ 2018-05-06T17:28:45+08:00 ] 127.0.0.1 GET /wpad.dat
[ info ] wpad.com/wpad.dat [运行时间：0.019481s][吞吐率：51.33req/s] [内存消耗：1,431.91kb] [文件加载：38]
[ info ] [ LANG ] D:\Vc_PHP\Apache24\htdocs\2018\TP5\ThinkPHP\thinkphp\lang\zh-cn.php
[ info ] [ ROUTE ] array (
  'type' => 'module',
  'module' => 
  array (
    0 => 'wpad.dat',
    1 => NULL,
    2 => NULL,
  ),
)
[ info ] [ HEADER ] array (
  'connection' => 'Keep-Alive',
  'accept' => '*/*',
  'user-agent' => 'WinHttp-Autoproxy-Service/5.1',
  'host' => 'wpad.com',
)
[ info ] [ PARAM ] array (
)
[ info ] [ LOG ] INIT File
---------------------------------------------------------------
[ 2018-05-06T17:38:45+08:00 ] 127.0.0.1 GET /wpad.dat
[ info ] wpad.com/wpad.dat [运行时间：0.020148s][吞吐率：49.63req/s] [内存消耗：1,431.91kb] [文件加载：38]
[ info ] [ LANG ] D:\Vc_PHP\Apache24\htdocs\2018\TP5\ThinkPHP\thinkphp\lang\zh-cn.php
[ info ] [ ROUTE ] array (
  'type' => 'module',
  'module' => 
  array (
    0 => 'wpad.dat',
    1 => NULL,
    2 => NULL,
  ),
)
[ info ] [ HEADER ] array (
  'connection' => 'Keep-Alive',
  'accept' => '*/*',
  'user-agent' => 'WinHttp-Autoproxy-Service/5.1',
  'host' => 'wpad.com',
)
[ info ] [ PARAM ] array (
)
[ info ] [ LOG ] INIT File
---------------------------------------------------------------
[ 2018-05-06T17:48:45+08:00 ] 127.0.0.1 GET /wpad.dat
[ info ] wpad.com/wpad.dat [运行时间：0.025210s][吞吐率：39.67req/s] [内存消耗：1,431.91kb] [文件加载：38]
[ info ] [ LANG ] D:\Vc_PHP\Apache24\htdocs\2018\TP5\ThinkPHP\thinkphp\lang\zh-cn.php
[ info ] [ ROUTE ] array (
  'type' => 'module',
  'module' => 
  array (
    0 => 'wpad.dat',
    1 => NULL,
    2 => NULL,
  ),
)
[ info ] [ HEADER ] array (
  'connection' => 'Keep-Alive',
  'accept' => '*/*',
  'user-agent' => 'WinHttp-Autoproxy-Service/5.1',
  'host' => 'wpad.com',
)
[ info ] [ PARAM ] array (
)
[ info ] [ LOG ] INIT File
---------------------------------------------------------------
[ 2018-05-06T17:58:45+08:00 ] 127.0.0.1 GET /wpad.dat
[ info ] wpad.com/wpad.dat [运行时间：0.025962s][吞吐率：38.52req/s] [内存消耗：1,431.91kb] [文件加载：38]
[ info ] [ LANG ] D:\Vc_PHP\Apache24\htdocs\2018\TP5\ThinkPHP\thinkphp\lang\zh-cn.php
[ info ] [ ROUTE ] array (
  'type' => 'module',
  'module' => 
  array (
    0 => 'wpad.dat',
    1 => NULL,
    2 => NULL,
  ),
)
[ info ] [ HEADER ] array (
  'connection' => 'Keep-Alive',
  'accept' => '*/*',
  'user-agent' => 'WinHttp-Autoproxy-Service/5.1',
  'host' => 'wpad.com',
)
[ info ] [ PARAM ] array (
)
[ info ] [ LOG ] INIT File
---------------------------------------------------------------
[ 2018-05-06T18:08:45+08:00 ] 127.0.0.1 GET /wpad.dat
[ info ] wpad.com/wpad.dat [运行时间：0.021802s][吞吐率：45.87req/s] [内存消耗：1,431.91kb] [文件加载：38]
[ info ] [ LANG ] D:\Vc_PHP\Apache24\htdocs\2018\TP5\ThinkPHP\thinkphp\lang\zh-cn.php
[ info ] [ ROUTE ] array (
  'type' => 'module',
  'module' => 
  array (
    0 => 'wpad.dat',
    1 => NULL,
    2 => NULL,
  ),
)
[ info ] [ HEADER ] array (
  'connection' => 'Keep-Alive',
  'accept' => '*/*',
  'user-agent' => 'WinHttp-Autoproxy-Service/5.1',
  'host' => 'wpad.com',
)
[ info ] [ PARAM ] array (
)
[ info ] [ LOG ] INIT File
---------------------------------------------------------------
[ 2018-05-06T18:18:45+08:00 ] 127.0.0.1 GET /wpad.dat
[ info ] wpad.com/wpad.dat [运行时间：0.020473s][吞吐率：48.84req/s] [内存消耗：1,431.91kb] [文件加载：38]
[ info ] [ LANG ] D:\Vc_PHP\Apache24\htdocs\2018\TP5\ThinkPHP\thinkphp\lang\zh-cn.php
[ info ] [ ROUTE ] array (
  'type' => 'module',
  'module' => 
  array (
    0 => 'wpad.dat',
    1 => NULL,
    2 => NULL,
  ),
)
[ info ] [ HEADER ] array (
  'connection' => 'Keep-Alive',
  'accept' => '*/*',
  'user-agent' => 'WinHttp-Autoproxy-Service/5.1',
  'host' => 'wpad.com',
)
[ info ] [ PARAM ] array (
)
[ info ] [ LOG ] INIT File
---------------------------------------------------------------
[ 2018-05-06T18:25:21+08:00 ] 127.0.0.1 GET /wpad.dat
[ info ] wpad.com/wpad.dat [运行时间：0.017549s][吞吐率：56.98req/s] [内存消耗：1,431.91kb] [文件加载：38]
[ info ] [ LANG ] D:\Vc_PHP\Apache24\htdocs\2018\TP5\ThinkPHP\thinkphp\lang\zh-cn.php
[ info ] [ ROUTE ] array (
  'type' => 'module',
  'module' => 
  array (
    0 => 'wpad.dat',
    1 => NULL,
    2 => NULL,
  ),
)
[ info ] [ HEADER ] array (
  'connection' => 'Keep-Alive',
  'accept' => '*/*',
  'user-agent' => 'WinHttp-Autoproxy-Service/5.1',
  'host' => 'wpad.com',
)
[ info ] [ PARAM ] array (
)
[ info ] [ LOG ] INIT File
---------------------------------------------------------------
[ 2018-05-06T18:25:36+08:00 ] 127.0.0.1 GET /wpad.dat
[ info ] wpad.com/wpad.dat [运行时间：0.029024s][吞吐率：34.45req/s] [内存消耗：1,431.91kb] [文件加载：38]
[ info ] [ LANG ] D:\Vc_PHP\Apache24\htdocs\2018\TP5\ThinkPHP\thinkphp\lang\zh-cn.php
[ info ] [ ROUTE ] array (
  'type' => 'module',
  'module' => 
  array (
    0 => 'wpad.dat',
    1 => NULL,
    2 => NULL,
  ),
)
[ info ] [ HEADER ] array (
  'connection' => 'Keep-Alive',
  'accept' => '*/*',
  'user-agent' => 'WinHttp-Autoproxy-Service/5.1',
  'host' => 'wpad.com',
)
[ info ] [ PARAM ] array (
)
[ info ] [ LOG ] INIT File
---------------------------------------------------------------
[ 2018-05-06T18:26:36+08:00 ] 127.0.0.1 GET /wpad.dat
[ info ] wpad.com/wpad.dat [运行时间：0.016344s][吞吐率：61.18req/s] [内存消耗：1,431.91kb] [文件加载：38]
[ info ] [ LANG ] D:\Vc_PHP\Apache24\htdocs\2018\TP5\ThinkPHP\thinkphp\lang\zh-cn.php
[ info ] [ ROUTE ] array (
  'type' => 'module',
  'module' => 
  array (
    0 => 'wpad.dat',
    1 => NULL,
    2 => NULL,
  ),
)
[ info ] [ HEADER ] array (
  'connection' => 'Keep-Alive',
  'accept' => '*/*',
  'user-agent' => 'WinHttp-Autoproxy-Service/5.1',
  'host' => 'wpad.com',
)
[ info ] [ PARAM ] array (
)
[ info ] [ LOG ] INIT File
---------------------------------------------------------------
[ 2018-05-06T18:36:36+08:00 ] 127.0.0.1 GET /wpad.dat
[ info ] wpad.com/wpad.dat [运行时间：0.018073s][吞吐率：55.33req/s] [内存消耗：1,431.91kb] [文件加载：38]
[ info ] [ LANG ] D:\Vc_PHP\Apache24\htdocs\2018\TP5\ThinkPHP\thinkphp\lang\zh-cn.php
[ info ] [ ROUTE ] array (
  'type' => 'module',
  'module' => 
  array (
    0 => 'wpad.dat',
    1 => NULL,
    2 => NULL,
  ),
)
[ info ] [ HEADER ] array (
  'connection' => 'Keep-Alive',
  'accept' => '*/*',
  'user-agent' => 'WinHttp-Autoproxy-Service/5.1',
  'host' => 'wpad.com',
)
[ info ] [ PARAM ] array (
)
[ info ] [ LOG ] INIT File
---------------------------------------------------------------
[ 2018-05-06T18:46:36+08:00 ] 127.0.0.1 GET /wpad.dat
[ info ] wpad.com/wpad.dat [运行时间：0.021447s][吞吐率：46.63req/s] [内存消耗：1,431.91kb] [文件加载：38]
[ info ] [ LANG ] D:\Vc_PHP\Apache24\htdocs\2018\TP5\ThinkPHP\thinkphp\lang\zh-cn.php
[ info ] [ ROUTE ] array (
  'type' => 'module',
  'module' => 
  array (
    0 => 'wpad.dat',
    1 => NULL,
    2 => NULL,
  ),
)
[ info ] [ HEADER ] array (
  'connection' => 'Keep-Alive',
  'accept' => '*/*',
  'user-agent' => 'WinHttp-Autoproxy-Service/5.1',
  'host' => 'wpad.com',
)
[ info ] [ PARAM ] array (
)
[ info ] [ LOG ] INIT File
---------------------------------------------------------------
[ 2018-05-06T18:56:36+08:00 ] 127.0.0.1 GET /wpad.dat
[ info ] wpad.com/wpad.dat [运行时间：0.030487s][吞吐率：32.80req/s] [内存消耗：1,431.91kb] [文件加载：38]
[ info ] [ LANG ] D:\Vc_PHP\Apache24\htdocs\2018\TP5\ThinkPHP\thinkphp\lang\zh-cn.php
[ info ] [ ROUTE ] array (
  'type' => 'module',
  'module' => 
  array (
    0 => 'wpad.dat',
    1 => NULL,
    2 => NULL,
  ),
)
[ info ] [ HEADER ] array (
  'connection' => 'Keep-Alive',
  'accept' => '*/*',
  'user-agent' => 'WinHttp-Autoproxy-Service/5.1',
  'host' => 'wpad.com',
)
[ info ] [ PARAM ] array (
)
[ info ] [ LOG ] INIT File
---------------------------------------------------------------
[ 2018-05-06T19:06:36+08:00 ] 127.0.0.1 GET /wpad.dat
[ info ] wpad.com/wpad.dat [运行时间：0.020338s][吞吐率：49.17req/s] [内存消耗：1,431.91kb] [文件加载：38]
[ info ] [ LANG ] D:\Vc_PHP\Apache24\htdocs\2018\TP5\ThinkPHP\thinkphp\lang\zh-cn.php
[ info ] [ ROUTE ] array (
  'type' => 'module',
  'module' => 
  array (
    0 => 'wpad.dat',
    1 => NULL,
    2 => NULL,
  ),
)
[ info ] [ HEADER ] array (
  'connection' => 'Keep-Alive',
  'accept' => '*/*',
  'user-agent' => 'WinHttp-Autoproxy-Service/5.1',
  'host' => 'wpad.com',
)
[ info ] [ PARAM ] array (
)
[ info ] [ LOG ] INIT File
---------------------------------------------------------------
[ 2018-05-06T19:12:29+08:00 ] 127.0.0.1 GET /wpad.dat
[ info ] wpad.com/wpad.dat [运行时间：0.030030s][吞吐率：33.30req/s] [内存消耗：1,431.91kb] [文件加载：38]
[ info ] [ LANG ] D:\Vc_PHP\Apache24\htdocs\2018\TP5\ThinkPHP\thinkphp\lang\zh-cn.php
[ info ] [ ROUTE ] array (
  'type' => 'module',
  'module' => 
  array (
    0 => 'wpad.dat',
    1 => NULL,
    2 => NULL,
  ),
)
[ info ] [ HEADER ] array (
  'connection' => 'Keep-Alive',
  'accept' => '*/*',
  'user-agent' => 'WinHttp-Autoproxy-Service/5.1',
  'host' => 'wpad.com',
)
[ info ] [ PARAM ] array (
)
[ info ] [ LOG ] INIT File
---------------------------------------------------------------
[ 2018-05-06T19:12:44+08:00 ] 127.0.0.1 GET /wpad.dat
[ info ] wpad.com/wpad.dat [运行时间：0.015608s][吞吐率：64.07req/s] [内存消耗：1,431.91kb] [文件加载：38]
[ info ] [ LANG ] D:\Vc_PHP\Apache24\htdocs\2018\TP5\ThinkPHP\thinkphp\lang\zh-cn.php
[ info ] [ ROUTE ] array (
  'type' => 'module',
  'module' => 
  array (
    0 => 'wpad.dat',
    1 => NULL,
    2 => NULL,
  ),
)
[ info ] [ HEADER ] array (
  'connection' => 'Keep-Alive',
  'accept' => '*/*',
  'user-agent' => 'WinHttp-Autoproxy-Service/5.1',
  'host' => 'wpad.com',
)
[ info ] [ PARAM ] array (
)
[ info ] [ LOG ] INIT File
---------------------------------------------------------------
[ 2018-05-06T19:13:44+08:00 ] 127.0.0.1 GET /wpad.dat
[ info ] wpad.com/wpad.dat [运行时间：0.022048s][吞吐率：45.36req/s] [内存消耗：1,431.91kb] [文件加载：38]
[ info ] [ LANG ] D:\Vc_PHP\Apache24\htdocs\2018\TP5\ThinkPHP\thinkphp\lang\zh-cn.php
[ info ] [ ROUTE ] array (
  'type' => 'module',
  'module' => 
  array (
    0 => 'wpad.dat',
    1 => NULL,
    2 => NULL,
  ),
)
[ info ] [ HEADER ] array (
  'connection' => 'Keep-Alive',
  'accept' => '*/*',
  'user-agent' => 'WinHttp-Autoproxy-Service/5.1',
  'host' => 'wpad.com',
)
[ info ] [ PARAM ] array (
)
[ info ] [ LOG ] INIT File
---------------------------------------------------------------
[ 2018-05-06T19:23:44+08:00 ] 127.0.0.1 GET /wpad.dat
[ info ] wpad.com/wpad.dat [运行时间：0.018197s][吞吐率：54.95req/s] [内存消耗：1,431.91kb] [文件加载：38]
[ info ] [ LANG ] D:\Vc_PHP\Apache24\htdocs\2018\TP5\ThinkPHP\thinkphp\lang\zh-cn.php
[ info ] [ ROUTE ] array (
  'type' => 'module',
  'module' => 
  array (
    0 => 'wpad.dat',
    1 => NULL,
    2 => NULL,
  ),
)
[ info ] [ HEADER ] array (
  'connection' => 'Keep-Alive',
  'accept' => '*/*',
  'user-agent' => 'WinHttp-Autoproxy-Service/5.1',
  'host' => 'wpad.com',
)
[ info ] [ PARAM ] array (
)
[ info ] [ LOG ] INIT File
---------------------------------------------------------------
[ 2018-05-06T19:33:44+08:00 ] 127.0.0.1 GET /wpad.dat
[ info ] wpad.com/wpad.dat [运行时间：0.017101s][吞吐率：58.48req/s] [内存消耗：1,431.91kb] [文件加载：38]
[ info ] [ LANG ] D:\Vc_PHP\Apache24\htdocs\2018\TP5\ThinkPHP\thinkphp\lang\zh-cn.php
[ info ] [ ROUTE ] array (
  'type' => 'module',
  'module' => 
  array (
    0 => 'wpad.dat',
    1 => NULL,
    2 => NULL,
  ),
)
[ info ] [ HEADER ] array (
  'connection' => 'Keep-Alive',
  'accept' => '*/*',
  'user-agent' => 'WinHttp-Autoproxy-Service/5.1',
  'host' => 'wpad.com',
)
[ info ] [ PARAM ] array (
)
[ info ] [ LOG ] INIT File
---------------------------------------------------------------
[ 2018-05-06T19:43:44+08:00 ] 127.0.0.1 GET /wpad.dat
[ info ] wpad.com/wpad.dat [运行时间：0.026488s][吞吐率：37.75req/s] [内存消耗：1,431.91kb] [文件加载：38]
[ info ] [ LANG ] D:\Vc_PHP\Apache24\htdocs\2018\TP5\ThinkPHP\thinkphp\lang\zh-cn.php
[ info ] [ ROUTE ] array (
  'type' => 'module',
  'module' => 
  array (
    0 => 'wpad.dat',
    1 => NULL,
    2 => NULL,
  ),
)
[ info ] [ HEADER ] array (
  'connection' => 'Keep-Alive',
  'accept' => '*/*',
  'user-agent' => 'WinHttp-Autoproxy-Service/5.1',
  'host' => 'wpad.com',
)
[ info ] [ PARAM ] array (
)
[ info ] [ LOG ] INIT File
---------------------------------------------------------------
[ 2018-05-06T19:53:44+08:00 ] 127.0.0.1 GET /wpad.dat
[ info ] wpad.com/wpad.dat [运行时间：0.019335s][吞吐率：51.72req/s] [内存消耗：1,431.91kb] [文件加载：38]
[ info ] [ LANG ] D:\Vc_PHP\Apache24\htdocs\2018\TP5\ThinkPHP\thinkphp\lang\zh-cn.php
[ info ] [ ROUTE ] array (
  'type' => 'module',
  'module' => 
  array (
    0 => 'wpad.dat',
    1 => NULL,
    2 => NULL,
  ),
)
[ info ] [ HEADER ] array (
  'connection' => 'Keep-Alive',
  'accept' => '*/*',
  'user-agent' => 'WinHttp-Autoproxy-Service/5.1',
  'host' => 'wpad.com',
)
[ info ] [ PARAM ] array (
)
[ info ] [ LOG ] INIT File
---------------------------------------------------------------
[ 2018-05-06T20:03:44+08:00 ] 127.0.0.1 GET /wpad.dat
[ info ] wpad.com/wpad.dat [运行时间：0.025778s][吞吐率：38.79req/s] [内存消耗：1,431.91kb] [文件加载：38]
[ info ] [ LANG ] D:\Vc_PHP\Apache24\htdocs\2018\TP5\ThinkPHP\thinkphp\lang\zh-cn.php
[ info ] [ ROUTE ] array (
  'type' => 'module',
  'module' => 
  array (
    0 => 'wpad.dat',
    1 => NULL,
    2 => NULL,
  ),
)
[ info ] [ HEADER ] array (
  'connection' => 'Keep-Alive',
  'accept' => '*/*',
  'user-agent' => 'WinHttp-Autoproxy-Service/5.1',
  'host' => 'wpad.com',
)
[ info ] [ PARAM ] array (
)
[ info ] [ LOG ] INIT File
---------------------------------------------------------------
[ 2018-05-06T20:13:44+08:00 ] 127.0.0.1 GET /wpad.dat
[ info ] wpad.com/wpad.dat [运行时间：0.018670s][吞吐率：53.56req/s] [内存消耗：1,431.91kb] [文件加载：38]
[ info ] [ LANG ] D:\Vc_PHP\Apache24\htdocs\2018\TP5\ThinkPHP\thinkphp\lang\zh-cn.php
[ info ] [ ROUTE ] array (
  'type' => 'module',
  'module' => 
  array (
    0 => 'wpad.dat',
    1 => NULL,
    2 => NULL,
  ),
)
[ info ] [ HEADER ] array (
  'connection' => 'Keep-Alive',
  'accept' => '*/*',
  'user-agent' => 'WinHttp-Autoproxy-Service/5.1',
  'host' => 'wpad.com',
)
[ info ] [ PARAM ] array (
)
[ info ] [ LOG ] INIT File
---------------------------------------------------------------
[ 2018-05-06T20:23:44+08:00 ] 127.0.0.1 GET /wpad.dat
[ info ] wpad.com/wpad.dat [运行时间：0.027908s][吞吐率：35.83req/s] [内存消耗：1,431.91kb] [文件加载：38]
[ info ] [ LANG ] D:\Vc_PHP\Apache24\htdocs\2018\TP5\ThinkPHP\thinkphp\lang\zh-cn.php
[ info ] [ ROUTE ] array (
  'type' => 'module',
  'module' => 
  array (
    0 => 'wpad.dat',
    1 => NULL,
    2 => NULL,
  ),
)
[ info ] [ HEADER ] array (
  'connection' => 'Keep-Alive',
  'accept' => '*/*',
  'user-agent' => 'WinHttp-Autoproxy-Service/5.1',
  'host' => 'wpad.com',
)
[ info ] [ PARAM ] array (
)
[ info ] [ LOG ] INIT File
---------------------------------------------------------------
[ 2018-05-06T20:33:44+08:00 ] 127.0.0.1 GET /wpad.dat
[ info ] wpad.com/wpad.dat [运行时间：0.024452s][吞吐率：40.90req/s] [内存消耗：1,431.91kb] [文件加载：38]
[ info ] [ LANG ] D:\Vc_PHP\Apache24\htdocs\2018\TP5\ThinkPHP\thinkphp\lang\zh-cn.php
[ info ] [ ROUTE ] array (
  'type' => 'module',
  'module' => 
  array (
    0 => 'wpad.dat',
    1 => NULL,
    2 => NULL,
  ),
)
[ info ] [ HEADER ] array (
  'connection' => 'Keep-Alive',
  'accept' => '*/*',
  'user-agent' => 'WinHttp-Autoproxy-Service/5.1',
  'host' => 'wpad.com',
)
[ info ] [ PARAM ] array (
)
[ info ] [ LOG ] INIT File
---------------------------------------------------------------
[ 2018-05-06T20:43:44+08:00 ] 127.0.0.1 GET /wpad.dat
[ info ] wpad.com/wpad.dat [运行时间：0.019909s][吞吐率：50.23req/s] [内存消耗：1,431.91kb] [文件加载：38]
[ info ] [ LANG ] D:\Vc_PHP\Apache24\htdocs\2018\TP5\ThinkPHP\thinkphp\lang\zh-cn.php
[ info ] [ ROUTE ] array (
  'type' => 'module',
  'module' => 
  array (
    0 => 'wpad.dat',
    1 => NULL,
    2 => NULL,
  ),
)
[ info ] [ HEADER ] array (
  'connection' => 'Keep-Alive',
  'accept' => '*/*',
  'user-agent' => 'WinHttp-Autoproxy-Service/5.1',
  'host' => 'wpad.com',
)
[ info ] [ PARAM ] array (
)
[ info ] [ LOG ] INIT File
---------------------------------------------------------------
[ 2018-05-06T20:53:44+08:00 ] 127.0.0.1 GET /wpad.dat
[ info ] wpad.com/wpad.dat [运行时间：0.026082s][吞吐率：38.34req/s] [内存消耗：1,431.91kb] [文件加载：38]
[ info ] [ LANG ] D:\Vc_PHP\Apache24\htdocs\2018\TP5\ThinkPHP\thinkphp\lang\zh-cn.php
[ info ] [ ROUTE ] array (
  'type' => 'module',
  'module' => 
  array (
    0 => 'wpad.dat',
    1 => NULL,
    2 => NULL,
  ),
)
[ info ] [ HEADER ] array (
  'connection' => 'Keep-Alive',
  'accept' => '*/*',
  'user-agent' => 'WinHttp-Autoproxy-Service/5.1',
  'host' => 'wpad.com',
)
[ info ] [ PARAM ] array (
)
[ info ] [ LOG ] INIT File
---------------------------------------------------------------
[ 2018-05-06T21:03:44+08:00 ] 127.0.0.1 GET /wpad.dat
[ info ] wpad.com/wpad.dat [运行时间：0.023562s][吞吐率：42.44req/s] [内存消耗：1,431.91kb] [文件加载：38]
[ info ] [ LANG ] D:\Vc_PHP\Apache24\htdocs\2018\TP5\ThinkPHP\thinkphp\lang\zh-cn.php
[ info ] [ ROUTE ] array (
  'type' => 'module',
  'module' => 
  array (
    0 => 'wpad.dat',
    1 => NULL,
    2 => NULL,
  ),
)
[ info ] [ HEADER ] array (
  'connection' => 'Keep-Alive',
  'accept' => '*/*',
  'user-agent' => 'WinHttp-Autoproxy-Service/5.1',
  'host' => 'wpad.com',
)
[ info ] [ PARAM ] array (
)
[ info ] [ LOG ] INIT File
---------------------------------------------------------------
[ 2018-05-06T21:13:44+08:00 ] 127.0.0.1 GET /wpad.dat
[ info ] wpad.com/wpad.dat [运行时间：0.017946s][吞吐率：55.72req/s] [内存消耗：1,431.91kb] [文件加载：38]
[ info ] [ LANG ] D:\Vc_PHP\Apache24\htdocs\2018\TP5\ThinkPHP\thinkphp\lang\zh-cn.php
[ info ] [ ROUTE ] array (
  'type' => 'module',
  'module' => 
  array (
    0 => 'wpad.dat',
    1 => NULL,
    2 => NULL,
  ),
)
[ info ] [ HEADER ] array (
  'connection' => 'Keep-Alive',
  'accept' => '*/*',
  'user-agent' => 'WinHttp-Autoproxy-Service/5.1',
  'host' => 'wpad.com',
)
[ info ] [ PARAM ] array (
)
[ info ] [ LOG ] INIT File
---------------------------------------------------------------
[ 2018-05-06T21:23:44+08:00 ] 127.0.0.1 GET /wpad.dat
[ info ] wpad.com/wpad.dat [运行时间：0.025646s][吞吐率：38.99req/s] [内存消耗：1,431.91kb] [文件加载：38]
[ info ] [ LANG ] D:\Vc_PHP\Apache24\htdocs\2018\TP5\ThinkPHP\thinkphp\lang\zh-cn.php
[ info ] [ ROUTE ] array (
  'type' => 'module',
  'module' => 
  array (
    0 => 'wpad.dat',
    1 => NULL,
    2 => NULL,
  ),
)
[ info ] [ HEADER ] array (
  'connection' => 'Keep-Alive',
  'accept' => '*/*',
  'user-agent' => 'WinHttp-Autoproxy-Service/5.1',
  'host' => 'wpad.com',
)
[ info ] [ PARAM ] array (
)
[ info ] [ LOG ] INIT File
---------------------------------------------------------------
[ 2018-05-06T21:27:27+08:00 ] 127.0.0.1 GET /
[ info ] www.vclin01.com/ [运行时间：0.078050s][吞吐率：12.81req/s] [内存消耗：1,397.59kb] [文件加载：36]
[ info ] [ LANG ] D:\Vc_PHP\Apache24\htdocs\2018\TP5\ThinkPHP\thinkphp\lang\zh-cn.php
[ info ] [ ROUTE ] array (
  'type' => 'module',
  'module' => 
  array (
    0 => '',
    1 => NULL,
    2 => NULL,
  ),
)
[ info ] [ HEADER ] array (
  'host' => 'www.vclin01.com',
  'connection' => 'keep-alive',
  'upgrade-insecure-requests' => '1',
  'user-agent' => 'Mozilla/5.0 (Windows NT 10.0; WOW64) AppleWebKit/537.36 (KHTML, like Gecko) Chrome/65.0.3325.181 Safari/537.36',
  'accept' => 'text/html,application/xhtml+xml,application/xml;q=0.9,image/webp,image/apng,*/*;q=0.8',
  'accept-encoding' => 'gzip, deflate',
  'accept-language' => 'zh-CN,zh;q=0.9,zh-TW;q=0.8',
)
[ info ] [ PARAM ] array (
)
[ info ] [ RUN ] app\index\controller\Index->index[ D:\Vc_PHP\Apache24\htdocs\2018\TP5\ThinkPHP\application\index\controller\Index.php ]
[ info ] [ LOG ] INIT File
---------------------------------------------------------------
[ 2018-05-06T21:27:33+08:00 ] 127.0.0.1 GET /wedit
[ info ] www.vclin01.com/wedit [运行时间：0.284586s][吞吐率：3.51req/s] [内存消耗：1,760.66kb] [文件加载：44]
[ info ] [ LANG ] D:\Vc_PHP\Apache24\htdocs\2018\TP5\ThinkPHP\thinkphp\lang\zh-cn.php
[ info ] [ ROUTE ] array (
  'type' => 'module',
  'module' => 
  array (
    0 => 'wedit',
    1 => NULL,
    2 => NULL,
  ),
)
[ info ] [ HEADER ] array (
  'host' => 'www.vclin01.com',
  'connection' => 'keep-alive',
  'upgrade-insecure-requests' => '1',
  'user-agent' => 'Mozilla/5.0 (Windows NT 10.0; WOW64) AppleWebKit/537.36 (KHTML, like Gecko) Chrome/65.0.3325.181 Safari/537.36',
  'accept' => 'text/html,application/xhtml+xml,application/xml;q=0.9,image/webp,image/apng,*/*;q=0.8',
  'accept-encoding' => 'gzip, deflate',
  'accept-language' => 'zh-CN,zh;q=0.9,zh-TW;q=0.8',
)
[ info ] [ PARAM ] array (
)
[ info ] [ RUN ] app\wedit\controller\Index->index[ D:\Vc_PHP\Apache24\htdocs\2018\TP5\ThinkPHP\application\wedit\controller\Index.php ]
[ info ] [ VIEW ] D:\Vc_PHP\Apache24\htdocs\2018\TP5\ThinkPHP\public/../application/wedit\view\index\index.html [ array (
) ]
[ info ] [ LOG ] INIT File
---------------------------------------------------------------
[ 2018-05-06T21:33:36+08:00 ] 127.0.0.1 GET /wpad.dat
[ info ] wpad.com/wpad.dat [运行时间：0.024831s][吞吐率：40.27req/s] [内存消耗：1,431.91kb] [文件加载：38]
[ info ] [ LANG ] D:\Vc_PHP\Apache24\htdocs\2018\TP5\ThinkPHP\thinkphp\lang\zh-cn.php
[ info ] [ ROUTE ] array (
  'type' => 'module',
  'module' => 
  array (
    0 => 'wpad.dat',
    1 => NULL,
    2 => NULL,
  ),
)
[ info ] [ HEADER ] array (
  'connection' => 'Keep-Alive',
  'accept' => '*/*',
  'user-agent' => 'WinHttp-Autoproxy-Service/5.1',
  'host' => 'wpad.com',
)
[ info ] [ PARAM ] array (
)
[ info ] [ LOG ] INIT File
---------------------------------------------------------------
[ 2018-05-06T21:33:39+08:00 ] 127.0.0.1 GET /wpad.dat
[ info ] wpad.com/wpad.dat [运行时间：0.016492s][吞吐率：60.63req/s] [内存消耗：1,431.91kb] [文件加载：38]
[ info ] [ LANG ] D:\Vc_PHP\Apache24\htdocs\2018\TP5\ThinkPHP\thinkphp\lang\zh-cn.php
[ info ] [ ROUTE ] array (
  'type' => 'module',
  'module' => 
  array (
    0 => 'wpad.dat',
    1 => NULL,
    2 => NULL,
  ),
)
[ info ] [ HEADER ] array (
  'connection' => 'Keep-Alive',
  'accept' => '*/*',
  'user-agent' => 'WinHttp-Autoproxy-Service/5.1',
  'host' => 'wpad.com',
)
[ info ] [ PARAM ] array (
)
[ info ] [ LOG ] INIT File
