---------------------------------------------------------------
[ 2018-05-21T21:42:10+08:00 ] 127.0.0.1 GET /
[ info ] www.check.com/ [运行时间：0.036613s][吞吐率：27.31req/s] [内存消耗：1,745.07kb] [文件加载：44]
[ info ] [ LANG ] D:\Vc_PHP\Apache24\htdocs\2018\ThinkPHP\thinkphp\lang\zh-cn.php
[ info ] [ ROUTE ] array (
  'type' => 'module',
  'module' => 
  array (
    0 => '',
    1 => NULL,
    2 => NULL,
  ),
)
[ info ] [ HEADER ] array (
  'host' => 'www.check.com',
  'connection' => 'keep-alive',
  'upgrade-insecure-requests' => '1',
  'user-agent' => 'Mozilla/5.0 (Windows NT 10.0; WOW64) AppleWebKit/537.36 (KHTML, like Gecko) Chrome/65.0.3325.181 Safari/537.36',
  'accept' => 'text/html,application/xhtml+xml,application/xml;q=0.9,image/webp,image/apng,*/*;q=0.8',
  'accept-encoding' => 'gzip, deflate',
  'accept-language' => 'zh-CN,zh;q=0.9,zh-TW;q=0.8',
)
[ info ] [ PARAM ] array (
)
[ info ] [ RUN ] app\index\controller\Index->index[ D:\Vc_PHP\Apache24\htdocs\2018\ThinkPHP\application\index\controller\Index.php ]
[ info ] [ LOG ] INIT File
[ error ] [0]模板文件不存在:D:\Vc_PHP\Apache24\htdocs\2018\ThinkPHP\public/../application/index\view\index\index.php[D:\Vc_PHP\Apache24\htdocs\2018\ThinkPHP\thinkphp\library\think\view\driver\Think.php:80]
---------------------------------------------------------------
[ 2018-05-21T21:42:31+08:00 ] 127.0.0.1 GET /
[ info ] www.check.com/ [运行时间：0.055177s][吞吐率：18.12req/s] [内存消耗：1,866.48kb] [文件加载：44]
[ info ] [ LANG ] D:\Vc_PHP\Apache24\htdocs\2018\ThinkPHP\thinkphp\lang\zh-cn.php
[ info ] [ ROUTE ] array (
  'type' => 'module',
  'module' => 
  array (
    0 => '',
    1 => NULL,
    2 => NULL,
  ),
)
[ info ] [ HEADER ] array (
  'host' => 'www.check.com',
  'connection' => 'keep-alive',
  'cache-control' => 'max-age=0',
  'upgrade-insecure-requests' => '1',
  'user-agent' => 'Mozilla/5.0 (Windows NT 10.0; WOW64) AppleWebKit/537.36 (KHTML, like Gecko) Chrome/65.0.3325.181 Safari/537.36',
  'accept' => 'text/html,application/xhtml+xml,application/xml;q=0.9,image/webp,image/apng,*/*;q=0.8',
  'accept-encoding' => 'gzip, deflate',
  'accept-language' => 'zh-CN,zh;q=0.9,zh-TW;q=0.8',
)
[ info ] [ PARAM ] array (
)
[ info ] [ RUN ] app\index\controller\Index->index[ D:\Vc_PHP\Apache24\htdocs\2018\ThinkPHP\application\index\controller\Index.php ]
[ info ] [ VIEW ] D:\Vc_PHP\Apache24\htdocs\2018\ThinkPHP\public/../application/index\view\index\index.php [ array (
) ]
[ info ] [ LOG ] INIT File
---------------------------------------------------------------
[ 2018-05-21T21:42:31+08:00 ] 127.0.0.1 GET /
[ info ] www.check.com/ [运行时间：0.020181s][吞吐率：49.55req/s] [内存消耗：1,648.23kb] [文件加载：42]
[ info ] [ LANG ] D:\Vc_PHP\Apache24\htdocs\2018\ThinkPHP\thinkphp\lang\zh-cn.php
[ info ] [ ROUTE ] array (
  'type' => 'module',
  'module' => 
  array (
    0 => '',
    1 => NULL,
    2 => NULL,
  ),
)
[ info ] [ HEADER ] array (
  'host' => 'www.check.com',
  'connection' => 'keep-alive',
  'cache-control' => 'max-age=0',
  'upgrade-insecure-requests' => '1',
  'user-agent' => 'Mozilla/5.0 (Windows NT 10.0; WOW64) AppleWebKit/537.36 (KHTML, like Gecko) Chrome/65.0.3325.181 Safari/537.36',
  'accept' => 'text/html,application/xhtml+xml,application/xml;q=0.9,image/webp,image/apng,*/*;q=0.8',
  'accept-encoding' => 'gzip, deflate',
  'accept-language' => 'zh-CN,zh;q=0.9,zh-TW;q=0.8',
)
[ info ] [ PARAM ] array (
)
[ info ] [ RUN ] app\index\controller\Index->index[ D:\Vc_PHP\Apache24\htdocs\2018\ThinkPHP\application\index\controller\Index.php ]
[ info ] [ VIEW ] D:\Vc_PHP\Apache24\htdocs\2018\ThinkPHP\public/../application/index\view\index\index.php [ array (
) ]
[ info ] [ LOG ] INIT File
---------------------------------------------------------------
[ 2018-05-21T21:42:32+08:00 ] 127.0.0.1 GET /
[ info ] www.check.com/ [运行时间：0.020630s][吞吐率：48.47req/s] [内存消耗：1,648.23kb] [文件加载：42]
[ info ] [ LANG ] D:\Vc_PHP\Apache24\htdocs\2018\ThinkPHP\thinkphp\lang\zh-cn.php
[ info ] [ ROUTE ] array (
  'type' => 'module',
  'module' => 
  array (
    0 => '',
    1 => NULL,
    2 => NULL,
  ),
)
[ info ] [ HEADER ] array (
  'host' => 'www.check.com',
  'connection' => 'keep-alive',
  'cache-control' => 'max-age=0',
  'upgrade-insecure-requests' => '1',
  'user-agent' => 'Mozilla/5.0 (Windows NT 10.0; WOW64) AppleWebKit/537.36 (KHTML, like Gecko) Chrome/65.0.3325.181 Safari/537.36',
  'accept' => 'text/html,application/xhtml+xml,application/xml;q=0.9,image/webp,image/apng,*/*;q=0.8',
  'accept-encoding' => 'gzip, deflate',
  'accept-language' => 'zh-CN,zh;q=0.9,zh-TW;q=0.8',
)
[ info ] [ PARAM ] array (
)
[ info ] [ RUN ] app\index\controller\Index->index[ D:\Vc_PHP\Apache24\htdocs\2018\ThinkPHP\application\index\controller\Index.php ]
[ info ] [ VIEW ] D:\Vc_PHP\Apache24\htdocs\2018\ThinkPHP\public/../application/index\view\index\index.php [ array (
) ]
[ info ] [ LOG ] INIT File
---------------------------------------------------------------
[ 2018-05-21T21:46:14+08:00 ] 127.0.0.1 GET /
[ info ] www.check.com/ [运行时间：0.050436s][吞吐率：19.83req/s] [内存消耗：1,948.77kb] [文件加载：50]
[ info ] [ LANG ] D:\Vc_PHP\Apache24\htdocs\2018\ThinkPHP\thinkphp\lang\zh-cn.php
[ info ] [ ROUTE ] array (
  'type' => 'module',
  'module' => 
  array (
    0 => '',
    1 => NULL,
    2 => NULL,
  ),
)
[ info ] [ HEADER ] array (
  'host' => 'www.check.com',
  'connection' => 'keep-alive',
  'cache-control' => 'max-age=0',
  'upgrade-insecure-requests' => '1',
  'user-agent' => 'Mozilla/5.0 (Windows NT 10.0; WOW64) AppleWebKit/537.36 (KHTML, like Gecko) Chrome/65.0.3325.181 Safari/537.36',
  'accept' => 'text/html,application/xhtml+xml,application/xml;q=0.9,image/webp,image/apng,*/*;q=0.8',
  'accept-encoding' => 'gzip, deflate',
  'accept-language' => 'zh-CN,zh;q=0.9,zh-TW;q=0.8',
)
[ info ] [ PARAM ] array (
)
[ info ] [ RUN ] app\index\controller\Index->index[ D:\Vc_PHP\Apache24\htdocs\2018\ThinkPHP\application\index\controller\Index.php ]
[ info ] [ VIEW ] D:\Vc_PHP\Apache24\htdocs\2018\ThinkPHP\public/../application/index\view\index\index.php [ array (
) ]
[ info ] [ RUN ] app\index\widget\Widgets->nav[ D:\Vc_PHP\Apache24\htdocs\2018\ThinkPHP\application\index\widget\Widgets.php ]
[ info ] [ LOG ] INIT File
[ error ] [0]模板文件不存在:D:\Vc_PHP\Apache24\htdocs\2018\ThinkPHP\public/../application/index\view\widget\nav.php[D:\Vc_PHP\Apache24\htdocs\2018\ThinkPHP\thinkphp\library\think\view\driver\Think.php:80]
---------------------------------------------------------------
[ 2018-05-21T21:47:18+08:00 ] 127.0.0.1 GET /
[ info ] www.check.com/ [运行时间：0.049015s][吞吐率：20.40req/s] [内存消耗：1,915.88kb] [文件加载：48]
[ info ] [ LANG ] D:\Vc_PHP\Apache24\htdocs\2018\ThinkPHP\thinkphp\lang\zh-cn.php
[ info ] [ ROUTE ] array (
  'type' => 'module',
  'module' => 
  array (
    0 => '',
    1 => NULL,
    2 => NULL,
  ),
)
[ info ] [ HEADER ] array (
  'host' => 'www.check.com',
  'connection' => 'keep-alive',
  'cache-control' => 'max-age=0',
  'upgrade-insecure-requests' => '1',
  'user-agent' => 'Mozilla/5.0 (Windows NT 10.0; WOW64) AppleWebKit/537.36 (KHTML, like Gecko) Chrome/65.0.3325.181 Safari/537.36',
  'accept' => 'text/html,application/xhtml+xml,application/xml;q=0.9,image/webp,image/apng,*/*;q=0.8',
  'accept-encoding' => 'gzip, deflate',
  'accept-language' => 'zh-CN,zh;q=0.9,zh-TW;q=0.8',
)
[ info ] [ PARAM ] array (
)
[ info ] [ RUN ] app\index\controller\Index->index[ D:\Vc_PHP\Apache24\htdocs\2018\ThinkPHP\application\index\controller\Index.php ]
[ info ] [ VIEW ] D:\Vc_PHP\Apache24\htdocs\2018\ThinkPHP\public/../application/index\view\index\index.php [ array (
) ]
[ info ] [ RUN ] app\index\widget\Widgets->nav[ D:\Vc_PHP\Apache24\htdocs\2018\ThinkPHP\application\index\widget\Widgets.php ]
[ info ] [ VIEW ] D:\Vc_PHP\Apache24\htdocs\2018\ThinkPHP\public/../application/index\view\widget\nav.php [ array (
) ]
[ info ] [ LOG ] INIT File
---------------------------------------------------------------
[ 2018-05-21T21:47:19+08:00 ] 127.0.0.1 GET /
[ info ] www.check.com/ [运行时间：0.025981s][吞吐率：38.49req/s] [内存消耗：1,760.13kb] [文件加载：46]
[ info ] [ LANG ] D:\Vc_PHP\Apache24\htdocs\2018\ThinkPHP\thinkphp\lang\zh-cn.php
[ info ] [ ROUTE ] array (
  'type' => 'module',
  'module' => 
  array (
    0 => '',
    1 => NULL,
    2 => NULL,
  ),
)
[ info ] [ HEADER ] array (
  'host' => 'www.check.com',
  'connection' => 'keep-alive',
  'cache-control' => 'max-age=0',
  'upgrade-insecure-requests' => '1',
  'user-agent' => 'Mozilla/5.0 (Windows NT 10.0; WOW64) AppleWebKit/537.36 (KHTML, like Gecko) Chrome/65.0.3325.181 Safari/537.36',
  'accept' => 'text/html,application/xhtml+xml,application/xml;q=0.9,image/webp,image/apng,*/*;q=0.8',
  'accept-encoding' => 'gzip, deflate',
  'accept-language' => 'zh-CN,zh;q=0.9,zh-TW;q=0.8',
)
[ info ] [ PARAM ] array (
)
[ info ] [ RUN ] app\index\controller\Index->index[ D:\Vc_PHP\Apache24\htdocs\2018\ThinkPHP\application\index\controller\Index.php ]
[ info ] [ VIEW ] D:\Vc_PHP\Apache24\htdocs\2018\ThinkPHP\public/../application/index\view\index\index.php [ array (
) ]
[ info ] [ RUN ] app\index\widget\Widgets->nav[ D:\Vc_PHP\Apache24\htdocs\2018\ThinkPHP\application\index\widget\Widgets.php ]
[ info ] [ VIEW ] D:\Vc_PHP\Apache24\htdocs\2018\ThinkPHP\public/../application/index\view\widget\nav.php [ array (
) ]
[ info ] [ LOG ] INIT File
---------------------------------------------------------------
[ 2018-05-21T21:47:59+08:00 ] 127.0.0.1 GET /
[ info ] www.check.com/ [运行时间：0.053018s][吞吐率：18.86req/s] [内存消耗：1,919.82kb] [文件加载：48]
[ info ] [ LANG ] D:\Vc_PHP\Apache24\htdocs\2018\ThinkPHP\thinkphp\lang\zh-cn.php
[ info ] [ ROUTE ] array (
  'type' => 'module',
  'module' => 
  array (
    0 => '',
    1 => NULL,
    2 => NULL,
  ),
)
[ info ] [ HEADER ] array (
  'host' => 'www.check.com',
  'connection' => 'keep-alive',
  'cache-control' => 'max-age=0',
  'upgrade-insecure-requests' => '1',
  'user-agent' => 'Mozilla/5.0 (Windows NT 10.0; WOW64) AppleWebKit/537.36 (KHTML, like Gecko) Chrome/65.0.3325.181 Safari/537.36',
  'accept' => 'text/html,application/xhtml+xml,application/xml;q=0.9,image/webp,image/apng,*/*;q=0.8',
  'accept-encoding' => 'gzip, deflate',
  'accept-language' => 'zh-CN,zh;q=0.9,zh-TW;q=0.8',
)
[ info ] [ PARAM ] array (
)
[ info ] [ RUN ] app\index\controller\Index->index[ D:\Vc_PHP\Apache24\htdocs\2018\ThinkPHP\application\index\controller\Index.php ]
[ info ] [ VIEW ] D:\Vc_PHP\Apache24\htdocs\2018\ThinkPHP\public/../application/index\view\index\index.php [ array (
) ]
[ info ] [ RUN ] app\index\widget\Widgets->nav[ D:\Vc_PHP\Apache24\htdocs\2018\ThinkPHP\application\index\widget\Widgets.php ]
[ info ] [ VIEW ] D:\Vc_PHP\Apache24\htdocs\2018\ThinkPHP\public/../application/index\view\widget\nav.php [ array (
) ]
[ info ] [ LOG ] INIT File
---------------------------------------------------------------
[ 2018-05-21T21:59:51+08:00 ] 127.0.0.1 GET /
[ info ] www.check.com/ [运行时间：0.043254s][吞吐率：23.12req/s] [内存消耗：1,906.71kb] [文件加载：46]
[ info ] [ LANG ] D:\Vc_PHP\Apache24\htdocs\2018\ThinkPHP\thinkphp\lang\zh-cn.php
[ info ] [ ROUTE ] array (
  'type' => 'module',
  'module' => 
  array (
    0 => '',
    1 => NULL,
    2 => NULL,
  ),
)
[ info ] [ HEADER ] array (
  'host' => 'www.check.com',
  'connection' => 'keep-alive',
  'cache-control' => 'max-age=0',
  'upgrade-insecure-requests' => '1',
  'user-agent' => 'Mozilla/5.0 (Windows NT 10.0; WOW64) AppleWebKit/537.36 (KHTML, like Gecko) Chrome/65.0.3325.181 Safari/537.36',
  'accept' => 'text/html,application/xhtml+xml,application/xml;q=0.9,image/webp,image/apng,*/*;q=0.8',
  'accept-encoding' => 'gzip, deflate',
  'accept-language' => 'zh-CN,zh;q=0.9,zh-TW;q=0.8',
)
[ info ] [ PARAM ] array (
)
[ info ] [ RUN ] app\index\controller\Index->index[ D:\Vc_PHP\Apache24\htdocs\2018\ThinkPHP\application\index\controller\Index.php ]
[ info ] [ VIEW ] D:\Vc_PHP\Apache24\htdocs\2018\ThinkPHP\public/../application/index\view\index\index.php [ array (
) ]
[ info ] [ LOG ] INIT File
[ error ] [0]语法解析错误: syntax error, unexpected '<', expecting end of file[D:\Vc_PHP\Apache24\htdocs\2018\ThinkPHP\runtime\temp\8f5f27fe27a7ad5fa29aee136dc44a01.php:5]
---------------------------------------------------------------
[ 2018-05-21T22:00:10+08:00 ] 127.0.0.1 GET /
[ info ] www.check.com/ [运行时间：0.042061s][吞吐率：23.77req/s] [内存消耗：1,902.89kb] [文件加载：47]
[ info ] [ LANG ] D:\Vc_PHP\Apache24\htdocs\2018\ThinkPHP\thinkphp\lang\zh-cn.php
[ info ] [ ROUTE ] array (
  'type' => 'module',
  'module' => 
  array (
    0 => '',
    1 => NULL,
    2 => NULL,
  ),
)
[ info ] [ HEADER ] array (
  'host' => 'www.check.com',
  'connection' => 'keep-alive',
  'cache-control' => 'max-age=0',
  'upgrade-insecure-requests' => '1',
  'user-agent' => 'Mozilla/5.0 (Windows NT 10.0; WOW64) AppleWebKit/537.36 (KHTML, like Gecko) Chrome/65.0.3325.181 Safari/537.36',
  'accept' => 'text/html,application/xhtml+xml,application/xml;q=0.9,image/webp,image/apng,*/*;q=0.8',
  'accept-encoding' => 'gzip, deflate',
  'accept-language' => 'zh-CN,zh;q=0.9,zh-TW;q=0.8',
)
[ info ] [ PARAM ] array (
)
[ info ] [ RUN ] app\index\controller\Index->index[ D:\Vc_PHP\Apache24\htdocs\2018\ThinkPHP\application\index\controller\Index.php ]
[ info ] [ VIEW ] D:\Vc_PHP\Apache24\htdocs\2018\ThinkPHP\public/../application/index\view\index\index.php [ array (
) ]
[ info ] [ LOG ] INIT File
[ error ] [0]类不存在:app\index\widget\Blog[D:\Vc_PHP\Apache24\htdocs\2018\ThinkPHP\thinkphp\library\think\Loader.php:470]
---------------------------------------------------------------
[ 2018-05-21T22:00:18+08:00 ] 127.0.0.1 GET /
[ info ] www.check.com/ [运行时间：0.048620s][吞吐率：20.57req/s] [内存消耗：1,867.45kb] [文件加载：44]
[ info ] [ LANG ] D:\Vc_PHP\Apache24\htdocs\2018\ThinkPHP\thinkphp\lang\zh-cn.php
[ info ] [ ROUTE ] array (
  'type' => 'module',
  'module' => 
  array (
    0 => '',
    1 => NULL,
    2 => NULL,
  ),
)
[ info ] [ HEADER ] array (
  'host' => 'www.check.com',
  'connection' => 'keep-alive',
  'cache-control' => 'max-age=0',
  'upgrade-insecure-requests' => '1',
  'user-agent' => 'Mozilla/5.0 (Windows NT 10.0; WOW64) AppleWebKit/537.36 (KHTML, like Gecko) Chrome/65.0.3325.181 Safari/537.36',
  'accept' => 'text/html,application/xhtml+xml,application/xml;q=0.9,image/webp,image/apng,*/*;q=0.8',
  'accept-encoding' => 'gzip, deflate',
  'accept-language' => 'zh-CN,zh;q=0.9,zh-TW;q=0.8',
)
[ info ] [ PARAM ] array (
)
[ info ] [ RUN ] app\index\controller\Index->index[ D:\Vc_PHP\Apache24\htdocs\2018\ThinkPHP\application\index\controller\Index.php ]
[ info ] [ VIEW ] D:\Vc_PHP\Apache24\htdocs\2018\ThinkPHP\public/../application/index\view\index\index.php [ array (
) ]
[ info ] [ LOG ] INIT File
---------------------------------------------------------------
[ 2018-05-21T22:00:27+08:00 ] 127.0.0.1 GET /
[ info ] www.check.com/ [运行时间：0.037676s][吞吐率：26.54req/s] [内存消耗：1,906.71kb] [文件加载：46]
[ info ] [ LANG ] D:\Vc_PHP\Apache24\htdocs\2018\ThinkPHP\thinkphp\lang\zh-cn.php
[ info ] [ ROUTE ] array (
  'type' => 'module',
  'module' => 
  array (
    0 => '',
    1 => NULL,
    2 => NULL,
  ),
)
[ info ] [ HEADER ] array (
  'host' => 'www.check.com',
  'connection' => 'keep-alive',
  'cache-control' => 'max-age=0',
  'upgrade-insecure-requests' => '1',
  'user-agent' => 'Mozilla/5.0 (Windows NT 10.0; WOW64) AppleWebKit/537.36 (KHTML, like Gecko) Chrome/65.0.3325.181 Safari/537.36',
  'accept' => 'text/html,application/xhtml+xml,application/xml;q=0.9,image/webp,image/apng,*/*;q=0.8',
  'accept-encoding' => 'gzip, deflate',
  'accept-language' => 'zh-CN,zh;q=0.9,zh-TW;q=0.8',
)
[ info ] [ PARAM ] array (
)
[ info ] [ RUN ] app\index\controller\Index->index[ D:\Vc_PHP\Apache24\htdocs\2018\ThinkPHP\application\index\controller\Index.php ]
[ info ] [ VIEW ] D:\Vc_PHP\Apache24\htdocs\2018\ThinkPHP\public/../application/index\view\index\index.php [ array (
) ]
[ info ] [ LOG ] INIT File
[ error ] [0]语法解析错误: syntax error, unexpected ':', expecting end of file[D:\Vc_PHP\Apache24\htdocs\2018\ThinkPHP\runtime\temp\8f5f27fe27a7ad5fa29aee136dc44a01.php:5]
---------------------------------------------------------------
[ 2018-05-21T22:00:32+08:00 ] 127.0.0.1 GET /
[ info ] www.check.com/ [运行时间：0.037141s][吞吐率：26.92req/s] [内存消耗：1,902.89kb] [文件加载：47]
[ info ] [ LANG ] D:\Vc_PHP\Apache24\htdocs\2018\ThinkPHP\thinkphp\lang\zh-cn.php
[ info ] [ ROUTE ] array (
  'type' => 'module',
  'module' => 
  array (
    0 => '',
    1 => NULL,
    2 => NULL,
  ),
)
[ info ] [ HEADER ] array (
  'host' => 'www.check.com',
  'connection' => 'keep-alive',
  'cache-control' => 'max-age=0',
  'upgrade-insecure-requests' => '1',
  'user-agent' => 'Mozilla/5.0 (Windows NT 10.0; WOW64) AppleWebKit/537.36 (KHTML, like Gecko) Chrome/65.0.3325.181 Safari/537.36',
  'accept' => 'text/html,application/xhtml+xml,application/xml;q=0.9,image/webp,image/apng,*/*;q=0.8',
  'accept-encoding' => 'gzip, deflate',
  'accept-language' => 'zh-CN,zh;q=0.9,zh-TW;q=0.8',
)
[ info ] [ PARAM ] array (
)
[ info ] [ RUN ] app\index\controller\Index->index[ D:\Vc_PHP\Apache24\htdocs\2018\ThinkPHP\application\index\controller\Index.php ]
[ info ] [ VIEW ] D:\Vc_PHP\Apache24\htdocs\2018\ThinkPHP\public/../application/index\view\index\index.php [ array (
) ]
[ info ] [ LOG ] INIT File
[ error ] [0]类不存在:app\index\widget\Blog[D:\Vc_PHP\Apache24\htdocs\2018\ThinkPHP\thinkphp\library\think\Loader.php:470]
---------------------------------------------------------------
[ 2018-05-21T22:00:32+08:00 ] 127.0.0.1 GET /
[ info ] www.check.com/ [运行时间：0.022555s][吞吐率：44.34req/s] [内存消耗：1,747.41kb] [文件加载：45]
[ info ] [ LANG ] D:\Vc_PHP\Apache24\htdocs\2018\ThinkPHP\thinkphp\lang\zh-cn.php
[ info ] [ ROUTE ] array (
  'type' => 'module',
  'module' => 
  array (
    0 => '',
    1 => NULL,
    2 => NULL,
  ),
)
[ info ] [ HEADER ] array (
  'host' => 'www.check.com',
  'connection' => 'keep-alive',
  'cache-control' => 'max-age=0',
  'upgrade-insecure-requests' => '1',
  'user-agent' => 'Mozilla/5.0 (Windows NT 10.0; WOW64) AppleWebKit/537.36 (KHTML, like Gecko) Chrome/65.0.3325.181 Safari/537.36',
  'accept' => 'text/html,application/xhtml+xml,application/xml;q=0.9,image/webp,image/apng,*/*;q=0.8',
  'accept-encoding' => 'gzip, deflate',
  'accept-language' => 'zh-CN,zh;q=0.9,zh-TW;q=0.8',
)
[ info ] [ PARAM ] array (
)
[ info ] [ RUN ] app\index\controller\Index->index[ D:\Vc_PHP\Apache24\htdocs\2018\ThinkPHP\application\index\controller\Index.php ]
[ info ] [ VIEW ] D:\Vc_PHP\Apache24\htdocs\2018\ThinkPHP\public/../application/index\view\index\index.php [ array (
) ]
[ info ] [ LOG ] INIT File
[ error ] [0]类不存在:app\index\widget\Blog[D:\Vc_PHP\Apache24\htdocs\2018\ThinkPHP\thinkphp\library\think\Loader.php:470]
---------------------------------------------------------------
[ 2018-05-21T22:00:33+08:00 ] 127.0.0.1 GET /
[ info ] www.check.com/ [运行时间：0.031610s][吞吐率：31.64req/s] [内存消耗：1,747.41kb] [文件加载：45]
[ info ] [ LANG ] D:\Vc_PHP\Apache24\htdocs\2018\ThinkPHP\thinkphp\lang\zh-cn.php
[ info ] [ ROUTE ] array (
  'type' => 'module',
  'module' => 
  array (
    0 => '',
    1 => NULL,
    2 => NULL,
  ),
)
[ info ] [ HEADER ] array (
  'host' => 'www.check.com',
  'connection' => 'keep-alive',
  'cache-control' => 'max-age=0',
  'upgrade-insecure-requests' => '1',
  'user-agent' => 'Mozilla/5.0 (Windows NT 10.0; WOW64) AppleWebKit/537.36 (KHTML, like Gecko) Chrome/65.0.3325.181 Safari/537.36',
  'accept' => 'text/html,application/xhtml+xml,application/xml;q=0.9,image/webp,image/apng,*/*;q=0.8',
  'accept-encoding' => 'gzip, deflate',
  'accept-language' => 'zh-CN,zh;q=0.9,zh-TW;q=0.8',
)
[ info ] [ PARAM ] array (
)
[ info ] [ RUN ] app\index\controller\Index->index[ D:\Vc_PHP\Apache24\htdocs\2018\ThinkPHP\application\index\controller\Index.php ]
[ info ] [ VIEW ] D:\Vc_PHP\Apache24\htdocs\2018\ThinkPHP\public/../application/index\view\index\index.php [ array (
) ]
[ info ] [ LOG ] INIT File
[ error ] [0]类不存在:app\index\widget\Blog[D:\Vc_PHP\Apache24\htdocs\2018\ThinkPHP\thinkphp\library\think\Loader.php:470]
---------------------------------------------------------------
[ 2018-05-21T22:00:46+08:00 ] 127.0.0.1 GET /
[ info ] www.check.com/ [运行时间：0.054803s][吞吐率：18.25req/s] [内存消耗：1,902.89kb] [文件加载：47]
[ info ] [ LANG ] D:\Vc_PHP\Apache24\htdocs\2018\ThinkPHP\thinkphp\lang\zh-cn.php
[ info ] [ ROUTE ] array (
  'type' => 'module',
  'module' => 
  array (
    0 => '',
    1 => NULL,
    2 => NULL,
  ),
)
[ info ] [ HEADER ] array (
  'host' => 'www.check.com',
  'connection' => 'keep-alive',
  'cache-control' => 'max-age=0',
  'upgrade-insecure-requests' => '1',
  'user-agent' => 'Mozilla/5.0 (Windows NT 10.0; WOW64) AppleWebKit/537.36 (KHTML, like Gecko) Chrome/65.0.3325.181 Safari/537.36',
  'accept' => 'text/html,application/xhtml+xml,application/xml;q=0.9,image/webp,image/apng,*/*;q=0.8',
  'accept-encoding' => 'gzip, deflate',
  'accept-language' => 'zh-CN,zh;q=0.9,zh-TW;q=0.8',
)
[ info ] [ PARAM ] array (
)
[ info ] [ RUN ] app\index\controller\Index->index[ D:\Vc_PHP\Apache24\htdocs\2018\ThinkPHP\application\index\controller\Index.php ]
[ info ] [ VIEW ] D:\Vc_PHP\Apache24\htdocs\2018\ThinkPHP\public/../application/index\view\index\index.php [ array (
) ]
[ info ] [ LOG ] INIT File
[ error ] [0]类不存在:app\index\widget\Blog[D:\Vc_PHP\Apache24\htdocs\2018\ThinkPHP\thinkphp\library\think\Loader.php:470]
---------------------------------------------------------------
[ 2018-05-21T22:00:48+08:00 ] 127.0.0.1 GET /
[ info ] www.check.com/ [运行时间：0.033594s][吞吐率：29.77req/s] [内存消耗：1,747.41kb] [文件加载：45]
[ info ] [ LANG ] D:\Vc_PHP\Apache24\htdocs\2018\ThinkPHP\thinkphp\lang\zh-cn.php
[ info ] [ ROUTE ] array (
  'type' => 'module',
  'module' => 
  array (
    0 => '',
    1 => NULL,
    2 => NULL,
  ),
)
[ info ] [ HEADER ] array (
  'host' => 'www.check.com',
  'connection' => 'keep-alive',
  'cache-control' => 'max-age=0',
  'upgrade-insecure-requests' => '1',
  'user-agent' => 'Mozilla/5.0 (Windows NT 10.0; WOW64) AppleWebKit/537.36 (KHTML, like Gecko) Chrome/65.0.3325.181 Safari/537.36',
  'accept' => 'text/html,application/xhtml+xml,application/xml;q=0.9,image/webp,image/apng,*/*;q=0.8',
  'accept-encoding' => 'gzip, deflate',
  'accept-language' => 'zh-CN,zh;q=0.9,zh-TW;q=0.8',
)
[ info ] [ PARAM ] array (
)
[ info ] [ RUN ] app\index\controller\Index->index[ D:\Vc_PHP\Apache24\htdocs\2018\ThinkPHP\application\index\controller\Index.php ]
[ info ] [ VIEW ] D:\Vc_PHP\Apache24\htdocs\2018\ThinkPHP\public/../application/index\view\index\index.php [ array (
) ]
[ info ] [ LOG ] INIT File
[ error ] [0]类不存在:app\index\widget\Blog[D:\Vc_PHP\Apache24\htdocs\2018\ThinkPHP\thinkphp\library\think\Loader.php:470]
---------------------------------------------------------------
[ 2018-05-21T22:00:48+08:00 ] 127.0.0.1 GET /
[ info ] www.check.com/ [运行时间：0.031494s][吞吐率：31.75req/s] [内存消耗：1,747.41kb] [文件加载：45]
[ info ] [ LANG ] D:\Vc_PHP\Apache24\htdocs\2018\ThinkPHP\thinkphp\lang\zh-cn.php
[ info ] [ ROUTE ] array (
  'type' => 'module',
  'module' => 
  array (
    0 => '',
    1 => NULL,
    2 => NULL,
  ),
)
[ info ] [ HEADER ] array (
  'host' => 'www.check.com',
  'connection' => 'keep-alive',
  'cache-control' => 'max-age=0',
  'upgrade-insecure-requests' => '1',
  'user-agent' => 'Mozilla/5.0 (Windows NT 10.0; WOW64) AppleWebKit/537.36 (KHTML, like Gecko) Chrome/65.0.3325.181 Safari/537.36',
  'accept' => 'text/html,application/xhtml+xml,application/xml;q=0.9,image/webp,image/apng,*/*;q=0.8',
  'accept-encoding' => 'gzip, deflate',
  'accept-language' => 'zh-CN,zh;q=0.9,zh-TW;q=0.8',
)
[ info ] [ PARAM ] array (
)
[ info ] [ RUN ] app\index\controller\Index->index[ D:\Vc_PHP\Apache24\htdocs\2018\ThinkPHP\application\index\controller\Index.php ]
[ info ] [ VIEW ] D:\Vc_PHP\Apache24\htdocs\2018\ThinkPHP\public/../application/index\view\index\index.php [ array (
) ]
[ info ] [ LOG ] INIT File
[ error ] [0]类不存在:app\index\widget\Blog[D:\Vc_PHP\Apache24\htdocs\2018\ThinkPHP\thinkphp\library\think\Loader.php:470]
---------------------------------------------------------------
[ 2018-05-21T22:00:48+08:00 ] 127.0.0.1 GET /
[ info ] www.check.com/ [运行时间：0.024871s][吞吐率：40.21req/s] [内存消耗：1,747.41kb] [文件加载：45]
[ info ] [ LANG ] D:\Vc_PHP\Apache24\htdocs\2018\ThinkPHP\thinkphp\lang\zh-cn.php
[ info ] [ ROUTE ] array (
  'type' => 'module',
  'module' => 
  array (
    0 => '',
    1 => NULL,
    2 => NULL,
  ),
)
[ info ] [ HEADER ] array (
  'host' => 'www.check.com',
  'connection' => 'keep-alive',
  'cache-control' => 'max-age=0',
  'upgrade-insecure-requests' => '1',
  'user-agent' => 'Mozilla/5.0 (Windows NT 10.0; WOW64) AppleWebKit/537.36 (KHTML, like Gecko) Chrome/65.0.3325.181 Safari/537.36',
  'accept' => 'text/html,application/xhtml+xml,application/xml;q=0.9,image/webp,image/apng,*/*;q=0.8',
  'accept-encoding' => 'gzip, deflate',
  'accept-language' => 'zh-CN,zh;q=0.9,zh-TW;q=0.8',
)
[ info ] [ PARAM ] array (
)
[ info ] [ RUN ] app\index\controller\Index->index[ D:\Vc_PHP\Apache24\htdocs\2018\ThinkPHP\application\index\controller\Index.php ]
[ info ] [ VIEW ] D:\Vc_PHP\Apache24\htdocs\2018\ThinkPHP\public/../application/index\view\index\index.php [ array (
) ]
[ info ] [ LOG ] INIT File
[ error ] [0]类不存在:app\index\widget\Blog[D:\Vc_PHP\Apache24\htdocs\2018\ThinkPHP\thinkphp\library\think\Loader.php:470]
---------------------------------------------------------------
[ 2018-05-21T22:01:22+08:00 ] 127.0.0.1 GET /
[ info ] www.check.com/ [运行时间：0.052103s][吞吐率：19.19req/s] [内存消耗：1,916.73kb] [文件加载：48]
[ info ] [ LANG ] D:\Vc_PHP\Apache24\htdocs\2018\ThinkPHP\thinkphp\lang\zh-cn.php
[ info ] [ ROUTE ] array (
  'type' => 'module',
  'module' => 
  array (
    0 => '',
    1 => NULL,
    2 => NULL,
  ),
)
[ info ] [ HEADER ] array (
  'host' => 'www.check.com',
  'connection' => 'keep-alive',
  'cache-control' => 'max-age=0',
  'upgrade-insecure-requests' => '1',
  'user-agent' => 'Mozilla/5.0 (Windows NT 10.0; WOW64) AppleWebKit/537.36 (KHTML, like Gecko) Chrome/65.0.3325.181 Safari/537.36',
  'accept' => 'text/html,application/xhtml+xml,application/xml;q=0.9,image/webp,image/apng,*/*;q=0.8',
  'accept-encoding' => 'gzip, deflate',
  'accept-language' => 'zh-CN,zh;q=0.9,zh-TW;q=0.8',
)
[ info ] [ PARAM ] array (
)
[ info ] [ RUN ] app\index\controller\Index->index[ D:\Vc_PHP\Apache24\htdocs\2018\ThinkPHP\application\index\controller\Index.php ]
[ info ] [ VIEW ] D:\Vc_PHP\Apache24\htdocs\2018\ThinkPHP\public/../application/index\view\index\index.php [ array (
) ]
[ info ] [ RUN ] app\index\widget\Widgets->nav[ D:\Vc_PHP\Apache24\htdocs\2018\ThinkPHP\application\index\widget\Widgets.php ]
[ info ] [ VIEW ] D:\Vc_PHP\Apache24\htdocs\2018\ThinkPHP\public/../application/index\view\widget\nav.php [ array (
) ]
[ info ] [ LOG ] INIT File
---------------------------------------------------------------
[ 2018-05-21T22:01:22+08:00 ] 127.0.0.1 GET /
[ info ] www.check.com/ [运行时间：0.022342s][吞吐率：44.76req/s] [内存消耗：1,760.13kb] [文件加载：46]
[ info ] [ LANG ] D:\Vc_PHP\Apache24\htdocs\2018\ThinkPHP\thinkphp\lang\zh-cn.php
[ info ] [ ROUTE ] array (
  'type' => 'module',
  'module' => 
  array (
    0 => '',
    1 => NULL,
    2 => NULL,
  ),
)
[ info ] [ HEADER ] array (
  'host' => 'www.check.com',
  'connection' => 'keep-alive',
  'cache-control' => 'max-age=0',
  'upgrade-insecure-requests' => '1',
  'user-agent' => 'Mozilla/5.0 (Windows NT 10.0; WOW64) AppleWebKit/537.36 (KHTML, like Gecko) Chrome/65.0.3325.181 Safari/537.36',
  'accept' => 'text/html,application/xhtml+xml,application/xml;q=0.9,image/webp,image/apng,*/*;q=0.8',
  'accept-encoding' => 'gzip, deflate',
  'accept-language' => 'zh-CN,zh;q=0.9,zh-TW;q=0.8',
)
[ info ] [ PARAM ] array (
)
[ info ] [ RUN ] app\index\controller\Index->index[ D:\Vc_PHP\Apache24\htdocs\2018\ThinkPHP\application\index\controller\Index.php ]
[ info ] [ VIEW ] D:\Vc_PHP\Apache24\htdocs\2018\ThinkPHP\public/../application/index\view\index\index.php [ array (
) ]
[ info ] [ RUN ] app\index\widget\Widgets->nav[ D:\Vc_PHP\Apache24\htdocs\2018\ThinkPHP\application\index\widget\Widgets.php ]
[ info ] [ VIEW ] D:\Vc_PHP\Apache24\htdocs\2018\ThinkPHP\public/../application/index\view\widget\nav.php [ array (
) ]
[ info ] [ LOG ] INIT File
---------------------------------------------------------------
[ 2018-05-21T22:01:23+08:00 ] 127.0.0.1 GET /
[ info ] www.check.com/ [运行时间：0.030982s][吞吐率：32.28req/s] [内存消耗：1,760.13kb] [文件加载：46]
[ info ] [ LANG ] D:\Vc_PHP\Apache24\htdocs\2018\ThinkPHP\thinkphp\lang\zh-cn.php
[ info ] [ ROUTE ] array (
  'type' => 'module',
  'module' => 
  array (
    0 => '',
    1 => NULL,
    2 => NULL,
  ),
)
[ info ] [ HEADER ] array (
  'host' => 'www.check.com',
  'connection' => 'keep-alive',
  'cache-control' => 'max-age=0',
  'upgrade-insecure-requests' => '1',
  'user-agent' => 'Mozilla/5.0 (Windows NT 10.0; WOW64) AppleWebKit/537.36 (KHTML, like Gecko) Chrome/65.0.3325.181 Safari/537.36',
  'accept' => 'text/html,application/xhtml+xml,application/xml;q=0.9,image/webp,image/apng,*/*;q=0.8',
  'accept-encoding' => 'gzip, deflate',
  'accept-language' => 'zh-CN,zh;q=0.9,zh-TW;q=0.8',
)
[ info ] [ PARAM ] array (
)
[ info ] [ RUN ] app\index\controller\Index->index[ D:\Vc_PHP\Apache24\htdocs\2018\ThinkPHP\application\index\controller\Index.php ]
[ info ] [ VIEW ] D:\Vc_PHP\Apache24\htdocs\2018\ThinkPHP\public/../application/index\view\index\index.php [ array (
) ]
[ info ] [ RUN ] app\index\widget\Widgets->nav[ D:\Vc_PHP\Apache24\htdocs\2018\ThinkPHP\application\index\widget\Widgets.php ]
[ info ] [ VIEW ] D:\Vc_PHP\Apache24\htdocs\2018\ThinkPHP\public/../application/index\view\widget\nav.php [ array (
) ]
[ info ] [ LOG ] INIT File
---------------------------------------------------------------
[ 2018-05-21T22:01:54+08:00 ] 127.0.0.1 GET /
[ info ] www.check.com/ [运行时间：0.040948s][吞吐率：24.42req/s] [内存消耗：1,906.71kb] [文件加载：46]
[ info ] [ LANG ] D:\Vc_PHP\Apache24\htdocs\2018\ThinkPHP\thinkphp\lang\zh-cn.php
[ info ] [ ROUTE ] array (
  'type' => 'module',
  'module' => 
  array (
    0 => '',
    1 => NULL,
    2 => NULL,
  ),
)
[ info ] [ HEADER ] array (
  'host' => 'www.check.com',
  'connection' => 'keep-alive',
  'cache-control' => 'max-age=0',
  'upgrade-insecure-requests' => '1',
  'user-agent' => 'Mozilla/5.0 (Windows NT 10.0; WOW64) AppleWebKit/537.36 (KHTML, like Gecko) Chrome/65.0.3325.181 Safari/537.36',
  'accept' => 'text/html,application/xhtml+xml,application/xml;q=0.9,image/webp,image/apng,*/*;q=0.8',
  'accept-encoding' => 'gzip, deflate',
  'accept-language' => 'zh-CN,zh;q=0.9,zh-TW;q=0.8',
)
[ info ] [ PARAM ] array (
)
[ info ] [ RUN ] app\index\controller\Index->index[ D:\Vc_PHP\Apache24\htdocs\2018\ThinkPHP\application\index\controller\Index.php ]
[ info ] [ VIEW ] D:\Vc_PHP\Apache24\htdocs\2018\ThinkPHP\public/../application/index\view\index\index.php [ array (
) ]
[ info ] [ LOG ] INIT File
[ error ] [0]语法解析错误: syntax error, unexpected '<', expecting end of file[D:\Vc_PHP\Apache24\htdocs\2018\ThinkPHP\runtime\temp\8f5f27fe27a7ad5fa29aee136dc44a01.php:6]
---------------------------------------------------------------
[ 2018-05-21T22:02:02+08:00 ] 127.0.0.1 GET /
[ info ] www.check.com/ [运行时间：0.044851s][吞吐率：22.30req/s] [内存消耗：1,917.54kb] [文件加载：48]
[ info ] [ LANG ] D:\Vc_PHP\Apache24\htdocs\2018\ThinkPHP\thinkphp\lang\zh-cn.php
[ info ] [ ROUTE ] array (
  'type' => 'module',
  'module' => 
  array (
    0 => '',
    1 => NULL,
    2 => NULL,
  ),
)
[ info ] [ HEADER ] array (
  'host' => 'www.check.com',
  'connection' => 'keep-alive',
  'cache-control' => 'max-age=0',
  'upgrade-insecure-requests' => '1',
  'user-agent' => 'Mozilla/5.0 (Windows NT 10.0; WOW64) AppleWebKit/537.36 (KHTML, like Gecko) Chrome/65.0.3325.181 Safari/537.36',
  'accept' => 'text/html,application/xhtml+xml,application/xml;q=0.9,image/webp,image/apng,*/*;q=0.8',
  'accept-encoding' => 'gzip, deflate',
  'accept-language' => 'zh-CN,zh;q=0.9,zh-TW;q=0.8',
)
[ info ] [ PARAM ] array (
)
[ info ] [ RUN ] app\index\controller\Index->index[ D:\Vc_PHP\Apache24\htdocs\2018\ThinkPHP\application\index\controller\Index.php ]
[ info ] [ VIEW ] D:\Vc_PHP\Apache24\htdocs\2018\ThinkPHP\public/../application/index\view\index\index.php [ array (
) ]
[ info ] [ RUN ] app\index\widget\Widgets->nav[ D:\Vc_PHP\Apache24\htdocs\2018\ThinkPHP\application\index\widget\Widgets.php ]
[ info ] [ VIEW ] D:\Vc_PHP\Apache24\htdocs\2018\ThinkPHP\public/../application/index\view\widget\nav.php [ array (
) ]
[ info ] [ RUN ] app\index\widget\Widgets->nav[ D:\Vc_PHP\Apache24\htdocs\2018\ThinkPHP\application\index\widget\Widgets.php ]
[ info ] [ VIEW ] D:\Vc_PHP\Apache24\htdocs\2018\ThinkPHP\public/../application/index\view\widget\nav.php [ array (
) ]
[ info ] [ LOG ] INIT File
---------------------------------------------------------------
[ 2018-05-21T22:02:03+08:00 ] 127.0.0.1 GET /
[ info ] www.check.com/ [运行时间：0.024707s][吞吐率：40.47req/s] [内存消耗：1,760.95kb] [文件加载：46]
[ info ] [ LANG ] D:\Vc_PHP\Apache24\htdocs\2018\ThinkPHP\thinkphp\lang\zh-cn.php
[ info ] [ ROUTE ] array (
  'type' => 'module',
  'module' => 
  array (
    0 => '',
    1 => NULL,
    2 => NULL,
  ),
)
[ info ] [ HEADER ] array (
  'host' => 'www.check.com',
  'connection' => 'keep-alive',
  'cache-control' => 'max-age=0',
  'upgrade-insecure-requests' => '1',
  'user-agent' => 'Mozilla/5.0 (Windows NT 10.0; WOW64) AppleWebKit/537.36 (KHTML, like Gecko) Chrome/65.0.3325.181 Safari/537.36',
  'accept' => 'text/html,application/xhtml+xml,application/xml;q=0.9,image/webp,image/apng,*/*;q=0.8',
  'accept-encoding' => 'gzip, deflate',
  'accept-language' => 'zh-CN,zh;q=0.9,zh-TW;q=0.8',
)
[ info ] [ PARAM ] array (
)
[ info ] [ RUN ] app\index\controller\Index->index[ D:\Vc_PHP\Apache24\htdocs\2018\ThinkPHP\application\index\controller\Index.php ]
[ info ] [ VIEW ] D:\Vc_PHP\Apache24\htdocs\2018\ThinkPHP\public/../application/index\view\index\index.php [ array (
) ]
[ info ] [ RUN ] app\index\widget\Widgets->nav[ D:\Vc_PHP\Apache24\htdocs\2018\ThinkPHP\application\index\widget\Widgets.php ]
[ info ] [ VIEW ] D:\Vc_PHP\Apache24\htdocs\2018\ThinkPHP\public/../application/index\view\widget\nav.php [ array (
) ]
[ info ] [ RUN ] app\index\widget\Widgets->nav[ D:\Vc_PHP\Apache24\htdocs\2018\ThinkPHP\application\index\widget\Widgets.php ]
[ info ] [ VIEW ] D:\Vc_PHP\Apache24\htdocs\2018\ThinkPHP\public/../application/index\view\widget\nav.php [ array (
) ]
[ info ] [ LOG ] INIT File
---------------------------------------------------------------
[ 2018-05-21T22:02:03+08:00 ] 127.0.0.1 GET /
[ info ] www.check.com/ [运行时间：0.023674s][吞吐率：42.24req/s] [内存消耗：1,760.95kb] [文件加载：46]
[ info ] [ LANG ] D:\Vc_PHP\Apache24\htdocs\2018\ThinkPHP\thinkphp\lang\zh-cn.php
[ info ] [ ROUTE ] array (
  'type' => 'module',
  'module' => 
  array (
    0 => '',
    1 => NULL,
    2 => NULL,
  ),
)
[ info ] [ HEADER ] array (
  'host' => 'www.check.com',
  'connection' => 'keep-alive',
  'cache-control' => 'max-age=0',
  'upgrade-insecure-requests' => '1',
  'user-agent' => 'Mozilla/5.0 (Windows NT 10.0; WOW64) AppleWebKit/537.36 (KHTML, like Gecko) Chrome/65.0.3325.181 Safari/537.36',
  'accept' => 'text/html,application/xhtml+xml,application/xml;q=0.9,image/webp,image/apng,*/*;q=0.8',
  'accept-encoding' => 'gzip, deflate',
  'accept-language' => 'zh-CN,zh;q=0.9,zh-TW;q=0.8',
)
[ info ] [ PARAM ] array (
)
[ info ] [ RUN ] app\index\controller\Index->index[ D:\Vc_PHP\Apache24\htdocs\2018\ThinkPHP\application\index\controller\Index.php ]
[ info ] [ VIEW ] D:\Vc_PHP\Apache24\htdocs\2018\ThinkPHP\public/../application/index\view\index\index.php [ array (
) ]
[ info ] [ RUN ] app\index\widget\Widgets->nav[ D:\Vc_PHP\Apache24\htdocs\2018\ThinkPHP\application\index\widget\Widgets.php ]
[ info ] [ VIEW ] D:\Vc_PHP\Apache24\htdocs\2018\ThinkPHP\public/../application/index\view\widget\nav.php [ array (
) ]
[ info ] [ RUN ] app\index\widget\Widgets->nav[ D:\Vc_PHP\Apache24\htdocs\2018\ThinkPHP\application\index\widget\Widgets.php ]
[ info ] [ VIEW ] D:\Vc_PHP\Apache24\htdocs\2018\ThinkPHP\public/../application/index\view\widget\nav.php [ array (
) ]
[ info ] [ LOG ] INIT File
---------------------------------------------------------------
[ 2018-05-21T22:02:16+08:00 ] 127.0.0.1 GET /
[ info ] www.check.com/ [运行时间：0.049409s][吞吐率：20.24req/s] [内存消耗：1,918.54kb] [文件加载：48]
[ info ] [ LANG ] D:\Vc_PHP\Apache24\htdocs\2018\ThinkPHP\thinkphp\lang\zh-cn.php
[ info ] [ ROUTE ] array (
  'type' => 'module',
  'module' => 
  array (
    0 => '',
    1 => NULL,
    2 => NULL,
  ),
)
[ info ] [ HEADER ] array (
  'host' => 'www.check.com',
  'connection' => 'keep-alive',
  'cache-control' => 'max-age=0',
  'upgrade-insecure-requests' => '1',
  'user-agent' => 'Mozilla/5.0 (Windows NT 10.0; WOW64) AppleWebKit/537.36 (KHTML, like Gecko) Chrome/65.0.3325.181 Safari/537.36',
  'accept' => 'text/html,application/xhtml+xml,application/xml;q=0.9,image/webp,image/apng,*/*;q=0.8',
  'accept-encoding' => 'gzip, deflate',
  'accept-language' => 'zh-CN,zh;q=0.9,zh-TW;q=0.8',
)
[ info ] [ PARAM ] array (
)
[ info ] [ RUN ] app\index\controller\Index->index[ D:\Vc_PHP\Apache24\htdocs\2018\ThinkPHP\application\index\controller\Index.php ]
[ info ] [ VIEW ] D:\Vc_PHP\Apache24\htdocs\2018\ThinkPHP\public/../application/index\view\index\index.php [ array (
) ]
[ info ] [ RUN ] app\index\widget\Widgets->nav[ D:\Vc_PHP\Apache24\htdocs\2018\ThinkPHP\application\index\widget\Widgets.php ]
[ info ] [ VIEW ] D:\Vc_PHP\Apache24\htdocs\2018\ThinkPHP\public/../application/index\view\widget\nav.php [ array (
) ]
[ info ] [ RUN ] app\index\widget\Widgets->nav[ D:\Vc_PHP\Apache24\htdocs\2018\ThinkPHP\application\index\widget\Widgets.php ]
[ info ] [ VIEW ] D:\Vc_PHP\Apache24\htdocs\2018\ThinkPHP\public/../application/index\view\widget\nav.php [ array (
) ]
[ info ] [ LOG ] INIT File
---------------------------------------------------------------
[ 2018-05-21T22:02:17+08:00 ] 127.0.0.1 GET /
[ info ] www.check.com/ [运行时间：0.027252s][吞吐率：36.69req/s] [内存消耗：1,760.95kb] [文件加载：46]
[ info ] [ LANG ] D:\Vc_PHP\Apache24\htdocs\2018\ThinkPHP\thinkphp\lang\zh-cn.php
[ info ] [ ROUTE ] array (
  'type' => 'module',
  'module' => 
  array (
    0 => '',
    1 => NULL,
    2 => NULL,
  ),
)
[ info ] [ HEADER ] array (
  'host' => 'www.check.com',
  'connection' => 'keep-alive',
  'cache-control' => 'max-age=0',
  'upgrade-insecure-requests' => '1',
  'user-agent' => 'Mozilla/5.0 (Windows NT 10.0; WOW64) AppleWebKit/537.36 (KHTML, like Gecko) Chrome/65.0.3325.181 Safari/537.36',
  'accept' => 'text/html,application/xhtml+xml,application/xml;q=0.9,image/webp,image/apng,*/*;q=0.8',
  'accept-encoding' => 'gzip, deflate',
  'accept-language' => 'zh-CN,zh;q=0.9,zh-TW;q=0.8',
)
[ info ] [ PARAM ] array (
)
[ info ] [ RUN ] app\index\controller\Index->index[ D:\Vc_PHP\Apache24\htdocs\2018\ThinkPHP\application\index\controller\Index.php ]
[ info ] [ VIEW ] D:\Vc_PHP\Apache24\htdocs\2018\ThinkPHP\public/../application/index\view\index\index.php [ array (
) ]
[ info ] [ RUN ] app\index\widget\Widgets->nav[ D:\Vc_PHP\Apache24\htdocs\2018\ThinkPHP\application\index\widget\Widgets.php ]
[ info ] [ VIEW ] D:\Vc_PHP\Apache24\htdocs\2018\ThinkPHP\public/../application/index\view\widget\nav.php [ array (
) ]
[ info ] [ RUN ] app\index\widget\Widgets->nav[ D:\Vc_PHP\Apache24\htdocs\2018\ThinkPHP\application\index\widget\Widgets.php ]
[ info ] [ VIEW ] D:\Vc_PHP\Apache24\htdocs\2018\ThinkPHP\public/../application/index\view\widget\nav.php [ array (
) ]
[ info ] [ LOG ] INIT File
---------------------------------------------------------------
[ 2018-05-21T22:05:28+08:00 ] 127.0.0.1 GET /
[ info ] www.check.com/ [运行时间：0.046795s][吞吐率：21.37req/s] [内存消耗：1,918.54kb] [文件加载：48]
[ info ] [ LANG ] D:\Vc_PHP\Apache24\htdocs\2018\ThinkPHP\thinkphp\lang\zh-cn.php
[ info ] [ ROUTE ] array (
  'type' => 'module',
  'module' => 
  array (
    0 => '',
    1 => NULL,
    2 => NULL,
  ),
)
[ info ] [ HEADER ] array (
  'host' => 'www.check.com',
  'connection' => 'keep-alive',
  'cache-control' => 'max-age=0',
  'upgrade-insecure-requests' => '1',
  'user-agent' => 'Mozilla/5.0 (Windows NT 10.0; WOW64) AppleWebKit/537.36 (KHTML, like Gecko) Chrome/65.0.3325.181 Safari/537.36',
  'accept' => 'text/html,application/xhtml+xml,application/xml;q=0.9,image/webp,image/apng,*/*;q=0.8',
  'accept-encoding' => 'gzip, deflate',
  'accept-language' => 'zh-CN,zh;q=0.9,zh-TW;q=0.8',
)
[ info ] [ PARAM ] array (
)
[ info ] [ RUN ] app\index\controller\Index->index[ D:\Vc_PHP\Apache24\htdocs\2018\ThinkPHP\application\index\controller\Index.php ]
[ info ] [ VIEW ] D:\Vc_PHP\Apache24\htdocs\2018\ThinkPHP\public/../application/index\view\index\index.php [ array (
) ]
[ info ] [ RUN ] app\index\widget\Widgets->nav[ D:\Vc_PHP\Apache24\htdocs\2018\ThinkPHP\application\index\widget\Widgets.php ]
[ info ] [ VIEW ] D:\Vc_PHP\Apache24\htdocs\2018\ThinkPHP\public/../application/index\view\widget\nav.php [ array (
) ]
[ info ] [ RUN ] app\index\widget\Widgets->nav[ D:\Vc_PHP\Apache24\htdocs\2018\ThinkPHP\application\index\widget\Widgets.php ]
[ info ] [ VIEW ] D:\Vc_PHP\Apache24\htdocs\2018\ThinkPHP\public/../application/index\view\widget\nav.php [ array (
) ]
[ info ] [ LOG ] INIT File
---------------------------------------------------------------
[ 2018-05-21T22:05:28+08:00 ] 127.0.0.1 GET /
[ info ] www.check.com/ [运行时间：0.024012s][吞吐率：41.65req/s] [内存消耗：1,760.95kb] [文件加载：46]
[ info ] [ LANG ] D:\Vc_PHP\Apache24\htdocs\2018\ThinkPHP\thinkphp\lang\zh-cn.php
[ info ] [ ROUTE ] array (
  'type' => 'module',
  'module' => 
  array (
    0 => '',
    1 => NULL,
    2 => NULL,
  ),
)
[ info ] [ HEADER ] array (
  'host' => 'www.check.com',
  'connection' => 'keep-alive',
  'cache-control' => 'max-age=0',
  'upgrade-insecure-requests' => '1',
  'user-agent' => 'Mozilla/5.0 (Windows NT 10.0; WOW64) AppleWebKit/537.36 (KHTML, like Gecko) Chrome/65.0.3325.181 Safari/537.36',
  'accept' => 'text/html,application/xhtml+xml,application/xml;q=0.9,image/webp,image/apng,*/*;q=0.8',
  'accept-encoding' => 'gzip, deflate',
  'accept-language' => 'zh-CN,zh;q=0.9,zh-TW;q=0.8',
)
[ info ] [ PARAM ] array (
)
[ info ] [ RUN ] app\index\controller\Index->index[ D:\Vc_PHP\Apache24\htdocs\2018\ThinkPHP\application\index\controller\Index.php ]
[ info ] [ VIEW ] D:\Vc_PHP\Apache24\htdocs\2018\ThinkPHP\public/../application/index\view\index\index.php [ array (
) ]
[ info ] [ RUN ] app\index\widget\Widgets->nav[ D:\Vc_PHP\Apache24\htdocs\2018\ThinkPHP\application\index\widget\Widgets.php ]
[ info ] [ VIEW ] D:\Vc_PHP\Apache24\htdocs\2018\ThinkPHP\public/../application/index\view\widget\nav.php [ array (
) ]
[ info ] [ RUN ] app\index\widget\Widgets->nav[ D:\Vc_PHP\Apache24\htdocs\2018\ThinkPHP\application\index\widget\Widgets.php ]
[ info ] [ VIEW ] D:\Vc_PHP\Apache24\htdocs\2018\ThinkPHP\public/../application/index\view\widget\nav.php [ array (
) ]
[ info ] [ LOG ] INIT File
---------------------------------------------------------------
[ 2018-05-21T22:05:29+08:00 ] 127.0.0.1 GET /
[ info ] www.check.com/ [运行时间：0.020597s][吞吐率：48.55req/s] [内存消耗：1,760.95kb] [文件加载：46]
[ info ] [ LANG ] D:\Vc_PHP\Apache24\htdocs\2018\ThinkPHP\thinkphp\lang\zh-cn.php
[ info ] [ ROUTE ] array (
  'type' => 'module',
  'module' => 
  array (
    0 => '',
    1 => NULL,
    2 => NULL,
  ),
)
[ info ] [ HEADER ] array (
  'host' => 'www.check.com',
  'connection' => 'keep-alive',
  'cache-control' => 'max-age=0',
  'upgrade-insecure-requests' => '1',
  'user-agent' => 'Mozilla/5.0 (Windows NT 10.0; WOW64) AppleWebKit/537.36 (KHTML, like Gecko) Chrome/65.0.3325.181 Safari/537.36',
  'accept' => 'text/html,application/xhtml+xml,application/xml;q=0.9,image/webp,image/apng,*/*;q=0.8',
  'accept-encoding' => 'gzip, deflate',
  'accept-language' => 'zh-CN,zh;q=0.9,zh-TW;q=0.8',
)
[ info ] [ PARAM ] array (
)
[ info ] [ RUN ] app\index\controller\Index->index[ D:\Vc_PHP\Apache24\htdocs\2018\ThinkPHP\application\index\controller\Index.php ]
[ info ] [ VIEW ] D:\Vc_PHP\Apache24\htdocs\2018\ThinkPHP\public/../application/index\view\index\index.php [ array (
) ]
[ info ] [ RUN ] app\index\widget\Widgets->nav[ D:\Vc_PHP\Apache24\htdocs\2018\ThinkPHP\application\index\widget\Widgets.php ]
[ info ] [ VIEW ] D:\Vc_PHP\Apache24\htdocs\2018\ThinkPHP\public/../application/index\view\widget\nav.php [ array (
) ]
[ info ] [ RUN ] app\index\widget\Widgets->nav[ D:\Vc_PHP\Apache24\htdocs\2018\ThinkPHP\application\index\widget\Widgets.php ]
[ info ] [ VIEW ] D:\Vc_PHP\Apache24\htdocs\2018\ThinkPHP\public/../application/index\view\widget\nav.php [ array (
) ]
[ info ] [ LOG ] INIT File
---------------------------------------------------------------
[ 2018-05-21T22:05:29+08:00 ] 127.0.0.1 GET /
[ info ] www.check.com/ [运行时间：0.024840s][吞吐率：40.26req/s] [内存消耗：1,760.95kb] [文件加载：46]
[ info ] [ LANG ] D:\Vc_PHP\Apache24\htdocs\2018\ThinkPHP\thinkphp\lang\zh-cn.php
[ info ] [ ROUTE ] array (
  'type' => 'module',
  'module' => 
  array (
    0 => '',
    1 => NULL,
    2 => NULL,
  ),
)
[ info ] [ HEADER ] array (
  'host' => 'www.check.com',
  'connection' => 'keep-alive',
  'cache-control' => 'max-age=0',
  'upgrade-insecure-requests' => '1',
  'user-agent' => 'Mozilla/5.0 (Windows NT 10.0; WOW64) AppleWebKit/537.36 (KHTML, like Gecko) Chrome/65.0.3325.181 Safari/537.36',
  'accept' => 'text/html,application/xhtml+xml,application/xml;q=0.9,image/webp,image/apng,*/*;q=0.8',
  'accept-encoding' => 'gzip, deflate',
  'accept-language' => 'zh-CN,zh;q=0.9,zh-TW;q=0.8',
)
[ info ] [ PARAM ] array (
)
[ info ] [ RUN ] app\index\controller\Index->index[ D:\Vc_PHP\Apache24\htdocs\2018\ThinkPHP\application\index\controller\Index.php ]
[ info ] [ VIEW ] D:\Vc_PHP\Apache24\htdocs\2018\ThinkPHP\public/../application/index\view\index\index.php [ array (
) ]
[ info ] [ RUN ] app\index\widget\Widgets->nav[ D:\Vc_PHP\Apache24\htdocs\2018\ThinkPHP\application\index\widget\Widgets.php ]
[ info ] [ VIEW ] D:\Vc_PHP\Apache24\htdocs\2018\ThinkPHP\public/../application/index\view\widget\nav.php [ array (
) ]
[ info ] [ RUN ] app\index\widget\Widgets->nav[ D:\Vc_PHP\Apache24\htdocs\2018\ThinkPHP\application\index\widget\Widgets.php ]
[ info ] [ VIEW ] D:\Vc_PHP\Apache24\htdocs\2018\ThinkPHP\public/../application/index\view\widget\nav.php [ array (
) ]
[ info ] [ LOG ] INIT File
---------------------------------------------------------------
[ 2018-05-21T22:22:00+08:00 ] 127.0.0.1 GET /
[ info ] www.check.com/ [运行时间：0.055958s][吞吐率：17.87req/s] [内存消耗：1,916.73kb] [文件加载：48]
[ info ] [ LANG ] D:\Vc_PHP\Apache24\htdocs\2018\ThinkPHP\thinkphp\lang\zh-cn.php
[ info ] [ ROUTE ] array (
  'type' => 'module',
  'module' => 
  array (
    0 => '',
    1 => NULL,
    2 => NULL,
  ),
)
[ info ] [ HEADER ] array (
  'host' => 'www.check.com',
  'connection' => 'keep-alive',
  'cache-control' => 'max-age=0',
  'upgrade-insecure-requests' => '1',
  'user-agent' => 'Mozilla/5.0 (Windows NT 10.0; WOW64) AppleWebKit/537.36 (KHTML, like Gecko) Chrome/65.0.3325.181 Safari/537.36',
  'accept' => 'text/html,application/xhtml+xml,application/xml;q=0.9,image/webp,image/apng,*/*;q=0.8',
  'accept-encoding' => 'gzip, deflate',
  'accept-language' => 'zh-CN,zh;q=0.9,zh-TW;q=0.8',
)
[ info ] [ PARAM ] array (
)
[ info ] [ RUN ] app\index\controller\Index->index[ D:\Vc_PHP\Apache24\htdocs\2018\ThinkPHP\application\index\controller\Index.php ]
[ info ] [ VIEW ] D:\Vc_PHP\Apache24\htdocs\2018\ThinkPHP\public/../application/index\view\index\index.php [ array (
) ]
[ info ] [ RUN ] app\index\widget\Widgets->nav[ D:\Vc_PHP\Apache24\htdocs\2018\ThinkPHP\application\index\widget\Widgets.php ]
[ info ] [ VIEW ] D:\Vc_PHP\Apache24\htdocs\2018\ThinkPHP\public/../application/index\view\widget\nav.php [ array (
) ]
[ info ] [ LOG ] INIT File
---------------------------------------------------------------
[ 2018-05-21T22:24:51+08:00 ] 127.0.0.1 GET /
[ info ] www.check.com/ [运行时间：0.039576s][吞吐率：25.27req/s] [内存消耗：1,916.73kb] [文件加载：48]
[ info ] [ LANG ] D:\Vc_PHP\Apache24\htdocs\2018\ThinkPHP\thinkphp\lang\zh-cn.php
[ info ] [ ROUTE ] array (
  'type' => 'module',
  'module' => 
  array (
    0 => '',
    1 => NULL,
    2 => NULL,
  ),
)
[ info ] [ HEADER ] array (
  'host' => 'www.check.com',
  'connection' => 'keep-alive',
  'cache-control' => 'max-age=0',
  'upgrade-insecure-requests' => '1',
  'user-agent' => 'Mozilla/5.0 (Windows NT 10.0; WOW64) AppleWebKit/537.36 (KHTML, like Gecko) Chrome/65.0.3325.181 Safari/537.36',
  'accept' => 'text/html,application/xhtml+xml,application/xml;q=0.9,image/webp,image/apng,*/*;q=0.8',
  'accept-encoding' => 'gzip, deflate',
  'accept-language' => 'zh-CN,zh;q=0.9,zh-TW;q=0.8',
)
[ info ] [ PARAM ] array (
)
[ info ] [ RUN ] app\index\controller\Index->index[ D:\Vc_PHP\Apache24\htdocs\2018\ThinkPHP\application\index\controller\Index.php ]
[ info ] [ VIEW ] D:\Vc_PHP\Apache24\htdocs\2018\ThinkPHP\public/../application/index\view\index\index.php [ array (
) ]
[ info ] [ RUN ] app\index\widget\Widgets->nav[ D:\Vc_PHP\Apache24\htdocs\2018\ThinkPHP\application\index\widget\Widgets.php ]
[ info ] [ VIEW ] D:\Vc_PHP\Apache24\htdocs\2018\ThinkPHP\public/../application/index\view\widget\nav.php [ array (
) ]
[ info ] [ LOG ] INIT File
---------------------------------------------------------------
[ 2018-05-21T22:24:51+08:00 ] 127.0.0.1 GET /
[ info ] www.check.com/ [运行时间：0.022672s][吞吐率：44.11req/s] [内存消耗：1,760.13kb] [文件加载：46]
[ info ] [ LANG ] D:\Vc_PHP\Apache24\htdocs\2018\ThinkPHP\thinkphp\lang\zh-cn.php
[ info ] [ ROUTE ] array (
  'type' => 'module',
  'module' => 
  array (
    0 => '',
    1 => NULL,
    2 => NULL,
  ),
)
[ info ] [ HEADER ] array (
  'host' => 'www.check.com',
  'connection' => 'keep-alive',
  'cache-control' => 'max-age=0',
  'upgrade-insecure-requests' => '1',
  'user-agent' => 'Mozilla/5.0 (Windows NT 10.0; WOW64) AppleWebKit/537.36 (KHTML, like Gecko) Chrome/65.0.3325.181 Safari/537.36',
  'accept' => 'text/html,application/xhtml+xml,application/xml;q=0.9,image/webp,image/apng,*/*;q=0.8',
  'accept-encoding' => 'gzip, deflate',
  'accept-language' => 'zh-CN,zh;q=0.9,zh-TW;q=0.8',
)
[ info ] [ PARAM ] array (
)
[ info ] [ RUN ] app\index\controller\Index->index[ D:\Vc_PHP\Apache24\htdocs\2018\ThinkPHP\application\index\controller\Index.php ]
[ info ] [ VIEW ] D:\Vc_PHP\Apache24\htdocs\2018\ThinkPHP\public/../application/index\view\index\index.php [ array (
) ]
[ info ] [ RUN ] app\index\widget\Widgets->nav[ D:\Vc_PHP\Apache24\htdocs\2018\ThinkPHP\application\index\widget\Widgets.php ]
[ info ] [ VIEW ] D:\Vc_PHP\Apache24\htdocs\2018\ThinkPHP\public/../application/index\view\widget\nav.php [ array (
) ]
[ info ] [ LOG ] INIT File
---------------------------------------------------------------
[ 2018-05-21T22:24:52+08:00 ] 127.0.0.1 GET /
[ info ] www.check.com/ [运行时间：0.021468s][吞吐率：46.58req/s] [内存消耗：1,760.13kb] [文件加载：46]
[ info ] [ LANG ] D:\Vc_PHP\Apache24\htdocs\2018\ThinkPHP\thinkphp\lang\zh-cn.php
[ info ] [ ROUTE ] array (
  'type' => 'module',
  'module' => 
  array (
    0 => '',
    1 => NULL,
    2 => NULL,
  ),
)
[ info ] [ HEADER ] array (
  'host' => 'www.check.com',
  'connection' => 'keep-alive',
  'cache-control' => 'max-age=0',
  'upgrade-insecure-requests' => '1',
  'user-agent' => 'Mozilla/5.0 (Windows NT 10.0; WOW64) AppleWebKit/537.36 (KHTML, like Gecko) Chrome/65.0.3325.181 Safari/537.36',
  'accept' => 'text/html,application/xhtml+xml,application/xml;q=0.9,image/webp,image/apng,*/*;q=0.8',
  'accept-encoding' => 'gzip, deflate',
  'accept-language' => 'zh-CN,zh;q=0.9,zh-TW;q=0.8',
)
[ info ] [ PARAM ] array (
)
[ info ] [ RUN ] app\index\controller\Index->index[ D:\Vc_PHP\Apache24\htdocs\2018\ThinkPHP\application\index\controller\Index.php ]
[ info ] [ VIEW ] D:\Vc_PHP\Apache24\htdocs\2018\ThinkPHP\public/../application/index\view\index\index.php [ array (
) ]
[ info ] [ RUN ] app\index\widget\Widgets->nav[ D:\Vc_PHP\Apache24\htdocs\2018\ThinkPHP\application\index\widget\Widgets.php ]
[ info ] [ VIEW ] D:\Vc_PHP\Apache24\htdocs\2018\ThinkPHP\public/../application/index\view\widget\nav.php [ array (
) ]
[ info ] [ LOG ] INIT File
---------------------------------------------------------------
[ 2018-05-21T22:26:05+08:00 ] 127.0.0.1 GET /
[ info ] www.check.com/ [运行时间：0.050662s][吞吐率：19.74req/s] [内存消耗：1,916.73kb] [文件加载：48]
[ info ] [ LANG ] D:\Vc_PHP\Apache24\htdocs\2018\ThinkPHP\thinkphp\lang\zh-cn.php
[ info ] [ ROUTE ] array (
  'type' => 'module',
  'module' => 
  array (
    0 => '',
    1 => NULL,
    2 => NULL,
  ),
)
[ info ] [ HEADER ] array (
  'host' => 'www.check.com',
  'connection' => 'keep-alive',
  'cache-control' => 'max-age=0',
  'upgrade-insecure-requests' => '1',
  'user-agent' => 'Mozilla/5.0 (Windows NT 10.0; WOW64) AppleWebKit/537.36 (KHTML, like Gecko) Chrome/65.0.3325.181 Safari/537.36',
  'accept' => 'text/html,application/xhtml+xml,application/xml;q=0.9,image/webp,image/apng,*/*;q=0.8',
  'accept-encoding' => 'gzip, deflate',
  'accept-language' => 'zh-CN,zh;q=0.9,zh-TW;q=0.8',
)
[ info ] [ PARAM ] array (
)
[ info ] [ RUN ] app\index\controller\Index->index[ D:\Vc_PHP\Apache24\htdocs\2018\ThinkPHP\application\index\controller\Index.php ]
[ info ] [ VIEW ] D:\Vc_PHP\Apache24\htdocs\2018\ThinkPHP\public/../application/index\view\index\index.php [ array (
) ]
[ info ] [ RUN ] app\index\widget\Widgets->nav[ D:\Vc_PHP\Apache24\htdocs\2018\ThinkPHP\application\index\widget\Widgets.php ]
[ info ] [ VIEW ] D:\Vc_PHP\Apache24\htdocs\2018\ThinkPHP\public/../application/index\view\widget\nav.php [ array (
) ]
[ info ] [ LOG ] INIT File
---------------------------------------------------------------
[ 2018-05-21T22:28:54+08:00 ] 127.0.0.1 GET /
[ info ] www.check.com/ [运行时间：0.046632s][吞吐率：21.44req/s] [内存消耗：1,760.13kb] [文件加载：46]
[ info ] [ LANG ] D:\Vc_PHP\Apache24\htdocs\2018\ThinkPHP\thinkphp\lang\zh-cn.php
[ info ] [ ROUTE ] array (
  'type' => 'module',
  'module' => 
  array (
    0 => '',
    1 => NULL,
    2 => NULL,
  ),
)
[ info ] [ HEADER ] array (
  'host' => 'www.check.com',
  'connection' => 'keep-alive',
  'cache-control' => 'max-age=0',
  'upgrade-insecure-requests' => '1',
  'user-agent' => 'Mozilla/5.0 (Windows NT 10.0; WOW64) AppleWebKit/537.36 (KHTML, like Gecko) Chrome/65.0.3325.181 Safari/537.36',
  'accept' => 'text/html,application/xhtml+xml,application/xml;q=0.9,image/webp,image/apng,*/*;q=0.8',
  'accept-encoding' => 'gzip, deflate',
  'accept-language' => 'zh-CN,zh;q=0.9,zh-TW;q=0.8',
)
[ info ] [ PARAM ] array (
)
[ info ] [ RUN ] app\index\controller\Index->index[ D:\Vc_PHP\Apache24\htdocs\2018\ThinkPHP\application\index\controller\Index.php ]
[ info ] [ VIEW ] D:\Vc_PHP\Apache24\htdocs\2018\ThinkPHP\public/../application/index\view\index\index.php [ array (
) ]
[ info ] [ RUN ] app\index\widget\Widgets->nav[ D:\Vc_PHP\Apache24\htdocs\2018\ThinkPHP\application\index\widget\Widgets.php ]
[ info ] [ VIEW ] D:\Vc_PHP\Apache24\htdocs\2018\ThinkPHP\public/../application/index\view\widget\nav.php [ array (
) ]
[ info ] [ LOG ] INIT File
---------------------------------------------------------------
[ 2018-05-21T22:28:54+08:00 ] 127.0.0.1 GET /
[ info ] www.check.com/ [运行时间：0.020029s][吞吐率：49.93req/s] [内存消耗：1,760.13kb] [文件加载：46]
[ info ] [ LANG ] D:\Vc_PHP\Apache24\htdocs\2018\ThinkPHP\thinkphp\lang\zh-cn.php
[ info ] [ ROUTE ] array (
  'type' => 'module',
  'module' => 
  array (
    0 => '',
    1 => NULL,
    2 => NULL,
  ),
)
[ info ] [ HEADER ] array (
  'host' => 'www.check.com',
  'connection' => 'keep-alive',
  'cache-control' => 'max-age=0',
  'upgrade-insecure-requests' => '1',
  'user-agent' => 'Mozilla/5.0 (Windows NT 10.0; WOW64) AppleWebKit/537.36 (KHTML, like Gecko) Chrome/65.0.3325.181 Safari/537.36',
  'accept' => 'text/html,application/xhtml+xml,application/xml;q=0.9,image/webp,image/apng,*/*;q=0.8',
  'accept-encoding' => 'gzip, deflate',
  'accept-language' => 'zh-CN,zh;q=0.9,zh-TW;q=0.8',
)
[ info ] [ PARAM ] array (
)
[ info ] [ RUN ] app\index\controller\Index->index[ D:\Vc_PHP\Apache24\htdocs\2018\ThinkPHP\application\index\controller\Index.php ]
[ info ] [ VIEW ] D:\Vc_PHP\Apache24\htdocs\2018\ThinkPHP\public/../application/index\view\index\index.php [ array (
) ]
[ info ] [ RUN ] app\index\widget\Widgets->nav[ D:\Vc_PHP\Apache24\htdocs\2018\ThinkPHP\application\index\widget\Widgets.php ]
[ info ] [ VIEW ] D:\Vc_PHP\Apache24\htdocs\2018\ThinkPHP\public/../application/index\view\widget\nav.php [ array (
) ]
[ info ] [ LOG ] INIT File
---------------------------------------------------------------
[ 2018-05-21T22:28:55+08:00 ] 127.0.0.1 GET /
[ info ] www.check.com/ [运行时间：0.023173s][吞吐率：43.15req/s] [内存消耗：1,760.13kb] [文件加载：46]
[ info ] [ LANG ] D:\Vc_PHP\Apache24\htdocs\2018\ThinkPHP\thinkphp\lang\zh-cn.php
[ info ] [ ROUTE ] array (
  'type' => 'module',
  'module' => 
  array (
    0 => '',
    1 => NULL,
    2 => NULL,
  ),
)
[ info ] [ HEADER ] array (
  'host' => 'www.check.com',
  'connection' => 'keep-alive',
  'cache-control' => 'max-age=0',
  'upgrade-insecure-requests' => '1',
  'user-agent' => 'Mozilla/5.0 (Windows NT 10.0; WOW64) AppleWebKit/537.36 (KHTML, like Gecko) Chrome/65.0.3325.181 Safari/537.36',
  'accept' => 'text/html,application/xhtml+xml,application/xml;q=0.9,image/webp,image/apng,*/*;q=0.8',
  'accept-encoding' => 'gzip, deflate',
  'accept-language' => 'zh-CN,zh;q=0.9,zh-TW;q=0.8',
)
[ info ] [ PARAM ] array (
)
[ info ] [ RUN ] app\index\controller\Index->index[ D:\Vc_PHP\Apache24\htdocs\2018\ThinkPHP\application\index\controller\Index.php ]
[ info ] [ VIEW ] D:\Vc_PHP\Apache24\htdocs\2018\ThinkPHP\public/../application/index\view\index\index.php [ array (
) ]
[ info ] [ RUN ] app\index\widget\Widgets->nav[ D:\Vc_PHP\Apache24\htdocs\2018\ThinkPHP\application\index\widget\Widgets.php ]
[ info ] [ VIEW ] D:\Vc_PHP\Apache24\htdocs\2018\ThinkPHP\public/../application/index\view\widget\nav.php [ array (
) ]
[ info ] [ LOG ] INIT File
---------------------------------------------------------------
[ 2018-05-21T22:30:25+08:00 ] 127.0.0.1 GET /
[ info ] www.check.com/ [运行时间：0.024409s][吞吐率：40.97req/s] [内存消耗：1,760.13kb] [文件加载：46]
[ info ] [ LANG ] D:\Vc_PHP\Apache24\htdocs\2018\ThinkPHP\thinkphp\lang\zh-cn.php
[ info ] [ ROUTE ] array (
  'type' => 'module',
  'module' => 
  array (
    0 => '',
    1 => NULL,
    2 => NULL,
  ),
)
[ info ] [ HEADER ] array (
  'host' => 'www.check.com',
  'connection' => 'keep-alive',
  'cache-control' => 'max-age=0',
  'upgrade-insecure-requests' => '1',
  'user-agent' => 'Mozilla/5.0 (Windows NT 10.0; WOW64) AppleWebKit/537.36 (KHTML, like Gecko) Chrome/65.0.3325.181 Safari/537.36',
  'accept' => 'text/html,application/xhtml+xml,application/xml;q=0.9,image/webp,image/apng,*/*;q=0.8',
  'accept-encoding' => 'gzip, deflate',
  'accept-language' => 'zh-CN,zh;q=0.9,zh-TW;q=0.8',
)
[ info ] [ PARAM ] array (
)
[ info ] [ RUN ] app\index\controller\Index->index[ D:\Vc_PHP\Apache24\htdocs\2018\ThinkPHP\application\index\controller\Index.php ]
[ info ] [ VIEW ] D:\Vc_PHP\Apache24\htdocs\2018\ThinkPHP\public/../application/index\view\index\index.php [ array (
) ]
[ info ] [ RUN ] app\index\widget\Widgets->nav[ D:\Vc_PHP\Apache24\htdocs\2018\ThinkPHP\application\index\widget\Widgets.php ]
[ info ] [ VIEW ] D:\Vc_PHP\Apache24\htdocs\2018\ThinkPHP\public/../application/index\view\widget\nav.php [ array (
) ]
[ info ] [ LOG ] INIT File
---------------------------------------------------------------
[ 2018-05-21T22:47:45+08:00 ] 127.0.0.1 GET /
[ info ] www.check.com/ [运行时间：0.052476s][吞吐率：19.06req/s] [内存消耗：1,951.09kb] [文件加载：51]
[ info ] [ LANG ] D:\Vc_PHP\Apache24\htdocs\2018\ThinkPHP\thinkphp\lang\zh-cn.php
[ info ] [ ROUTE ] array (
  'type' => 'module',
  'module' => 
  array (
    0 => '',
    1 => NULL,
    2 => NULL,
  ),
)
[ info ] [ HEADER ] array (
  'host' => 'www.check.com',
  'connection' => 'keep-alive',
  'cache-control' => 'max-age=0',
  'upgrade-insecure-requests' => '1',
  'user-agent' => 'Mozilla/5.0 (Windows NT 10.0; WOW64) AppleWebKit/537.36 (KHTML, like Gecko) Chrome/65.0.3325.181 Safari/537.36',
  'accept' => 'text/html,application/xhtml+xml,application/xml;q=0.9,image/webp,image/apng,*/*;q=0.8',
  'accept-encoding' => 'gzip, deflate',
  'accept-language' => 'zh-CN,zh;q=0.9,zh-TW;q=0.8',
)
[ info ] [ PARAM ] array (
)
[ info ] [ RUN ] app\index\controller\Index->index[ D:\Vc_PHP\Apache24\htdocs\2018\ThinkPHP\application\index\controller\Index.php ]
[ info ] [ VIEW ] D:\Vc_PHP\Apache24\htdocs\2018\ThinkPHP\public/../application/index\view\index\index.php [ array (
) ]
[ info ] [ RUN ] app\index\widget\Widgets->nav[ D:\Vc_PHP\Apache24\htdocs\2018\ThinkPHP\application\index\widget\Widgets.php ]
[ info ] [ VIEW ] D:\Vc_PHP\Apache24\htdocs\2018\ThinkPHP\public/../application/index\view\widget\nav.php [ array (
) ]
[ info ] [ LOG ] INIT File
[ error ] [0]类不存在:app\index\widget\\common\Widgets[D:\Vc_PHP\Apache24\htdocs\2018\ThinkPHP\thinkphp\library\think\Loader.php:470]
---------------------------------------------------------------
[ 2018-05-21T22:47:55+08:00 ] 127.0.0.1 GET /
[ info ] www.check.com/ [运行时间：0.048424s][吞吐率：20.65req/s] [内存消耗：1,951.05kb] [文件加载：51]
[ info ] [ LANG ] D:\Vc_PHP\Apache24\htdocs\2018\ThinkPHP\thinkphp\lang\zh-cn.php
[ info ] [ ROUTE ] array (
  'type' => 'module',
  'module' => 
  array (
    0 => '',
    1 => NULL,
    2 => NULL,
  ),
)
[ info ] [ HEADER ] array (
  'host' => 'www.check.com',
  'connection' => 'keep-alive',
  'cache-control' => 'max-age=0',
  'upgrade-insecure-requests' => '1',
  'user-agent' => 'Mozilla/5.0 (Windows NT 10.0; WOW64) AppleWebKit/537.36 (KHTML, like Gecko) Chrome/65.0.3325.181 Safari/537.36',
  'accept' => 'text/html,application/xhtml+xml,application/xml;q=0.9,image/webp,image/apng,*/*;q=0.8',
  'accept-encoding' => 'gzip, deflate',
  'accept-language' => 'zh-CN,zh;q=0.9,zh-TW;q=0.8',
)
[ info ] [ PARAM ] array (
)
[ info ] [ RUN ] app\index\controller\Index->index[ D:\Vc_PHP\Apache24\htdocs\2018\ThinkPHP\application\index\controller\Index.php ]
[ info ] [ VIEW ] D:\Vc_PHP\Apache24\htdocs\2018\ThinkPHP\public/../application/index\view\index\index.php [ array (
) ]
[ info ] [ RUN ] app\index\widget\Widgets->nav[ D:\Vc_PHP\Apache24\htdocs\2018\ThinkPHP\application\index\widget\Widgets.php ]
[ info ] [ VIEW ] D:\Vc_PHP\Apache24\htdocs\2018\ThinkPHP\public/../application/index\view\widget\nav.php [ array (
) ]
[ info ] [ LOG ] INIT File
[ error ] [0]类不存在:app\common\widget\Widgets[D:\Vc_PHP\Apache24\htdocs\2018\ThinkPHP\thinkphp\library\think\Loader.php:470]
---------------------------------------------------------------
[ 2018-05-21T22:47:57+08:00 ] 127.0.0.1 GET /
[ info ] www.check.com/ [运行时间：0.031788s][吞吐率：31.46req/s] [内存消耗：1,795.08kb] [文件加载：49]
[ info ] [ LANG ] D:\Vc_PHP\Apache24\htdocs\2018\ThinkPHP\thinkphp\lang\zh-cn.php
[ info ] [ ROUTE ] array (
  'type' => 'module',
  'module' => 
  array (
    0 => '',
    1 => NULL,
    2 => NULL,
  ),
)
[ info ] [ HEADER ] array (
  'host' => 'www.check.com',
  'connection' => 'keep-alive',
  'cache-control' => 'max-age=0',
  'upgrade-insecure-requests' => '1',
  'user-agent' => 'Mozilla/5.0 (Windows NT 10.0; WOW64) AppleWebKit/537.36 (KHTML, like Gecko) Chrome/65.0.3325.181 Safari/537.36',
  'accept' => 'text/html,application/xhtml+xml,application/xml;q=0.9,image/webp,image/apng,*/*;q=0.8',
  'accept-encoding' => 'gzip, deflate',
  'accept-language' => 'zh-CN,zh;q=0.9,zh-TW;q=0.8',
)
[ info ] [ PARAM ] array (
)
[ info ] [ RUN ] app\index\controller\Index->index[ D:\Vc_PHP\Apache24\htdocs\2018\ThinkPHP\application\index\controller\Index.php ]
[ info ] [ VIEW ] D:\Vc_PHP\Apache24\htdocs\2018\ThinkPHP\public/../application/index\view\index\index.php [ array (
) ]
[ info ] [ RUN ] app\index\widget\Widgets->nav[ D:\Vc_PHP\Apache24\htdocs\2018\ThinkPHP\application\index\widget\Widgets.php ]
[ info ] [ VIEW ] D:\Vc_PHP\Apache24\htdocs\2018\ThinkPHP\public/../application/index\view\widget\nav.php [ array (
) ]
[ info ] [ LOG ] INIT File
[ error ] [0]类不存在:app\common\widget\Widgets[D:\Vc_PHP\Apache24\htdocs\2018\ThinkPHP\thinkphp\library\think\Loader.php:470]
---------------------------------------------------------------
[ 2018-05-21T22:48:04+08:00 ] 127.0.0.1 GET /
[ info ] www.check.com/ [运行时间：0.050130s][吞吐率：19.95req/s] [内存消耗：1,950.68kb] [文件加载：51]
[ info ] [ LANG ] D:\Vc_PHP\Apache24\htdocs\2018\ThinkPHP\thinkphp\lang\zh-cn.php
[ info ] [ ROUTE ] array (
  'type' => 'module',
  'module' => 
  array (
    0 => '',
    1 => NULL,
    2 => NULL,
  ),
)
[ info ] [ HEADER ] array (
  'host' => 'www.check.com',
  'connection' => 'keep-alive',
  'cache-control' => 'max-age=0',
  'upgrade-insecure-requests' => '1',
  'user-agent' => 'Mozilla/5.0 (Windows NT 10.0; WOW64) AppleWebKit/537.36 (KHTML, like Gecko) Chrome/65.0.3325.181 Safari/537.36',
  'accept' => 'text/html,application/xhtml+xml,application/xml;q=0.9,image/webp,image/apng,*/*;q=0.8',
  'accept-encoding' => 'gzip, deflate',
  'accept-language' => 'zh-CN,zh;q=0.9,zh-TW;q=0.8',
)
[ info ] [ PARAM ] array (
)
[ info ] [ RUN ] app\index\controller\Index->index[ D:\Vc_PHP\Apache24\htdocs\2018\ThinkPHP\application\index\controller\Index.php ]
[ info ] [ VIEW ] D:\Vc_PHP\Apache24\htdocs\2018\ThinkPHP\public/../application/index\view\index\index.php [ array (
) ]
[ info ] [ RUN ] app\index\widget\Widgets->nav[ D:\Vc_PHP\Apache24\htdocs\2018\ThinkPHP\application\index\widget\Widgets.php ]
[ info ] [ VIEW ] D:\Vc_PHP\Apache24\htdocs\2018\ThinkPHP\public/../application/index\view\widget\nav.php [ array (
) ]
[ info ] [ LOG ] INIT File
[ error ] [0]类不存在:app\..\widget\common\Widgets[D:\Vc_PHP\Apache24\htdocs\2018\ThinkPHP\thinkphp\library\think\Loader.php:470]
---------------------------------------------------------------
[ 2018-05-21T22:48:05+08:00 ] 127.0.0.1 GET /
[ info ] www.check.com/ [运行时间：0.027266s][吞吐率：36.68req/s] [内存消耗：1,794.71kb] [文件加载：49]
[ info ] [ LANG ] D:\Vc_PHP\Apache24\htdocs\2018\ThinkPHP\thinkphp\lang\zh-cn.php
[ info ] [ ROUTE ] array (
  'type' => 'module',
  'module' => 
  array (
    0 => '',
    1 => NULL,
    2 => NULL,
  ),
)
[ info ] [ HEADER ] array (
  'host' => 'www.check.com',
  'connection' => 'keep-alive',
  'cache-control' => 'max-age=0',
  'upgrade-insecure-requests' => '1',
  'user-agent' => 'Mozilla/5.0 (Windows NT 10.0; WOW64) AppleWebKit/537.36 (KHTML, like Gecko) Chrome/65.0.3325.181 Safari/537.36',
  'accept' => 'text/html,application/xhtml+xml,application/xml;q=0.9,image/webp,image/apng,*/*;q=0.8',
  'accept-encoding' => 'gzip, deflate',
  'accept-language' => 'zh-CN,zh;q=0.9,zh-TW;q=0.8',
)
[ info ] [ PARAM ] array (
)
[ info ] [ RUN ] app\index\controller\Index->index[ D:\Vc_PHP\Apache24\htdocs\2018\ThinkPHP\application\index\controller\Index.php ]
[ info ] [ VIEW ] D:\Vc_PHP\Apache24\htdocs\2018\ThinkPHP\public/../application/index\view\index\index.php [ array (
) ]
[ info ] [ RUN ] app\index\widget\Widgets->nav[ D:\Vc_PHP\Apache24\htdocs\2018\ThinkPHP\application\index\widget\Widgets.php ]
[ info ] [ VIEW ] D:\Vc_PHP\Apache24\htdocs\2018\ThinkPHP\public/../application/index\view\widget\nav.php [ array (
) ]
[ info ] [ LOG ] INIT File
[ error ] [0]类不存在:app\..\widget\common\Widgets[D:\Vc_PHP\Apache24\htdocs\2018\ThinkPHP\thinkphp\library\think\Loader.php:470]
---------------------------------------------------------------
[ 2018-05-21T22:48:36+08:00 ] 127.0.0.1 GET /
[ info ] www.check.com/ [运行时间：0.052581s][吞吐率：19.02req/s] [内存消耗：1,950.87kb] [文件加载：51]
[ info ] [ LANG ] D:\Vc_PHP\Apache24\htdocs\2018\ThinkPHP\thinkphp\lang\zh-cn.php
[ info ] [ ROUTE ] array (
  'type' => 'module',
  'module' => 
  array (
    0 => '',
    1 => NULL,
    2 => NULL,
  ),
)
[ info ] [ HEADER ] array (
  'host' => 'www.check.com',
  'connection' => 'keep-alive',
  'cache-control' => 'max-age=0',
  'upgrade-insecure-requests' => '1',
  'user-agent' => 'Mozilla/5.0 (Windows NT 10.0; WOW64) AppleWebKit/537.36 (KHTML, like Gecko) Chrome/65.0.3325.181 Safari/537.36',
  'accept' => 'text/html,application/xhtml+xml,application/xml;q=0.9,image/webp,image/apng,*/*;q=0.8',
  'accept-encoding' => 'gzip, deflate',
  'accept-language' => 'zh-CN,zh;q=0.9,zh-TW;q=0.8',
)
[ info ] [ PARAM ] array (
)
[ info ] [ RUN ] app\index\controller\Index->index[ D:\Vc_PHP\Apache24\htdocs\2018\ThinkPHP\application\index\controller\Index.php ]
[ info ] [ VIEW ] D:\Vc_PHP\Apache24\htdocs\2018\ThinkPHP\public/../application/index\view\index\index.php [ array (
) ]
[ info ] [ RUN ] app\index\widget\Widgets->nav[ D:\Vc_PHP\Apache24\htdocs\2018\ThinkPHP\application\index\widget\Widgets.php ]
[ info ] [ VIEW ] D:\Vc_PHP\Apache24\htdocs\2018\ThinkPHP\public/../application/index\view\widget\nav.php [ array (
) ]
[ info ] [ LOG ] INIT File
[ error ] [0]类不存在:app\http:\widget\\www\check\com\common\Widgets[D:\Vc_PHP\Apache24\htdocs\2018\ThinkPHP\thinkphp\library\think\Loader.php:470]
---------------------------------------------------------------
[ 2018-05-21T22:48:37+08:00 ] 127.0.0.1 GET /
[ info ] www.check.com/ [运行时间：0.024156s][吞吐率：41.40req/s] [内存消耗：1,794.77kb] [文件加载：49]
[ info ] [ LANG ] D:\Vc_PHP\Apache24\htdocs\2018\ThinkPHP\thinkphp\lang\zh-cn.php
[ info ] [ ROUTE ] array (
  'type' => 'module',
  'module' => 
  array (
    0 => '',
    1 => NULL,
    2 => NULL,
  ),
)
[ info ] [ HEADER ] array (
  'host' => 'www.check.com',
  'connection' => 'keep-alive',
  'cache-control' => 'max-age=0',
  'upgrade-insecure-requests' => '1',
  'user-agent' => 'Mozilla/5.0 (Windows NT 10.0; WOW64) AppleWebKit/537.36 (KHTML, like Gecko) Chrome/65.0.3325.181 Safari/537.36',
  'accept' => 'text/html,application/xhtml+xml,application/xml;q=0.9,image/webp,image/apng,*/*;q=0.8',
  'accept-encoding' => 'gzip, deflate',
  'accept-language' => 'zh-CN,zh;q=0.9,zh-TW;q=0.8',
)
[ info ] [ PARAM ] array (
)
[ info ] [ RUN ] app\index\controller\Index->index[ D:\Vc_PHP\Apache24\htdocs\2018\ThinkPHP\application\index\controller\Index.php ]
[ info ] [ VIEW ] D:\Vc_PHP\Apache24\htdocs\2018\ThinkPHP\public/../application/index\view\index\index.php [ array (
) ]
[ info ] [ RUN ] app\index\widget\Widgets->nav[ D:\Vc_PHP\Apache24\htdocs\2018\ThinkPHP\application\index\widget\Widgets.php ]
[ info ] [ VIEW ] D:\Vc_PHP\Apache24\htdocs\2018\ThinkPHP\public/../application/index\view\widget\nav.php [ array (
) ]
[ info ] [ LOG ] INIT File
[ error ] [0]类不存在:app\http:\widget\\www\check\com\common\Widgets[D:\Vc_PHP\Apache24\htdocs\2018\ThinkPHP\thinkphp\library\think\Loader.php:470]
---------------------------------------------------------------
[ 2018-05-21T22:48:37+08:00 ] 127.0.0.1 GET /
[ info ] www.check.com/ [运行时间：0.023812s][吞吐率：42.00req/s] [内存消耗：1,794.77kb] [文件加载：49]
[ info ] [ LANG ] D:\Vc_PHP\Apache24\htdocs\2018\ThinkPHP\thinkphp\lang\zh-cn.php
[ info ] [ ROUTE ] array (
  'type' => 'module',
  'module' => 
  array (
    0 => '',
    1 => NULL,
    2 => NULL,
  ),
)
[ info ] [ HEADER ] array (
  'host' => 'www.check.com',
  'connection' => 'keep-alive',
  'cache-control' => 'max-age=0',
  'upgrade-insecure-requests' => '1',
  'user-agent' => 'Mozilla/5.0 (Windows NT 10.0; WOW64) AppleWebKit/537.36 (KHTML, like Gecko) Chrome/65.0.3325.181 Safari/537.36',
  'accept' => 'text/html,application/xhtml+xml,application/xml;q=0.9,image/webp,image/apng,*/*;q=0.8',
  'accept-encoding' => 'gzip, deflate',
  'accept-language' => 'zh-CN,zh;q=0.9,zh-TW;q=0.8',
)
[ info ] [ PARAM ] array (
)
[ info ] [ RUN ] app\index\controller\Index->index[ D:\Vc_PHP\Apache24\htdocs\2018\ThinkPHP\application\index\controller\Index.php ]
[ info ] [ VIEW ] D:\Vc_PHP\Apache24\htdocs\2018\ThinkPHP\public/../application/index\view\index\index.php [ array (
) ]
[ info ] [ RUN ] app\index\widget\Widgets->nav[ D:\Vc_PHP\Apache24\htdocs\2018\ThinkPHP\application\index\widget\Widgets.php ]
[ info ] [ VIEW ] D:\Vc_PHP\Apache24\htdocs\2018\ThinkPHP\public/../application/index\view\widget\nav.php [ array (
) ]
[ info ] [ LOG ] INIT File
[ error ] [0]类不存在:app\http:\widget\\www\check\com\common\Widgets[D:\Vc_PHP\Apache24\htdocs\2018\ThinkPHP\thinkphp\library\think\Loader.php:470]
---------------------------------------------------------------
[ 2018-05-21T22:48:54+08:00 ] 127.0.0.1 GET /
[ info ] www.check.com/ [运行时间：0.046826s][吞吐率：21.36req/s] [内存消耗：1,916.73kb] [文件加载：48]
[ info ] [ LANG ] D:\Vc_PHP\Apache24\htdocs\2018\ThinkPHP\thinkphp\lang\zh-cn.php
[ info ] [ ROUTE ] array (
  'type' => 'module',
  'module' => 
  array (
    0 => '',
    1 => NULL,
    2 => NULL,
  ),
)
[ info ] [ HEADER ] array (
  'host' => 'www.check.com',
  'connection' => 'keep-alive',
  'cache-control' => 'max-age=0',
  'upgrade-insecure-requests' => '1',
  'user-agent' => 'Mozilla/5.0 (Windows NT 10.0; WOW64) AppleWebKit/537.36 (KHTML, like Gecko) Chrome/65.0.3325.181 Safari/537.36',
  'accept' => 'text/html,application/xhtml+xml,application/xml;q=0.9,image/webp,image/apng,*/*;q=0.8',
  'accept-encoding' => 'gzip, deflate',
  'accept-language' => 'zh-CN,zh;q=0.9,zh-TW;q=0.8',
)
[ info ] [ PARAM ] array (
)
[ info ] [ RUN ] app\index\controller\Index->index[ D:\Vc_PHP\Apache24\htdocs\2018\ThinkPHP\application\index\controller\Index.php ]
[ info ] [ VIEW ] D:\Vc_PHP\Apache24\htdocs\2018\ThinkPHP\public/../application/index\view\index\index.php [ array (
) ]
[ info ] [ RUN ] app\index\widget\Widgets->nav[ D:\Vc_PHP\Apache24\htdocs\2018\ThinkPHP\application\index\widget\Widgets.php ]
[ info ] [ VIEW ] D:\Vc_PHP\Apache24\htdocs\2018\ThinkPHP\public/../application/index\view\widget\nav.php [ array (
) ]
[ info ] [ LOG ] INIT File
---------------------------------------------------------------
[ 2018-05-21T22:59:11+08:00 ] 127.0.0.1 GET /indexs
[ info ] www.check.com/indexs [运行时间：0.751540s][吞吐率：1.33req/s] [内存消耗：1,433.56kb] [文件加载：38]
[ info ] [ LANG ] D:\Vc_PHP\Apache24\htdocs\2018\ThinkPHP\thinkphp\lang\zh-cn.php
[ info ] [ ROUTE ] array (
  'type' => 'module',
  'module' => 
  array (
    0 => 'indexs',
    1 => NULL,
    2 => NULL,
  ),
)
[ info ] [ HEADER ] array (
  'host' => 'www.check.com',
  'connection' => 'keep-alive',
  'upgrade-insecure-requests' => '1',
  'user-agent' => 'Mozilla/5.0 (Windows NT 10.0; WOW64) AppleWebKit/537.36 (KHTML, like Gecko) Chrome/65.0.3325.181 Safari/537.36',
  'accept' => 'text/html,application/xhtml+xml,application/xml;q=0.9,image/webp,image/apng,*/*;q=0.8',
  'accept-encoding' => 'gzip, deflate',
  'accept-language' => 'zh-CN,zh;q=0.9,zh-TW;q=0.8',
)
[ info ] [ PARAM ] array (
)
[ info ] [ LOG ] INIT File
---------------------------------------------------------------
[ 2018-05-21T22:59:43+08:00 ] 127.0.0.1 GET /index/ShuLie
[ info ] www.check.com/index/ShuLie [运行时间：0.077475s][吞吐率：12.91req/s] [内存消耗：1,436.66kb] [文件加载：39]
[ info ] [ LANG ] D:\Vc_PHP\Apache24\htdocs\2018\ThinkPHP\thinkphp\lang\zh-cn.php
[ info ] [ ROUTE ] array (
  'type' => 'module',
  'module' => 
  array (
    0 => 'index',
    1 => 'ShuLie',
    2 => NULL,
  ),
)
[ info ] [ HEADER ] array (
  'host' => 'www.check.com',
  'connection' => 'keep-alive',
  'upgrade-insecure-requests' => '1',
  'user-agent' => 'Mozilla/5.0 (Windows NT 10.0; WOW64) AppleWebKit/537.36 (KHTML, like Gecko) Chrome/65.0.3325.181 Safari/537.36',
  'accept' => 'text/html,application/xhtml+xml,application/xml;q=0.9,image/webp,image/apng,*/*;q=0.8',
  'accept-encoding' => 'gzip, deflate',
  'accept-language' => 'zh-CN,zh;q=0.9,zh-TW;q=0.8',
)
[ info ] [ PARAM ] array (
)
[ info ] [ LOG ] INIT File
---------------------------------------------------------------
[ 2018-05-21T22:59:54+08:00 ] 127.0.0.1 GET /ShuLie
[ info ] www.check.com/ShuLie [运行时间：0.019994s][吞吐率：50.01req/s] [内存消耗：1,433.56kb] [文件加载：38]
[ info ] [ LANG ] D:\Vc_PHP\Apache24\htdocs\2018\ThinkPHP\thinkphp\lang\zh-cn.php
[ info ] [ ROUTE ] array (
  'type' => 'module',
  'module' => 
  array (
    0 => 'ShuLie',
    1 => NULL,
    2 => NULL,
  ),
)
[ info ] [ HEADER ] array (
  'host' => 'www.check.com',
  'connection' => 'keep-alive',
  'upgrade-insecure-requests' => '1',
  'user-agent' => 'Mozilla/5.0 (Windows NT 10.0; WOW64) AppleWebKit/537.36 (KHTML, like Gecko) Chrome/65.0.3325.181 Safari/537.36',
  'accept' => 'text/html,application/xhtml+xml,application/xml;q=0.9,image/webp,image/apng,*/*;q=0.8',
  'accept-encoding' => 'gzip, deflate',
  'accept-language' => 'zh-CN,zh;q=0.9,zh-TW;q=0.8',
)
[ info ] [ PARAM ] array (
)
[ info ] [ LOG ] INIT File
---------------------------------------------------------------
[ 2018-05-21T23:00:34+08:00 ] 127.0.0.1 GET /
[ info ] www.check.com/ [运行时间：1.161289s][吞吐率：0.86req/s] [内存消耗：1,758.88kb] [文件加载：46]
[ info ] [ LANG ] D:\Vc_PHP\Apache24\htdocs\2018\ThinkPHP\thinkphp\lang\zh-cn.php
[ info ] [ ROUTE ] array (
  'type' => 'module',
  'module' => 
  array (
    0 => '',
    1 => NULL,
    2 => NULL,
  ),
)
[ info ] [ HEADER ] array (
  'host' => 'www.check.com',
  'connection' => 'keep-alive',
  'upgrade-insecure-requests' => '1',
  'user-agent' => 'Mozilla/5.0 (Windows NT 10.0; WOW64) AppleWebKit/537.36 (KHTML, like Gecko) Chrome/65.0.3325.181 Safari/537.36',
  'accept' => 'text/html,application/xhtml+xml,application/xml;q=0.9,image/webp,image/apng,*/*;q=0.8',
  'accept-encoding' => 'gzip, deflate',
  'accept-language' => 'zh-CN,zh;q=0.9,zh-TW;q=0.8',
)
[ info ] [ PARAM ] array (
)
[ info ] [ RUN ] app\index\controller\Index->index[ D:\Vc_PHP\Apache24\htdocs\2018\ThinkPHP\application\index\controller\Index.php ]
[ info ] [ VIEW ] D:\Vc_PHP\Apache24\htdocs\2018\ThinkPHP\public/../application/index\view\index\index.php [ array (
) ]
[ info ] [ RUN ] app\index\widget\Widgets->nav[ D:\Vc_PHP\Apache24\htdocs\2018\ThinkPHP\application\index\widget\Widgets.php ]
[ info ] [ VIEW ] D:\Vc_PHP\Apache24\htdocs\2018\ThinkPHP\public/../application/index\view\widget\nav.php [ array (
) ]
[ info ] [ LOG ] INIT File
---------------------------------------------------------------
[ 2018-05-21T23:00:47+08:00 ] 127.0.0.1 GET /index/shulie
[ info ] www.check.com/index/shulie [运行时间：0.032413s][吞吐率：30.85req/s] [内存消耗：1,436.66kb] [文件加载：39]
[ info ] [ LANG ] D:\Vc_PHP\Apache24\htdocs\2018\ThinkPHP\thinkphp\lang\zh-cn.php
[ info ] [ ROUTE ] array (
  'type' => 'module',
  'module' => 
  array (
    0 => 'index',
    1 => 'shulie',
    2 => NULL,
  ),
)
[ info ] [ HEADER ] array (
  'host' => 'www.check.com',
  'connection' => 'keep-alive',
  'upgrade-insecure-requests' => '1',
  'user-agent' => 'Mozilla/5.0 (Windows NT 10.0; WOW64) AppleWebKit/537.36 (KHTML, like Gecko) Chrome/65.0.3325.181 Safari/537.36',
  'accept' => 'text/html,application/xhtml+xml,application/xml;q=0.9,image/webp,image/apng,*/*;q=0.8',
  'accept-encoding' => 'gzip, deflate',
  'accept-language' => 'zh-CN,zh;q=0.9,zh-TW;q=0.8',
)
[ info ] [ PARAM ] array (
)
[ info ] [ LOG ] INIT File
---------------------------------------------------------------
[ 2018-05-21T23:00:57+08:00 ] 127.0.0.1 GET /index/index/shulie
[ info ] www.check.com/index/index/shulie [运行时间：0.070718s][吞吐率：14.14req/s] [内存消耗：1,440.35kb] [文件加载：40]
[ info ] [ LANG ] D:\Vc_PHP\Apache24\htdocs\2018\ThinkPHP\thinkphp\lang\zh-cn.php
[ info ] [ ROUTE ] array (
  'type' => 'module',
  'module' => 
  array (
    0 => 'index',
    1 => 'index',
    2 => 'shulie',
  ),
)
[ info ] [ HEADER ] array (
  'host' => 'www.check.com',
  'connection' => 'keep-alive',
  'upgrade-insecure-requests' => '1',
  'user-agent' => 'Mozilla/5.0 (Windows NT 10.0; WOW64) AppleWebKit/537.36 (KHTML, like Gecko) Chrome/65.0.3325.181 Safari/537.36',
  'accept' => 'text/html,application/xhtml+xml,application/xml;q=0.9,image/webp,image/apng,*/*;q=0.8',
  'accept-encoding' => 'gzip, deflate',
  'accept-language' => 'zh-CN,zh;q=0.9,zh-TW;q=0.8',
)
[ info ] [ PARAM ] array (
)
[ info ] [ RUN ] app\index\controller\Index->ShuLie[ D:\Vc_PHP\Apache24\htdocs\2018\ThinkPHP\application\index\controller\Index.php ]
[ info ] [ LOG ] INIT File
[ error ] [8]Use of undefined constant a - assumed 'a'[D:\Vc_PHP\Apache24\htdocs\2018\ThinkPHP\application\index\controller\Index.php:12]
---------------------------------------------------------------
[ 2018-05-21T23:01:22+08:00 ] 127.0.0.1 GET /index/index/shulie
[ info ] www.check.com/index/index/shulie [运行时间：0.031079s][吞吐率：32.18req/s] [内存消耗：1,440.60kb] [文件加载：40]
[ info ] [ LANG ] D:\Vc_PHP\Apache24\htdocs\2018\ThinkPHP\thinkphp\lang\zh-cn.php
[ info ] [ ROUTE ] array (
  'type' => 'module',
  'module' => 
  array (
    0 => 'index',
    1 => 'index',
    2 => 'shulie',
  ),
)
[ info ] [ HEADER ] array (
  'host' => 'www.check.com',
  'connection' => 'keep-alive',
  'cache-control' => 'max-age=0',
  'upgrade-insecure-requests' => '1',
  'user-agent' => 'Mozilla/5.0 (Windows NT 10.0; WOW64) AppleWebKit/537.36 (KHTML, like Gecko) Chrome/65.0.3325.181 Safari/537.36',
  'accept' => 'text/html,application/xhtml+xml,application/xml;q=0.9,image/webp,image/apng,*/*;q=0.8',
  'accept-encoding' => 'gzip, deflate',
  'accept-language' => 'zh-CN,zh;q=0.9,zh-TW;q=0.8',
)
[ info ] [ PARAM ] array (
)
[ info ] [ RUN ] app\index\controller\Index->ShuLie[ D:\Vc_PHP\Apache24\htdocs\2018\ThinkPHP\application\index\controller\Index.php ]
[ info ] [ LOG ] INIT File
[ error ] [8]Use of undefined constant a - assumed 'a'[D:\Vc_PHP\Apache24\htdocs\2018\ThinkPHP\application\index\controller\Index.php:12]
---------------------------------------------------------------
[ 2018-05-21T23:01:23+08:00 ] 127.0.0.1 GET /index/index/shulie
[ info ] www.check.com/index/index/shulie [运行时间：0.027079s][吞吐率：36.93req/s] [内存消耗：1,440.60kb] [文件加载：40]
[ info ] [ LANG ] D:\Vc_PHP\Apache24\htdocs\2018\ThinkPHP\thinkphp\lang\zh-cn.php
[ info ] [ ROUTE ] array (
  'type' => 'module',
  'module' => 
  array (
    0 => 'index',
    1 => 'index',
    2 => 'shulie',
  ),
)
[ info ] [ HEADER ] array (
  'host' => 'www.check.com',
  'connection' => 'keep-alive',
  'cache-control' => 'max-age=0',
  'upgrade-insecure-requests' => '1',
  'user-agent' => 'Mozilla/5.0 (Windows NT 10.0; WOW64) AppleWebKit/537.36 (KHTML, like Gecko) Chrome/65.0.3325.181 Safari/537.36',
  'accept' => 'text/html,application/xhtml+xml,application/xml;q=0.9,image/webp,image/apng,*/*;q=0.8',
  'accept-encoding' => 'gzip, deflate',
  'accept-language' => 'zh-CN,zh;q=0.9,zh-TW;q=0.8',
)
[ info ] [ PARAM ] array (
)
[ info ] [ RUN ] app\index\controller\Index->ShuLie[ D:\Vc_PHP\Apache24\htdocs\2018\ThinkPHP\application\index\controller\Index.php ]
[ info ] [ LOG ] INIT File
[ error ] [8]Use of undefined constant a - assumed 'a'[D:\Vc_PHP\Apache24\htdocs\2018\ThinkPHP\application\index\controller\Index.php:12]
---------------------------------------------------------------
[ 2018-05-21T23:01:23+08:00 ] 127.0.0.1 GET /index/index/shulie
[ info ] www.check.com/index/index/shulie [运行时间：0.021940s][吞吐率：45.58req/s] [内存消耗：1,440.60kb] [文件加载：40]
[ info ] [ LANG ] D:\Vc_PHP\Apache24\htdocs\2018\ThinkPHP\thinkphp\lang\zh-cn.php
[ info ] [ ROUTE ] array (
  'type' => 'module',
  'module' => 
  array (
    0 => 'index',
    1 => 'index',
    2 => 'shulie',
  ),
)
[ info ] [ HEADER ] array (
  'host' => 'www.check.com',
  'connection' => 'keep-alive',
  'cache-control' => 'max-age=0',
  'upgrade-insecure-requests' => '1',
  'user-agent' => 'Mozilla/5.0 (Windows NT 10.0; WOW64) AppleWebKit/537.36 (KHTML, like Gecko) Chrome/65.0.3325.181 Safari/537.36',
  'accept' => 'text/html,application/xhtml+xml,application/xml;q=0.9,image/webp,image/apng,*/*;q=0.8',
  'accept-encoding' => 'gzip, deflate',
  'accept-language' => 'zh-CN,zh;q=0.9,zh-TW;q=0.8',
)
[ info ] [ PARAM ] array (
)
[ info ] [ RUN ] app\index\controller\Index->ShuLie[ D:\Vc_PHP\Apache24\htdocs\2018\ThinkPHP\application\index\controller\Index.php ]
[ info ] [ LOG ] INIT File
[ error ] [8]Use of undefined constant a - assumed 'a'[D:\Vc_PHP\Apache24\htdocs\2018\ThinkPHP\application\index\controller\Index.php:12]
---------------------------------------------------------------
[ 2018-05-21T23:01:23+08:00 ] 127.0.0.1 GET /index/index/shulie
[ info ] www.check.com/index/index/shulie [运行时间：0.021550s][吞吐率：46.40req/s] [内存消耗：1,440.60kb] [文件加载：40]
[ info ] [ LANG ] D:\Vc_PHP\Apache24\htdocs\2018\ThinkPHP\thinkphp\lang\zh-cn.php
[ info ] [ ROUTE ] array (
  'type' => 'module',
  'module' => 
  array (
    0 => 'index',
    1 => 'index',
    2 => 'shulie',
  ),
)
[ info ] [ HEADER ] array (
  'host' => 'www.check.com',
  'connection' => 'keep-alive',
  'cache-control' => 'max-age=0',
  'upgrade-insecure-requests' => '1',
  'user-agent' => 'Mozilla/5.0 (Windows NT 10.0; WOW64) AppleWebKit/537.36 (KHTML, like Gecko) Chrome/65.0.3325.181 Safari/537.36',
  'accept' => 'text/html,application/xhtml+xml,application/xml;q=0.9,image/webp,image/apng,*/*;q=0.8',
  'accept-encoding' => 'gzip, deflate',
  'accept-language' => 'zh-CN,zh;q=0.9,zh-TW;q=0.8',
)
[ info ] [ PARAM ] array (
)
[ info ] [ RUN ] app\index\controller\Index->ShuLie[ D:\Vc_PHP\Apache24\htdocs\2018\ThinkPHP\application\index\controller\Index.php ]
[ info ] [ LOG ] INIT File
[ error ] [8]Use of undefined constant a - assumed 'a'[D:\Vc_PHP\Apache24\htdocs\2018\ThinkPHP\application\index\controller\Index.php:12]
---------------------------------------------------------------
[ 2018-05-21T23:01:24+08:00 ] 127.0.0.1 GET /index/index/shulie
[ info ] www.check.com/index/index/shulie [运行时间：0.022967s][吞吐率：43.54req/s] [内存消耗：1,440.60kb] [文件加载：40]
[ info ] [ LANG ] D:\Vc_PHP\Apache24\htdocs\2018\ThinkPHP\thinkphp\lang\zh-cn.php
[ info ] [ ROUTE ] array (
  'type' => 'module',
  'module' => 
  array (
    0 => 'index',
    1 => 'index',
    2 => 'shulie',
  ),
)
[ info ] [ HEADER ] array (
  'host' => 'www.check.com',
  'connection' => 'keep-alive',
  'cache-control' => 'max-age=0',
  'upgrade-insecure-requests' => '1',
  'user-agent' => 'Mozilla/5.0 (Windows NT 10.0; WOW64) AppleWebKit/537.36 (KHTML, like Gecko) Chrome/65.0.3325.181 Safari/537.36',
  'accept' => 'text/html,application/xhtml+xml,application/xml;q=0.9,image/webp,image/apng,*/*;q=0.8',
  'accept-encoding' => 'gzip, deflate',
  'accept-language' => 'zh-CN,zh;q=0.9,zh-TW;q=0.8',
)
[ info ] [ PARAM ] array (
)
[ info ] [ RUN ] app\index\controller\Index->ShuLie[ D:\Vc_PHP\Apache24\htdocs\2018\ThinkPHP\application\index\controller\Index.php ]
[ info ] [ LOG ] INIT File
[ error ] [8]Use of undefined constant a - assumed 'a'[D:\Vc_PHP\Apache24\htdocs\2018\ThinkPHP\application\index\controller\Index.php:12]
---------------------------------------------------------------
[ 2018-05-21T23:01:40+08:00 ] 127.0.0.1 GET /index/index/shulie
[ info ] www.check.com/index/index/shulie [运行时间：0.069210s][吞吐率：14.45req/s] [内存消耗：1,399.66kb] [文件加载：36]
[ info ] [ LANG ] D:\Vc_PHP\Apache24\htdocs\2018\ThinkPHP\thinkphp\lang\zh-cn.php
[ info ] [ ROUTE ] array (
  'type' => 'module',
  'module' => 
  array (
    0 => 'index',
    1 => 'index',
    2 => 'shulie',
  ),
)
[ info ] [ HEADER ] array (
  'host' => 'www.check.com',
  'connection' => 'keep-alive',
  'cache-control' => 'max-age=0',
  'upgrade-insecure-requests' => '1',
  'user-agent' => 'Mozilla/5.0 (Windows NT 10.0; WOW64) AppleWebKit/537.36 (KHTML, like Gecko) Chrome/65.0.3325.181 Safari/537.36',
  'accept' => 'text/html,application/xhtml+xml,application/xml;q=0.9,image/webp,image/apng,*/*;q=0.8',
  'accept-encoding' => 'gzip, deflate',
  'accept-language' => 'zh-CN,zh;q=0.9,zh-TW;q=0.8',
)
[ info ] [ PARAM ] array (
)
[ info ] [ RUN ] app\index\controller\Index->ShuLie[ D:\Vc_PHP\Apache24\htdocs\2018\ThinkPHP\application\index\controller\Index.php ]
[ info ] [ LOG ] INIT File
---------------------------------------------------------------
[ 2018-05-21T23:01:41+08:00 ] 127.0.0.1 GET /index/index/shulie
[ info ] www.check.com/index/index/shulie [运行时间：0.020506s][吞吐率：48.77req/s] [内存消耗：1,399.66kb] [文件加载：36]
[ info ] [ LANG ] D:\Vc_PHP\Apache24\htdocs\2018\ThinkPHP\thinkphp\lang\zh-cn.php
[ info ] [ ROUTE ] array (
  'type' => 'module',
  'module' => 
  array (
    0 => 'index',
    1 => 'index',
    2 => 'shulie',
  ),
)
[ info ] [ HEADER ] array (
  'host' => 'www.check.com',
  'connection' => 'keep-alive',
  'cache-control' => 'max-age=0',
  'upgrade-insecure-requests' => '1',
  'user-agent' => 'Mozilla/5.0 (Windows NT 10.0; WOW64) AppleWebKit/537.36 (KHTML, like Gecko) Chrome/65.0.3325.181 Safari/537.36',
  'accept' => 'text/html,application/xhtml+xml,application/xml;q=0.9,image/webp,image/apng,*/*;q=0.8',
  'accept-encoding' => 'gzip, deflate',
  'accept-language' => 'zh-CN,zh;q=0.9,zh-TW;q=0.8',
)
[ info ] [ PARAM ] array (
)
[ info ] [ RUN ] app\index\controller\Index->ShuLie[ D:\Vc_PHP\Apache24\htdocs\2018\ThinkPHP\application\index\controller\Index.php ]
[ info ] [ LOG ] INIT File
