---------------------------------------------------------------
[ 2018-07-20T00:03:45+08:00 ] 127.0.0.1 GET /wpad.dat
[ info ] wpad.com/wpad.dat [运行时间：0.024815s][吞吐率：40.30req/s] [内存消耗：1,720.08kb] [文件加载：38]
[ info ] [ LANG ] D:\Vc_PHP\Apache24\htdocs\2018\WorkManagement\shop\thinkphp\lang\zh-cn.php
[ info ] [ ROUTE ] array (
  'type' => 'module',
  'module' => 
  array (
    0 => 'wpad.dat',
    1 => NULL,
    2 => NULL,
  ),
)
[ info ] [ HEADER ] array (
  'connection' => 'Keep-Alive',
  'accept' => '*/*',
  'user-agent' => 'WinHttp-Autoproxy-Service/5.1',
  'host' => 'wpad.com',
)
[ info ] [ PARAM ] array (
)
[ info ] [ LOG ] INIT File
---------------------------------------------------------------
[ 2018-07-20T00:13:45+08:00 ] 127.0.0.1 GET /wpad.dat
[ info ] wpad.com/wpad.dat [运行时间：0.023110s][吞吐率：43.27req/s] [内存消耗：1,720.08kb] [文件加载：38]
[ info ] [ LANG ] D:\Vc_PHP\Apache24\htdocs\2018\WorkManagement\shop\thinkphp\lang\zh-cn.php
[ info ] [ ROUTE ] array (
  'type' => 'module',
  'module' => 
  array (
    0 => 'wpad.dat',
    1 => NULL,
    2 => NULL,
  ),
)
[ info ] [ HEADER ] array (
  'connection' => 'Keep-Alive',
  'accept' => '*/*',
  'user-agent' => 'WinHttp-Autoproxy-Service/5.1',
  'host' => 'wpad.com',
)
[ info ] [ PARAM ] array (
)
[ info ] [ LOG ] INIT File
---------------------------------------------------------------
[ 2018-07-20T00:23:45+08:00 ] 127.0.0.1 GET /wpad.dat
[ info ] wpad.com/wpad.dat [运行时间：0.029482s][吞吐率：33.92req/s] [内存消耗：1,720.08kb] [文件加载：38]
[ info ] [ LANG ] D:\Vc_PHP\Apache24\htdocs\2018\WorkManagement\shop\thinkphp\lang\zh-cn.php
[ info ] [ ROUTE ] array (
  'type' => 'module',
  'module' => 
  array (
    0 => 'wpad.dat',
    1 => NULL,
    2 => NULL,
  ),
)
[ info ] [ HEADER ] array (
  'connection' => 'Keep-Alive',
  'accept' => '*/*',
  'user-agent' => 'WinHttp-Autoproxy-Service/5.1',
  'host' => 'wpad.com',
)
[ info ] [ PARAM ] array (
)
[ info ] [ LOG ] INIT File
---------------------------------------------------------------
[ 2018-07-20T00:33:45+08:00 ] 127.0.0.1 GET /wpad.dat
[ info ] wpad.com/wpad.dat [运行时间：0.020788s][吞吐率：48.10req/s] [内存消耗：1,720.08kb] [文件加载：38]
[ info ] [ LANG ] D:\Vc_PHP\Apache24\htdocs\2018\WorkManagement\shop\thinkphp\lang\zh-cn.php
[ info ] [ ROUTE ] array (
  'type' => 'module',
  'module' => 
  array (
    0 => 'wpad.dat',
    1 => NULL,
    2 => NULL,
  ),
)
[ info ] [ HEADER ] array (
  'connection' => 'Keep-Alive',
  'accept' => '*/*',
  'user-agent' => 'WinHttp-Autoproxy-Service/5.1',
  'host' => 'wpad.com',
)
[ info ] [ PARAM ] array (
)
[ info ] [ LOG ] INIT File
---------------------------------------------------------------
[ 2018-07-20T00:43:45+08:00 ] 127.0.0.1 GET /wpad.dat
[ info ] wpad.com/wpad.dat [运行时间：0.022083s][吞吐率：45.28req/s] [内存消耗：1,720.08kb] [文件加载：38]
[ info ] [ LANG ] D:\Vc_PHP\Apache24\htdocs\2018\WorkManagement\shop\thinkphp\lang\zh-cn.php
[ info ] [ ROUTE ] array (
  'type' => 'module',
  'module' => 
  array (
    0 => 'wpad.dat',
    1 => NULL,
    2 => NULL,
  ),
)
[ info ] [ HEADER ] array (
  'connection' => 'Keep-Alive',
  'accept' => '*/*',
  'user-agent' => 'WinHttp-Autoproxy-Service/5.1',
  'host' => 'wpad.com',
)
[ info ] [ PARAM ] array (
)
[ info ] [ LOG ] INIT File
---------------------------------------------------------------
[ 2018-07-20T00:53:45+08:00 ] 127.0.0.1 GET /wpad.dat
[ info ] wpad.com/wpad.dat [运行时间：0.022565s][吞吐率：44.32req/s] [内存消耗：1,720.08kb] [文件加载：38]
[ info ] [ LANG ] D:\Vc_PHP\Apache24\htdocs\2018\WorkManagement\shop\thinkphp\lang\zh-cn.php
[ info ] [ ROUTE ] array (
  'type' => 'module',
  'module' => 
  array (
    0 => 'wpad.dat',
    1 => NULL,
    2 => NULL,
  ),
)
[ info ] [ HEADER ] array (
  'connection' => 'Keep-Alive',
  'accept' => '*/*',
  'user-agent' => 'WinHttp-Autoproxy-Service/5.1',
  'host' => 'wpad.com',
)
[ info ] [ PARAM ] array (
)
[ info ] [ LOG ] INIT File
---------------------------------------------------------------
[ 2018-07-20T01:03:45+08:00 ] 127.0.0.1 GET /wpad.dat
[ info ] wpad.com/wpad.dat [运行时间：0.024060s][吞吐率：41.56req/s] [内存消耗：1,720.08kb] [文件加载：38]
[ info ] [ LANG ] D:\Vc_PHP\Apache24\htdocs\2018\WorkManagement\shop\thinkphp\lang\zh-cn.php
[ info ] [ ROUTE ] array (
  'type' => 'module',
  'module' => 
  array (
    0 => 'wpad.dat',
    1 => NULL,
    2 => NULL,
  ),
)
[ info ] [ HEADER ] array (
  'connection' => 'Keep-Alive',
  'accept' => '*/*',
  'user-agent' => 'WinHttp-Autoproxy-Service/5.1',
  'host' => 'wpad.com',
)
[ info ] [ PARAM ] array (
)
[ info ] [ LOG ] INIT File
---------------------------------------------------------------
[ 2018-07-20T01:13:45+08:00 ] 127.0.0.1 GET /wpad.dat
[ info ] wpad.com/wpad.dat [运行时间：0.021557s][吞吐率：46.39req/s] [内存消耗：1,720.08kb] [文件加载：38]
[ info ] [ LANG ] D:\Vc_PHP\Apache24\htdocs\2018\WorkManagement\shop\thinkphp\lang\zh-cn.php
[ info ] [ ROUTE ] array (
  'type' => 'module',
  'module' => 
  array (
    0 => 'wpad.dat',
    1 => NULL,
    2 => NULL,
  ),
)
[ info ] [ HEADER ] array (
  'connection' => 'Keep-Alive',
  'accept' => '*/*',
  'user-agent' => 'WinHttp-Autoproxy-Service/5.1',
  'host' => 'wpad.com',
)
[ info ] [ PARAM ] array (
)
[ info ] [ LOG ] INIT File
---------------------------------------------------------------
[ 2018-07-20T01:23:45+08:00 ] 127.0.0.1 GET /wpad.dat
[ info ] wpad.com/wpad.dat [运行时间：0.023331s][吞吐率：42.86req/s] [内存消耗：1,720.08kb] [文件加载：38]
[ info ] [ LANG ] D:\Vc_PHP\Apache24\htdocs\2018\WorkManagement\shop\thinkphp\lang\zh-cn.php
[ info ] [ ROUTE ] array (
  'type' => 'module',
  'module' => 
  array (
    0 => 'wpad.dat',
    1 => NULL,
    2 => NULL,
  ),
)
[ info ] [ HEADER ] array (
  'connection' => 'Keep-Alive',
  'accept' => '*/*',
  'user-agent' => 'WinHttp-Autoproxy-Service/5.1',
  'host' => 'wpad.com',
)
[ info ] [ PARAM ] array (
)
[ info ] [ LOG ] INIT File
---------------------------------------------------------------
[ 2018-07-20T01:33:45+08:00 ] 127.0.0.1 GET /wpad.dat
[ info ] wpad.com/wpad.dat [运行时间：0.021898s][吞吐率：45.67req/s] [内存消耗：1,720.08kb] [文件加载：38]
[ info ] [ LANG ] D:\Vc_PHP\Apache24\htdocs\2018\WorkManagement\shop\thinkphp\lang\zh-cn.php
[ info ] [ ROUTE ] array (
  'type' => 'module',
  'module' => 
  array (
    0 => 'wpad.dat',
    1 => NULL,
    2 => NULL,
  ),
)
[ info ] [ HEADER ] array (
  'connection' => 'Keep-Alive',
  'accept' => '*/*',
  'user-agent' => 'WinHttp-Autoproxy-Service/5.1',
  'host' => 'wpad.com',
)
[ info ] [ PARAM ] array (
)
[ info ] [ LOG ] INIT File
---------------------------------------------------------------
[ 2018-07-20T01:43:45+08:00 ] 127.0.0.1 GET /wpad.dat
[ info ] wpad.com/wpad.dat [运行时间：0.023562s][吞吐率：42.44req/s] [内存消耗：1,720.08kb] [文件加载：38]
[ info ] [ LANG ] D:\Vc_PHP\Apache24\htdocs\2018\WorkManagement\shop\thinkphp\lang\zh-cn.php
[ info ] [ ROUTE ] array (
  'type' => 'module',
  'module' => 
  array (
    0 => 'wpad.dat',
    1 => NULL,
    2 => NULL,
  ),
)
[ info ] [ HEADER ] array (
  'connection' => 'Keep-Alive',
  'accept' => '*/*',
  'user-agent' => 'WinHttp-Autoproxy-Service/5.1',
  'host' => 'wpad.com',
)
[ info ] [ PARAM ] array (
)
[ info ] [ LOG ] INIT File
---------------------------------------------------------------
[ 2018-07-20T01:53:45+08:00 ] 127.0.0.1 GET /wpad.dat
[ info ] wpad.com/wpad.dat [运行时间：0.022847s][吞吐率：43.77req/s] [内存消耗：1,720.08kb] [文件加载：38]
[ info ] [ LANG ] D:\Vc_PHP\Apache24\htdocs\2018\WorkManagement\shop\thinkphp\lang\zh-cn.php
[ info ] [ ROUTE ] array (
  'type' => 'module',
  'module' => 
  array (
    0 => 'wpad.dat',
    1 => NULL,
    2 => NULL,
  ),
)
[ info ] [ HEADER ] array (
  'connection' => 'Keep-Alive',
  'accept' => '*/*',
  'user-agent' => 'WinHttp-Autoproxy-Service/5.1',
  'host' => 'wpad.com',
)
[ info ] [ PARAM ] array (
)
[ info ] [ LOG ] INIT File
---------------------------------------------------------------
[ 2018-07-20T02:03:45+08:00 ] 127.0.0.1 GET /wpad.dat
[ info ] wpad.com/wpad.dat [运行时间：0.027151s][吞吐率：36.83req/s] [内存消耗：1,720.08kb] [文件加载：38]
[ info ] [ LANG ] D:\Vc_PHP\Apache24\htdocs\2018\WorkManagement\shop\thinkphp\lang\zh-cn.php
[ info ] [ ROUTE ] array (
  'type' => 'module',
  'module' => 
  array (
    0 => 'wpad.dat',
    1 => NULL,
    2 => NULL,
  ),
)
[ info ] [ HEADER ] array (
  'connection' => 'Keep-Alive',
  'accept' => '*/*',
  'user-agent' => 'WinHttp-Autoproxy-Service/5.1',
  'host' => 'wpad.com',
)
[ info ] [ PARAM ] array (
)
[ info ] [ LOG ] INIT File
---------------------------------------------------------------
[ 2018-07-20T02:13:45+08:00 ] 127.0.0.1 GET /wpad.dat
[ info ] wpad.com/wpad.dat [运行时间：0.034161s][吞吐率：29.27req/s] [内存消耗：1,720.08kb] [文件加载：38]
[ info ] [ LANG ] D:\Vc_PHP\Apache24\htdocs\2018\WorkManagement\shop\thinkphp\lang\zh-cn.php
[ info ] [ ROUTE ] array (
  'type' => 'module',
  'module' => 
  array (
    0 => 'wpad.dat',
    1 => NULL,
    2 => NULL,
  ),
)
[ info ] [ HEADER ] array (
  'connection' => 'Keep-Alive',
  'accept' => '*/*',
  'user-agent' => 'WinHttp-Autoproxy-Service/5.1',
  'host' => 'wpad.com',
)
[ info ] [ PARAM ] array (
)
[ info ] [ LOG ] INIT File
---------------------------------------------------------------
[ 2018-07-20T02:23:45+08:00 ] 127.0.0.1 GET /wpad.dat
[ info ] wpad.com/wpad.dat [运行时间：0.036931s][吞吐率：27.08req/s] [内存消耗：1,720.08kb] [文件加载：38]
[ info ] [ LANG ] D:\Vc_PHP\Apache24\htdocs\2018\WorkManagement\shop\thinkphp\lang\zh-cn.php
[ info ] [ ROUTE ] array (
  'type' => 'module',
  'module' => 
  array (
    0 => 'wpad.dat',
    1 => NULL,
    2 => NULL,
  ),
)
[ info ] [ HEADER ] array (
  'connection' => 'Keep-Alive',
  'accept' => '*/*',
  'user-agent' => 'WinHttp-Autoproxy-Service/5.1',
  'host' => 'wpad.com',
)
[ info ] [ PARAM ] array (
)
[ info ] [ LOG ] INIT File
---------------------------------------------------------------
[ 2018-07-20T02:33:45+08:00 ] 127.0.0.1 GET /wpad.dat
[ info ] wpad.com/wpad.dat [运行时间：0.023062s][吞吐率：43.36req/s] [内存消耗：1,720.08kb] [文件加载：38]
[ info ] [ LANG ] D:\Vc_PHP\Apache24\htdocs\2018\WorkManagement\shop\thinkphp\lang\zh-cn.php
[ info ] [ ROUTE ] array (
  'type' => 'module',
  'module' => 
  array (
    0 => 'wpad.dat',
    1 => NULL,
    2 => NULL,
  ),
)
[ info ] [ HEADER ] array (
  'connection' => 'Keep-Alive',
  'accept' => '*/*',
  'user-agent' => 'WinHttp-Autoproxy-Service/5.1',
  'host' => 'wpad.com',
)
[ info ] [ PARAM ] array (
)
[ info ] [ LOG ] INIT File
---------------------------------------------------------------
[ 2018-07-20T02:43:46+08:00 ] 127.0.0.1 GET /wpad.dat
[ info ] wpad.com/wpad.dat [运行时间：0.027621s][吞吐率：36.20req/s] [内存消耗：1,720.08kb] [文件加载：38]
[ info ] [ LANG ] D:\Vc_PHP\Apache24\htdocs\2018\WorkManagement\shop\thinkphp\lang\zh-cn.php
[ info ] [ ROUTE ] array (
  'type' => 'module',
  'module' => 
  array (
    0 => 'wpad.dat',
    1 => NULL,
    2 => NULL,
  ),
)
[ info ] [ HEADER ] array (
  'connection' => 'Keep-Alive',
  'accept' => '*/*',
  'user-agent' => 'WinHttp-Autoproxy-Service/5.1',
  'host' => 'wpad.com',
)
[ info ] [ PARAM ] array (
)
[ info ] [ LOG ] INIT File
---------------------------------------------------------------
[ 2018-07-20T02:53:46+08:00 ] 127.0.0.1 GET /wpad.dat
[ info ] wpad.com/wpad.dat [运行时间：0.023224s][吞吐率：43.06req/s] [内存消耗：1,720.08kb] [文件加载：38]
[ info ] [ LANG ] D:\Vc_PHP\Apache24\htdocs\2018\WorkManagement\shop\thinkphp\lang\zh-cn.php
[ info ] [ ROUTE ] array (
  'type' => 'module',
  'module' => 
  array (
    0 => 'wpad.dat',
    1 => NULL,
    2 => NULL,
  ),
)
[ info ] [ HEADER ] array (
  'connection' => 'Keep-Alive',
  'accept' => '*/*',
  'user-agent' => 'WinHttp-Autoproxy-Service/5.1',
  'host' => 'wpad.com',
)
[ info ] [ PARAM ] array (
)
[ info ] [ LOG ] INIT File
---------------------------------------------------------------
[ 2018-07-20T03:03:46+08:00 ] 127.0.0.1 GET /wpad.dat
[ info ] wpad.com/wpad.dat [运行时间：0.026440s][吞吐率：37.82req/s] [内存消耗：1,720.08kb] [文件加载：38]
[ info ] [ LANG ] D:\Vc_PHP\Apache24\htdocs\2018\WorkManagement\shop\thinkphp\lang\zh-cn.php
[ info ] [ ROUTE ] array (
  'type' => 'module',
  'module' => 
  array (
    0 => 'wpad.dat',
    1 => NULL,
    2 => NULL,
  ),
)
[ info ] [ HEADER ] array (
  'connection' => 'Keep-Alive',
  'accept' => '*/*',
  'user-agent' => 'WinHttp-Autoproxy-Service/5.1',
  'host' => 'wpad.com',
)
[ info ] [ PARAM ] array (
)
[ info ] [ LOG ] INIT File
---------------------------------------------------------------
[ 2018-07-20T03:07:34+08:00 ] 127.0.0.1 GET /wpad.dat
[ info ] wpad.com/wpad.dat [运行时间：0.030076s][吞吐率：33.25req/s] [内存消耗：1,720.08kb] [文件加载：38]
[ info ] [ LANG ] D:\Vc_PHP\Apache24\htdocs\2018\WorkManagement\shop\thinkphp\lang\zh-cn.php
[ info ] [ ROUTE ] array (
  'type' => 'module',
  'module' => 
  array (
    0 => 'wpad.dat',
    1 => NULL,
    2 => NULL,
  ),
)
[ info ] [ HEADER ] array (
  'connection' => 'Keep-Alive',
  'accept' => '*/*',
  'user-agent' => 'WinHttp-Autoproxy-Service/5.1',
  'host' => 'wpad.com',
)
[ info ] [ PARAM ] array (
)
[ info ] [ LOG ] INIT File
---------------------------------------------------------------
[ 2018-07-20T03:07:49+08:00 ] 127.0.0.1 GET /wpad.dat
[ info ] wpad.com/wpad.dat [运行时间：0.038304s][吞吐率：26.11req/s] [内存消耗：1,720.08kb] [文件加载：38]
[ info ] [ LANG ] D:\Vc_PHP\Apache24\htdocs\2018\WorkManagement\shop\thinkphp\lang\zh-cn.php
[ info ] [ ROUTE ] array (
  'type' => 'module',
  'module' => 
  array (
    0 => 'wpad.dat',
    1 => NULL,
    2 => NULL,
  ),
)
[ info ] [ HEADER ] array (
  'connection' => 'Keep-Alive',
  'accept' => '*/*',
  'user-agent' => 'WinHttp-Autoproxy-Service/5.1',
  'host' => 'wpad.com',
)
[ info ] [ PARAM ] array (
)
[ info ] [ LOG ] INIT File
---------------------------------------------------------------
[ 2018-07-20T03:08:49+08:00 ] 127.0.0.1 GET /wpad.dat
[ info ] wpad.com/wpad.dat [运行时间：0.024926s][吞吐率：40.12req/s] [内存消耗：1,720.08kb] [文件加载：38]
[ info ] [ LANG ] D:\Vc_PHP\Apache24\htdocs\2018\WorkManagement\shop\thinkphp\lang\zh-cn.php
[ info ] [ ROUTE ] array (
  'type' => 'module',
  'module' => 
  array (
    0 => 'wpad.dat',
    1 => NULL,
    2 => NULL,
  ),
)
[ info ] [ HEADER ] array (
  'connection' => 'Keep-Alive',
  'accept' => '*/*',
  'user-agent' => 'WinHttp-Autoproxy-Service/5.1',
  'host' => 'wpad.com',
)
[ info ] [ PARAM ] array (
)
[ info ] [ LOG ] INIT File
---------------------------------------------------------------
[ 2018-07-20T09:12:52+08:00 ] 127.0.0.1 GET /index/teachers/course
[ info ] www.tpwork.com/index/teachers/course [运行时间：0.485665s][吞吐率：2.06req/s] [内存消耗：3,733.13kb] [文件加载：58]
[ info ] [ LANG ] D:\Vc_PHP\Apache24\htdocs\2018\WorkManagement\shop\thinkphp\lang\zh-cn.php
[ info ] [ ROUTE ] array (
  'type' => 'module',
  'module' => 
  array (
    0 => 'index',
    1 => 'teachers',
    2 => 'course',
  ),
)
[ info ] [ HEADER ] array (
  'host' => 'www.tpwork.com',
  'connection' => 'keep-alive',
  'upgrade-insecure-requests' => '1',
  'user-agent' => 'Mozilla/5.0 (Windows NT 10.0; Win64; x64) AppleWebKit/537.36 (KHTML, like Gecko) Chrome/67.0.3396.99 Safari/537.36',
  'accept' => 'text/html,application/xhtml+xml,application/xml;q=0.9,image/webp,image/apng,*/*;q=0.8',
  'referer' => 'http://www.tpwork.com/index/teachers',
  'accept-encoding' => 'gzip, deflate',
  'accept-language' => 'zh-CN,zh;q=0.9,zh-TW;q=0.8',
  'cookie' => 'PHPSESSID=096k87ja6qedbctffruhq24lo7',
)
[ info ] [ PARAM ] array (
)
[ info ] [ SESSION ] INIT array (
  'id' => '',
  'var_session_id' => '',
  'prefix' => 'think',
  'type' => '',
  'auto_start' => true,
)
[ info ] [ DB ] INIT mysql
[ info ] [ RUN ] app\index\controller\Teachers->Course[ D:\Vc_PHP\Apache24\htdocs\2018\WorkManagement\shop\application\index\controller\Teachers.php ]
[ info ] [ VIEW ] D:\Vc_PHP\Apache24\htdocs\2018\WorkManagement\shop\public/../application/index\view\teachers\course.html [ array (
  0 => 'data',
  1 => 'page',
) ]
[ info ] [ RUN ] app\index\widget\Widgets->Teachers[ D:\Vc_PHP\Apache24\htdocs\2018\WorkManagement\shop\application\index\widget\Widgets.php ]
[ info ] [ VIEW ] D:\Vc_PHP\Apache24\htdocs\2018\WorkManagement\shop\public/../application/index\view\widgets\teachers.html [ array (
  0 => 'data',
  1 => 'page',
) ]
[ info ] [ LOG ] INIT File
[ sql ] [ DB ] CONNECT:[ UseTime:0.001124s ] mysql:host=127.0.0.1;port=3306;dbname=workmsg;charset=utf8
[ sql ] [ SQL ] SHOW COLUMNS FROM `teachers` [ RunTime:0.026004s ]
[ sql ] [ SQL ] SELECT * FROM `teachers` WHERE  `number` = '123456789'  AND `pass` = '82b670deb0331979dceb2ce8c797c4e6' [ RunTime:0.000564s ]
[ sql ] [ SQL ] SELECT * FROM `teachers` WHERE  `number` = '123456789'  AND `state` = 0  AND `department_id` <> 0 [ RunTime:0.000628s ]
[ sql ] [ SQL ] SELECT `Id` FROM `teachers` WHERE  `number` = '123456789'  AND `pass` = '82b670deb0331979dceb2ce8c797c4e6' [ RunTime:0.000717s ]
[ sql ] [ SQL ] SHOW COLUMNS FROM `course` [ RunTime:0.024240s ]
[ sql ] [ SQL ] SELECT COUNT(*) AS tp_count FROM `course` `a`,`vc_class` `s` WHERE  (  a.class_id=s.id and a.teachers_id=16 ) LIMIT 1 [ RunTime:0.000601s ]
[ sql ] [ SQL ] SELECT `a`.`Id`,s.name as class_name,`a`.`img_url`,`s`.`grade`,`s`.`sequence`,a.name as course_name FROM `course` `a`,`vc_class` `s` WHERE  (  a.class_id=s.id and a.teachers_id=16 ) ORDER BY `a`.`Id`  asc LIMIT 0,11 [ RunTime:0.000550s ]
[ sql ] [ SQL ] SELECT `name`,`number`,`department_id`,`state` FROM `teachers` WHERE  `number` = '123456789'  AND `pass` = '82b670deb0331979dceb2ce8c797c4e6' [ RunTime:0.000400s ]
---------------------------------------------------------------
[ 2018-07-20T09:12:52+08:00 ] 127.0.0.1 GET /static/bootstrap4.0/popper.min.js.map
[ info ] www.tpwork.com/static/bootstrap4.0/popper.min.js.map [运行时间：0.018960s][吞吐率：52.74req/s] [内存消耗：1,721.34kb] [文件加载：38]
[ info ] [ LANG ] D:\Vc_PHP\Apache24\htdocs\2018\WorkManagement\shop\thinkphp\lang\zh-cn.php
[ info ] [ ROUTE ] array (
  'type' => 'module',
  'module' => 
  array (
    0 => 'static',
    1 => 'bootstrap4.0',
    2 => 'popper.min.js.map',
  ),
)
[ info ] [ HEADER ] array (
  'host' => 'www.tpwork.com',
  'connection' => 'keep-alive',
  'user-agent' => 'Mozilla/5.0 (Windows NT 10.0; Win64; x64) AppleWebKit/537.36 (KHTML, like Gecko) Chrome/67.0.3396.99 Safari/537.36',
  'accept-encoding' => 'gzip, deflate',
  'accept-language' => 'zh-CN,zh;q=0.9,zh-TW;q=0.8',
  'cookie' => 'PHPSESSID=096k87ja6qedbctffruhq24lo7',
)
[ info ] [ PARAM ] array (
)
[ info ] [ LOG ] INIT File
---------------------------------------------------------------
[ 2018-07-20T09:16:40+08:00 ] 127.0.0.1 GET /index/teachers/courseDetails?id=6&key=Javascript
[ info ] www.tpwork.com/index/teachers/courseDetails?id=6&key=Javascript [运行时间：1.080184s][吞吐率：0.93req/s] [内存消耗：3,762.63kb] [文件加载：60]
[ info ] [ LANG ] D:\Vc_PHP\Apache24\htdocs\2018\WorkManagement\shop\thinkphp\lang\zh-cn.php
[ info ] [ ROUTE ] array (
  'type' => 'module',
  'module' => 
  array (
    0 => 'index',
    1 => 'teachers',
    2 => 'courseDetails',
  ),
)
[ info ] [ HEADER ] array (
  'host' => 'www.tpwork.com',
  'connection' => 'keep-alive',
  'upgrade-insecure-requests' => '1',
  'user-agent' => 'Mozilla/5.0 (Windows NT 10.0; Win64; x64) AppleWebKit/537.36 (KHTML, like Gecko) Chrome/67.0.3396.99 Safari/537.36',
  'accept' => 'text/html,application/xhtml+xml,application/xml;q=0.9,image/webp,image/apng,*/*;q=0.8',
  'referer' => 'http://www.tpwork.com/index/teachers/course',
  'accept-encoding' => 'gzip, deflate',
  'accept-language' => 'zh-CN,zh;q=0.9,zh-TW;q=0.8',
  'cookie' => 'PHPSESSID=096k87ja6qedbctffruhq24lo7',
)
[ info ] [ PARAM ] array (
  'id' => '6',
  'key' => 'Javascript',
)
[ info ] [ SESSION ] INIT array (
  'id' => '',
  'var_session_id' => '',
  'prefix' => 'think',
  'type' => '',
  'auto_start' => true,
)
[ info ] [ DB ] INIT mysql
[ info ] [ RUN ] app\index\controller\Teachers->CourseDetails[ D:\Vc_PHP\Apache24\htdocs\2018\WorkManagement\shop\application\index\controller\Teachers.php ]
[ info ] [ VIEW ] D:\Vc_PHP\Apache24\htdocs\2018\WorkManagement\shop\public/../application/index\view\teachers\coursedetails.html [ array (
  0 => 'data',
  1 => 'page',
  2 => 'course',
) ]
[ info ] [ RUN ] app\index\widget\Widgets->Teachers[ D:\Vc_PHP\Apache24\htdocs\2018\WorkManagement\shop\application\index\widget\Widgets.php ]
[ info ] [ VIEW ] D:\Vc_PHP\Apache24\htdocs\2018\WorkManagement\shop\public/../application/index\view\widgets\teachers.html [ array (
  0 => 'data',
  1 => 'page',
  2 => 'course',
) ]
[ info ] [ LOG ] INIT File
[ sql ] [ DB ] CONNECT:[ UseTime:0.000912s ] mysql:host=127.0.0.1;port=3306;dbname=workmsg;charset=utf8
[ sql ] [ SQL ] SHOW COLUMNS FROM `teachers` [ RunTime:0.036704s ]
[ sql ] [ SQL ] SELECT * FROM `teachers` WHERE  `number` = '123456789'  AND `pass` = '82b670deb0331979dceb2ce8c797c4e6' [ RunTime:0.000409s ]
[ sql ] [ SQL ] SELECT * FROM `teachers` WHERE  `number` = '123456789'  AND `state` = 0  AND `department_id` <> 0 [ RunTime:0.000405s ]
[ sql ] [ SQL ] SELECT `Id` FROM `teachers` WHERE  `number` = '123456789'  AND `pass` = '82b670deb0331979dceb2ce8c797c4e6' [ RunTime:0.000298s ]
[ sql ] [ SQL ] SHOW COLUMNS FROM `course` [ RunTime:0.026307s ]
[ sql ] [ SQL ] SELECT * FROM `course` WHERE  `Id` = 6  AND `teachers_id` = 16 [ RunTime:0.000535s ]
[ sql ] [ SQL ] SHOW COLUMNS FROM `homework` [ RunTime:0.022577s ]
[ sql ] [ SQL ] SELECT COUNT(*) AS tp_count FROM `homework` WHERE  `course_id` = 6 LIMIT 1 [ RunTime:0.000593s ]
[ sql ] [ SQL ] SELECT * FROM `homework` WHERE  `course_id` = 6 LIMIT 0,8 [ RunTime:0.000567s ]
[ sql ] [ SQL ] SELECT `name`,`number`,`department_id`,`state` FROM `teachers` WHERE  `number` = '123456789'  AND `pass` = '82b670deb0331979dceb2ce8c797c4e6' [ RunTime:0.000501s ]
---------------------------------------------------------------
[ 2018-07-20T09:16:42+08:00 ] 127.0.0.1 GET /index/teachers/CourseImgView?id=6
[ info ] www.tpwork.com/index/teachers/CourseImgView?id=6 [运行时间：0.113053s][吞吐率：8.85req/s] [内存消耗：3,624.23kb] [文件加载：56]
[ info ] [ LANG ] D:\Vc_PHP\Apache24\htdocs\2018\WorkManagement\shop\thinkphp\lang\zh-cn.php
[ info ] [ ROUTE ] array (
  'type' => 'module',
  'module' => 
  array (
    0 => 'index',
    1 => 'teachers',
    2 => 'CourseImgView',
  ),
)
[ info ] [ HEADER ] array (
  'host' => 'www.tpwork.com',
  'connection' => 'keep-alive',
  'upgrade-insecure-requests' => '1',
  'user-agent' => 'Mozilla/5.0 (Windows NT 10.0; Win64; x64) AppleWebKit/537.36 (KHTML, like Gecko) Chrome/67.0.3396.99 Safari/537.36',
  'accept' => 'text/html,application/xhtml+xml,application/xml;q=0.9,image/webp,image/apng,*/*;q=0.8',
  'referer' => 'http://www.tpwork.com/index/teachers/courseDetails?id=6&key=Javascript',
  'accept-encoding' => 'gzip, deflate',
  'accept-language' => 'zh-CN,zh;q=0.9,zh-TW;q=0.8',
  'cookie' => 'PHPSESSID=096k87ja6qedbctffruhq24lo7',
)
[ info ] [ PARAM ] array (
  'id' => '6',
)
[ info ] [ SESSION ] INIT array (
  'id' => '',
  'var_session_id' => '',
  'prefix' => 'think',
  'type' => '',
  'auto_start' => true,
)
[ info ] [ DB ] INIT mysql
[ info ] [ RUN ] app\index\controller\Teachers->CourseImgView[ D:\Vc_PHP\Apache24\htdocs\2018\WorkManagement\shop\application\index\controller\Teachers.php ]
[ info ] [ VIEW ] D:\Vc_PHP\Apache24\htdocs\2018\WorkManagement\shop\public/../application/index\view\teachers\courseimgview.html [ array (
  0 => 'id',
  1 => 'data',
) ]
[ info ] [ RUN ] app\index\widget\Widgets->Teachers[ D:\Vc_PHP\Apache24\htdocs\2018\WorkManagement\shop\application\index\widget\Widgets.php ]
[ info ] [ VIEW ] D:\Vc_PHP\Apache24\htdocs\2018\WorkManagement\shop\public/../application/index\view\widgets\teachers.html [ array (
  0 => 'id',
  1 => 'data',
) ]
[ info ] [ LOG ] INIT File
[ sql ] [ DB ] CONNECT:[ UseTime:0.001062s ] mysql:host=127.0.0.1;port=3306;dbname=workmsg;charset=utf8
[ sql ] [ SQL ] SHOW COLUMNS FROM `teachers` [ RunTime:0.041853s ]
[ sql ] [ SQL ] SELECT * FROM `teachers` WHERE  `number` = '123456789'  AND `pass` = '82b670deb0331979dceb2ce8c797c4e6' [ RunTime:0.000580s ]
[ sql ] [ SQL ] SELECT * FROM `teachers` WHERE  `number` = '123456789'  AND `state` = 0  AND `department_id` <> 0 [ RunTime:0.000684s ]
[ sql ] [ SQL ] SHOW COLUMNS FROM `course` [ RunTime:0.026255s ]
[ sql ] [ SQL ] SELECT * FROM `course` WHERE  `Id` = 6 LIMIT 1 [ RunTime:0.000620s ]
[ sql ] [ SQL ] SELECT `img_url` FROM `course` WHERE  `Id` = 6 [ RunTime:0.000456s ]
[ sql ] [ SQL ] SELECT `name`,`number`,`department_id`,`state` FROM `teachers` WHERE  `number` = '123456789'  AND `pass` = '82b670deb0331979dceb2ce8c797c4e6' [ RunTime:0.000524s ]
---------------------------------------------------------------
[ 2018-07-20T09:17:08+08:00 ] 127.0.0.1 POST /index/teachers/UpCourseImg?id=6
[ info ] www.tpwork.com/index/teachers/UpCourseImg?id=6 [运行时间：0.240208s][吞吐率：4.16req/s] [内存消耗：3,735.80kb] [文件加载：57]
[ info ] [ LANG ] D:\Vc_PHP\Apache24\htdocs\2018\WorkManagement\shop\thinkphp\lang\zh-cn.php
[ info ] [ ROUTE ] array (
  'type' => 'module',
  'module' => 
  array (
    0 => 'index',
    1 => 'teachers',
    2 => 'UpCourseImg',
  ),
)
[ info ] [ HEADER ] array (
  'host' => 'www.tpwork.com',
  'connection' => 'keep-alive',
  'content-length' => '51002',
  'accept' => '*/*',
  'origin' => 'http://www.tpwork.com',
  'x-requested-with' => 'XMLHttpRequest',
  'user-agent' => 'Mozilla/5.0 (Windows NT 10.0; Win64; x64) AppleWebKit/537.36 (KHTML, like Gecko) Chrome/67.0.3396.99 Safari/537.36',
  'content-type' => 'multipart/form-data; boundary=----WebKitFormBoundarybSd5fmuDns6F0qF0',
  'referer' => 'http://www.tpwork.com/index/teachers/CourseImgView?id=6',
  'accept-encoding' => 'gzip, deflate',
  'accept-language' => 'zh-CN,zh;q=0.9,zh-TW;q=0.8',
  'cookie' => 'PHPSESSID=096k87ja6qedbctffruhq24lo7',
)
[ info ] [ PARAM ] array (
  'id' => '6',
)
[ info ] [ SESSION ] INIT array (
  'id' => '',
  'var_session_id' => '',
  'prefix' => 'think',
  'type' => '',
  'auto_start' => true,
)
[ info ] [ DB ] INIT mysql
[ info ] [ RUN ] app\index\controller\Teachers->UpCourseImg[ D:\Vc_PHP\Apache24\htdocs\2018\WorkManagement\shop\application\index\controller\Teachers.php ]
[ info ] [ CACHE ] INIT File
[ info ] [ LOG ] INIT File
[ sql ] [ DB ] CONNECT:[ UseTime:0.000718s ] mysql:host=127.0.0.1;port=3306;dbname=workmsg;charset=utf8
[ sql ] [ SQL ] SHOW COLUMNS FROM `teachers` [ RunTime:0.031125s ]
[ sql ] [ SQL ] SELECT * FROM `teachers` WHERE  `number` = '123456789'  AND `pass` = '82b670deb0331979dceb2ce8c797c4e6' [ RunTime:0.000598s ]
[ sql ] [ SQL ] SELECT * FROM `teachers` WHERE  `number` = '123456789'  AND `state` = 0  AND `department_id` <> 0 [ RunTime:0.000464s ]
[ sql ] [ SQL ] SHOW COLUMNS FROM `course` [ RunTime:0.024643s ]
[ sql ] [ SQL ] SELECT * FROM `course` WHERE  `Id` = 6 LIMIT 1 [ RunTime:0.000453s ]
[ sql ] [ SQL ] UPDATE `course`  SET `img_url`='/upload/course_img/6img.jpg'  WHERE  `Id` = 6 [ RunTime:0.020278s ]
---------------------------------------------------------------
[ 2018-07-20T09:17:10+08:00 ] 127.0.0.1 GET /index/teachers/courseDetails?id=6&key=Javascript
[ info ] www.tpwork.com/index/teachers/courseDetails?id=6&key=Javascript [运行时间：0.146315s][吞吐率：6.83req/s] [内存消耗：3,762.63kb] [文件加载：60]
[ info ] [ LANG ] D:\Vc_PHP\Apache24\htdocs\2018\WorkManagement\shop\thinkphp\lang\zh-cn.php
[ info ] [ ROUTE ] array (
  'type' => 'module',
  'module' => 
  array (
    0 => 'index',
    1 => 'teachers',
    2 => 'courseDetails',
  ),
)
[ info ] [ HEADER ] array (
  'host' => 'www.tpwork.com',
  'connection' => 'keep-alive',
  'upgrade-insecure-requests' => '1',
  'user-agent' => 'Mozilla/5.0 (Windows NT 10.0; Win64; x64) AppleWebKit/537.36 (KHTML, like Gecko) Chrome/67.0.3396.99 Safari/537.36',
  'accept' => 'text/html,application/xhtml+xml,application/xml;q=0.9,image/webp,image/apng,*/*;q=0.8',
  'referer' => 'http://www.tpwork.com/index/teachers/course',
  'accept-encoding' => 'gzip, deflate',
  'accept-language' => 'zh-CN,zh;q=0.9,zh-TW;q=0.8',
  'cookie' => 'PHPSESSID=096k87ja6qedbctffruhq24lo7',
)
[ info ] [ PARAM ] array (
  'id' => '6',
  'key' => 'Javascript',
)
[ info ] [ SESSION ] INIT array (
  'id' => '',
  'var_session_id' => '',
  'prefix' => 'think',
  'type' => '',
  'auto_start' => true,
)
[ info ] [ DB ] INIT mysql
[ info ] [ RUN ] app\index\controller\Teachers->CourseDetails[ D:\Vc_PHP\Apache24\htdocs\2018\WorkManagement\shop\application\index\controller\Teachers.php ]
[ info ] [ VIEW ] D:\Vc_PHP\Apache24\htdocs\2018\WorkManagement\shop\public/../application/index\view\teachers\coursedetails.html [ array (
  0 => 'data',
  1 => 'page',
  2 => 'course',
) ]
[ info ] [ RUN ] app\index\widget\Widgets->Teachers[ D:\Vc_PHP\Apache24\htdocs\2018\WorkManagement\shop\application\index\widget\Widgets.php ]
[ info ] [ VIEW ] D:\Vc_PHP\Apache24\htdocs\2018\WorkManagement\shop\public/../application/index\view\widgets\teachers.html [ array (
  0 => 'data',
  1 => 'page',
  2 => 'course',
) ]
[ info ] [ LOG ] INIT File
[ sql ] [ DB ] CONNECT:[ UseTime:0.011505s ] mysql:host=127.0.0.1;port=3306;dbname=workmsg;charset=utf8
[ sql ] [ SQL ] SHOW COLUMNS FROM `teachers` [ RunTime:0.033488s ]
[ sql ] [ SQL ] SELECT * FROM `teachers` WHERE  `number` = '123456789'  AND `pass` = '82b670deb0331979dceb2ce8c797c4e6' [ RunTime:0.000596s ]
[ sql ] [ SQL ] SELECT * FROM `teachers` WHERE  `number` = '123456789'  AND `state` = 0  AND `department_id` <> 0 [ RunTime:0.000581s ]
[ sql ] [ SQL ] SELECT `Id` FROM `teachers` WHERE  `number` = '123456789'  AND `pass` = '82b670deb0331979dceb2ce8c797c4e6' [ RunTime:0.000448s ]
[ sql ] [ SQL ] SHOW COLUMNS FROM `course` [ RunTime:0.025400s ]
[ sql ] [ SQL ] SELECT * FROM `course` WHERE  `Id` = 6  AND `teachers_id` = 16 [ RunTime:0.000686s ]
[ sql ] [ SQL ] SHOW COLUMNS FROM `homework` [ RunTime:0.022773s ]
[ sql ] [ SQL ] SELECT COUNT(*) AS tp_count FROM `homework` WHERE  `course_id` = 6 LIMIT 1 [ RunTime:0.000465s ]
[ sql ] [ SQL ] SELECT * FROM `homework` WHERE  `course_id` = 6 LIMIT 0,8 [ RunTime:0.000385s ]
[ sql ] [ SQL ] SELECT `name`,`number`,`department_id`,`state` FROM `teachers` WHERE  `number` = '123456789'  AND `pass` = '82b670deb0331979dceb2ce8c797c4e6' [ RunTime:0.000893s ]
---------------------------------------------------------------
[ 2018-07-20T09:17:14+08:00 ] 127.0.0.1 GET /index/teachers/course
[ info ] www.tpwork.com/index/teachers/course [运行时间：0.115563s][吞吐率：8.65req/s] [内存消耗：3,733.14kb] [文件加载：58]
[ info ] [ LANG ] D:\Vc_PHP\Apache24\htdocs\2018\WorkManagement\shop\thinkphp\lang\zh-cn.php
[ info ] [ ROUTE ] array (
  'type' => 'module',
  'module' => 
  array (
    0 => 'index',
    1 => 'teachers',
    2 => 'course',
  ),
)
[ info ] [ HEADER ] array (
  'host' => 'www.tpwork.com',
  'connection' => 'keep-alive',
  'upgrade-insecure-requests' => '1',
  'user-agent' => 'Mozilla/5.0 (Windows NT 10.0; Win64; x64) AppleWebKit/537.36 (KHTML, like Gecko) Chrome/67.0.3396.99 Safari/537.36',
  'accept' => 'text/html,application/xhtml+xml,application/xml;q=0.9,image/webp,image/apng,*/*;q=0.8',
  'referer' => 'http://www.tpwork.com/index/teachers/addcourse',
  'accept-encoding' => 'gzip, deflate',
  'accept-language' => 'zh-CN,zh;q=0.9,zh-TW;q=0.8',
  'cookie' => 'PHPSESSID=096k87ja6qedbctffruhq24lo7',
)
[ info ] [ PARAM ] array (
)
[ info ] [ SESSION ] INIT array (
  'id' => '',
  'var_session_id' => '',
  'prefix' => 'think',
  'type' => '',
  'auto_start' => true,
)
[ info ] [ DB ] INIT mysql
[ info ] [ RUN ] app\index\controller\Teachers->Course[ D:\Vc_PHP\Apache24\htdocs\2018\WorkManagement\shop\application\index\controller\Teachers.php ]
[ info ] [ VIEW ] D:\Vc_PHP\Apache24\htdocs\2018\WorkManagement\shop\public/../application/index\view\teachers\course.html [ array (
  0 => 'data',
  1 => 'page',
) ]
[ info ] [ RUN ] app\index\widget\Widgets->Teachers[ D:\Vc_PHP\Apache24\htdocs\2018\WorkManagement\shop\application\index\widget\Widgets.php ]
[ info ] [ VIEW ] D:\Vc_PHP\Apache24\htdocs\2018\WorkManagement\shop\public/../application/index\view\widgets\teachers.html [ array (
  0 => 'data',
  1 => 'page',
) ]
[ info ] [ LOG ] INIT File
[ sql ] [ DB ] CONNECT:[ UseTime:0.000726s ] mysql:host=127.0.0.1;port=3306;dbname=workmsg;charset=utf8
[ sql ] [ SQL ] SHOW COLUMNS FROM `teachers` [ RunTime:0.030047s ]
[ sql ] [ SQL ] SELECT * FROM `teachers` WHERE  `number` = '123456789'  AND `pass` = '82b670deb0331979dceb2ce8c797c4e6' [ RunTime:0.000531s ]
[ sql ] [ SQL ] SELECT * FROM `teachers` WHERE  `number` = '123456789'  AND `state` = 0  AND `department_id` <> 0 [ RunTime:0.000461s ]
[ sql ] [ SQL ] SELECT `Id` FROM `teachers` WHERE  `number` = '123456789'  AND `pass` = '82b670deb0331979dceb2ce8c797c4e6' [ RunTime:0.000517s ]
[ sql ] [ SQL ] SHOW COLUMNS FROM `course` [ RunTime:0.025528s ]
[ sql ] [ SQL ] SELECT COUNT(*) AS tp_count FROM `course` `a`,`vc_class` `s` WHERE  (  a.class_id=s.id and a.teachers_id=16 ) LIMIT 1 [ RunTime:0.000389s ]
[ sql ] [ SQL ] SELECT `a`.`Id`,s.name as class_name,`a`.`img_url`,`s`.`grade`,`s`.`sequence`,a.name as course_name FROM `course` `a`,`vc_class` `s` WHERE  (  a.class_id=s.id and a.teachers_id=16 ) ORDER BY `a`.`Id`  asc LIMIT 0,11 [ RunTime:0.000361s ]
[ sql ] [ SQL ] SELECT `name`,`number`,`department_id`,`state` FROM `teachers` WHERE  `number` = '123456789'  AND `pass` = '82b670deb0331979dceb2ce8c797c4e6' [ RunTime:0.000407s ]
---------------------------------------------------------------
[ 2018-07-20T10:47:57+08:00 ] 127.0.0.1 GET /index/teachers/courseDetails?id=6&key=Javascript
[ info ] www.tpwork.com/index/teachers/courseDetails?id=6&key=Javascript [运行时间：0.135349s][吞吐率：7.39req/s] [内存消耗：3,762.63kb] [文件加载：60]
[ info ] [ LANG ] D:\Vc_PHP\Apache24\htdocs\2018\WorkManagement\shop\thinkphp\lang\zh-cn.php
[ info ] [ ROUTE ] array (
  'type' => 'module',
  'module' => 
  array (
    0 => 'index',
    1 => 'teachers',
    2 => 'courseDetails',
  ),
)
[ info ] [ HEADER ] array (
  'host' => 'www.tpwork.com',
  'connection' => 'keep-alive',
  'upgrade-insecure-requests' => '1',
  'user-agent' => 'Mozilla/5.0 (Windows NT 10.0; Win64; x64) AppleWebKit/537.36 (KHTML, like Gecko) Chrome/67.0.3396.99 Safari/537.36',
  'accept' => 'text/html,application/xhtml+xml,application/xml;q=0.9,image/webp,image/apng,*/*;q=0.8',
  'referer' => 'http://www.tpwork.com/index/teachers/course',
  'accept-encoding' => 'gzip, deflate',
  'accept-language' => 'zh-CN,zh;q=0.9,zh-TW;q=0.8',
  'cookie' => 'PHPSESSID=096k87ja6qedbctffruhq24lo7',
)
[ info ] [ PARAM ] array (
  'id' => '6',
  'key' => 'Javascript',
)
[ info ] [ SESSION ] INIT array (
  'id' => '',
  'var_session_id' => '',
  'prefix' => 'think',
  'type' => '',
  'auto_start' => true,
)
[ info ] [ DB ] INIT mysql
[ info ] [ RUN ] app\index\controller\Teachers->CourseDetails[ D:\Vc_PHP\Apache24\htdocs\2018\WorkManagement\shop\application\index\controller\Teachers.php ]
[ info ] [ VIEW ] D:\Vc_PHP\Apache24\htdocs\2018\WorkManagement\shop\public/../application/index\view\teachers\coursedetails.html [ array (
  0 => 'data',
  1 => 'page',
  2 => 'course',
) ]
[ info ] [ RUN ] app\index\widget\Widgets->Teachers[ D:\Vc_PHP\Apache24\htdocs\2018\WorkManagement\shop\application\index\widget\Widgets.php ]
[ info ] [ VIEW ] D:\Vc_PHP\Apache24\htdocs\2018\WorkManagement\shop\public/../application/index\view\widgets\teachers.html [ array (
  0 => 'data',
  1 => 'page',
  2 => 'course',
) ]
[ info ] [ LOG ] INIT File
[ sql ] [ DB ] CONNECT:[ UseTime:0.000827s ] mysql:host=127.0.0.1;port=3306;dbname=workmsg;charset=utf8
[ sql ] [ SQL ] SHOW COLUMNS FROM `teachers` [ RunTime:0.034092s ]
[ sql ] [ SQL ] SELECT * FROM `teachers` WHERE  `number` = '123456789'  AND `pass` = '82b670deb0331979dceb2ce8c797c4e6' [ RunTime:0.000432s ]
[ sql ] [ SQL ] SELECT * FROM `teachers` WHERE  `number` = '123456789'  AND `state` = 0  AND `department_id` <> 0 [ RunTime:0.000556s ]
[ sql ] [ SQL ] SELECT `Id` FROM `teachers` WHERE  `number` = '123456789'  AND `pass` = '82b670deb0331979dceb2ce8c797c4e6' [ RunTime:0.000399s ]
[ sql ] [ SQL ] SHOW COLUMNS FROM `course` [ RunTime:0.026378s ]
[ sql ] [ SQL ] SELECT * FROM `course` WHERE  `Id` = 6  AND `teachers_id` = 16 [ RunTime:0.000494s ]
[ sql ] [ SQL ] SHOW COLUMNS FROM `homework` [ RunTime:0.023089s ]
[ sql ] [ SQL ] SELECT COUNT(*) AS tp_count FROM `homework` WHERE  `course_id` = 6 LIMIT 1 [ RunTime:0.000424s ]
[ sql ] [ SQL ] SELECT * FROM `homework` WHERE  `course_id` = 6 LIMIT 0,8 [ RunTime:0.000403s ]
[ sql ] [ SQL ] SELECT `name`,`number`,`department_id`,`state` FROM `teachers` WHERE  `number` = '123456789'  AND `pass` = '82b670deb0331979dceb2ce8c797c4e6' [ RunTime:0.000381s ]
---------------------------------------------------------------
[ 2018-07-20T10:48:11+08:00 ] 127.0.0.1 GET /
[ info ] www.tpwork.com/ [运行时间：0.121225s][吞吐率：8.25req/s] [内存消耗：2,139.43kb] [文件加载：44]
[ info ] [ LANG ] D:\Vc_PHP\Apache24\htdocs\2018\WorkManagement\shop\thinkphp\lang\zh-cn.php
[ info ] [ ROUTE ] array (
  'type' => 'module',
  'module' => 
  array (
    0 => '',
    1 => NULL,
    2 => NULL,
  ),
)
[ info ] [ HEADER ] array (
  'host' => 'www.tpwork.com',
  'connection' => 'keep-alive',
  'upgrade-insecure-requests' => '1',
  'user-agent' => 'Mozilla/5.0 (Windows NT 10.0; Win64; x64) AppleWebKit/537.36 (KHTML, like Gecko) Chrome/67.0.3396.99 Safari/537.36',
  'accept' => 'text/html,application/xhtml+xml,application/xml;q=0.9,image/webp,image/apng,*/*;q=0.8',
  'referer' => 'http://www.tpwork.com/index/teachers/course',
  'accept-encoding' => 'gzip, deflate',
  'accept-language' => 'zh-CN,zh;q=0.9,zh-TW;q=0.8',
  'cookie' => 'PHPSESSID=096k87ja6qedbctffruhq24lo7',
)
[ info ] [ PARAM ] array (
)
[ info ] [ SESSION ] INIT array (
  'id' => '',
  'var_session_id' => '',
  'prefix' => 'think',
  'type' => '',
  'auto_start' => true,
)
[ info ] [ LOG ] INIT File
---------------------------------------------------------------
[ 2018-07-20T10:48:11+08:00 ] 127.0.0.1 GET /index/teachers
[ info ] www.tpwork.com/index/teachers [运行时间：0.119456s][吞吐率：8.37req/s] [内存消耗：3,609.16kb] [文件加载：55]
[ info ] [ LANG ] D:\Vc_PHP\Apache24\htdocs\2018\WorkManagement\shop\thinkphp\lang\zh-cn.php
[ info ] [ ROUTE ] array (
  'type' => 'module',
  'module' => 
  array (
    0 => 'index',
    1 => 'teachers',
    2 => NULL,
  ),
)
[ info ] [ HEADER ] array (
  'host' => 'www.tpwork.com',
  'connection' => 'keep-alive',
  'upgrade-insecure-requests' => '1',
  'user-agent' => 'Mozilla/5.0 (Windows NT 10.0; Win64; x64) AppleWebKit/537.36 (KHTML, like Gecko) Chrome/67.0.3396.99 Safari/537.36',
  'accept' => 'text/html,application/xhtml+xml,application/xml;q=0.9,image/webp,image/apng,*/*;q=0.8',
  'referer' => 'http://www.tpwork.com/index/teachers/course',
  'accept-encoding' => 'gzip, deflate',
  'accept-language' => 'zh-CN,zh;q=0.9,zh-TW;q=0.8',
  'cookie' => 'PHPSESSID=096k87ja6qedbctffruhq24lo7',
)
[ info ] [ PARAM ] array (
)
[ info ] [ SESSION ] INIT array (
  'id' => '',
  'var_session_id' => '',
  'prefix' => 'think',
  'type' => '',
  'auto_start' => true,
)
[ info ] [ DB ] INIT mysql
[ info ] [ RUN ] app\index\controller\Teachers->index[ D:\Vc_PHP\Apache24\htdocs\2018\WorkManagement\shop\application\index\controller\Teachers.php ]
[ info ] [ VIEW ] D:\Vc_PHP\Apache24\htdocs\2018\WorkManagement\shop\public/../application/index\view\teachers\index.html [ array (
  0 => 'Details',
) ]
[ info ] [ RUN ] app\index\widget\Widgets->Teachers[ D:\Vc_PHP\Apache24\htdocs\2018\WorkManagement\shop\application\index\widget\Widgets.php ]
[ info ] [ VIEW ] D:\Vc_PHP\Apache24\htdocs\2018\WorkManagement\shop\public/../application/index\view\widgets\teachers.html [ array (
  0 => 'Details',
  1 => 'data',
) ]
[ info ] [ LOG ] INIT File
[ sql ] [ DB ] CONNECT:[ UseTime:0.010637s ] mysql:host=127.0.0.1;port=3306;dbname=workmsg;charset=utf8
[ sql ] [ SQL ] SHOW COLUMNS FROM `teachers` [ RunTime:0.032937s ]
[ sql ] [ SQL ] SELECT * FROM `teachers` WHERE  `number` = '123456789'  AND `pass` = '82b670deb0331979dceb2ce8c797c4e6' [ RunTime:0.000725s ]
[ sql ] [ SQL ] SELECT * FROM `teachers` WHERE  `number` = '123456789'  AND `state` = 0  AND `department_id` <> 0 [ RunTime:0.000395s ]
[ sql ] [ SQL ] SELECT * FROM `teachers` WHERE  `number` = '123456789'  AND `department_id` = 0 [ RunTime:0.000447s ]
[ sql ] [ SQL ] SELECT `A`.`name`,`A`.`number`,B.name as depName FROM `teachers` `A`,`department` `B` WHERE  (  A.department_id=B.Id and A.number=123456789 ) [ RunTime:0.000543s ]
[ sql ] [ SQL ] SELECT `name`,`number`,`department_id`,`state` FROM `teachers` WHERE  `number` = '123456789'  AND `pass` = '82b670deb0331979dceb2ce8c797c4e6' [ RunTime:0.000535s ]
---------------------------------------------------------------
[ 2018-07-20T10:48:11+08:00 ] 127.0.0.1 GET /static/bootstrap4.0/popper.min.js.map
[ info ] www.tpwork.com/static/bootstrap4.0/popper.min.js.map [运行时间：0.018962s][吞吐率：52.74req/s] [内存消耗：1,721.34kb] [文件加载：38]
[ info ] [ LANG ] D:\Vc_PHP\Apache24\htdocs\2018\WorkManagement\shop\thinkphp\lang\zh-cn.php
[ info ] [ ROUTE ] array (
  'type' => 'module',
  'module' => 
  array (
    0 => 'static',
    1 => 'bootstrap4.0',
    2 => 'popper.min.js.map',
  ),
)
[ info ] [ HEADER ] array (
  'host' => 'www.tpwork.com',
  'connection' => 'keep-alive',
  'user-agent' => 'Mozilla/5.0 (Windows NT 10.0; Win64; x64) AppleWebKit/537.36 (KHTML, like Gecko) Chrome/67.0.3396.99 Safari/537.36',
  'accept-encoding' => 'gzip, deflate',
  'accept-language' => 'zh-CN,zh;q=0.9,zh-TW;q=0.8',
  'cookie' => 'PHPSESSID=096k87ja6qedbctffruhq24lo7',
)
[ info ] [ PARAM ] array (
)
[ info ] [ LOG ] INIT File
---------------------------------------------------------------
[ 2018-07-20T10:48:12+08:00 ] 127.0.0.1 GET /index/teachers/personal
[ info ] www.tpwork.com/index/teachers/personal [运行时间：0.287572s][吞吐率：3.48req/s] [内存消耗：3,785.55kb] [文件加载：57]
[ info ] [ LANG ] D:\Vc_PHP\Apache24\htdocs\2018\WorkManagement\shop\thinkphp\lang\zh-cn.php
[ info ] [ ROUTE ] array (
  'type' => 'module',
  'module' => 
  array (
    0 => 'index',
    1 => 'teachers',
    2 => 'personal',
  ),
)
[ info ] [ HEADER ] array (
  'host' => 'www.tpwork.com',
  'connection' => 'keep-alive',
  'upgrade-insecure-requests' => '1',
  'user-agent' => 'Mozilla/5.0 (Windows NT 10.0; Win64; x64) AppleWebKit/537.36 (KHTML, like Gecko) Chrome/67.0.3396.99 Safari/537.36',
  'accept' => 'text/html,application/xhtml+xml,application/xml;q=0.9,image/webp,image/apng,*/*;q=0.8',
  'referer' => 'http://www.tpwork.com/index/teachers',
  'accept-encoding' => 'gzip, deflate',
  'accept-language' => 'zh-CN,zh;q=0.9,zh-TW;q=0.8',
  'cookie' => 'PHPSESSID=096k87ja6qedbctffruhq24lo7',
)
[ info ] [ PARAM ] array (
)
[ info ] [ SESSION ] INIT array (
  'id' => '',
  'var_session_id' => '',
  'prefix' => 'think',
  'type' => '',
  'auto_start' => true,
)
[ info ] [ DB ] INIT mysql
[ info ] [ RUN ] app\index\controller\Teachers->Personal[ D:\Vc_PHP\Apache24\htdocs\2018\WorkManagement\shop\application\index\controller\Teachers.php ]
[ info ] [ VIEW ] D:\Vc_PHP\Apache24\htdocs\2018\WorkManagement\shop\public/../application/index\view\teachers\personal.html [ array (
) ]
[ info ] [ RUN ] app\index\widget\Widgets->Teachers[ D:\Vc_PHP\Apache24\htdocs\2018\WorkManagement\shop\application\index\widget\Widgets.php ]
[ info ] [ VIEW ] D:\Vc_PHP\Apache24\htdocs\2018\WorkManagement\shop\public/../application/index\view\widgets\teachers.html [ array (
  0 => 'data',
) ]
[ info ] [ LOG ] INIT File
[ sql ] [ DB ] CONNECT:[ UseTime:0.000666s ] mysql:host=127.0.0.1;port=3306;dbname=workmsg;charset=utf8
[ sql ] [ SQL ] SHOW COLUMNS FROM `teachers` [ RunTime:0.033582s ]
[ sql ] [ SQL ] SELECT * FROM `teachers` WHERE  `number` = '123456789'  AND `pass` = '82b670deb0331979dceb2ce8c797c4e6' [ RunTime:0.000475s ]
[ sql ] [ SQL ] SELECT * FROM `teachers` WHERE  `number` = '123456789'  AND `state` = 0  AND `department_id` <> 0 [ RunTime:0.000318s ]
[ sql ] [ SQL ] SELECT `name`,`number`,`department_id`,`state` FROM `teachers` WHERE  `number` = '123456789'  AND `pass` = '82b670deb0331979dceb2ce8c797c4e6' [ RunTime:0.000572s ]
---------------------------------------------------------------
[ 2018-07-20T10:48:12+08:00 ] 127.0.0.1 GET /static/bootstrap4.0/popper.min.js.map
[ info ] www.tpwork.com/static/bootstrap4.0/popper.min.js.map [运行时间：0.019052s][吞吐率：52.49req/s] [内存消耗：1,721.34kb] [文件加载：38]
[ info ] [ LANG ] D:\Vc_PHP\Apache24\htdocs\2018\WorkManagement\shop\thinkphp\lang\zh-cn.php
[ info ] [ ROUTE ] array (
  'type' => 'module',
  'module' => 
  array (
    0 => 'static',
    1 => 'bootstrap4.0',
    2 => 'popper.min.js.map',
  ),
)
[ info ] [ HEADER ] array (
  'host' => 'www.tpwork.com',
  'connection' => 'keep-alive',
  'user-agent' => 'Mozilla/5.0 (Windows NT 10.0; Win64; x64) AppleWebKit/537.36 (KHTML, like Gecko) Chrome/67.0.3396.99 Safari/537.36',
  'accept-encoding' => 'gzip, deflate',
  'accept-language' => 'zh-CN,zh;q=0.9,zh-TW;q=0.8',
  'cookie' => 'PHPSESSID=096k87ja6qedbctffruhq24lo7',
)
[ info ] [ PARAM ] array (
)
[ info ] [ LOG ] INIT File
---------------------------------------------------------------
[ 2018-07-20T10:48:15+08:00 ] 127.0.0.1 GET /index/teachers
[ info ] www.tpwork.com/index/teachers [运行时间：0.075809s][吞吐率：13.19req/s] [内存消耗：3,609.16kb] [文件加载：55]
[ info ] [ LANG ] D:\Vc_PHP\Apache24\htdocs\2018\WorkManagement\shop\thinkphp\lang\zh-cn.php
[ info ] [ ROUTE ] array (
  'type' => 'module',
  'module' => 
  array (
    0 => 'index',
    1 => 'teachers',
    2 => NULL,
  ),
)
[ info ] [ HEADER ] array (
  'host' => 'www.tpwork.com',
  'connection' => 'keep-alive',
  'upgrade-insecure-requests' => '1',
  'user-agent' => 'Mozilla/5.0 (Windows NT 10.0; Win64; x64) AppleWebKit/537.36 (KHTML, like Gecko) Chrome/67.0.3396.99 Safari/537.36',
  'accept' => 'text/html,application/xhtml+xml,application/xml;q=0.9,image/webp,image/apng,*/*;q=0.8',
  'referer' => 'http://www.tpwork.com/index/teachers/course',
  'accept-encoding' => 'gzip, deflate',
  'accept-language' => 'zh-CN,zh;q=0.9,zh-TW;q=0.8',
  'cookie' => 'PHPSESSID=096k87ja6qedbctffruhq24lo7',
)
[ info ] [ PARAM ] array (
)
[ info ] [ SESSION ] INIT array (
  'id' => '',
  'var_session_id' => '',
  'prefix' => 'think',
  'type' => '',
  'auto_start' => true,
)
[ info ] [ DB ] INIT mysql
[ info ] [ RUN ] app\index\controller\Teachers->index[ D:\Vc_PHP\Apache24\htdocs\2018\WorkManagement\shop\application\index\controller\Teachers.php ]
[ info ] [ VIEW ] D:\Vc_PHP\Apache24\htdocs\2018\WorkManagement\shop\public/../application/index\view\teachers\index.html [ array (
  0 => 'Details',
) ]
[ info ] [ RUN ] app\index\widget\Widgets->Teachers[ D:\Vc_PHP\Apache24\htdocs\2018\WorkManagement\shop\application\index\widget\Widgets.php ]
[ info ] [ VIEW ] D:\Vc_PHP\Apache24\htdocs\2018\WorkManagement\shop\public/../application/index\view\widgets\teachers.html [ array (
  0 => 'Details',
  1 => 'data',
) ]
[ info ] [ LOG ] INIT File
[ sql ] [ DB ] CONNECT:[ UseTime:0.000833s ] mysql:host=127.0.0.1;port=3306;dbname=workmsg;charset=utf8
[ sql ] [ SQL ] SHOW COLUMNS FROM `teachers` [ RunTime:0.032127s ]
[ sql ] [ SQL ] SELECT * FROM `teachers` WHERE  `number` = '123456789'  AND `pass` = '82b670deb0331979dceb2ce8c797c4e6' [ RunTime:0.000689s ]
[ sql ] [ SQL ] SELECT * FROM `teachers` WHERE  `number` = '123456789'  AND `state` = 0  AND `department_id` <> 0 [ RunTime:0.000659s ]
[ sql ] [ SQL ] SELECT * FROM `teachers` WHERE  `number` = '123456789'  AND `department_id` = 0 [ RunTime:0.000437s ]
[ sql ] [ SQL ] SELECT `A`.`name`,`A`.`number`,B.name as depName FROM `teachers` `A`,`department` `B` WHERE  (  A.department_id=B.Id and A.number=123456789 ) [ RunTime:0.000394s ]
[ sql ] [ SQL ] SELECT `name`,`number`,`department_id`,`state` FROM `teachers` WHERE  `number` = '123456789'  AND `pass` = '82b670deb0331979dceb2ce8c797c4e6' [ RunTime:0.000402s ]
---------------------------------------------------------------
[ 2018-07-20T10:48:15+08:00 ] 127.0.0.1 GET /static/bootstrap4.0/popper.min.js.map
[ info ] www.tpwork.com/static/bootstrap4.0/popper.min.js.map [运行时间：0.018725s][吞吐率：53.40req/s] [内存消耗：1,721.34kb] [文件加载：38]
[ info ] [ LANG ] D:\Vc_PHP\Apache24\htdocs\2018\WorkManagement\shop\thinkphp\lang\zh-cn.php
[ info ] [ ROUTE ] array (
  'type' => 'module',
  'module' => 
  array (
    0 => 'static',
    1 => 'bootstrap4.0',
    2 => 'popper.min.js.map',
  ),
)
[ info ] [ HEADER ] array (
  'host' => 'www.tpwork.com',
  'connection' => 'keep-alive',
  'user-agent' => 'Mozilla/5.0 (Windows NT 10.0; Win64; x64) AppleWebKit/537.36 (KHTML, like Gecko) Chrome/67.0.3396.99 Safari/537.36',
  'accept-encoding' => 'gzip, deflate',
  'accept-language' => 'zh-CN,zh;q=0.9,zh-TW;q=0.8',
  'cookie' => 'PHPSESSID=096k87ja6qedbctffruhq24lo7',
)
[ info ] [ PARAM ] array (
)
[ info ] [ LOG ] INIT File
---------------------------------------------------------------
[ 2018-07-20T10:48:30+08:00 ] 127.0.0.1 GET /index/teachers/course
[ info ] www.tpwork.com/index/teachers/course [运行时间：0.111691s][吞吐率：8.95req/s] [内存消耗：3,733.13kb] [文件加载：58]
[ info ] [ LANG ] D:\Vc_PHP\Apache24\htdocs\2018\WorkManagement\shop\thinkphp\lang\zh-cn.php
[ info ] [ ROUTE ] array (
  'type' => 'module',
  'module' => 
  array (
    0 => 'index',
    1 => 'teachers',
    2 => 'course',
  ),
)
[ info ] [ HEADER ] array (
  'host' => 'www.tpwork.com',
  'connection' => 'keep-alive',
  'upgrade-insecure-requests' => '1',
  'user-agent' => 'Mozilla/5.0 (Windows NT 10.0; Win64; x64) AppleWebKit/537.36 (KHTML, like Gecko) Chrome/67.0.3396.99 Safari/537.36',
  'accept' => 'text/html,application/xhtml+xml,application/xml;q=0.9,image/webp,image/apng,*/*;q=0.8',
  'referer' => 'http://www.tpwork.com/index/teachers',
  'accept-encoding' => 'gzip, deflate',
  'accept-language' => 'zh-CN,zh;q=0.9,zh-TW;q=0.8',
  'cookie' => 'PHPSESSID=096k87ja6qedbctffruhq24lo7',
)
[ info ] [ PARAM ] array (
)
[ info ] [ SESSION ] INIT array (
  'id' => '',
  'var_session_id' => '',
  'prefix' => 'think',
  'type' => '',
  'auto_start' => true,
)
[ info ] [ DB ] INIT mysql
[ info ] [ RUN ] app\index\controller\Teachers->Course[ D:\Vc_PHP\Apache24\htdocs\2018\WorkManagement\shop\application\index\controller\Teachers.php ]
[ info ] [ VIEW ] D:\Vc_PHP\Apache24\htdocs\2018\WorkManagement\shop\public/../application/index\view\teachers\course.html [ array (
  0 => 'data',
  1 => 'page',
) ]
[ info ] [ RUN ] app\index\widget\Widgets->Teachers[ D:\Vc_PHP\Apache24\htdocs\2018\WorkManagement\shop\application\index\widget\Widgets.php ]
[ info ] [ VIEW ] D:\Vc_PHP\Apache24\htdocs\2018\WorkManagement\shop\public/../application/index\view\widgets\teachers.html [ array (
  0 => 'data',
  1 => 'page',
) ]
[ info ] [ LOG ] INIT File
[ sql ] [ DB ] CONNECT:[ UseTime:0.000725s ] mysql:host=127.0.0.1;port=3306;dbname=workmsg;charset=utf8
[ sql ] [ SQL ] SHOW COLUMNS FROM `teachers` [ RunTime:0.032924s ]
[ sql ] [ SQL ] SELECT * FROM `teachers` WHERE  `number` = '123456789'  AND `pass` = '82b670deb0331979dceb2ce8c797c4e6' [ RunTime:0.000548s ]
[ sql ] [ SQL ] SELECT * FROM `teachers` WHERE  `number` = '123456789'  AND `state` = 0  AND `department_id` <> 0 [ RunTime:0.000561s ]
[ sql ] [ SQL ] SELECT `Id` FROM `teachers` WHERE  `number` = '123456789'  AND `pass` = '82b670deb0331979dceb2ce8c797c4e6' [ RunTime:0.000444s ]
[ sql ] [ SQL ] SHOW COLUMNS FROM `course` [ RunTime:0.023712s ]
[ sql ] [ SQL ] SELECT COUNT(*) AS tp_count FROM `course` `a`,`vc_class` `s` WHERE  (  a.class_id=s.id and a.teachers_id=16 ) LIMIT 1 [ RunTime:0.000575s ]
[ sql ] [ SQL ] SELECT `a`.`Id`,s.name as class_name,`a`.`img_url`,`s`.`grade`,`s`.`sequence`,a.name as course_name FROM `course` `a`,`vc_class` `s` WHERE  (  a.class_id=s.id and a.teachers_id=16 ) ORDER BY `a`.`Id`  asc LIMIT 0,11 [ RunTime:0.000520s ]
[ sql ] [ SQL ] SELECT `name`,`number`,`department_id`,`state` FROM `teachers` WHERE  `number` = '123456789'  AND `pass` = '82b670deb0331979dceb2ce8c797c4e6' [ RunTime:0.000465s ]
---------------------------------------------------------------
[ 2018-07-20T10:48:31+08:00 ] 127.0.0.1 GET /static/bootstrap4.0/popper.min.js.map
[ info ] www.tpwork.com/static/bootstrap4.0/popper.min.js.map [运行时间：0.020032s][吞吐率：49.92req/s] [内存消耗：1,721.34kb] [文件加载：38]
[ info ] [ LANG ] D:\Vc_PHP\Apache24\htdocs\2018\WorkManagement\shop\thinkphp\lang\zh-cn.php
[ info ] [ ROUTE ] array (
  'type' => 'module',
  'module' => 
  array (
    0 => 'static',
    1 => 'bootstrap4.0',
    2 => 'popper.min.js.map',
  ),
)
[ info ] [ HEADER ] array (
  'host' => 'www.tpwork.com',
  'connection' => 'keep-alive',
  'user-agent' => 'Mozilla/5.0 (Windows NT 10.0; Win64; x64) AppleWebKit/537.36 (KHTML, like Gecko) Chrome/67.0.3396.99 Safari/537.36',
  'accept-encoding' => 'gzip, deflate',
  'accept-language' => 'zh-CN,zh;q=0.9,zh-TW;q=0.8',
  'cookie' => 'PHPSESSID=096k87ja6qedbctffruhq24lo7',
)
[ info ] [ PARAM ] array (
)
[ info ] [ LOG ] INIT File
---------------------------------------------------------------
[ 2018-07-20T10:48:32+08:00 ] 127.0.0.1 GET /index/teachers/courseDetails?id=1&key=ThinkPHP
[ info ] www.tpwork.com/index/teachers/courseDetails?id=1&key=ThinkPHP [运行时间：0.125202s][吞吐率：7.99req/s] [内存消耗：3,762.77kb] [文件加载：60]
[ info ] [ LANG ] D:\Vc_PHP\Apache24\htdocs\2018\WorkManagement\shop\thinkphp\lang\zh-cn.php
[ info ] [ ROUTE ] array (
  'type' => 'module',
  'module' => 
  array (
    0 => 'index',
    1 => 'teachers',
    2 => 'courseDetails',
  ),
)
[ info ] [ HEADER ] array (
  'host' => 'www.tpwork.com',
  'connection' => 'keep-alive',
  'upgrade-insecure-requests' => '1',
  'user-agent' => 'Mozilla/5.0 (Windows NT 10.0; Win64; x64) AppleWebKit/537.36 (KHTML, like Gecko) Chrome/67.0.3396.99 Safari/537.36',
  'accept' => 'text/html,application/xhtml+xml,application/xml;q=0.9,image/webp,image/apng,*/*;q=0.8',
  'referer' => 'http://www.tpwork.com/index/teachers/course',
  'accept-encoding' => 'gzip, deflate',
  'accept-language' => 'zh-CN,zh;q=0.9,zh-TW;q=0.8',
  'cookie' => 'PHPSESSID=096k87ja6qedbctffruhq24lo7',
)
[ info ] [ PARAM ] array (
  'id' => '1',
  'key' => 'ThinkPHP',
)
[ info ] [ SESSION ] INIT array (
  'id' => '',
  'var_session_id' => '',
  'prefix' => 'think',
  'type' => '',
  'auto_start' => true,
)
[ info ] [ DB ] INIT mysql
[ info ] [ RUN ] app\index\controller\Teachers->CourseDetails[ D:\Vc_PHP\Apache24\htdocs\2018\WorkManagement\shop\application\index\controller\Teachers.php ]
[ info ] [ VIEW ] D:\Vc_PHP\Apache24\htdocs\2018\WorkManagement\shop\public/../application/index\view\teachers\coursedetails.html [ array (
  0 => 'data',
  1 => 'page',
  2 => 'course',
) ]
[ info ] [ RUN ] app\index\widget\Widgets->Teachers[ D:\Vc_PHP\Apache24\htdocs\2018\WorkManagement\shop\application\index\widget\Widgets.php ]
[ info ] [ VIEW ] D:\Vc_PHP\Apache24\htdocs\2018\WorkManagement\shop\public/../application/index\view\widgets\teachers.html [ array (
  0 => 'data',
  1 => 'page',
  2 => 'course',
) ]
[ info ] [ LOG ] INIT File
[ sql ] [ DB ] CONNECT:[ UseTime:0.000807s ] mysql:host=127.0.0.1;port=3306;dbname=workmsg;charset=utf8
[ sql ] [ SQL ] SHOW COLUMNS FROM `teachers` [ RunTime:0.034012s ]
[ sql ] [ SQL ] SELECT * FROM `teachers` WHERE  `number` = '123456789'  AND `pass` = '82b670deb0331979dceb2ce8c797c4e6' [ RunTime:0.000565s ]
[ sql ] [ SQL ] SELECT * FROM `teachers` WHERE  `number` = '123456789'  AND `state` = 0  AND `department_id` <> 0 [ RunTime:0.000459s ]
[ sql ] [ SQL ] SELECT `Id` FROM `teachers` WHERE  `number` = '123456789'  AND `pass` = '82b670deb0331979dceb2ce8c797c4e6' [ RunTime:0.000389s ]
[ sql ] [ SQL ] SHOW COLUMNS FROM `course` [ RunTime:0.024352s ]
[ sql ] [ SQL ] SELECT * FROM `course` WHERE  `Id` = 1  AND `teachers_id` = 16 [ RunTime:0.000393s ]
[ sql ] [ SQL ] SHOW COLUMNS FROM `homework` [ RunTime:0.020703s ]
[ sql ] [ SQL ] SELECT COUNT(*) AS tp_count FROM `homework` WHERE  `course_id` = 1 LIMIT 1 [ RunTime:0.000608s ]
[ sql ] [ SQL ] SELECT * FROM `homework` WHERE  `course_id` = 1 LIMIT 0,8 [ RunTime:0.000608s ]
[ sql ] [ SQL ] SELECT `name`,`number`,`department_id`,`state` FROM `teachers` WHERE  `number` = '123456789'  AND `pass` = '82b670deb0331979dceb2ce8c797c4e6' [ RunTime:0.000468s ]
---------------------------------------------------------------
[ 2018-07-20T10:48:32+08:00 ] 127.0.0.1 GET /static/bootstrap4.0/popper.min.js.map
[ info ] www.tpwork.com/static/bootstrap4.0/popper.min.js.map [运行时间：0.020028s][吞吐率：49.93req/s] [内存消耗：1,721.34kb] [文件加载：38]
[ info ] [ LANG ] D:\Vc_PHP\Apache24\htdocs\2018\WorkManagement\shop\thinkphp\lang\zh-cn.php
[ info ] [ ROUTE ] array (
  'type' => 'module',
  'module' => 
  array (
    0 => 'static',
    1 => 'bootstrap4.0',
    2 => 'popper.min.js.map',
  ),
)
[ info ] [ HEADER ] array (
  'host' => 'www.tpwork.com',
  'connection' => 'keep-alive',
  'user-agent' => 'Mozilla/5.0 (Windows NT 10.0; Win64; x64) AppleWebKit/537.36 (KHTML, like Gecko) Chrome/67.0.3396.99 Safari/537.36',
  'accept-encoding' => 'gzip, deflate',
  'accept-language' => 'zh-CN,zh;q=0.9,zh-TW;q=0.8',
  'cookie' => 'PHPSESSID=096k87ja6qedbctffruhq24lo7',
)
[ info ] [ PARAM ] array (
)
[ info ] [ LOG ] INIT File
---------------------------------------------------------------
[ 2018-07-20T10:48:51+08:00 ] 127.0.0.1 GET /index/index/exitlogin
[ info ] www.tpwork.com/index/index/exitlogin [运行时间：0.040586s][吞吐率：24.64req/s] [内存消耗：2,140.04kb] [文件加载：44]
[ info ] [ LANG ] D:\Vc_PHP\Apache24\htdocs\2018\WorkManagement\shop\thinkphp\lang\zh-cn.php
[ info ] [ ROUTE ] array (
  'type' => 'module',
  'module' => 
  array (
    0 => 'index',
    1 => 'index',
    2 => 'exitlogin',
  ),
)
[ info ] [ HEADER ] array (
  'host' => 'www.tpwork.com',
  'connection' => 'keep-alive',
  'upgrade-insecure-requests' => '1',
  'user-agent' => 'Mozilla/5.0 (Windows NT 10.0; Win64; x64) AppleWebKit/537.36 (KHTML, like Gecko) Chrome/67.0.3396.99 Safari/537.36',
  'accept' => 'text/html,application/xhtml+xml,application/xml;q=0.9,image/webp,image/apng,*/*;q=0.8',
  'referer' => 'http://www.tpwork.com/index/teachers/courseDetails?id=1&key=ThinkPHP',
  'accept-encoding' => 'gzip, deflate',
  'accept-language' => 'zh-CN,zh;q=0.9,zh-TW;q=0.8',
  'cookie' => 'PHPSESSID=096k87ja6qedbctffruhq24lo7',
)
[ info ] [ PARAM ] array (
)
[ info ] [ RUN ] app\index\controller\Index->ExitLogin[ D:\Vc_PHP\Apache24\htdocs\2018\WorkManagement\shop\application\index\controller\Index.php ]
[ info ] [ SESSION ] INIT array (
  'id' => '',
  'var_session_id' => '',
  'prefix' => 'think',
  'type' => '',
  'auto_start' => true,
)
[ info ] [ LOG ] INIT File
---------------------------------------------------------------
[ 2018-07-20T10:48:51+08:00 ] 127.0.0.1 GET /
[ info ] www.tpwork.com/ [运行时间：0.062170s][吞吐率：16.08req/s] [内存消耗：2,125.45kb] [文件加载：43]
[ info ] [ LANG ] D:\Vc_PHP\Apache24\htdocs\2018\WorkManagement\shop\thinkphp\lang\zh-cn.php
[ info ] [ ROUTE ] array (
  'type' => 'module',
  'module' => 
  array (
    0 => '',
    1 => NULL,
    2 => NULL,
  ),
)
[ info ] [ HEADER ] array (
  'host' => 'www.tpwork.com',
  'connection' => 'keep-alive',
  'upgrade-insecure-requests' => '1',
  'user-agent' => 'Mozilla/5.0 (Windows NT 10.0; Win64; x64) AppleWebKit/537.36 (KHTML, like Gecko) Chrome/67.0.3396.99 Safari/537.36',
  'accept' => 'text/html,application/xhtml+xml,application/xml;q=0.9,image/webp,image/apng,*/*;q=0.8',
  'referer' => 'http://www.tpwork.com/index/teachers/courseDetails?id=1&key=ThinkPHP',
  'accept-encoding' => 'gzip, deflate',
  'accept-language' => 'zh-CN,zh;q=0.9,zh-TW;q=0.8',
  'cookie' => 'PHPSESSID=096k87ja6qedbctffruhq24lo7',
)
[ info ] [ PARAM ] array (
)
[ info ] [ SESSION ] INIT array (
  'id' => '',
  'var_session_id' => '',
  'prefix' => 'think',
  'type' => '',
  'auto_start' => true,
)
[ info ] [ RUN ] app\index\controller\Index->index[ D:\Vc_PHP\Apache24\htdocs\2018\WorkManagement\shop\application\index\controller\Index.php ]
[ info ] [ VIEW ] D:\Vc_PHP\Apache24\htdocs\2018\WorkManagement\shop\public/../application/index\view\index\index.html [ array (
) ]
[ info ] [ LOG ] INIT File
---------------------------------------------------------------
[ 2018-07-20T10:48:51+08:00 ] 127.0.0.1 GET /static/bootstrap4.0/popper.min.js.map
[ info ] www.tpwork.com/static/bootstrap4.0/popper.min.js.map [运行时间：0.018881s][吞吐率：52.96req/s] [内存消耗：1,721.34kb] [文件加载：38]
[ info ] [ LANG ] D:\Vc_PHP\Apache24\htdocs\2018\WorkManagement\shop\thinkphp\lang\zh-cn.php
[ info ] [ ROUTE ] array (
  'type' => 'module',
  'module' => 
  array (
    0 => 'static',
    1 => 'bootstrap4.0',
    2 => 'popper.min.js.map',
  ),
)
[ info ] [ HEADER ] array (
  'host' => 'www.tpwork.com',
  'connection' => 'keep-alive',
  'user-agent' => 'Mozilla/5.0 (Windows NT 10.0; Win64; x64) AppleWebKit/537.36 (KHTML, like Gecko) Chrome/67.0.3396.99 Safari/537.36',
  'accept-encoding' => 'gzip, deflate',
  'accept-language' => 'zh-CN,zh;q=0.9,zh-TW;q=0.8',
  'cookie' => 'PHPSESSID=096k87ja6qedbctffruhq24lo7',
)
[ info ] [ PARAM ] array (
)
[ info ] [ LOG ] INIT File
---------------------------------------------------------------
[ 2018-07-20T10:49:01+08:00 ] 127.0.0.1 POST /index/index/login
[ info ] www.tpwork.com/index/index/login [运行时间：0.121683s][吞吐率：8.22req/s] [内存消耗：3,504.20kb] [文件加载：51]
[ info ] [ LANG ] D:\Vc_PHP\Apache24\htdocs\2018\WorkManagement\shop\thinkphp\lang\zh-cn.php
[ info ] [ ROUTE ] array (
  'type' => 'module',
  'module' => 
  array (
    0 => 'index',
    1 => 'index',
    2 => 'login',
  ),
)
[ info ] [ HEADER ] array (
  'host' => 'www.tpwork.com',
  'connection' => 'keep-alive',
  'content-length' => '42',
  'accept' => 'application/json, text/javascript, */*; q=0.01',
  'origin' => 'http://www.tpwork.com',
  'x-requested-with' => 'XMLHttpRequest',
  'user-agent' => 'Mozilla/5.0 (Windows NT 10.0; Win64; x64) AppleWebKit/537.36 (KHTML, like Gecko) Chrome/67.0.3396.99 Safari/537.36',
  'content-type' => 'application/x-www-form-urlencoded; charset=UTF-8',
  'referer' => 'http://www.tpwork.com/',
  'accept-encoding' => 'gzip, deflate',
  'accept-language' => 'zh-CN,zh;q=0.9,zh-TW;q=0.8',
  'cookie' => 'PHPSESSID=096k87ja6qedbctffruhq24lo7',
)
[ info ] [ PARAM ] array (
  'number' => '16301070',
  'pass' => '745730',
  'class_number' => '1',
)
[ info ] [ RUN ] app\index\controller\Index->login[ D:\Vc_PHP\Apache24\htdocs\2018\WorkManagement\shop\application\index\controller\Index.php ]
[ info ] [ DB ] INIT mysql
[ info ] [ SESSION ] INIT array (
  'id' => '',
  'var_session_id' => '',
  'prefix' => 'think',
  'type' => '',
  'auto_start' => true,
)
[ info ] [ LOG ] INIT File
[ sql ] [ DB ] CONNECT:[ UseTime:0.001698s ] mysql:host=127.0.0.1;port=3306;dbname=workmsg;charset=utf8
[ sql ] [ SQL ] SHOW COLUMNS FROM `student` [ RunTime:0.030134s ]
[ sql ] [ SQL ] SELECT * FROM `student` WHERE  `number` = '16301070'  AND `pass` = 'fb7eda5b5d722efa50c104c1fc298078' [ RunTime:0.000684s ]
---------------------------------------------------------------
[ 2018-07-20T10:49:03+08:00 ] 127.0.0.1 GET /index/students
[ info ] www.tpwork.com/index/students [运行时间：0.240590s][吞吐率：4.16req/s] [内存消耗：3,724.13kb] [文件加载：56]
[ info ] [ LANG ] D:\Vc_PHP\Apache24\htdocs\2018\WorkManagement\shop\thinkphp\lang\zh-cn.php
[ info ] [ ROUTE ] array (
  'type' => 'module',
  'module' => 
  array (
    0 => 'index',
    1 => 'students',
    2 => NULL,
  ),
)
[ info ] [ HEADER ] array (
  'host' => 'www.tpwork.com',
  'connection' => 'keep-alive',
  'upgrade-insecure-requests' => '1',
  'user-agent' => 'Mozilla/5.0 (Windows NT 10.0; Win64; x64) AppleWebKit/537.36 (KHTML, like Gecko) Chrome/67.0.3396.99 Safari/537.36',
  'accept' => 'text/html,application/xhtml+xml,application/xml;q=0.9,image/webp,image/apng,*/*;q=0.8',
  'referer' => 'http://www.tpwork.com/',
  'accept-encoding' => 'gzip, deflate',
  'accept-language' => 'zh-CN,zh;q=0.9,zh-TW;q=0.8',
  'cookie' => 'PHPSESSID=096k87ja6qedbctffruhq24lo7',
)
[ info ] [ PARAM ] array (
)
[ info ] [ SESSION ] INIT array (
  'id' => '',
  'var_session_id' => '',
  'prefix' => 'think',
  'type' => '',
  'auto_start' => true,
)
[ info ] [ DB ] INIT mysql
[ info ] [ RUN ] app\index\controller\Students->index[ D:\Vc_PHP\Apache24\htdocs\2018\WorkManagement\shop\application\index\controller\Students.php ]
[ info ] [ VIEW ] D:\Vc_PHP\Apache24\htdocs\2018\WorkManagement\shop\public/../application/index\view\student\index.html [ array (
  0 => 'Details',
) ]
[ info ] [ RUN ] app\index\widget\Widgets->Students[ D:\Vc_PHP\Apache24\htdocs\2018\WorkManagement\shop\application\index\widget\Widgets.php ]
[ info ] [ VIEW ] D:\Vc_PHP\Apache24\htdocs\2018\WorkManagement\shop\public/../application/index\view\widgets\students.html [ array (
  0 => 'Details',
  1 => 'data',
) ]
[ info ] [ LOG ] INIT File
[ sql ] [ DB ] CONNECT:[ UseTime:0.000879s ] mysql:host=127.0.0.1;port=3306;dbname=workmsg;charset=utf8
[ sql ] [ SQL ] SHOW COLUMNS FROM `student` [ RunTime:0.031158s ]
[ sql ] [ SQL ] SELECT * FROM `student` WHERE  `number` = '16301070'  AND `pass` = 'fb7eda5b5d722efa50c104c1fc298078' [ RunTime:0.000760s ]
[ sql ] [ SQL ] SELECT * FROM `student` WHERE  `number` = '16301070'  AND `state` = 0  AND `class_id` <> 0 [ RunTime:0.000850s ]
[ sql ] [ SQL ] SELECT `name`,`number`,`class_id`,`state` FROM `student` WHERE  `number` = '16301070'  AND `pass` = 'fb7eda5b5d722efa50c104c1fc298078' [ RunTime:0.000565s ]
[ sql ] [ SQL ] SELECT `A`.`name`,`A`.`number`,B.name as ClassName FROM `student` `A`,`vc_class` `B` WHERE  (  A.class_id=B.Id and A.number=16301070 ) [ RunTime:0.000379s ]
[ sql ] [ SQL ] SELECT `name`,`number` FROM `student` WHERE  `number` = '16301070'  AND `pass` = 'fb7eda5b5d722efa50c104c1fc298078' [ RunTime:0.000669s ]
---------------------------------------------------------------
[ 2018-07-20T10:49:04+08:00 ] 127.0.0.1 GET /static/bootstrap4.0/popper.min.js.map
[ info ] www.tpwork.com/static/bootstrap4.0/popper.min.js.map [运行时间：0.019281s][吞吐率：51.86req/s] [内存消耗：1,721.34kb] [文件加载：38]
[ info ] [ LANG ] D:\Vc_PHP\Apache24\htdocs\2018\WorkManagement\shop\thinkphp\lang\zh-cn.php
[ info ] [ ROUTE ] array (
  'type' => 'module',
  'module' => 
  array (
    0 => 'static',
    1 => 'bootstrap4.0',
    2 => 'popper.min.js.map',
  ),
)
[ info ] [ HEADER ] array (
  'host' => 'www.tpwork.com',
  'connection' => 'keep-alive',
  'user-agent' => 'Mozilla/5.0 (Windows NT 10.0; Win64; x64) AppleWebKit/537.36 (KHTML, like Gecko) Chrome/67.0.3396.99 Safari/537.36',
  'accept-encoding' => 'gzip, deflate',
  'accept-language' => 'zh-CN,zh;q=0.9,zh-TW;q=0.8',
  'cookie' => 'PHPSESSID=096k87ja6qedbctffruhq24lo7',
)
[ info ] [ PARAM ] array (
)
[ info ] [ LOG ] INIT File
---------------------------------------------------------------
[ 2018-07-20T10:49:19+08:00 ] 127.0.0.1 GET /index/students
[ info ] www.tpwork.com/index/students [运行时间：0.093417s][吞吐率：10.70req/s] [内存消耗：3,531.56kb] [文件加载：54]
[ info ] [ LANG ] D:\Vc_PHP\Apache24\htdocs\2018\WorkManagement\shop\thinkphp\lang\zh-cn.php
[ info ] [ ROUTE ] array (
  'type' => 'module',
  'module' => 
  array (
    0 => 'index',
    1 => 'students',
    2 => NULL,
  ),
)
[ info ] [ HEADER ] array (
  'host' => 'www.tpwork.com',
  'connection' => 'keep-alive',
  'cache-control' => 'max-age=0',
  'upgrade-insecure-requests' => '1',
  'user-agent' => 'Mozilla/5.0 (Windows NT 10.0; Win64; x64) AppleWebKit/537.36 (KHTML, like Gecko) Chrome/67.0.3396.99 Safari/537.36',
  'accept' => 'text/html,application/xhtml+xml,application/xml;q=0.9,image/webp,image/apng,*/*;q=0.8',
  'referer' => 'http://www.tpwork.com/',
  'accept-encoding' => 'gzip, deflate',
  'accept-language' => 'zh-CN,zh;q=0.9,zh-TW;q=0.8',
  'cookie' => 'PHPSESSID=096k87ja6qedbctffruhq24lo7',
)
[ info ] [ PARAM ] array (
)
[ info ] [ SESSION ] INIT array (
  'id' => '',
  'var_session_id' => '',
  'prefix' => 'think',
  'type' => '',
  'auto_start' => true,
)
[ info ] [ DB ] INIT mysql
[ info ] [ RUN ] app\index\controller\Students->index[ D:\Vc_PHP\Apache24\htdocs\2018\WorkManagement\shop\application\index\controller\Students.php ]
[ info ] [ VIEW ] D:\Vc_PHP\Apache24\htdocs\2018\WorkManagement\shop\public/../application/index\view\student\index.html [ array (
  0 => 'Details',
) ]
[ info ] [ RUN ] app\index\widget\Widgets->Students[ D:\Vc_PHP\Apache24\htdocs\2018\WorkManagement\shop\application\index\widget\Widgets.php ]
[ info ] [ VIEW ] D:\Vc_PHP\Apache24\htdocs\2018\WorkManagement\shop\public/../application/index\view\widgets\students.html [ array (
  0 => 'Details',
  1 => 'data',
) ]
[ info ] [ LOG ] INIT File
[ sql ] [ DB ] CONNECT:[ UseTime:0.011405s ] mysql:host=127.0.0.1;port=3306;dbname=workmsg;charset=utf8
[ sql ] [ SQL ] SHOW COLUMNS FROM `student` [ RunTime:0.029968s ]
[ sql ] [ SQL ] SELECT * FROM `student` WHERE  `number` = '16301070'  AND `pass` = 'fb7eda5b5d722efa50c104c1fc298078' [ RunTime:0.000617s ]
[ sql ] [ SQL ] SELECT * FROM `student` WHERE  `number` = '16301070'  AND `state` = 0  AND `class_id` <> 0 [ RunTime:0.000501s ]
[ sql ] [ SQL ] SELECT `name`,`number`,`class_id`,`state` FROM `student` WHERE  `number` = '16301070'  AND `pass` = 'fb7eda5b5d722efa50c104c1fc298078' [ RunTime:0.000390s ]
[ sql ] [ SQL ] SELECT `A`.`name`,`A`.`number`,B.name as ClassName FROM `student` `A`,`vc_class` `B` WHERE  (  A.class_id=B.Id and A.number=16301070 ) [ RunTime:0.000439s ]
[ sql ] [ SQL ] SELECT `name`,`number` FROM `student` WHERE  `number` = '16301070'  AND `pass` = 'fb7eda5b5d722efa50c104c1fc298078' [ RunTime:0.000529s ]
---------------------------------------------------------------
[ 2018-07-20T10:49:19+08:00 ] 127.0.0.1 GET /static/bootstrap4.0/popper.min.js.map
[ info ] www.tpwork.com/static/bootstrap4.0/popper.min.js.map [运行时间：0.019437s][吞吐率：51.45req/s] [内存消耗：1,721.34kb] [文件加载：38]
[ info ] [ LANG ] D:\Vc_PHP\Apache24\htdocs\2018\WorkManagement\shop\thinkphp\lang\zh-cn.php
[ info ] [ ROUTE ] array (
  'type' => 'module',
  'module' => 
  array (
    0 => 'static',
    1 => 'bootstrap4.0',
    2 => 'popper.min.js.map',
  ),
)
[ info ] [ HEADER ] array (
  'host' => 'www.tpwork.com',
  'connection' => 'keep-alive',
  'user-agent' => 'Mozilla/5.0 (Windows NT 10.0; Win64; x64) AppleWebKit/537.36 (KHTML, like Gecko) Chrome/67.0.3396.99 Safari/537.36',
  'accept-encoding' => 'gzip, deflate',
  'accept-language' => 'zh-CN,zh;q=0.9,zh-TW;q=0.8',
  'cookie' => 'PHPSESSID=096k87ja6qedbctffruhq24lo7',
)
[ info ] [ PARAM ] array (
)
[ info ] [ LOG ] INIT File
---------------------------------------------------------------
[ 2018-07-20T23:31:52+08:00 ] 127.0.0.1 GET /
[ info ] www.tpwork.com/ [运行时间：0.706508s][吞吐率：1.42req/s] [内存消耗：2,123.96kb] [文件加载：43]
[ info ] [ LANG ] D:\Vc_PHP\Apache24\htdocs\2018\WorkManagement\shop\thinkphp\lang\zh-cn.php
[ info ] [ ROUTE ] array (
  'type' => 'module',
  'module' => 
  array (
    0 => '',
    1 => NULL,
    2 => NULL,
  ),
)
[ info ] [ HEADER ] array (
  'host' => 'www.tpwork.com',
  'connection' => 'keep-alive',
  'upgrade-insecure-requests' => '1',
  'user-agent' => 'Mozilla/5.0 (Windows NT 10.0; Win64; x64) AppleWebKit/537.36 (KHTML, like Gecko) Chrome/67.0.3396.99 Safari/537.36',
  'accept' => 'text/html,application/xhtml+xml,application/xml;q=0.9,image/webp,image/apng,*/*;q=0.8',
  'accept-encoding' => 'gzip, deflate',
  'accept-language' => 'zh-CN,zh;q=0.9,zh-TW;q=0.8',
)
[ info ] [ PARAM ] array (
)
[ info ] [ SESSION ] INIT array (
  'id' => '',
  'var_session_id' => '',
  'prefix' => 'think',
  'type' => '',
  'auto_start' => true,
)
[ info ] [ RUN ] app\index\controller\Index->index[ D:\Vc_PHP\Apache24\htdocs\2018\WorkManagement\shop\application\index\controller\Index.php ]
[ info ] [ VIEW ] D:\Vc_PHP\Apache24\htdocs\2018\WorkManagement\shop\public/../application/index\view\index\index.html [ array (
) ]
[ info ] [ LOG ] INIT File
---------------------------------------------------------------
[ 2018-07-20T23:32:00+08:00 ] 127.0.0.1 POST /index/index/login
[ info ] www.tpwork.com/index/index/login [运行时间：0.226649s][吞吐率：4.41req/s] [内存消耗：3,504.13kb] [文件加载：51]
[ info ] [ LANG ] D:\Vc_PHP\Apache24\htdocs\2018\WorkManagement\shop\thinkphp\lang\zh-cn.php
[ info ] [ ROUTE ] array (
  'type' => 'module',
  'module' => 
  array (
    0 => 'index',
    1 => 'index',
    2 => 'login',
  ),
)
[ info ] [ HEADER ] array (
  'host' => 'www.tpwork.com',
  'connection' => 'keep-alive',
  'content-length' => '42',
  'accept' => 'application/json, text/javascript, */*; q=0.01',
  'origin' => 'http://www.tpwork.com',
  'x-requested-with' => 'XMLHttpRequest',
  'user-agent' => 'Mozilla/5.0 (Windows NT 10.0; Win64; x64) AppleWebKit/537.36 (KHTML, like Gecko) Chrome/67.0.3396.99 Safari/537.36',
  'content-type' => 'application/x-www-form-urlencoded; charset=UTF-8',
  'referer' => 'http://www.tpwork.com/',
  'accept-encoding' => 'gzip, deflate',
  'accept-language' => 'zh-CN,zh;q=0.9,zh-TW;q=0.8',
  'cookie' => 'PHPSESSID=f4hqsep0gp1ag1dtrrlm2c6vf6',
)
[ info ] [ PARAM ] array (
  'number' => '16301070',
  'pass' => '745730',
  'class_number' => '1',
)
[ info ] [ RUN ] app\index\controller\Index->login[ D:\Vc_PHP\Apache24\htdocs\2018\WorkManagement\shop\application\index\controller\Index.php ]
[ info ] [ DB ] INIT mysql
[ info ] [ SESSION ] INIT array (
  'id' => '',
  'var_session_id' => '',
  'prefix' => 'think',
  'type' => '',
  'auto_start' => true,
)
[ info ] [ LOG ] INIT File
[ sql ] [ DB ] CONNECT:[ UseTime:0.001043s ] mysql:host=127.0.0.1;port=3306;dbname=workmsg;charset=utf8
[ sql ] [ SQL ] SHOW COLUMNS FROM `student` [ RunTime:0.030493s ]
[ sql ] [ SQL ] SELECT * FROM `student` WHERE  `number` = '16301070'  AND `pass` = 'fb7eda5b5d722efa50c104c1fc298078' [ RunTime:0.000579s ]
---------------------------------------------------------------
[ 2018-07-20T23:32:02+08:00 ] 127.0.0.1 GET /index/students
[ info ] www.tpwork.com/index/students [运行时间：0.230745s][吞吐率：4.33req/s] [内存消耗：3,724.13kb] [文件加载：56]
[ info ] [ LANG ] D:\Vc_PHP\Apache24\htdocs\2018\WorkManagement\shop\thinkphp\lang\zh-cn.php
[ info ] [ ROUTE ] array (
  'type' => 'module',
  'module' => 
  array (
    0 => 'index',
    1 => 'students',
    2 => NULL,
  ),
)
[ info ] [ HEADER ] array (
  'host' => 'www.tpwork.com',
  'connection' => 'keep-alive',
  'upgrade-insecure-requests' => '1',
  'user-agent' => 'Mozilla/5.0 (Windows NT 10.0; Win64; x64) AppleWebKit/537.36 (KHTML, like Gecko) Chrome/67.0.3396.99 Safari/537.36',
  'accept' => 'text/html,application/xhtml+xml,application/xml;q=0.9,image/webp,image/apng,*/*;q=0.8',
  'referer' => 'http://www.tpwork.com/',
  'accept-encoding' => 'gzip, deflate',
  'accept-language' => 'zh-CN,zh;q=0.9,zh-TW;q=0.8',
  'cookie' => 'PHPSESSID=f4hqsep0gp1ag1dtrrlm2c6vf6',
)
[ info ] [ PARAM ] array (
)
[ info ] [ SESSION ] INIT array (
  'id' => '',
  'var_session_id' => '',
  'prefix' => 'think',
  'type' => '',
  'auto_start' => true,
)
[ info ] [ DB ] INIT mysql
[ info ] [ RUN ] app\index\controller\Students->index[ D:\Vc_PHP\Apache24\htdocs\2018\WorkManagement\shop\application\index\controller\Students.php ]
[ info ] [ VIEW ] D:\Vc_PHP\Apache24\htdocs\2018\WorkManagement\shop\public/../application/index\view\student\index.html [ array (
  0 => 'Details',
) ]
[ info ] [ RUN ] app\index\widget\Widgets->Students[ D:\Vc_PHP\Apache24\htdocs\2018\WorkManagement\shop\application\index\widget\Widgets.php ]
[ info ] [ VIEW ] D:\Vc_PHP\Apache24\htdocs\2018\WorkManagement\shop\public/../application/index\view\widgets\students.html [ array (
  0 => 'Details',
  1 => 'data',
) ]
[ info ] [ LOG ] INIT File
[ sql ] [ DB ] CONNECT:[ UseTime:0.010714s ] mysql:host=127.0.0.1;port=3306;dbname=workmsg;charset=utf8
[ sql ] [ SQL ] SHOW COLUMNS FROM `student` [ RunTime:0.032169s ]
[ sql ] [ SQL ] SELECT * FROM `student` WHERE  `number` = '16301070'  AND `pass` = 'fb7eda5b5d722efa50c104c1fc298078' [ RunTime:0.000610s ]
[ sql ] [ SQL ] SELECT * FROM `student` WHERE  `number` = '16301070'  AND `state` = 0  AND `class_id` <> 0 [ RunTime:0.000573s ]
[ sql ] [ SQL ] SELECT `name`,`number`,`class_id`,`state` FROM `student` WHERE  `number` = '16301070'  AND `pass` = 'fb7eda5b5d722efa50c104c1fc298078' [ RunTime:0.000457s ]
[ sql ] [ SQL ] SELECT `A`.`name`,`A`.`number`,B.name as ClassName FROM `student` `A`,`vc_class` `B` WHERE  (  A.class_id=B.Id and A.number=16301070 ) [ RunTime:0.000534s ]
[ sql ] [ SQL ] SELECT `name`,`number` FROM `student` WHERE  `number` = '16301070'  AND `pass` = 'fb7eda5b5d722efa50c104c1fc298078' [ RunTime:0.000663s ]
---------------------------------------------------------------
[ 2018-07-20T23:32:04+08:00 ] 127.0.0.1 GET /index/students/course
[ info ] www.tpwork.com/index/students/course [运行时间：0.175408s][吞吐率：5.70req/s] [内存消耗：3,565.17kb] [文件加载：54]
[ info ] [ LANG ] D:\Vc_PHP\Apache24\htdocs\2018\WorkManagement\shop\thinkphp\lang\zh-cn.php
[ info ] [ ROUTE ] array (
  'type' => 'module',
  'module' => 
  array (
    0 => 'index',
    1 => 'students',
    2 => 'course',
  ),
)
[ info ] [ HEADER ] array (
  'host' => 'www.tpwork.com',
  'connection' => 'keep-alive',
  'upgrade-insecure-requests' => '1',
  'user-agent' => 'Mozilla/5.0 (Windows NT 10.0; Win64; x64) AppleWebKit/537.36 (KHTML, like Gecko) Chrome/67.0.3396.99 Safari/537.36',
  'accept' => 'text/html,application/xhtml+xml,application/xml;q=0.9,image/webp,image/apng,*/*;q=0.8',
  'referer' => 'http://www.tpwork.com/index/students',
  'accept-encoding' => 'gzip, deflate',
  'accept-language' => 'zh-CN,zh;q=0.9,zh-TW;q=0.8',
  'cookie' => 'PHPSESSID=f4hqsep0gp1ag1dtrrlm2c6vf6',
)
[ info ] [ PARAM ] array (
)
[ info ] [ SESSION ] INIT array (
  'id' => '',
  'var_session_id' => '',
  'prefix' => 'think',
  'type' => '',
  'auto_start' => true,
)
[ info ] [ DB ] INIT mysql
[ info ] [ LOG ] INIT File
[ sql ] [ DB ] CONNECT:[ UseTime:0.000711s ] mysql:host=127.0.0.1;port=3306;dbname=workmsg;charset=utf8
[ sql ] [ SQL ] SHOW COLUMNS FROM `student` [ RunTime:0.045893s ]
[ sql ] [ SQL ] SELECT * FROM `student` WHERE  `number` = '16301070'  AND `pass` = 'fb7eda5b5d722efa50c104c1fc298078' [ RunTime:0.000509s ]
[ sql ] [ SQL ] SELECT * FROM `student` WHERE  `number` = '16301070'  AND `state` = 0  AND `class_id` <> 0 [ RunTime:0.000334s ]
---------------------------------------------------------------
[ 2018-07-20T23:32:58+08:00 ] 127.0.0.1 GET /index/students/course
[ info ] www.tpwork.com/index/students/course [运行时间：0.084284s][吞吐率：11.86req/s] [内存消耗：3,518.09kb] [文件加载：51]
[ info ] [ LANG ] D:\Vc_PHP\Apache24\htdocs\2018\WorkManagement\shop\thinkphp\lang\zh-cn.php
[ info ] [ ROUTE ] array (
  'type' => 'module',
  'module' => 
  array (
    0 => 'index',
    1 => 'students',
    2 => 'course',
  ),
)
[ info ] [ HEADER ] array (
  'host' => 'www.tpwork.com',
  'connection' => 'keep-alive',
  'pragma' => 'no-cache',
  'cache-control' => 'no-cache',
  'upgrade-insecure-requests' => '1',
  'user-agent' => 'Mozilla/5.0 (Windows NT 10.0; Win64; x64) AppleWebKit/537.36 (KHTML, like Gecko) Chrome/67.0.3396.99 Safari/537.36',
  'accept' => 'text/html,application/xhtml+xml,application/xml;q=0.9,image/webp,image/apng,*/*;q=0.8',
  'referer' => 'http://www.tpwork.com/index/students',
  'accept-encoding' => 'gzip, deflate',
  'accept-language' => 'zh-CN,zh;q=0.9,zh-TW;q=0.8',
  'cookie' => 'PHPSESSID=f4hqsep0gp1ag1dtrrlm2c6vf6',
)
[ info ] [ PARAM ] array (
)
[ info ] [ SESSION ] INIT array (
  'id' => '',
  'var_session_id' => '',
  'prefix' => 'think',
  'type' => '',
  'auto_start' => true,
)
[ info ] [ DB ] INIT mysql
[ info ] [ RUN ] app\index\controller\Students->Course[ D:\Vc_PHP\Apache24\htdocs\2018\WorkManagement\shop\application\index\controller\Students.php ]
[ info ] [ LOG ] INIT File
[ sql ] [ DB ] CONNECT:[ UseTime:0.000875s ] mysql:host=127.0.0.1;port=3306;dbname=workmsg;charset=utf8
[ sql ] [ SQL ] SHOW COLUMNS FROM `student` [ RunTime:0.036820s ]
[ sql ] [ SQL ] SELECT * FROM `student` WHERE  `number` = '16301070'  AND `pass` = 'fb7eda5b5d722efa50c104c1fc298078' [ RunTime:0.000749s ]
[ sql ] [ SQL ] SELECT * FROM `student` WHERE  `number` = '16301070'  AND `state` = 0  AND `class_id` <> 0 [ RunTime:0.000661s ]
---------------------------------------------------------------
[ 2018-07-20T23:32:59+08:00 ] 127.0.0.1 GET /index/students/course
[ info ] www.tpwork.com/index/students/course [运行时间：0.082013s][吞吐率：12.19req/s] [内存消耗：3,518.09kb] [文件加载：51]
[ info ] [ LANG ] D:\Vc_PHP\Apache24\htdocs\2018\WorkManagement\shop\thinkphp\lang\zh-cn.php
[ info ] [ ROUTE ] array (
  'type' => 'module',
  'module' => 
  array (
    0 => 'index',
    1 => 'students',
    2 => 'course',
  ),
)
[ info ] [ HEADER ] array (
  'host' => 'www.tpwork.com',
  'connection' => 'keep-alive',
  'pragma' => 'no-cache',
  'cache-control' => 'no-cache',
  'upgrade-insecure-requests' => '1',
  'user-agent' => 'Mozilla/5.0 (Windows NT 10.0; Win64; x64) AppleWebKit/537.36 (KHTML, like Gecko) Chrome/67.0.3396.99 Safari/537.36',
  'accept' => 'text/html,application/xhtml+xml,application/xml;q=0.9,image/webp,image/apng,*/*;q=0.8',
  'referer' => 'http://www.tpwork.com/index/students',
  'accept-encoding' => 'gzip, deflate',
  'accept-language' => 'zh-CN,zh;q=0.9,zh-TW;q=0.8',
  'cookie' => 'PHPSESSID=f4hqsep0gp1ag1dtrrlm2c6vf6',
)
[ info ] [ PARAM ] array (
)
[ info ] [ SESSION ] INIT array (
  'id' => '',
  'var_session_id' => '',
  'prefix' => 'think',
  'type' => '',
  'auto_start' => true,
)
[ info ] [ DB ] INIT mysql
[ info ] [ RUN ] app\index\controller\Students->Course[ D:\Vc_PHP\Apache24\htdocs\2018\WorkManagement\shop\application\index\controller\Students.php ]
[ info ] [ LOG ] INIT File
[ sql ] [ DB ] CONNECT:[ UseTime:0.000861s ] mysql:host=127.0.0.1;port=3306;dbname=workmsg;charset=utf8
[ sql ] [ SQL ] SHOW COLUMNS FROM `student` [ RunTime:0.037115s ]
[ sql ] [ SQL ] SELECT * FROM `student` WHERE  `number` = '16301070'  AND `pass` = 'fb7eda5b5d722efa50c104c1fc298078' [ RunTime:0.000480s ]
[ sql ] [ SQL ] SELECT * FROM `student` WHERE  `number` = '16301070'  AND `state` = 0  AND `class_id` <> 0 [ RunTime:0.000342s ]
---------------------------------------------------------------
[ 2018-07-20T23:46:32+08:00 ] 127.0.0.1 GET /index/students/GetMyData
[ info ] www.tpwork.com/index/students/GetMyData [运行时间：0.084368s][吞吐率：11.85req/s] [内存消耗：3,564.00kb] [文件加载：53]
[ info ] [ LANG ] D:\Vc_PHP\Apache24\htdocs\2018\WorkManagement\shop\thinkphp\lang\zh-cn.php
[ info ] [ ROUTE ] array (
  'type' => 'module',
  'module' => 
  array (
    0 => 'index',
    1 => 'students',
    2 => 'GetMyData',
  ),
)
[ info ] [ HEADER ] array (
  'host' => 'www.tpwork.com',
  'connection' => 'keep-alive',
  'upgrade-insecure-requests' => '1',
  'user-agent' => 'Mozilla/5.0 (Windows NT 10.0; Win64; x64) AppleWebKit/537.36 (KHTML, like Gecko) Chrome/67.0.3396.99 Safari/537.36',
  'accept' => 'text/html,application/xhtml+xml,application/xml;q=0.9,image/webp,image/apng,*/*;q=0.8',
  'accept-encoding' => 'gzip, deflate',
  'accept-language' => 'zh-CN,zh;q=0.9,zh-TW;q=0.8',
  'cookie' => 'PHPSESSID=f4hqsep0gp1ag1dtrrlm2c6vf6',
)
[ info ] [ PARAM ] array (
)
[ info ] [ SESSION ] INIT array (
  'id' => '',
  'var_session_id' => '',
  'prefix' => 'think',
  'type' => '',
  'auto_start' => true,
)
[ info ] [ DB ] INIT mysql
[ info ] [ RUN ] app\index\controller\Students->GetMyData[ D:\Vc_PHP\Apache24\htdocs\2018\WorkManagement\shop\application\index\controller\Students.php ]
[ info ] [ LOG ] INIT File
[ sql ] [ DB ] CONNECT:[ UseTime:0.000851s ] mysql:host=127.0.0.1;port=3306;dbname=workmsg;charset=utf8
[ sql ] [ SQL ] SHOW COLUMNS FROM `student` [ RunTime:0.034317s ]
[ sql ] [ SQL ] SELECT * FROM `student` WHERE  `number` = '16301070'  AND `pass` = 'fb7eda5b5d722efa50c104c1fc298078' [ RunTime:0.000600s ]
[ sql ] [ SQL ] SELECT * FROM `student` WHERE  `number` = '16301070'  AND `state` = 0  AND `class_id` <> 0 [ RunTime:0.000339s ]
[ sql ] [ SQL ] SELECT * FROM `student` WHERE  `number` = '16301070'  AND `pass` = 'fb7eda5b5d722efa50c104c1fc298078' [ RunTime:0.000382s ]
[ error ] [0]variable type error： array[D:\Vc_PHP\Apache24\htdocs\2018\WorkManagement\shop\thinkphp\library\think\Response.php:318]
---------------------------------------------------------------
[ 2018-07-20T23:46:40+08:00 ] 127.0.0.1 GET /index/students/c
[ info ] www.tpwork.com/index/students/c [运行时间：0.094738s][吞吐率：10.56req/s] [内存消耗：3,567.11kb] [文件加载：54]
[ info ] [ LANG ] D:\Vc_PHP\Apache24\htdocs\2018\WorkManagement\shop\thinkphp\lang\zh-cn.php
[ info ] [ ROUTE ] array (
  'type' => 'module',
  'module' => 
  array (
    0 => 'index',
    1 => 'students',
    2 => 'c',
  ),
)
[ info ] [ HEADER ] array (
  'host' => 'www.tpwork.com',
  'connection' => 'keep-alive',
  'upgrade-insecure-requests' => '1',
  'user-agent' => 'Mozilla/5.0 (Windows NT 10.0; Win64; x64) AppleWebKit/537.36 (KHTML, like Gecko) Chrome/67.0.3396.99 Safari/537.36',
  'accept' => 'text/html,application/xhtml+xml,application/xml;q=0.9,image/webp,image/apng,*/*;q=0.8',
  'accept-encoding' => 'gzip, deflate',
  'accept-language' => 'zh-CN,zh;q=0.9,zh-TW;q=0.8',
  'cookie' => 'PHPSESSID=f4hqsep0gp1ag1dtrrlm2c6vf6',
)
[ info ] [ PARAM ] array (
)
[ info ] [ SESSION ] INIT array (
  'id' => '',
  'var_session_id' => '',
  'prefix' => 'think',
  'type' => '',
  'auto_start' => true,
)
[ info ] [ DB ] INIT mysql
[ info ] [ LOG ] INIT File
[ sql ] [ DB ] CONNECT:[ UseTime:0.000769s ] mysql:host=127.0.0.1;port=3306;dbname=workmsg;charset=utf8
[ sql ] [ SQL ] SHOW COLUMNS FROM `student` [ RunTime:0.037162s ]
[ sql ] [ SQL ] SELECT * FROM `student` WHERE  `number` = '16301070'  AND `pass` = 'fb7eda5b5d722efa50c104c1fc298078' [ RunTime:0.000618s ]
[ sql ] [ SQL ] SELECT * FROM `student` WHERE  `number` = '16301070'  AND `state` = 0  AND `class_id` <> 0 [ RunTime:0.000761s ]
---------------------------------------------------------------
[ 2018-07-20T23:46:49+08:00 ] 127.0.0.1 GET /index/students/course
[ info ] www.tpwork.com/index/students/course [运行时间：0.088643s][吞吐率：11.28req/s] [内存消耗：3,519.45kb] [文件加载：51]
[ info ] [ LANG ] D:\Vc_PHP\Apache24\htdocs\2018\WorkManagement\shop\thinkphp\lang\zh-cn.php
[ info ] [ ROUTE ] array (
  'type' => 'module',
  'module' => 
  array (
    0 => 'index',
    1 => 'students',
    2 => 'course',
  ),
)
[ info ] [ HEADER ] array (
  'host' => 'www.tpwork.com',
  'connection' => 'keep-alive',
  'upgrade-insecure-requests' => '1',
  'user-agent' => 'Mozilla/5.0 (Windows NT 10.0; Win64; x64) AppleWebKit/537.36 (KHTML, like Gecko) Chrome/67.0.3396.99 Safari/537.36',
  'accept' => 'text/html,application/xhtml+xml,application/xml;q=0.9,image/webp,image/apng,*/*;q=0.8',
  'accept-encoding' => 'gzip, deflate',
  'accept-language' => 'zh-CN,zh;q=0.9,zh-TW;q=0.8',
  'cookie' => 'PHPSESSID=f4hqsep0gp1ag1dtrrlm2c6vf6',
)
[ info ] [ PARAM ] array (
)
[ info ] [ SESSION ] INIT array (
  'id' => '',
  'var_session_id' => '',
  'prefix' => 'think',
  'type' => '',
  'auto_start' => true,
)
[ info ] [ DB ] INIT mysql
[ info ] [ RUN ] app\index\controller\Students->Course[ D:\Vc_PHP\Apache24\htdocs\2018\WorkManagement\shop\application\index\controller\Students.php ]
[ info ] [ LOG ] INIT File
[ sql ] [ DB ] CONNECT:[ UseTime:0.000777s ] mysql:host=127.0.0.1;port=3306;dbname=workmsg;charset=utf8
[ sql ] [ SQL ] SHOW COLUMNS FROM `student` [ RunTime:0.043451s ]
[ sql ] [ SQL ] SELECT * FROM `student` WHERE  `number` = '16301070'  AND `pass` = 'fb7eda5b5d722efa50c104c1fc298078' [ RunTime:0.000409s ]
[ sql ] [ SQL ] SELECT * FROM `student` WHERE  `number` = '16301070'  AND `state` = 0  AND `class_id` <> 0 [ RunTime:0.000309s ]
---------------------------------------------------------------
[ 2018-07-20T23:46:51+08:00 ] 127.0.0.1 GET /index/students/course
[ info ] www.tpwork.com/index/students/course [运行时间：0.078414s][吞吐率：12.75req/s] [内存消耗：3,519.84kb] [文件加载：51]
[ info ] [ LANG ] D:\Vc_PHP\Apache24\htdocs\2018\WorkManagement\shop\thinkphp\lang\zh-cn.php
[ info ] [ ROUTE ] array (
  'type' => 'module',
  'module' => 
  array (
    0 => 'index',
    1 => 'students',
    2 => 'course',
  ),
)
[ info ] [ HEADER ] array (
  'host' => 'www.tpwork.com',
  'connection' => 'keep-alive',
  'cache-control' => 'max-age=0',
  'upgrade-insecure-requests' => '1',
  'user-agent' => 'Mozilla/5.0 (Windows NT 10.0; Win64; x64) AppleWebKit/537.36 (KHTML, like Gecko) Chrome/67.0.3396.99 Safari/537.36',
  'accept' => 'text/html,application/xhtml+xml,application/xml;q=0.9,image/webp,image/apng,*/*;q=0.8',
  'accept-encoding' => 'gzip, deflate',
  'accept-language' => 'zh-CN,zh;q=0.9,zh-TW;q=0.8',
  'cookie' => 'PHPSESSID=f4hqsep0gp1ag1dtrrlm2c6vf6',
)
[ info ] [ PARAM ] array (
)
[ info ] [ SESSION ] INIT array (
  'id' => '',
  'var_session_id' => '',
  'prefix' => 'think',
  'type' => '',
  'auto_start' => true,
)
[ info ] [ DB ] INIT mysql
[ info ] [ RUN ] app\index\controller\Students->Course[ D:\Vc_PHP\Apache24\htdocs\2018\WorkManagement\shop\application\index\controller\Students.php ]
[ info ] [ LOG ] INIT File
[ sql ] [ DB ] CONNECT:[ UseTime:0.001071s ] mysql:host=127.0.0.1;port=3306;dbname=workmsg;charset=utf8
[ sql ] [ SQL ] SHOW COLUMNS FROM `student` [ RunTime:0.040880s ]
[ sql ] [ SQL ] SELECT * FROM `student` WHERE  `number` = '16301070'  AND `pass` = 'fb7eda5b5d722efa50c104c1fc298078' [ RunTime:0.000467s ]
[ sql ] [ SQL ] SELECT * FROM `student` WHERE  `number` = '16301070'  AND `state` = 0  AND `class_id` <> 0 [ RunTime:0.000312s ]
