---------------------------------------------------------------
[ 2018-07-28T00:00:05+08:00 ] 127.0.0.1 GET /wpad.dat
[ info ] wpad.com/wpad.dat [运行时间：0.021647s][吞吐率：46.20req/s] [内存消耗：1,720.08kb] [文件加载：38]
[ info ] [ LANG ] D:\Vc_PHP\Apache24\htdocs\2018\WorkManagement\shop\thinkphp\lang\zh-cn.php
[ info ] [ ROUTE ] array (
  'type' => 'module',
  'module' => 
  array (
    0 => 'wpad.dat',
    1 => NULL,
    2 => NULL,
  ),
)
[ info ] [ HEADER ] array (
  'connection' => 'Keep-Alive',
  'accept' => '*/*',
  'user-agent' => 'WinHttp-Autoproxy-Service/5.1',
  'host' => 'wpad.com',
)
[ info ] [ PARAM ] array (
)
[ info ] [ LOG ] INIT File
---------------------------------------------------------------
[ 2018-07-28T00:10:05+08:00 ] 127.0.0.1 GET /wpad.dat
[ info ] wpad.com/wpad.dat [运行时间：0.020768s][吞吐率：48.15req/s] [内存消耗：1,720.08kb] [文件加载：38]
[ info ] [ LANG ] D:\Vc_PHP\Apache24\htdocs\2018\WorkManagement\shop\thinkphp\lang\zh-cn.php
[ info ] [ ROUTE ] array (
  'type' => 'module',
  'module' => 
  array (
    0 => 'wpad.dat',
    1 => NULL,
    2 => NULL,
  ),
)
[ info ] [ HEADER ] array (
  'connection' => 'Keep-Alive',
  'accept' => '*/*',
  'user-agent' => 'WinHttp-Autoproxy-Service/5.1',
  'host' => 'wpad.com',
)
[ info ] [ PARAM ] array (
)
[ info ] [ LOG ] INIT File
---------------------------------------------------------------
[ 2018-07-28T00:20:05+08:00 ] 127.0.0.1 GET /wpad.dat
[ info ] wpad.com/wpad.dat [运行时间：0.034223s][吞吐率：29.22req/s] [内存消耗：1,720.08kb] [文件加载：38]
[ info ] [ LANG ] D:\Vc_PHP\Apache24\htdocs\2018\WorkManagement\shop\thinkphp\lang\zh-cn.php
[ info ] [ ROUTE ] array (
  'type' => 'module',
  'module' => 
  array (
    0 => 'wpad.dat',
    1 => NULL,
    2 => NULL,
  ),
)
[ info ] [ HEADER ] array (
  'connection' => 'Keep-Alive',
  'accept' => '*/*',
  'user-agent' => 'WinHttp-Autoproxy-Service/5.1',
  'host' => 'wpad.com',
)
[ info ] [ PARAM ] array (
)
[ info ] [ LOG ] INIT File
---------------------------------------------------------------
[ 2018-07-28T00:30:05+08:00 ] 127.0.0.1 GET /wpad.dat
[ info ] wpad.com/wpad.dat [运行时间：0.021720s][吞吐率：46.04req/s] [内存消耗：1,720.08kb] [文件加载：38]
[ info ] [ LANG ] D:\Vc_PHP\Apache24\htdocs\2018\WorkManagement\shop\thinkphp\lang\zh-cn.php
[ info ] [ ROUTE ] array (
  'type' => 'module',
  'module' => 
  array (
    0 => 'wpad.dat',
    1 => NULL,
    2 => NULL,
  ),
)
[ info ] [ HEADER ] array (
  'connection' => 'Keep-Alive',
  'accept' => '*/*',
  'user-agent' => 'WinHttp-Autoproxy-Service/5.1',
  'host' => 'wpad.com',
)
[ info ] [ PARAM ] array (
)
[ info ] [ LOG ] INIT File
---------------------------------------------------------------
[ 2018-07-28T00:40:05+08:00 ] 127.0.0.1 GET /wpad.dat
[ info ] wpad.com/wpad.dat [运行时间：0.034780s][吞吐率：28.75req/s] [内存消耗：1,720.08kb] [文件加载：38]
[ info ] [ LANG ] D:\Vc_PHP\Apache24\htdocs\2018\WorkManagement\shop\thinkphp\lang\zh-cn.php
[ info ] [ ROUTE ] array (
  'type' => 'module',
  'module' => 
  array (
    0 => 'wpad.dat',
    1 => NULL,
    2 => NULL,
  ),
)
[ info ] [ HEADER ] array (
  'connection' => 'Keep-Alive',
  'accept' => '*/*',
  'user-agent' => 'WinHttp-Autoproxy-Service/5.1',
  'host' => 'wpad.com',
)
[ info ] [ PARAM ] array (
)
[ info ] [ LOG ] INIT File
---------------------------------------------------------------
[ 2018-07-28T00:50:05+08:00 ] 127.0.0.1 GET /wpad.dat
[ info ] wpad.com/wpad.dat [运行时间：0.020428s][吞吐率：48.95req/s] [内存消耗：1,720.08kb] [文件加载：38]
[ info ] [ LANG ] D:\Vc_PHP\Apache24\htdocs\2018\WorkManagement\shop\thinkphp\lang\zh-cn.php
[ info ] [ ROUTE ] array (
  'type' => 'module',
  'module' => 
  array (
    0 => 'wpad.dat',
    1 => NULL,
    2 => NULL,
  ),
)
[ info ] [ HEADER ] array (
  'connection' => 'Keep-Alive',
  'accept' => '*/*',
  'user-agent' => 'WinHttp-Autoproxy-Service/5.1',
  'host' => 'wpad.com',
)
[ info ] [ PARAM ] array (
)
[ info ] [ LOG ] INIT File
---------------------------------------------------------------
[ 2018-07-28T01:00:05+08:00 ] 127.0.0.1 GET /wpad.dat
[ info ] wpad.com/wpad.dat [运行时间：0.032771s][吞吐率：30.51req/s] [内存消耗：1,720.08kb] [文件加载：38]
[ info ] [ LANG ] D:\Vc_PHP\Apache24\htdocs\2018\WorkManagement\shop\thinkphp\lang\zh-cn.php
[ info ] [ ROUTE ] array (
  'type' => 'module',
  'module' => 
  array (
    0 => 'wpad.dat',
    1 => NULL,
    2 => NULL,
  ),
)
[ info ] [ HEADER ] array (
  'connection' => 'Keep-Alive',
  'accept' => '*/*',
  'user-agent' => 'WinHttp-Autoproxy-Service/5.1',
  'host' => 'wpad.com',
)
[ info ] [ PARAM ] array (
)
[ info ] [ LOG ] INIT File
---------------------------------------------------------------
[ 2018-07-28T01:10:05+08:00 ] 127.0.0.1 GET /wpad.dat
[ info ] wpad.com/wpad.dat [运行时间：0.024895s][吞吐率：40.17req/s] [内存消耗：1,720.08kb] [文件加载：38]
[ info ] [ LANG ] D:\Vc_PHP\Apache24\htdocs\2018\WorkManagement\shop\thinkphp\lang\zh-cn.php
[ info ] [ ROUTE ] array (
  'type' => 'module',
  'module' => 
  array (
    0 => 'wpad.dat',
    1 => NULL,
    2 => NULL,
  ),
)
[ info ] [ HEADER ] array (
  'connection' => 'Keep-Alive',
  'accept' => '*/*',
  'user-agent' => 'WinHttp-Autoproxy-Service/5.1',
  'host' => 'wpad.com',
)
[ info ] [ PARAM ] array (
)
[ info ] [ LOG ] INIT File
---------------------------------------------------------------
[ 2018-07-28T01:20:05+08:00 ] 127.0.0.1 GET /wpad.dat
[ info ] wpad.com/wpad.dat [运行时间：0.028324s][吞吐率：35.31req/s] [内存消耗：1,720.08kb] [文件加载：38]
[ info ] [ LANG ] D:\Vc_PHP\Apache24\htdocs\2018\WorkManagement\shop\thinkphp\lang\zh-cn.php
[ info ] [ ROUTE ] array (
  'type' => 'module',
  'module' => 
  array (
    0 => 'wpad.dat',
    1 => NULL,
    2 => NULL,
  ),
)
[ info ] [ HEADER ] array (
  'connection' => 'Keep-Alive',
  'accept' => '*/*',
  'user-agent' => 'WinHttp-Autoproxy-Service/5.1',
  'host' => 'wpad.com',
)
[ info ] [ PARAM ] array (
)
[ info ] [ LOG ] INIT File
---------------------------------------------------------------
[ 2018-07-28T01:30:05+08:00 ] 127.0.0.1 GET /wpad.dat
[ info ] wpad.com/wpad.dat [运行时间：0.030511s][吞吐率：32.77req/s] [内存消耗：1,720.08kb] [文件加载：38]
[ info ] [ LANG ] D:\Vc_PHP\Apache24\htdocs\2018\WorkManagement\shop\thinkphp\lang\zh-cn.php
[ info ] [ ROUTE ] array (
  'type' => 'module',
  'module' => 
  array (
    0 => 'wpad.dat',
    1 => NULL,
    2 => NULL,
  ),
)
[ info ] [ HEADER ] array (
  'connection' => 'Keep-Alive',
  'accept' => '*/*',
  'user-agent' => 'WinHttp-Autoproxy-Service/5.1',
  'host' => 'wpad.com',
)
[ info ] [ PARAM ] array (
)
[ info ] [ LOG ] INIT File
---------------------------------------------------------------
[ 2018-07-28T01:40:05+08:00 ] 127.0.0.1 GET /wpad.dat
[ info ] wpad.com/wpad.dat [运行时间：0.034128s][吞吐率：29.30req/s] [内存消耗：1,720.08kb] [文件加载：38]
[ info ] [ LANG ] D:\Vc_PHP\Apache24\htdocs\2018\WorkManagement\shop\thinkphp\lang\zh-cn.php
[ info ] [ ROUTE ] array (
  'type' => 'module',
  'module' => 
  array (
    0 => 'wpad.dat',
    1 => NULL,
    2 => NULL,
  ),
)
[ info ] [ HEADER ] array (
  'connection' => 'Keep-Alive',
  'accept' => '*/*',
  'user-agent' => 'WinHttp-Autoproxy-Service/5.1',
  'host' => 'wpad.com',
)
[ info ] [ PARAM ] array (
)
[ info ] [ LOG ] INIT File
---------------------------------------------------------------
[ 2018-07-28T01:50:05+08:00 ] 127.0.0.1 GET /wpad.dat
[ info ] wpad.com/wpad.dat [运行时间：0.031866s][吞吐率：31.38req/s] [内存消耗：1,720.08kb] [文件加载：38]
[ info ] [ LANG ] D:\Vc_PHP\Apache24\htdocs\2018\WorkManagement\shop\thinkphp\lang\zh-cn.php
[ info ] [ ROUTE ] array (
  'type' => 'module',
  'module' => 
  array (
    0 => 'wpad.dat',
    1 => NULL,
    2 => NULL,
  ),
)
[ info ] [ HEADER ] array (
  'connection' => 'Keep-Alive',
  'accept' => '*/*',
  'user-agent' => 'WinHttp-Autoproxy-Service/5.1',
  'host' => 'wpad.com',
)
[ info ] [ PARAM ] array (
)
[ info ] [ LOG ] INIT File
---------------------------------------------------------------
[ 2018-07-28T02:00:06+08:00 ] 127.0.0.1 GET /wpad.dat
[ info ] wpad.com/wpad.dat [运行时间：0.020399s][吞吐率：49.02req/s] [内存消耗：1,720.08kb] [文件加载：38]
[ info ] [ LANG ] D:\Vc_PHP\Apache24\htdocs\2018\WorkManagement\shop\thinkphp\lang\zh-cn.php
[ info ] [ ROUTE ] array (
  'type' => 'module',
  'module' => 
  array (
    0 => 'wpad.dat',
    1 => NULL,
    2 => NULL,
  ),
)
[ info ] [ HEADER ] array (
  'connection' => 'Keep-Alive',
  'accept' => '*/*',
  'user-agent' => 'WinHttp-Autoproxy-Service/5.1',
  'host' => 'wpad.com',
)
[ info ] [ PARAM ] array (
)
[ info ] [ LOG ] INIT File
---------------------------------------------------------------
[ 2018-07-28T02:10:06+08:00 ] 127.0.0.1 GET /wpad.dat
[ info ] wpad.com/wpad.dat [运行时间：0.020117s][吞吐率：49.71req/s] [内存消耗：1,720.08kb] [文件加载：38]
[ info ] [ LANG ] D:\Vc_PHP\Apache24\htdocs\2018\WorkManagement\shop\thinkphp\lang\zh-cn.php
[ info ] [ ROUTE ] array (
  'type' => 'module',
  'module' => 
  array (
    0 => 'wpad.dat',
    1 => NULL,
    2 => NULL,
  ),
)
[ info ] [ HEADER ] array (
  'connection' => 'Keep-Alive',
  'accept' => '*/*',
  'user-agent' => 'WinHttp-Autoproxy-Service/5.1',
  'host' => 'wpad.com',
)
[ info ] [ PARAM ] array (
)
[ info ] [ LOG ] INIT File
---------------------------------------------------------------
[ 2018-07-28T02:20:06+08:00 ] 127.0.0.1 GET /wpad.dat
[ info ] wpad.com/wpad.dat [运行时间：0.035164s][吞吐率：28.44req/s] [内存消耗：1,720.08kb] [文件加载：38]
[ info ] [ LANG ] D:\Vc_PHP\Apache24\htdocs\2018\WorkManagement\shop\thinkphp\lang\zh-cn.php
[ info ] [ ROUTE ] array (
  'type' => 'module',
  'module' => 
  array (
    0 => 'wpad.dat',
    1 => NULL,
    2 => NULL,
  ),
)
[ info ] [ HEADER ] array (
  'connection' => 'Keep-Alive',
  'accept' => '*/*',
  'user-agent' => 'WinHttp-Autoproxy-Service/5.1',
  'host' => 'wpad.com',
)
[ info ] [ PARAM ] array (
)
[ info ] [ LOG ] INIT File
---------------------------------------------------------------
[ 2018-07-28T02:30:06+08:00 ] 127.0.0.1 GET /wpad.dat
[ info ] wpad.com/wpad.dat [运行时间：0.031563s][吞吐率：31.68req/s] [内存消耗：1,720.08kb] [文件加载：38]
[ info ] [ LANG ] D:\Vc_PHP\Apache24\htdocs\2018\WorkManagement\shop\thinkphp\lang\zh-cn.php
[ info ] [ ROUTE ] array (
  'type' => 'module',
  'module' => 
  array (
    0 => 'wpad.dat',
    1 => NULL,
    2 => NULL,
  ),
)
[ info ] [ HEADER ] array (
  'connection' => 'Keep-Alive',
  'accept' => '*/*',
  'user-agent' => 'WinHttp-Autoproxy-Service/5.1',
  'host' => 'wpad.com',
)
[ info ] [ PARAM ] array (
)
[ info ] [ LOG ] INIT File
---------------------------------------------------------------
[ 2018-07-28T02:40:06+08:00 ] 127.0.0.1 GET /wpad.dat
[ info ] wpad.com/wpad.dat [运行时间：0.031883s][吞吐率：31.36req/s] [内存消耗：1,720.08kb] [文件加载：38]
[ info ] [ LANG ] D:\Vc_PHP\Apache24\htdocs\2018\WorkManagement\shop\thinkphp\lang\zh-cn.php
[ info ] [ ROUTE ] array (
  'type' => 'module',
  'module' => 
  array (
    0 => 'wpad.dat',
    1 => NULL,
    2 => NULL,
  ),
)
[ info ] [ HEADER ] array (
  'connection' => 'Keep-Alive',
  'accept' => '*/*',
  'user-agent' => 'WinHttp-Autoproxy-Service/5.1',
  'host' => 'wpad.com',
)
[ info ] [ PARAM ] array (
)
[ info ] [ LOG ] INIT File
---------------------------------------------------------------
[ 2018-07-28T02:50:06+08:00 ] 127.0.0.1 GET /wpad.dat
[ info ] wpad.com/wpad.dat [运行时间：0.022823s][吞吐率：43.82req/s] [内存消耗：1,720.08kb] [文件加载：38]
[ info ] [ LANG ] D:\Vc_PHP\Apache24\htdocs\2018\WorkManagement\shop\thinkphp\lang\zh-cn.php
[ info ] [ ROUTE ] array (
  'type' => 'module',
  'module' => 
  array (
    0 => 'wpad.dat',
    1 => NULL,
    2 => NULL,
  ),
)
[ info ] [ HEADER ] array (
  'connection' => 'Keep-Alive',
  'accept' => '*/*',
  'user-agent' => 'WinHttp-Autoproxy-Service/5.1',
  'host' => 'wpad.com',
)
[ info ] [ PARAM ] array (
)
[ info ] [ LOG ] INIT File
---------------------------------------------------------------
[ 2018-07-28T03:00:06+08:00 ] 127.0.0.1 GET /wpad.dat
[ info ] wpad.com/wpad.dat [运行时间：0.028743s][吞吐率：34.79req/s] [内存消耗：1,720.08kb] [文件加载：38]
[ info ] [ LANG ] D:\Vc_PHP\Apache24\htdocs\2018\WorkManagement\shop\thinkphp\lang\zh-cn.php
[ info ] [ ROUTE ] array (
  'type' => 'module',
  'module' => 
  array (
    0 => 'wpad.dat',
    1 => NULL,
    2 => NULL,
  ),
)
[ info ] [ HEADER ] array (
  'connection' => 'Keep-Alive',
  'accept' => '*/*',
  'user-agent' => 'WinHttp-Autoproxy-Service/5.1',
  'host' => 'wpad.com',
)
[ info ] [ PARAM ] array (
)
[ info ] [ LOG ] INIT File
---------------------------------------------------------------
[ 2018-07-28T03:10:06+08:00 ] 127.0.0.1 GET /wpad.dat
[ info ] wpad.com/wpad.dat [运行时间：0.021043s][吞吐率：47.52req/s] [内存消耗：1,720.08kb] [文件加载：38]
[ info ] [ LANG ] D:\Vc_PHP\Apache24\htdocs\2018\WorkManagement\shop\thinkphp\lang\zh-cn.php
[ info ] [ ROUTE ] array (
  'type' => 'module',
  'module' => 
  array (
    0 => 'wpad.dat',
    1 => NULL,
    2 => NULL,
  ),
)
[ info ] [ HEADER ] array (
  'connection' => 'Keep-Alive',
  'accept' => '*/*',
  'user-agent' => 'WinHttp-Autoproxy-Service/5.1',
  'host' => 'wpad.com',
)
[ info ] [ PARAM ] array (
)
[ info ] [ LOG ] INIT File
---------------------------------------------------------------
[ 2018-07-28T03:20:06+08:00 ] 127.0.0.1 GET /wpad.dat
[ info ] wpad.com/wpad.dat [运行时间：0.020983s][吞吐率：47.66req/s] [内存消耗：1,720.08kb] [文件加载：38]
[ info ] [ LANG ] D:\Vc_PHP\Apache24\htdocs\2018\WorkManagement\shop\thinkphp\lang\zh-cn.php
[ info ] [ ROUTE ] array (
  'type' => 'module',
  'module' => 
  array (
    0 => 'wpad.dat',
    1 => NULL,
    2 => NULL,
  ),
)
[ info ] [ HEADER ] array (
  'connection' => 'Keep-Alive',
  'accept' => '*/*',
  'user-agent' => 'WinHttp-Autoproxy-Service/5.1',
  'host' => 'wpad.com',
)
[ info ] [ PARAM ] array (
)
[ info ] [ LOG ] INIT File
---------------------------------------------------------------
[ 2018-07-28T03:30:06+08:00 ] 127.0.0.1 GET /wpad.dat
[ info ] wpad.com/wpad.dat [运行时间：0.019833s][吞吐率：50.42req/s] [内存消耗：1,720.08kb] [文件加载：38]
[ info ] [ LANG ] D:\Vc_PHP\Apache24\htdocs\2018\WorkManagement\shop\thinkphp\lang\zh-cn.php
[ info ] [ ROUTE ] array (
  'type' => 'module',
  'module' => 
  array (
    0 => 'wpad.dat',
    1 => NULL,
    2 => NULL,
  ),
)
[ info ] [ HEADER ] array (
  'connection' => 'Keep-Alive',
  'accept' => '*/*',
  'user-agent' => 'WinHttp-Autoproxy-Service/5.1',
  'host' => 'wpad.com',
)
[ info ] [ PARAM ] array (
)
[ info ] [ LOG ] INIT File
---------------------------------------------------------------
[ 2018-07-28T03:40:06+08:00 ] 127.0.0.1 GET /wpad.dat
[ info ] wpad.com/wpad.dat [运行时间：0.020350s][吞吐率：49.14req/s] [内存消耗：1,720.08kb] [文件加载：38]
[ info ] [ LANG ] D:\Vc_PHP\Apache24\htdocs\2018\WorkManagement\shop\thinkphp\lang\zh-cn.php
[ info ] [ ROUTE ] array (
  'type' => 'module',
  'module' => 
  array (
    0 => 'wpad.dat',
    1 => NULL,
    2 => NULL,
  ),
)
[ info ] [ HEADER ] array (
  'connection' => 'Keep-Alive',
  'accept' => '*/*',
  'user-agent' => 'WinHttp-Autoproxy-Service/5.1',
  'host' => 'wpad.com',
)
[ info ] [ PARAM ] array (
)
[ info ] [ LOG ] INIT File
---------------------------------------------------------------
[ 2018-07-28T03:50:06+08:00 ] 127.0.0.1 GET /wpad.dat
[ info ] wpad.com/wpad.dat [运行时间：0.032335s][吞吐率：30.93req/s] [内存消耗：1,720.08kb] [文件加载：38]
[ info ] [ LANG ] D:\Vc_PHP\Apache24\htdocs\2018\WorkManagement\shop\thinkphp\lang\zh-cn.php
[ info ] [ ROUTE ] array (
  'type' => 'module',
  'module' => 
  array (
    0 => 'wpad.dat',
    1 => NULL,
    2 => NULL,
  ),
)
[ info ] [ HEADER ] array (
  'connection' => 'Keep-Alive',
  'accept' => '*/*',
  'user-agent' => 'WinHttp-Autoproxy-Service/5.1',
  'host' => 'wpad.com',
)
[ info ] [ PARAM ] array (
)
[ info ] [ LOG ] INIT File
---------------------------------------------------------------
[ 2018-07-28T04:00:06+08:00 ] 127.0.0.1 GET /wpad.dat
[ info ] wpad.com/wpad.dat [运行时间：0.020669s][吞吐率：48.38req/s] [内存消耗：1,720.08kb] [文件加载：38]
[ info ] [ LANG ] D:\Vc_PHP\Apache24\htdocs\2018\WorkManagement\shop\thinkphp\lang\zh-cn.php
[ info ] [ ROUTE ] array (
  'type' => 'module',
  'module' => 
  array (
    0 => 'wpad.dat',
    1 => NULL,
    2 => NULL,
  ),
)
[ info ] [ HEADER ] array (
  'connection' => 'Keep-Alive',
  'accept' => '*/*',
  'user-agent' => 'WinHttp-Autoproxy-Service/5.1',
  'host' => 'wpad.com',
)
[ info ] [ PARAM ] array (
)
[ info ] [ LOG ] INIT File
---------------------------------------------------------------
[ 2018-07-28T04:10:06+08:00 ] 127.0.0.1 GET /wpad.dat
[ info ] wpad.com/wpad.dat [运行时间：0.021681s][吞吐率：46.12req/s] [内存消耗：1,720.08kb] [文件加载：38]
[ info ] [ LANG ] D:\Vc_PHP\Apache24\htdocs\2018\WorkManagement\shop\thinkphp\lang\zh-cn.php
[ info ] [ ROUTE ] array (
  'type' => 'module',
  'module' => 
  array (
    0 => 'wpad.dat',
    1 => NULL,
    2 => NULL,
  ),
)
[ info ] [ HEADER ] array (
  'connection' => 'Keep-Alive',
  'accept' => '*/*',
  'user-agent' => 'WinHttp-Autoproxy-Service/5.1',
  'host' => 'wpad.com',
)
[ info ] [ PARAM ] array (
)
[ info ] [ LOG ] INIT File
---------------------------------------------------------------
[ 2018-07-28T04:20:06+08:00 ] 127.0.0.1 GET /wpad.dat
[ info ] wpad.com/wpad.dat [运行时间：0.020585s][吞吐率：48.58req/s] [内存消耗：1,720.08kb] [文件加载：38]
[ info ] [ LANG ] D:\Vc_PHP\Apache24\htdocs\2018\WorkManagement\shop\thinkphp\lang\zh-cn.php
[ info ] [ ROUTE ] array (
  'type' => 'module',
  'module' => 
  array (
    0 => 'wpad.dat',
    1 => NULL,
    2 => NULL,
  ),
)
[ info ] [ HEADER ] array (
  'connection' => 'Keep-Alive',
  'accept' => '*/*',
  'user-agent' => 'WinHttp-Autoproxy-Service/5.1',
  'host' => 'wpad.com',
)
[ info ] [ PARAM ] array (
)
[ info ] [ LOG ] INIT File
---------------------------------------------------------------
[ 2018-07-28T04:30:09+08:00 ] 127.0.0.1 GET /wpad.dat
[ info ] wpad.com/wpad.dat [运行时间：0.019965s][吞吐率：50.09req/s] [内存消耗：1,720.08kb] [文件加载：38]
[ info ] [ LANG ] D:\Vc_PHP\Apache24\htdocs\2018\WorkManagement\shop\thinkphp\lang\zh-cn.php
[ info ] [ ROUTE ] array (
  'type' => 'module',
  'module' => 
  array (
    0 => 'wpad.dat',
    1 => NULL,
    2 => NULL,
  ),
)
[ info ] [ HEADER ] array (
  'connection' => 'Keep-Alive',
  'accept' => '*/*',
  'user-agent' => 'WinHttp-Autoproxy-Service/5.1',
  'host' => 'wpad.com',
)
[ info ] [ PARAM ] array (
)
[ info ] [ LOG ] INIT File
---------------------------------------------------------------
[ 2018-07-28T04:40:09+08:00 ] 127.0.0.1 GET /wpad.dat
[ info ] wpad.com/wpad.dat [运行时间：0.020584s][吞吐率：48.58req/s] [内存消耗：1,720.08kb] [文件加载：38]
[ info ] [ LANG ] D:\Vc_PHP\Apache24\htdocs\2018\WorkManagement\shop\thinkphp\lang\zh-cn.php
[ info ] [ ROUTE ] array (
  'type' => 'module',
  'module' => 
  array (
    0 => 'wpad.dat',
    1 => NULL,
    2 => NULL,
  ),
)
[ info ] [ HEADER ] array (
  'connection' => 'Keep-Alive',
  'accept' => '*/*',
  'user-agent' => 'WinHttp-Autoproxy-Service/5.1',
  'host' => 'wpad.com',
)
[ info ] [ PARAM ] array (
)
[ info ] [ LOG ] INIT File
---------------------------------------------------------------
[ 2018-07-28T04:50:09+08:00 ] 127.0.0.1 GET /wpad.dat
[ info ] wpad.com/wpad.dat [运行时间：0.026030s][吞吐率：38.42req/s] [内存消耗：1,720.08kb] [文件加载：38]
[ info ] [ LANG ] D:\Vc_PHP\Apache24\htdocs\2018\WorkManagement\shop\thinkphp\lang\zh-cn.php
[ info ] [ ROUTE ] array (
  'type' => 'module',
  'module' => 
  array (
    0 => 'wpad.dat',
    1 => NULL,
    2 => NULL,
  ),
)
[ info ] [ HEADER ] array (
  'connection' => 'Keep-Alive',
  'accept' => '*/*',
  'user-agent' => 'WinHttp-Autoproxy-Service/5.1',
  'host' => 'wpad.com',
)
[ info ] [ PARAM ] array (
)
[ info ] [ LOG ] INIT File
---------------------------------------------------------------
[ 2018-07-28T05:00:09+08:00 ] 127.0.0.1 GET /wpad.dat
[ info ] wpad.com/wpad.dat [运行时间：0.021106s][吞吐率：47.38req/s] [内存消耗：1,720.08kb] [文件加载：38]
[ info ] [ LANG ] D:\Vc_PHP\Apache24\htdocs\2018\WorkManagement\shop\thinkphp\lang\zh-cn.php
[ info ] [ ROUTE ] array (
  'type' => 'module',
  'module' => 
  array (
    0 => 'wpad.dat',
    1 => NULL,
    2 => NULL,
  ),
)
[ info ] [ HEADER ] array (
  'connection' => 'Keep-Alive',
  'accept' => '*/*',
  'user-agent' => 'WinHttp-Autoproxy-Service/5.1',
  'host' => 'wpad.com',
)
[ info ] [ PARAM ] array (
)
[ info ] [ LOG ] INIT File
---------------------------------------------------------------
[ 2018-07-28T05:10:09+08:00 ] 127.0.0.1 GET /wpad.dat
[ info ] wpad.com/wpad.dat [运行时间：0.020787s][吞吐率：48.11req/s] [内存消耗：1,720.08kb] [文件加载：38]
[ info ] [ LANG ] D:\Vc_PHP\Apache24\htdocs\2018\WorkManagement\shop\thinkphp\lang\zh-cn.php
[ info ] [ ROUTE ] array (
  'type' => 'module',
  'module' => 
  array (
    0 => 'wpad.dat',
    1 => NULL,
    2 => NULL,
  ),
)
[ info ] [ HEADER ] array (
  'connection' => 'Keep-Alive',
  'accept' => '*/*',
  'user-agent' => 'WinHttp-Autoproxy-Service/5.1',
  'host' => 'wpad.com',
)
[ info ] [ PARAM ] array (
)
[ info ] [ LOG ] INIT File
---------------------------------------------------------------
[ 2018-07-28T05:20:09+08:00 ] 127.0.0.1 GET /wpad.dat
[ info ] wpad.com/wpad.dat [运行时间：0.025873s][吞吐率：38.65req/s] [内存消耗：1,720.08kb] [文件加载：38]
[ info ] [ LANG ] D:\Vc_PHP\Apache24\htdocs\2018\WorkManagement\shop\thinkphp\lang\zh-cn.php
[ info ] [ ROUTE ] array (
  'type' => 'module',
  'module' => 
  array (
    0 => 'wpad.dat',
    1 => NULL,
    2 => NULL,
  ),
)
[ info ] [ HEADER ] array (
  'connection' => 'Keep-Alive',
  'accept' => '*/*',
  'user-agent' => 'WinHttp-Autoproxy-Service/5.1',
  'host' => 'wpad.com',
)
[ info ] [ PARAM ] array (
)
[ info ] [ LOG ] INIT File
---------------------------------------------------------------
[ 2018-07-28T05:30:09+08:00 ] 127.0.0.1 GET /wpad.dat
[ info ] wpad.com/wpad.dat [运行时间：0.021490s][吞吐率：46.53req/s] [内存消耗：1,720.08kb] [文件加载：38]
[ info ] [ LANG ] D:\Vc_PHP\Apache24\htdocs\2018\WorkManagement\shop\thinkphp\lang\zh-cn.php
[ info ] [ ROUTE ] array (
  'type' => 'module',
  'module' => 
  array (
    0 => 'wpad.dat',
    1 => NULL,
    2 => NULL,
  ),
)
[ info ] [ HEADER ] array (
  'connection' => 'Keep-Alive',
  'accept' => '*/*',
  'user-agent' => 'WinHttp-Autoproxy-Service/5.1',
  'host' => 'wpad.com',
)
[ info ] [ PARAM ] array (
)
[ info ] [ LOG ] INIT File
---------------------------------------------------------------
[ 2018-07-28T05:40:09+08:00 ] 127.0.0.1 GET /wpad.dat
[ info ] wpad.com/wpad.dat [运行时间：0.021538s][吞吐率：46.43req/s] [内存消耗：1,720.08kb] [文件加载：38]
[ info ] [ LANG ] D:\Vc_PHP\Apache24\htdocs\2018\WorkManagement\shop\thinkphp\lang\zh-cn.php
[ info ] [ ROUTE ] array (
  'type' => 'module',
  'module' => 
  array (
    0 => 'wpad.dat',
    1 => NULL,
    2 => NULL,
  ),
)
[ info ] [ HEADER ] array (
  'connection' => 'Keep-Alive',
  'accept' => '*/*',
  'user-agent' => 'WinHttp-Autoproxy-Service/5.1',
  'host' => 'wpad.com',
)
[ info ] [ PARAM ] array (
)
[ info ] [ LOG ] INIT File
---------------------------------------------------------------
[ 2018-07-28T05:50:09+08:00 ] 127.0.0.1 GET /wpad.dat
[ info ] wpad.com/wpad.dat [运行时间：0.020014s][吞吐率：49.96req/s] [内存消耗：1,720.08kb] [文件加载：38]
[ info ] [ LANG ] D:\Vc_PHP\Apache24\htdocs\2018\WorkManagement\shop\thinkphp\lang\zh-cn.php
[ info ] [ ROUTE ] array (
  'type' => 'module',
  'module' => 
  array (
    0 => 'wpad.dat',
    1 => NULL,
    2 => NULL,
  ),
)
[ info ] [ HEADER ] array (
  'connection' => 'Keep-Alive',
  'accept' => '*/*',
  'user-agent' => 'WinHttp-Autoproxy-Service/5.1',
  'host' => 'wpad.com',
)
[ info ] [ PARAM ] array (
)
[ info ] [ LOG ] INIT File
---------------------------------------------------------------
[ 2018-07-28T06:00:09+08:00 ] 127.0.0.1 GET /wpad.dat
[ info ] wpad.com/wpad.dat [运行时间：0.028854s][吞吐率：34.66req/s] [内存消耗：1,720.08kb] [文件加载：38]
[ info ] [ LANG ] D:\Vc_PHP\Apache24\htdocs\2018\WorkManagement\shop\thinkphp\lang\zh-cn.php
[ info ] [ ROUTE ] array (
  'type' => 'module',
  'module' => 
  array (
    0 => 'wpad.dat',
    1 => NULL,
    2 => NULL,
  ),
)
[ info ] [ HEADER ] array (
  'connection' => 'Keep-Alive',
  'accept' => '*/*',
  'user-agent' => 'WinHttp-Autoproxy-Service/5.1',
  'host' => 'wpad.com',
)
[ info ] [ PARAM ] array (
)
[ info ] [ LOG ] INIT File
---------------------------------------------------------------
[ 2018-07-28T06:10:09+08:00 ] 127.0.0.1 GET /wpad.dat
[ info ] wpad.com/wpad.dat [运行时间：0.020964s][吞吐率：47.70req/s] [内存消耗：1,720.08kb] [文件加载：38]
[ info ] [ LANG ] D:\Vc_PHP\Apache24\htdocs\2018\WorkManagement\shop\thinkphp\lang\zh-cn.php
[ info ] [ ROUTE ] array (
  'type' => 'module',
  'module' => 
  array (
    0 => 'wpad.dat',
    1 => NULL,
    2 => NULL,
  ),
)
[ info ] [ HEADER ] array (
  'connection' => 'Keep-Alive',
  'accept' => '*/*',
  'user-agent' => 'WinHttp-Autoproxy-Service/5.1',
  'host' => 'wpad.com',
)
[ info ] [ PARAM ] array (
)
[ info ] [ LOG ] INIT File
---------------------------------------------------------------
[ 2018-07-28T06:20:09+08:00 ] 127.0.0.1 GET /wpad.dat
[ info ] wpad.com/wpad.dat [运行时间：0.030449s][吞吐率：32.84req/s] [内存消耗：1,720.08kb] [文件加载：38]
[ info ] [ LANG ] D:\Vc_PHP\Apache24\htdocs\2018\WorkManagement\shop\thinkphp\lang\zh-cn.php
[ info ] [ ROUTE ] array (
  'type' => 'module',
  'module' => 
  array (
    0 => 'wpad.dat',
    1 => NULL,
    2 => NULL,
  ),
)
[ info ] [ HEADER ] array (
  'connection' => 'Keep-Alive',
  'accept' => '*/*',
  'user-agent' => 'WinHttp-Autoproxy-Service/5.1',
  'host' => 'wpad.com',
)
[ info ] [ PARAM ] array (
)
[ info ] [ LOG ] INIT File
---------------------------------------------------------------
[ 2018-07-28T06:30:09+08:00 ] 127.0.0.1 GET /wpad.dat
[ info ] wpad.com/wpad.dat [运行时间：0.030439s][吞吐率：32.85req/s] [内存消耗：1,720.08kb] [文件加载：38]
[ info ] [ LANG ] D:\Vc_PHP\Apache24\htdocs\2018\WorkManagement\shop\thinkphp\lang\zh-cn.php
[ info ] [ ROUTE ] array (
  'type' => 'module',
  'module' => 
  array (
    0 => 'wpad.dat',
    1 => NULL,
    2 => NULL,
  ),
)
[ info ] [ HEADER ] array (
  'connection' => 'Keep-Alive',
  'accept' => '*/*',
  'user-agent' => 'WinHttp-Autoproxy-Service/5.1',
  'host' => 'wpad.com',
)
[ info ] [ PARAM ] array (
)
[ info ] [ LOG ] INIT File
---------------------------------------------------------------
[ 2018-07-28T06:40:09+08:00 ] 127.0.0.1 GET /wpad.dat
[ info ] wpad.com/wpad.dat [运行时间：0.030567s][吞吐率：32.72req/s] [内存消耗：1,720.08kb] [文件加载：38]
[ info ] [ LANG ] D:\Vc_PHP\Apache24\htdocs\2018\WorkManagement\shop\thinkphp\lang\zh-cn.php
[ info ] [ ROUTE ] array (
  'type' => 'module',
  'module' => 
  array (
    0 => 'wpad.dat',
    1 => NULL,
    2 => NULL,
  ),
)
[ info ] [ HEADER ] array (
  'connection' => 'Keep-Alive',
  'accept' => '*/*',
  'user-agent' => 'WinHttp-Autoproxy-Service/5.1',
  'host' => 'wpad.com',
)
[ info ] [ PARAM ] array (
)
[ info ] [ LOG ] INIT File
---------------------------------------------------------------
[ 2018-07-28T06:50:09+08:00 ] 127.0.0.1 GET /wpad.dat
[ info ] wpad.com/wpad.dat [运行时间：0.034978s][吞吐率：28.59req/s] [内存消耗：1,720.08kb] [文件加载：38]
[ info ] [ LANG ] D:\Vc_PHP\Apache24\htdocs\2018\WorkManagement\shop\thinkphp\lang\zh-cn.php
[ info ] [ ROUTE ] array (
  'type' => 'module',
  'module' => 
  array (
    0 => 'wpad.dat',
    1 => NULL,
    2 => NULL,
  ),
)
[ info ] [ HEADER ] array (
  'connection' => 'Keep-Alive',
  'accept' => '*/*',
  'user-agent' => 'WinHttp-Autoproxy-Service/5.1',
  'host' => 'wpad.com',
)
[ info ] [ PARAM ] array (
)
[ info ] [ LOG ] INIT File
---------------------------------------------------------------
[ 2018-07-28T07:00:09+08:00 ] 127.0.0.1 GET /wpad.dat
[ info ] wpad.com/wpad.dat [运行时间：0.021241s][吞吐率：47.08req/s] [内存消耗：1,720.08kb] [文件加载：38]
[ info ] [ LANG ] D:\Vc_PHP\Apache24\htdocs\2018\WorkManagement\shop\thinkphp\lang\zh-cn.php
[ info ] [ ROUTE ] array (
  'type' => 'module',
  'module' => 
  array (
    0 => 'wpad.dat',
    1 => NULL,
    2 => NULL,
  ),
)
[ info ] [ HEADER ] array (
  'connection' => 'Keep-Alive',
  'accept' => '*/*',
  'user-agent' => 'WinHttp-Autoproxy-Service/5.1',
  'host' => 'wpad.com',
)
[ info ] [ PARAM ] array (
)
[ info ] [ LOG ] INIT File
---------------------------------------------------------------
[ 2018-07-28T07:10:09+08:00 ] 127.0.0.1 GET /wpad.dat
[ info ] wpad.com/wpad.dat [运行时间：0.027710s][吞吐率：36.09req/s] [内存消耗：1,720.08kb] [文件加载：38]
[ info ] [ LANG ] D:\Vc_PHP\Apache24\htdocs\2018\WorkManagement\shop\thinkphp\lang\zh-cn.php
[ info ] [ ROUTE ] array (
  'type' => 'module',
  'module' => 
  array (
    0 => 'wpad.dat',
    1 => NULL,
    2 => NULL,
  ),
)
[ info ] [ HEADER ] array (
  'connection' => 'Keep-Alive',
  'accept' => '*/*',
  'user-agent' => 'WinHttp-Autoproxy-Service/5.1',
  'host' => 'wpad.com',
)
[ info ] [ PARAM ] array (
)
[ info ] [ LOG ] INIT File
---------------------------------------------------------------
[ 2018-07-28T07:20:10+08:00 ] 127.0.0.1 GET /wpad.dat
[ info ] wpad.com/wpad.dat [运行时间：0.020035s][吞吐率：49.91req/s] [内存消耗：1,720.08kb] [文件加载：38]
[ info ] [ LANG ] D:\Vc_PHP\Apache24\htdocs\2018\WorkManagement\shop\thinkphp\lang\zh-cn.php
[ info ] [ ROUTE ] array (
  'type' => 'module',
  'module' => 
  array (
    0 => 'wpad.dat',
    1 => NULL,
    2 => NULL,
  ),
)
[ info ] [ HEADER ] array (
  'connection' => 'Keep-Alive',
  'accept' => '*/*',
  'user-agent' => 'WinHttp-Autoproxy-Service/5.1',
  'host' => 'wpad.com',
)
[ info ] [ PARAM ] array (
)
[ info ] [ LOG ] INIT File
---------------------------------------------------------------
[ 2018-07-28T07:30:10+08:00 ] 127.0.0.1 GET /wpad.dat
[ info ] wpad.com/wpad.dat [运行时间：0.021016s][吞吐率：47.58req/s] [内存消耗：1,720.08kb] [文件加载：38]
[ info ] [ LANG ] D:\Vc_PHP\Apache24\htdocs\2018\WorkManagement\shop\thinkphp\lang\zh-cn.php
[ info ] [ ROUTE ] array (
  'type' => 'module',
  'module' => 
  array (
    0 => 'wpad.dat',
    1 => NULL,
    2 => NULL,
  ),
)
[ info ] [ HEADER ] array (
  'connection' => 'Keep-Alive',
  'accept' => '*/*',
  'user-agent' => 'WinHttp-Autoproxy-Service/5.1',
  'host' => 'wpad.com',
)
[ info ] [ PARAM ] array (
)
[ info ] [ LOG ] INIT File
---------------------------------------------------------------
[ 2018-07-28T07:40:10+08:00 ] 127.0.0.1 GET /wpad.dat
[ info ] wpad.com/wpad.dat [运行时间：0.020498s][吞吐率：48.79req/s] [内存消耗：1,720.08kb] [文件加载：38]
[ info ] [ LANG ] D:\Vc_PHP\Apache24\htdocs\2018\WorkManagement\shop\thinkphp\lang\zh-cn.php
[ info ] [ ROUTE ] array (
  'type' => 'module',
  'module' => 
  array (
    0 => 'wpad.dat',
    1 => NULL,
    2 => NULL,
  ),
)
[ info ] [ HEADER ] array (
  'connection' => 'Keep-Alive',
  'accept' => '*/*',
  'user-agent' => 'WinHttp-Autoproxy-Service/5.1',
  'host' => 'wpad.com',
)
[ info ] [ PARAM ] array (
)
[ info ] [ LOG ] INIT File
---------------------------------------------------------------
[ 2018-07-28T07:50:10+08:00 ] 127.0.0.1 GET /wpad.dat
[ info ] wpad.com/wpad.dat [运行时间：0.020409s][吞吐率：49.00req/s] [内存消耗：1,720.08kb] [文件加载：38]
[ info ] [ LANG ] D:\Vc_PHP\Apache24\htdocs\2018\WorkManagement\shop\thinkphp\lang\zh-cn.php
[ info ] [ ROUTE ] array (
  'type' => 'module',
  'module' => 
  array (
    0 => 'wpad.dat',
    1 => NULL,
    2 => NULL,
  ),
)
[ info ] [ HEADER ] array (
  'connection' => 'Keep-Alive',
  'accept' => '*/*',
  'user-agent' => 'WinHttp-Autoproxy-Service/5.1',
  'host' => 'wpad.com',
)
[ info ] [ PARAM ] array (
)
[ info ] [ LOG ] INIT File
---------------------------------------------------------------
[ 2018-07-28T08:00:10+08:00 ] 127.0.0.1 GET /wpad.dat
[ info ] wpad.com/wpad.dat [运行时间：0.027903s][吞吐率：35.84req/s] [内存消耗：1,720.08kb] [文件加载：38]
[ info ] [ LANG ] D:\Vc_PHP\Apache24\htdocs\2018\WorkManagement\shop\thinkphp\lang\zh-cn.php
[ info ] [ ROUTE ] array (
  'type' => 'module',
  'module' => 
  array (
    0 => 'wpad.dat',
    1 => NULL,
    2 => NULL,
  ),
)
[ info ] [ HEADER ] array (
  'connection' => 'Keep-Alive',
  'accept' => '*/*',
  'user-agent' => 'WinHttp-Autoproxy-Service/5.1',
  'host' => 'wpad.com',
)
[ info ] [ PARAM ] array (
)
[ info ] [ LOG ] INIT File
---------------------------------------------------------------
[ 2018-07-28T08:10:10+08:00 ] 127.0.0.1 GET /wpad.dat
[ info ] wpad.com/wpad.dat [运行时间：0.024191s][吞吐率：41.34req/s] [内存消耗：1,720.08kb] [文件加载：38]
[ info ] [ LANG ] D:\Vc_PHP\Apache24\htdocs\2018\WorkManagement\shop\thinkphp\lang\zh-cn.php
[ info ] [ ROUTE ] array (
  'type' => 'module',
  'module' => 
  array (
    0 => 'wpad.dat',
    1 => NULL,
    2 => NULL,
  ),
)
[ info ] [ HEADER ] array (
  'connection' => 'Keep-Alive',
  'accept' => '*/*',
  'user-agent' => 'WinHttp-Autoproxy-Service/5.1',
  'host' => 'wpad.com',
)
[ info ] [ PARAM ] array (
)
[ info ] [ LOG ] INIT File
---------------------------------------------------------------
[ 2018-07-28T08:20:10+08:00 ] 127.0.0.1 GET /wpad.dat
[ info ] wpad.com/wpad.dat [运行时间：0.032485s][吞吐率：30.78req/s] [内存消耗：1,720.08kb] [文件加载：38]
[ info ] [ LANG ] D:\Vc_PHP\Apache24\htdocs\2018\WorkManagement\shop\thinkphp\lang\zh-cn.php
[ info ] [ ROUTE ] array (
  'type' => 'module',
  'module' => 
  array (
    0 => 'wpad.dat',
    1 => NULL,
    2 => NULL,
  ),
)
[ info ] [ HEADER ] array (
  'connection' => 'Keep-Alive',
  'accept' => '*/*',
  'user-agent' => 'WinHttp-Autoproxy-Service/5.1',
  'host' => 'wpad.com',
)
[ info ] [ PARAM ] array (
)
[ info ] [ LOG ] INIT File
---------------------------------------------------------------
[ 2018-07-28T08:30:10+08:00 ] 127.0.0.1 GET /wpad.dat
[ info ] wpad.com/wpad.dat [运行时间：0.023360s][吞吐率：42.81req/s] [内存消耗：1,720.08kb] [文件加载：38]
[ info ] [ LANG ] D:\Vc_PHP\Apache24\htdocs\2018\WorkManagement\shop\thinkphp\lang\zh-cn.php
[ info ] [ ROUTE ] array (
  'type' => 'module',
  'module' => 
  array (
    0 => 'wpad.dat',
    1 => NULL,
    2 => NULL,
  ),
)
[ info ] [ HEADER ] array (
  'connection' => 'Keep-Alive',
  'accept' => '*/*',
  'user-agent' => 'WinHttp-Autoproxy-Service/5.1',
  'host' => 'wpad.com',
)
[ info ] [ PARAM ] array (
)
[ info ] [ LOG ] INIT File
---------------------------------------------------------------
[ 2018-07-28T08:40:10+08:00 ] 127.0.0.1 GET /wpad.dat
[ info ] wpad.com/wpad.dat [运行时间：0.020196s][吞吐率：49.51req/s] [内存消耗：1,720.08kb] [文件加载：38]
[ info ] [ LANG ] D:\Vc_PHP\Apache24\htdocs\2018\WorkManagement\shop\thinkphp\lang\zh-cn.php
[ info ] [ ROUTE ] array (
  'type' => 'module',
  'module' => 
  array (
    0 => 'wpad.dat',
    1 => NULL,
    2 => NULL,
  ),
)
[ info ] [ HEADER ] array (
  'connection' => 'Keep-Alive',
  'accept' => '*/*',
  'user-agent' => 'WinHttp-Autoproxy-Service/5.1',
  'host' => 'wpad.com',
)
[ info ] [ PARAM ] array (
)
[ info ] [ LOG ] INIT File
---------------------------------------------------------------
[ 2018-07-28T08:50:10+08:00 ] 127.0.0.1 GET /wpad.dat
[ info ] wpad.com/wpad.dat [运行时间：0.020885s][吞吐率：47.88req/s] [内存消耗：1,720.08kb] [文件加载：38]
[ info ] [ LANG ] D:\Vc_PHP\Apache24\htdocs\2018\WorkManagement\shop\thinkphp\lang\zh-cn.php
[ info ] [ ROUTE ] array (
  'type' => 'module',
  'module' => 
  array (
    0 => 'wpad.dat',
    1 => NULL,
    2 => NULL,
  ),
)
[ info ] [ HEADER ] array (
  'connection' => 'Keep-Alive',
  'accept' => '*/*',
  'user-agent' => 'WinHttp-Autoproxy-Service/5.1',
  'host' => 'wpad.com',
)
[ info ] [ PARAM ] array (
)
[ info ] [ LOG ] INIT File
---------------------------------------------------------------
[ 2018-07-28T09:00:10+08:00 ] 127.0.0.1 GET /wpad.dat
[ info ] wpad.com/wpad.dat [运行时间：0.022144s][吞吐率：45.16req/s] [内存消耗：1,720.08kb] [文件加载：38]
[ info ] [ LANG ] D:\Vc_PHP\Apache24\htdocs\2018\WorkManagement\shop\thinkphp\lang\zh-cn.php
[ info ] [ ROUTE ] array (
  'type' => 'module',
  'module' => 
  array (
    0 => 'wpad.dat',
    1 => NULL,
    2 => NULL,
  ),
)
[ info ] [ HEADER ] array (
  'connection' => 'Keep-Alive',
  'accept' => '*/*',
  'user-agent' => 'WinHttp-Autoproxy-Service/5.1',
  'host' => 'wpad.com',
)
[ info ] [ PARAM ] array (
)
[ info ] [ LOG ] INIT File
---------------------------------------------------------------
[ 2018-07-28T09:10:10+08:00 ] 127.0.0.1 GET /wpad.dat
[ info ] wpad.com/wpad.dat [运行时间：0.019999s][吞吐率：50.00req/s] [内存消耗：1,720.08kb] [文件加载：38]
[ info ] [ LANG ] D:\Vc_PHP\Apache24\htdocs\2018\WorkManagement\shop\thinkphp\lang\zh-cn.php
[ info ] [ ROUTE ] array (
  'type' => 'module',
  'module' => 
  array (
    0 => 'wpad.dat',
    1 => NULL,
    2 => NULL,
  ),
)
[ info ] [ HEADER ] array (
  'connection' => 'Keep-Alive',
  'accept' => '*/*',
  'user-agent' => 'WinHttp-Autoproxy-Service/5.1',
  'host' => 'wpad.com',
)
[ info ] [ PARAM ] array (
)
[ info ] [ LOG ] INIT File
---------------------------------------------------------------
[ 2018-07-28T09:20:10+08:00 ] 127.0.0.1 GET /wpad.dat
[ info ] wpad.com/wpad.dat [运行时间：0.020895s][吞吐率：47.86req/s] [内存消耗：1,720.08kb] [文件加载：38]
[ info ] [ LANG ] D:\Vc_PHP\Apache24\htdocs\2018\WorkManagement\shop\thinkphp\lang\zh-cn.php
[ info ] [ ROUTE ] array (
  'type' => 'module',
  'module' => 
  array (
    0 => 'wpad.dat',
    1 => NULL,
    2 => NULL,
  ),
)
[ info ] [ HEADER ] array (
  'connection' => 'Keep-Alive',
  'accept' => '*/*',
  'user-agent' => 'WinHttp-Autoproxy-Service/5.1',
  'host' => 'wpad.com',
)
[ info ] [ PARAM ] array (
)
[ info ] [ LOG ] INIT File
---------------------------------------------------------------
[ 2018-07-28T09:30:10+08:00 ] 127.0.0.1 GET /wpad.dat
[ info ] wpad.com/wpad.dat [运行时间：0.020887s][吞吐率：47.88req/s] [内存消耗：1,720.08kb] [文件加载：38]
[ info ] [ LANG ] D:\Vc_PHP\Apache24\htdocs\2018\WorkManagement\shop\thinkphp\lang\zh-cn.php
[ info ] [ ROUTE ] array (
  'type' => 'module',
  'module' => 
  array (
    0 => 'wpad.dat',
    1 => NULL,
    2 => NULL,
  ),
)
[ info ] [ HEADER ] array (
  'connection' => 'Keep-Alive',
  'accept' => '*/*',
  'user-agent' => 'WinHttp-Autoproxy-Service/5.1',
  'host' => 'wpad.com',
)
[ info ] [ PARAM ] array (
)
[ info ] [ LOG ] INIT File
---------------------------------------------------------------
[ 2018-07-28T09:40:10+08:00 ] 127.0.0.1 GET /wpad.dat
[ info ] wpad.com/wpad.dat [运行时间：0.020704s][吞吐率：48.30req/s] [内存消耗：1,720.08kb] [文件加载：38]
[ info ] [ LANG ] D:\Vc_PHP\Apache24\htdocs\2018\WorkManagement\shop\thinkphp\lang\zh-cn.php
[ info ] [ ROUTE ] array (
  'type' => 'module',
  'module' => 
  array (
    0 => 'wpad.dat',
    1 => NULL,
    2 => NULL,
  ),
)
[ info ] [ HEADER ] array (
  'connection' => 'Keep-Alive',
  'accept' => '*/*',
  'user-agent' => 'WinHttp-Autoproxy-Service/5.1',
  'host' => 'wpad.com',
)
[ info ] [ PARAM ] array (
)
[ info ] [ LOG ] INIT File
---------------------------------------------------------------
[ 2018-07-28T09:50:10+08:00 ] 127.0.0.1 GET /wpad.dat
[ info ] wpad.com/wpad.dat [运行时间：0.020310s][吞吐率：49.24req/s] [内存消耗：1,720.08kb] [文件加载：38]
[ info ] [ LANG ] D:\Vc_PHP\Apache24\htdocs\2018\WorkManagement\shop\thinkphp\lang\zh-cn.php
[ info ] [ ROUTE ] array (
  'type' => 'module',
  'module' => 
  array (
    0 => 'wpad.dat',
    1 => NULL,
    2 => NULL,
  ),
)
[ info ] [ HEADER ] array (
  'connection' => 'Keep-Alive',
  'accept' => '*/*',
  'user-agent' => 'WinHttp-Autoproxy-Service/5.1',
  'host' => 'wpad.com',
)
[ info ] [ PARAM ] array (
)
[ info ] [ LOG ] INIT File
---------------------------------------------------------------
[ 2018-07-28T10:00:10+08:00 ] 127.0.0.1 GET /wpad.dat
[ info ] wpad.com/wpad.dat [运行时间：0.022260s][吞吐率：44.92req/s] [内存消耗：1,720.08kb] [文件加载：38]
[ info ] [ LANG ] D:\Vc_PHP\Apache24\htdocs\2018\WorkManagement\shop\thinkphp\lang\zh-cn.php
[ info ] [ ROUTE ] array (
  'type' => 'module',
  'module' => 
  array (
    0 => 'wpad.dat',
    1 => NULL,
    2 => NULL,
  ),
)
[ info ] [ HEADER ] array (
  'connection' => 'Keep-Alive',
  'accept' => '*/*',
  'user-agent' => 'WinHttp-Autoproxy-Service/5.1',
  'host' => 'wpad.com',
)
[ info ] [ PARAM ] array (
)
[ info ] [ LOG ] INIT File
---------------------------------------------------------------
[ 2018-07-28T10:10:10+08:00 ] 127.0.0.1 GET /wpad.dat
[ info ] wpad.com/wpad.dat [运行时间：0.028651s][吞吐率：34.90req/s] [内存消耗：1,720.08kb] [文件加载：38]
[ info ] [ LANG ] D:\Vc_PHP\Apache24\htdocs\2018\WorkManagement\shop\thinkphp\lang\zh-cn.php
[ info ] [ ROUTE ] array (
  'type' => 'module',
  'module' => 
  array (
    0 => 'wpad.dat',
    1 => NULL,
    2 => NULL,
  ),
)
[ info ] [ HEADER ] array (
  'connection' => 'Keep-Alive',
  'accept' => '*/*',
  'user-agent' => 'WinHttp-Autoproxy-Service/5.1',
  'host' => 'wpad.com',
)
[ info ] [ PARAM ] array (
)
[ info ] [ LOG ] INIT File
---------------------------------------------------------------
[ 2018-07-28T10:20:10+08:00 ] 127.0.0.1 GET /wpad.dat
[ info ] wpad.com/wpad.dat [运行时间：0.019435s][吞吐率：51.45req/s] [内存消耗：1,720.08kb] [文件加载：38]
[ info ] [ LANG ] D:\Vc_PHP\Apache24\htdocs\2018\WorkManagement\shop\thinkphp\lang\zh-cn.php
[ info ] [ ROUTE ] array (
  'type' => 'module',
  'module' => 
  array (
    0 => 'wpad.dat',
    1 => NULL,
    2 => NULL,
  ),
)
[ info ] [ HEADER ] array (
  'connection' => 'Keep-Alive',
  'accept' => '*/*',
  'user-agent' => 'WinHttp-Autoproxy-Service/5.1',
  'host' => 'wpad.com',
)
[ info ] [ PARAM ] array (
)
[ info ] [ LOG ] INIT File
---------------------------------------------------------------
[ 2018-07-28T10:30:10+08:00 ] 127.0.0.1 GET /wpad.dat
[ info ] wpad.com/wpad.dat [运行时间：0.020212s][吞吐率：49.48req/s] [内存消耗：1,720.08kb] [文件加载：38]
[ info ] [ LANG ] D:\Vc_PHP\Apache24\htdocs\2018\WorkManagement\shop\thinkphp\lang\zh-cn.php
[ info ] [ ROUTE ] array (
  'type' => 'module',
  'module' => 
  array (
    0 => 'wpad.dat',
    1 => NULL,
    2 => NULL,
  ),
)
[ info ] [ HEADER ] array (
  'connection' => 'Keep-Alive',
  'accept' => '*/*',
  'user-agent' => 'WinHttp-Autoproxy-Service/5.1',
  'host' => 'wpad.com',
)
[ info ] [ PARAM ] array (
)
[ info ] [ LOG ] INIT File
---------------------------------------------------------------
[ 2018-07-28T10:40:11+08:00 ] 127.0.0.1 GET /wpad.dat
[ info ] wpad.com/wpad.dat [运行时间：0.443122s][吞吐率：2.26req/s] [内存消耗：1,720.08kb] [文件加载：38]
[ info ] [ LANG ] D:\Vc_PHP\Apache24\htdocs\2018\WorkManagement\shop\thinkphp\lang\zh-cn.php
[ info ] [ ROUTE ] array (
  'type' => 'module',
  'module' => 
  array (
    0 => 'wpad.dat',
    1 => NULL,
    2 => NULL,
  ),
)
[ info ] [ HEADER ] array (
  'connection' => 'Keep-Alive',
  'accept' => '*/*',
  'user-agent' => 'WinHttp-Autoproxy-Service/5.1',
  'host' => 'wpad.com',
)
[ info ] [ PARAM ] array (
)
[ info ] [ LOG ] INIT File
---------------------------------------------------------------
[ 2018-07-28T10:50:11+08:00 ] 127.0.0.1 GET /wpad.dat
[ info ] wpad.com/wpad.dat [运行时间：0.029709s][吞吐率：33.66req/s] [内存消耗：1,720.08kb] [文件加载：38]
[ info ] [ LANG ] D:\Vc_PHP\Apache24\htdocs\2018\WorkManagement\shop\thinkphp\lang\zh-cn.php
[ info ] [ ROUTE ] array (
  'type' => 'module',
  'module' => 
  array (
    0 => 'wpad.dat',
    1 => NULL,
    2 => NULL,
  ),
)
[ info ] [ HEADER ] array (
  'connection' => 'Keep-Alive',
  'accept' => '*/*',
  'user-agent' => 'WinHttp-Autoproxy-Service/5.1',
  'host' => 'wpad.com',
)
[ info ] [ PARAM ] array (
)
[ info ] [ LOG ] INIT File
---------------------------------------------------------------
[ 2018-07-28T11:00:11+08:00 ] 127.0.0.1 GET /wpad.dat
[ info ] wpad.com/wpad.dat [运行时间：0.022214s][吞吐率：45.02req/s] [内存消耗：1,720.08kb] [文件加载：38]
[ info ] [ LANG ] D:\Vc_PHP\Apache24\htdocs\2018\WorkManagement\shop\thinkphp\lang\zh-cn.php
[ info ] [ ROUTE ] array (
  'type' => 'module',
  'module' => 
  array (
    0 => 'wpad.dat',
    1 => NULL,
    2 => NULL,
  ),
)
[ info ] [ HEADER ] array (
  'connection' => 'Keep-Alive',
  'accept' => '*/*',
  'user-agent' => 'WinHttp-Autoproxy-Service/5.1',
  'host' => 'wpad.com',
)
[ info ] [ PARAM ] array (
)
[ info ] [ LOG ] INIT File
---------------------------------------------------------------
[ 2018-07-28T11:10:11+08:00 ] 127.0.0.1 GET /wpad.dat
[ info ] wpad.com/wpad.dat [运行时间：0.030483s][吞吐率：32.81req/s] [内存消耗：1,720.08kb] [文件加载：38]
[ info ] [ LANG ] D:\Vc_PHP\Apache24\htdocs\2018\WorkManagement\shop\thinkphp\lang\zh-cn.php
[ info ] [ ROUTE ] array (
  'type' => 'module',
  'module' => 
  array (
    0 => 'wpad.dat',
    1 => NULL,
    2 => NULL,
  ),
)
[ info ] [ HEADER ] array (
  'connection' => 'Keep-Alive',
  'accept' => '*/*',
  'user-agent' => 'WinHttp-Autoproxy-Service/5.1',
  'host' => 'wpad.com',
)
[ info ] [ PARAM ] array (
)
[ info ] [ LOG ] INIT File
---------------------------------------------------------------
[ 2018-07-28T11:20:11+08:00 ] 127.0.0.1 GET /wpad.dat
[ info ] wpad.com/wpad.dat [运行时间：0.020663s][吞吐率：48.40req/s] [内存消耗：1,720.08kb] [文件加载：38]
[ info ] [ LANG ] D:\Vc_PHP\Apache24\htdocs\2018\WorkManagement\shop\thinkphp\lang\zh-cn.php
[ info ] [ ROUTE ] array (
  'type' => 'module',
  'module' => 
  array (
    0 => 'wpad.dat',
    1 => NULL,
    2 => NULL,
  ),
)
[ info ] [ HEADER ] array (
  'connection' => 'Keep-Alive',
  'accept' => '*/*',
  'user-agent' => 'WinHttp-Autoproxy-Service/5.1',
  'host' => 'wpad.com',
)
[ info ] [ PARAM ] array (
)
[ info ] [ LOG ] INIT File
---------------------------------------------------------------
[ 2018-07-28T11:30:11+08:00 ] 127.0.0.1 GET /wpad.dat
[ info ] wpad.com/wpad.dat [运行时间：0.020199s][吞吐率：49.51req/s] [内存消耗：1,720.08kb] [文件加载：38]
[ info ] [ LANG ] D:\Vc_PHP\Apache24\htdocs\2018\WorkManagement\shop\thinkphp\lang\zh-cn.php
[ info ] [ ROUTE ] array (
  'type' => 'module',
  'module' => 
  array (
    0 => 'wpad.dat',
    1 => NULL,
    2 => NULL,
  ),
)
[ info ] [ HEADER ] array (
  'connection' => 'Keep-Alive',
  'accept' => '*/*',
  'user-agent' => 'WinHttp-Autoproxy-Service/5.1',
  'host' => 'wpad.com',
)
[ info ] [ PARAM ] array (
)
[ info ] [ LOG ] INIT File
---------------------------------------------------------------
[ 2018-07-28T11:40:11+08:00 ] 127.0.0.1 GET /wpad.dat
[ info ] wpad.com/wpad.dat [运行时间：0.032798s][吞吐率：30.49req/s] [内存消耗：1,720.08kb] [文件加载：38]
[ info ] [ LANG ] D:\Vc_PHP\Apache24\htdocs\2018\WorkManagement\shop\thinkphp\lang\zh-cn.php
[ info ] [ ROUTE ] array (
  'type' => 'module',
  'module' => 
  array (
    0 => 'wpad.dat',
    1 => NULL,
    2 => NULL,
  ),
)
[ info ] [ HEADER ] array (
  'connection' => 'Keep-Alive',
  'accept' => '*/*',
  'user-agent' => 'WinHttp-Autoproxy-Service/5.1',
  'host' => 'wpad.com',
)
[ info ] [ PARAM ] array (
)
[ info ] [ LOG ] INIT File
---------------------------------------------------------------
[ 2018-07-28T11:50:11+08:00 ] 127.0.0.1 GET /wpad.dat
[ info ] wpad.com/wpad.dat [运行时间：0.027000s][吞吐率：37.04req/s] [内存消耗：1,720.08kb] [文件加载：38]
[ info ] [ LANG ] D:\Vc_PHP\Apache24\htdocs\2018\WorkManagement\shop\thinkphp\lang\zh-cn.php
[ info ] [ ROUTE ] array (
  'type' => 'module',
  'module' => 
  array (
    0 => 'wpad.dat',
    1 => NULL,
    2 => NULL,
  ),
)
[ info ] [ HEADER ] array (
  'connection' => 'Keep-Alive',
  'accept' => '*/*',
  'user-agent' => 'WinHttp-Autoproxy-Service/5.1',
  'host' => 'wpad.com',
)
[ info ] [ PARAM ] array (
)
[ info ] [ LOG ] INIT File
---------------------------------------------------------------
[ 2018-07-28T12:00:11+08:00 ] 127.0.0.1 GET /wpad.dat
[ info ] wpad.com/wpad.dat [运行时间：0.020200s][吞吐率：49.50req/s] [内存消耗：1,720.08kb] [文件加载：38]
[ info ] [ LANG ] D:\Vc_PHP\Apache24\htdocs\2018\WorkManagement\shop\thinkphp\lang\zh-cn.php
[ info ] [ ROUTE ] array (
  'type' => 'module',
  'module' => 
  array (
    0 => 'wpad.dat',
    1 => NULL,
    2 => NULL,
  ),
)
[ info ] [ HEADER ] array (
  'connection' => 'Keep-Alive',
  'accept' => '*/*',
  'user-agent' => 'WinHttp-Autoproxy-Service/5.1',
  'host' => 'wpad.com',
)
[ info ] [ PARAM ] array (
)
[ info ] [ LOG ] INIT File
---------------------------------------------------------------
[ 2018-07-28T12:10:11+08:00 ] 127.0.0.1 GET /wpad.dat
[ info ] wpad.com/wpad.dat [运行时间：0.023147s][吞吐率：43.20req/s] [内存消耗：1,720.08kb] [文件加载：38]
[ info ] [ LANG ] D:\Vc_PHP\Apache24\htdocs\2018\WorkManagement\shop\thinkphp\lang\zh-cn.php
[ info ] [ ROUTE ] array (
  'type' => 'module',
  'module' => 
  array (
    0 => 'wpad.dat',
    1 => NULL,
    2 => NULL,
  ),
)
[ info ] [ HEADER ] array (
  'connection' => 'Keep-Alive',
  'accept' => '*/*',
  'user-agent' => 'WinHttp-Autoproxy-Service/5.1',
  'host' => 'wpad.com',
)
[ info ] [ PARAM ] array (
)
[ info ] [ LOG ] INIT File
---------------------------------------------------------------
[ 2018-07-28T12:20:11+08:00 ] 127.0.0.1 GET /wpad.dat
[ info ] wpad.com/wpad.dat [运行时间：0.023268s][吞吐率：42.98req/s] [内存消耗：1,720.08kb] [文件加载：38]
[ info ] [ LANG ] D:\Vc_PHP\Apache24\htdocs\2018\WorkManagement\shop\thinkphp\lang\zh-cn.php
[ info ] [ ROUTE ] array (
  'type' => 'module',
  'module' => 
  array (
    0 => 'wpad.dat',
    1 => NULL,
    2 => NULL,
  ),
)
[ info ] [ HEADER ] array (
  'connection' => 'Keep-Alive',
  'accept' => '*/*',
  'user-agent' => 'WinHttp-Autoproxy-Service/5.1',
  'host' => 'wpad.com',
)
[ info ] [ PARAM ] array (
)
[ info ] [ LOG ] INIT File
---------------------------------------------------------------
[ 2018-07-28T12:30:11+08:00 ] 127.0.0.1 GET /wpad.dat
[ info ] wpad.com/wpad.dat [运行时间：0.022040s][吞吐率：45.37req/s] [内存消耗：1,720.08kb] [文件加载：38]
[ info ] [ LANG ] D:\Vc_PHP\Apache24\htdocs\2018\WorkManagement\shop\thinkphp\lang\zh-cn.php
[ info ] [ ROUTE ] array (
  'type' => 'module',
  'module' => 
  array (
    0 => 'wpad.dat',
    1 => NULL,
    2 => NULL,
  ),
)
[ info ] [ HEADER ] array (
  'connection' => 'Keep-Alive',
  'accept' => '*/*',
  'user-agent' => 'WinHttp-Autoproxy-Service/5.1',
  'host' => 'wpad.com',
)
[ info ] [ PARAM ] array (
)
[ info ] [ LOG ] INIT File
---------------------------------------------------------------
[ 2018-07-28T12:40:11+08:00 ] 127.0.0.1 GET /wpad.dat
[ info ] wpad.com/wpad.dat [运行时间：0.021825s][吞吐率：45.82req/s] [内存消耗：1,720.08kb] [文件加载：38]
[ info ] [ LANG ] D:\Vc_PHP\Apache24\htdocs\2018\WorkManagement\shop\thinkphp\lang\zh-cn.php
[ info ] [ ROUTE ] array (
  'type' => 'module',
  'module' => 
  array (
    0 => 'wpad.dat',
    1 => NULL,
    2 => NULL,
  ),
)
[ info ] [ HEADER ] array (
  'connection' => 'Keep-Alive',
  'accept' => '*/*',
  'user-agent' => 'WinHttp-Autoproxy-Service/5.1',
  'host' => 'wpad.com',
)
[ info ] [ PARAM ] array (
)
[ info ] [ LOG ] INIT File
---------------------------------------------------------------
[ 2018-07-28T12:50:11+08:00 ] 127.0.0.1 GET /wpad.dat
[ info ] wpad.com/wpad.dat [运行时间：0.030561s][吞吐率：32.72req/s] [内存消耗：1,720.08kb] [文件加载：38]
[ info ] [ LANG ] D:\Vc_PHP\Apache24\htdocs\2018\WorkManagement\shop\thinkphp\lang\zh-cn.php
[ info ] [ ROUTE ] array (
  'type' => 'module',
  'module' => 
  array (
    0 => 'wpad.dat',
    1 => NULL,
    2 => NULL,
  ),
)
[ info ] [ HEADER ] array (
  'connection' => 'Keep-Alive',
  'accept' => '*/*',
  'user-agent' => 'WinHttp-Autoproxy-Service/5.1',
  'host' => 'wpad.com',
)
[ info ] [ PARAM ] array (
)
[ info ] [ LOG ] INIT File
---------------------------------------------------------------
[ 2018-07-28T13:00:11+08:00 ] 127.0.0.1 GET /wpad.dat
[ info ] wpad.com/wpad.dat [运行时间：0.020809s][吞吐率：48.06req/s] [内存消耗：1,720.08kb] [文件加载：38]
[ info ] [ LANG ] D:\Vc_PHP\Apache24\htdocs\2018\WorkManagement\shop\thinkphp\lang\zh-cn.php
[ info ] [ ROUTE ] array (
  'type' => 'module',
  'module' => 
  array (
    0 => 'wpad.dat',
    1 => NULL,
    2 => NULL,
  ),
)
[ info ] [ HEADER ] array (
  'connection' => 'Keep-Alive',
  'accept' => '*/*',
  'user-agent' => 'WinHttp-Autoproxy-Service/5.1',
  'host' => 'wpad.com',
)
[ info ] [ PARAM ] array (
)
[ info ] [ LOG ] INIT File
---------------------------------------------------------------
[ 2018-07-28T13:10:11+08:00 ] 127.0.0.1 GET /wpad.dat
[ info ] wpad.com/wpad.dat [运行时间：0.024017s][吞吐率：41.64req/s] [内存消耗：1,720.08kb] [文件加载：38]
[ info ] [ LANG ] D:\Vc_PHP\Apache24\htdocs\2018\WorkManagement\shop\thinkphp\lang\zh-cn.php
[ info ] [ ROUTE ] array (
  'type' => 'module',
  'module' => 
  array (
    0 => 'wpad.dat',
    1 => NULL,
    2 => NULL,
  ),
)
[ info ] [ HEADER ] array (
  'connection' => 'Keep-Alive',
  'accept' => '*/*',
  'user-agent' => 'WinHttp-Autoproxy-Service/5.1',
  'host' => 'wpad.com',
)
[ info ] [ PARAM ] array (
)
[ info ] [ LOG ] INIT File
---------------------------------------------------------------
[ 2018-07-28T13:20:11+08:00 ] 127.0.0.1 GET /wpad.dat
[ info ] wpad.com/wpad.dat [运行时间：0.023044s][吞吐率：43.40req/s] [内存消耗：1,720.08kb] [文件加载：38]
[ info ] [ LANG ] D:\Vc_PHP\Apache24\htdocs\2018\WorkManagement\shop\thinkphp\lang\zh-cn.php
[ info ] [ ROUTE ] array (
  'type' => 'module',
  'module' => 
  array (
    0 => 'wpad.dat',
    1 => NULL,
    2 => NULL,
  ),
)
[ info ] [ HEADER ] array (
  'connection' => 'Keep-Alive',
  'accept' => '*/*',
  'user-agent' => 'WinHttp-Autoproxy-Service/5.1',
  'host' => 'wpad.com',
)
[ info ] [ PARAM ] array (
)
[ info ] [ LOG ] INIT File
---------------------------------------------------------------
[ 2018-07-28T13:30:11+08:00 ] 127.0.0.1 GET /wpad.dat
[ info ] wpad.com/wpad.dat [运行时间：0.022262s][吞吐率：44.92req/s] [内存消耗：1,720.08kb] [文件加载：38]
[ info ] [ LANG ] D:\Vc_PHP\Apache24\htdocs\2018\WorkManagement\shop\thinkphp\lang\zh-cn.php
[ info ] [ ROUTE ] array (
  'type' => 'module',
  'module' => 
  array (
    0 => 'wpad.dat',
    1 => NULL,
    2 => NULL,
  ),
)
[ info ] [ HEADER ] array (
  'connection' => 'Keep-Alive',
  'accept' => '*/*',
  'user-agent' => 'WinHttp-Autoproxy-Service/5.1',
  'host' => 'wpad.com',
)
[ info ] [ PARAM ] array (
)
[ info ] [ LOG ] INIT File
---------------------------------------------------------------
[ 2018-07-28T13:40:11+08:00 ] 127.0.0.1 GET /wpad.dat
[ info ] wpad.com/wpad.dat [运行时间：0.028032s][吞吐率：35.67req/s] [内存消耗：1,720.08kb] [文件加载：38]
[ info ] [ LANG ] D:\Vc_PHP\Apache24\htdocs\2018\WorkManagement\shop\thinkphp\lang\zh-cn.php
[ info ] [ ROUTE ] array (
  'type' => 'module',
  'module' => 
  array (
    0 => 'wpad.dat',
    1 => NULL,
    2 => NULL,
  ),
)
[ info ] [ HEADER ] array (
  'connection' => 'Keep-Alive',
  'accept' => '*/*',
  'user-agent' => 'WinHttp-Autoproxy-Service/5.1',
  'host' => 'wpad.com',
)
[ info ] [ PARAM ] array (
)
[ info ] [ LOG ] INIT File
---------------------------------------------------------------
[ 2018-07-28T13:50:11+08:00 ] 127.0.0.1 GET /wpad.dat
[ info ] wpad.com/wpad.dat [运行时间：0.025610s][吞吐率：39.05req/s] [内存消耗：1,720.08kb] [文件加载：38]
[ info ] [ LANG ] D:\Vc_PHP\Apache24\htdocs\2018\WorkManagement\shop\thinkphp\lang\zh-cn.php
[ info ] [ ROUTE ] array (
  'type' => 'module',
  'module' => 
  array (
    0 => 'wpad.dat',
    1 => NULL,
    2 => NULL,
  ),
)
[ info ] [ HEADER ] array (
  'connection' => 'Keep-Alive',
  'accept' => '*/*',
  'user-agent' => 'WinHttp-Autoproxy-Service/5.1',
  'host' => 'wpad.com',
)
[ info ] [ PARAM ] array (
)
[ info ] [ LOG ] INIT File
---------------------------------------------------------------
[ 2018-07-28T14:00:11+08:00 ] 127.0.0.1 GET /wpad.dat
[ info ] wpad.com/wpad.dat [运行时间：0.034850s][吞吐率：28.69req/s] [内存消耗：1,720.08kb] [文件加载：38]
[ info ] [ LANG ] D:\Vc_PHP\Apache24\htdocs\2018\WorkManagement\shop\thinkphp\lang\zh-cn.php
[ info ] [ ROUTE ] array (
  'type' => 'module',
  'module' => 
  array (
    0 => 'wpad.dat',
    1 => NULL,
    2 => NULL,
  ),
)
[ info ] [ HEADER ] array (
  'connection' => 'Keep-Alive',
  'accept' => '*/*',
  'user-agent' => 'WinHttp-Autoproxy-Service/5.1',
  'host' => 'wpad.com',
)
[ info ] [ PARAM ] array (
)
[ info ] [ LOG ] INIT File
---------------------------------------------------------------
[ 2018-07-28T14:10:11+08:00 ] 127.0.0.1 GET /wpad.dat
[ info ] wpad.com/wpad.dat [运行时间：0.027023s][吞吐率：37.01req/s] [内存消耗：1,720.08kb] [文件加载：38]
[ info ] [ LANG ] D:\Vc_PHP\Apache24\htdocs\2018\WorkManagement\shop\thinkphp\lang\zh-cn.php
[ info ] [ ROUTE ] array (
  'type' => 'module',
  'module' => 
  array (
    0 => 'wpad.dat',
    1 => NULL,
    2 => NULL,
  ),
)
[ info ] [ HEADER ] array (
  'connection' => 'Keep-Alive',
  'accept' => '*/*',
  'user-agent' => 'WinHttp-Autoproxy-Service/5.1',
  'host' => 'wpad.com',
)
[ info ] [ PARAM ] array (
)
[ info ] [ LOG ] INIT File
---------------------------------------------------------------
[ 2018-07-28T14:20:11+08:00 ] 127.0.0.1 GET /wpad.dat
[ info ] wpad.com/wpad.dat [运行时间：0.026557s][吞吐率：37.65req/s] [内存消耗：1,720.08kb] [文件加载：38]
[ info ] [ LANG ] D:\Vc_PHP\Apache24\htdocs\2018\WorkManagement\shop\thinkphp\lang\zh-cn.php
[ info ] [ ROUTE ] array (
  'type' => 'module',
  'module' => 
  array (
    0 => 'wpad.dat',
    1 => NULL,
    2 => NULL,
  ),
)
[ info ] [ HEADER ] array (
  'connection' => 'Keep-Alive',
  'accept' => '*/*',
  'user-agent' => 'WinHttp-Autoproxy-Service/5.1',
  'host' => 'wpad.com',
)
[ info ] [ PARAM ] array (
)
[ info ] [ LOG ] INIT File
---------------------------------------------------------------
[ 2018-07-28T14:30:11+08:00 ] 127.0.0.1 GET /wpad.dat
[ info ] wpad.com/wpad.dat [运行时间：0.030708s][吞吐率：32.56req/s] [内存消耗：1,720.08kb] [文件加载：38]
[ info ] [ LANG ] D:\Vc_PHP\Apache24\htdocs\2018\WorkManagement\shop\thinkphp\lang\zh-cn.php
[ info ] [ ROUTE ] array (
  'type' => 'module',
  'module' => 
  array (
    0 => 'wpad.dat',
    1 => NULL,
    2 => NULL,
  ),
)
[ info ] [ HEADER ] array (
  'connection' => 'Keep-Alive',
  'accept' => '*/*',
  'user-agent' => 'WinHttp-Autoproxy-Service/5.1',
  'host' => 'wpad.com',
)
[ info ] [ PARAM ] array (
)
[ info ] [ LOG ] INIT File
---------------------------------------------------------------
[ 2018-07-28T14:40:11+08:00 ] 127.0.0.1 GET /wpad.dat
[ info ] wpad.com/wpad.dat [运行时间：0.040416s][吞吐率：24.74req/s] [内存消耗：1,720.08kb] [文件加载：38]
[ info ] [ LANG ] D:\Vc_PHP\Apache24\htdocs\2018\WorkManagement\shop\thinkphp\lang\zh-cn.php
[ info ] [ ROUTE ] array (
  'type' => 'module',
  'module' => 
  array (
    0 => 'wpad.dat',
    1 => NULL,
    2 => NULL,
  ),
)
[ info ] [ HEADER ] array (
  'connection' => 'Keep-Alive',
  'accept' => '*/*',
  'user-agent' => 'WinHttp-Autoproxy-Service/5.1',
  'host' => 'wpad.com',
)
[ info ] [ PARAM ] array (
)
[ info ] [ LOG ] INIT File
---------------------------------------------------------------
[ 2018-07-28T14:50:12+08:00 ] 127.0.0.1 GET /wpad.dat
[ info ] wpad.com/wpad.dat [运行时间：0.024876s][吞吐率：40.20req/s] [内存消耗：1,720.08kb] [文件加载：38]
[ info ] [ LANG ] D:\Vc_PHP\Apache24\htdocs\2018\WorkManagement\shop\thinkphp\lang\zh-cn.php
[ info ] [ ROUTE ] array (
  'type' => 'module',
  'module' => 
  array (
    0 => 'wpad.dat',
    1 => NULL,
    2 => NULL,
  ),
)
[ info ] [ HEADER ] array (
  'connection' => 'Keep-Alive',
  'accept' => '*/*',
  'user-agent' => 'WinHttp-Autoproxy-Service/5.1',
  'host' => 'wpad.com',
)
[ info ] [ PARAM ] array (
)
[ info ] [ LOG ] INIT File
---------------------------------------------------------------
[ 2018-07-28T15:00:12+08:00 ] 127.0.0.1 GET /wpad.dat
[ info ] wpad.com/wpad.dat [运行时间：0.019468s][吞吐率：51.37req/s] [内存消耗：1,720.08kb] [文件加载：38]
[ info ] [ LANG ] D:\Vc_PHP\Apache24\htdocs\2018\WorkManagement\shop\thinkphp\lang\zh-cn.php
[ info ] [ ROUTE ] array (
  'type' => 'module',
  'module' => 
  array (
    0 => 'wpad.dat',
    1 => NULL,
    2 => NULL,
  ),
)
[ info ] [ HEADER ] array (
  'connection' => 'Keep-Alive',
  'accept' => '*/*',
  'user-agent' => 'WinHttp-Autoproxy-Service/5.1',
  'host' => 'wpad.com',
)
[ info ] [ PARAM ] array (
)
[ info ] [ LOG ] INIT File
---------------------------------------------------------------
[ 2018-07-28T15:10:12+08:00 ] 127.0.0.1 GET /wpad.dat
[ info ] wpad.com/wpad.dat [运行时间：0.021583s][吞吐率：46.33req/s] [内存消耗：1,720.08kb] [文件加载：38]
[ info ] [ LANG ] D:\Vc_PHP\Apache24\htdocs\2018\WorkManagement\shop\thinkphp\lang\zh-cn.php
[ info ] [ ROUTE ] array (
  'type' => 'module',
  'module' => 
  array (
    0 => 'wpad.dat',
    1 => NULL,
    2 => NULL,
  ),
)
[ info ] [ HEADER ] array (
  'connection' => 'Keep-Alive',
  'accept' => '*/*',
  'user-agent' => 'WinHttp-Autoproxy-Service/5.1',
  'host' => 'wpad.com',
)
[ info ] [ PARAM ] array (
)
[ info ] [ LOG ] INIT File
---------------------------------------------------------------
[ 2018-07-28T15:20:12+08:00 ] 127.0.0.1 GET /wpad.dat
[ info ] wpad.com/wpad.dat [运行时间：0.026292s][吞吐率：38.03req/s] [内存消耗：1,720.08kb] [文件加载：38]
[ info ] [ LANG ] D:\Vc_PHP\Apache24\htdocs\2018\WorkManagement\shop\thinkphp\lang\zh-cn.php
[ info ] [ ROUTE ] array (
  'type' => 'module',
  'module' => 
  array (
    0 => 'wpad.dat',
    1 => NULL,
    2 => NULL,
  ),
)
[ info ] [ HEADER ] array (
  'connection' => 'Keep-Alive',
  'accept' => '*/*',
  'user-agent' => 'WinHttp-Autoproxy-Service/5.1',
  'host' => 'wpad.com',
)
[ info ] [ PARAM ] array (
)
[ info ] [ LOG ] INIT File
---------------------------------------------------------------
[ 2018-07-28T15:30:12+08:00 ] 127.0.0.1 GET /wpad.dat
[ info ] wpad.com/wpad.dat [运行时间：0.023062s][吞吐率：43.36req/s] [内存消耗：1,720.08kb] [文件加载：38]
[ info ] [ LANG ] D:\Vc_PHP\Apache24\htdocs\2018\WorkManagement\shop\thinkphp\lang\zh-cn.php
[ info ] [ ROUTE ] array (
  'type' => 'module',
  'module' => 
  array (
    0 => 'wpad.dat',
    1 => NULL,
    2 => NULL,
  ),
)
[ info ] [ HEADER ] array (
  'connection' => 'Keep-Alive',
  'accept' => '*/*',
  'user-agent' => 'WinHttp-Autoproxy-Service/5.1',
  'host' => 'wpad.com',
)
[ info ] [ PARAM ] array (
)
[ info ] [ LOG ] INIT File
---------------------------------------------------------------
[ 2018-07-28T15:40:12+08:00 ] 127.0.0.1 GET /wpad.dat
[ info ] wpad.com/wpad.dat [运行时间：0.024059s][吞吐率：41.56req/s] [内存消耗：1,720.08kb] [文件加载：38]
[ info ] [ LANG ] D:\Vc_PHP\Apache24\htdocs\2018\WorkManagement\shop\thinkphp\lang\zh-cn.php
[ info ] [ ROUTE ] array (
  'type' => 'module',
  'module' => 
  array (
    0 => 'wpad.dat',
    1 => NULL,
    2 => NULL,
  ),
)
[ info ] [ HEADER ] array (
  'connection' => 'Keep-Alive',
  'accept' => '*/*',
  'user-agent' => 'WinHttp-Autoproxy-Service/5.1',
  'host' => 'wpad.com',
)
[ info ] [ PARAM ] array (
)
[ info ] [ LOG ] INIT File
---------------------------------------------------------------
[ 2018-07-28T15:50:12+08:00 ] 127.0.0.1 GET /wpad.dat
[ info ] wpad.com/wpad.dat [运行时间：0.028539s][吞吐率：35.04req/s] [内存消耗：1,720.08kb] [文件加载：38]
[ info ] [ LANG ] D:\Vc_PHP\Apache24\htdocs\2018\WorkManagement\shop\thinkphp\lang\zh-cn.php
[ info ] [ ROUTE ] array (
  'type' => 'module',
  'module' => 
  array (
    0 => 'wpad.dat',
    1 => NULL,
    2 => NULL,
  ),
)
[ info ] [ HEADER ] array (
  'connection' => 'Keep-Alive',
  'accept' => '*/*',
  'user-agent' => 'WinHttp-Autoproxy-Service/5.1',
  'host' => 'wpad.com',
)
[ info ] [ PARAM ] array (
)
[ info ] [ LOG ] INIT File
---------------------------------------------------------------
[ 2018-07-28T16:00:12+08:00 ] 127.0.0.1 GET /wpad.dat
[ info ] wpad.com/wpad.dat [运行时间：0.021212s][吞吐率：47.14req/s] [内存消耗：1,720.08kb] [文件加载：38]
[ info ] [ LANG ] D:\Vc_PHP\Apache24\htdocs\2018\WorkManagement\shop\thinkphp\lang\zh-cn.php
[ info ] [ ROUTE ] array (
  'type' => 'module',
  'module' => 
  array (
    0 => 'wpad.dat',
    1 => NULL,
    2 => NULL,
  ),
)
[ info ] [ HEADER ] array (
  'connection' => 'Keep-Alive',
  'accept' => '*/*',
  'user-agent' => 'WinHttp-Autoproxy-Service/5.1',
  'host' => 'wpad.com',
)
[ info ] [ PARAM ] array (
)
[ info ] [ LOG ] INIT File
---------------------------------------------------------------
[ 2018-07-28T16:10:12+08:00 ] 127.0.0.1 GET /wpad.dat
[ info ] wpad.com/wpad.dat [运行时间：0.029342s][吞吐率：34.08req/s] [内存消耗：1,720.08kb] [文件加载：38]
[ info ] [ LANG ] D:\Vc_PHP\Apache24\htdocs\2018\WorkManagement\shop\thinkphp\lang\zh-cn.php
[ info ] [ ROUTE ] array (
  'type' => 'module',
  'module' => 
  array (
    0 => 'wpad.dat',
    1 => NULL,
    2 => NULL,
  ),
)
[ info ] [ HEADER ] array (
  'connection' => 'Keep-Alive',
  'accept' => '*/*',
  'user-agent' => 'WinHttp-Autoproxy-Service/5.1',
  'host' => 'wpad.com',
)
[ info ] [ PARAM ] array (
)
[ info ] [ LOG ] INIT File
---------------------------------------------------------------
[ 2018-07-28T16:20:12+08:00 ] 127.0.0.1 GET /wpad.dat
[ info ] wpad.com/wpad.dat [运行时间：0.031667s][吞吐率：31.58req/s] [内存消耗：1,720.08kb] [文件加载：38]
[ info ] [ LANG ] D:\Vc_PHP\Apache24\htdocs\2018\WorkManagement\shop\thinkphp\lang\zh-cn.php
[ info ] [ ROUTE ] array (
  'type' => 'module',
  'module' => 
  array (
    0 => 'wpad.dat',
    1 => NULL,
    2 => NULL,
  ),
)
[ info ] [ HEADER ] array (
  'connection' => 'Keep-Alive',
  'accept' => '*/*',
  'user-agent' => 'WinHttp-Autoproxy-Service/5.1',
  'host' => 'wpad.com',
)
[ info ] [ PARAM ] array (
)
[ info ] [ LOG ] INIT File
---------------------------------------------------------------
[ 2018-07-28T16:30:12+08:00 ] 127.0.0.1 GET /wpad.dat
[ info ] wpad.com/wpad.dat [运行时间：0.033586s][吞吐率：29.77req/s] [内存消耗：1,720.08kb] [文件加载：38]
[ info ] [ LANG ] D:\Vc_PHP\Apache24\htdocs\2018\WorkManagement\shop\thinkphp\lang\zh-cn.php
[ info ] [ ROUTE ] array (
  'type' => 'module',
  'module' => 
  array (
    0 => 'wpad.dat',
    1 => NULL,
    2 => NULL,
  ),
)
[ info ] [ HEADER ] array (
  'connection' => 'Keep-Alive',
  'accept' => '*/*',
  'user-agent' => 'WinHttp-Autoproxy-Service/5.1',
  'host' => 'wpad.com',
)
[ info ] [ PARAM ] array (
)
[ info ] [ LOG ] INIT File
---------------------------------------------------------------
[ 2018-07-28T16:40:12+08:00 ] 127.0.0.1 GET /wpad.dat
[ info ] wpad.com/wpad.dat [运行时间：0.024050s][吞吐率：41.58req/s] [内存消耗：1,720.08kb] [文件加载：38]
[ info ] [ LANG ] D:\Vc_PHP\Apache24\htdocs\2018\WorkManagement\shop\thinkphp\lang\zh-cn.php
[ info ] [ ROUTE ] array (
  'type' => 'module',
  'module' => 
  array (
    0 => 'wpad.dat',
    1 => NULL,
    2 => NULL,
  ),
)
[ info ] [ HEADER ] array (
  'connection' => 'Keep-Alive',
  'accept' => '*/*',
  'user-agent' => 'WinHttp-Autoproxy-Service/5.1',
  'host' => 'wpad.com',
)
[ info ] [ PARAM ] array (
)
[ info ] [ LOG ] INIT File
---------------------------------------------------------------
[ 2018-07-28T16:50:12+08:00 ] 127.0.0.1 GET /wpad.dat
[ info ] wpad.com/wpad.dat [运行时间：0.020698s][吞吐率：48.31req/s] [内存消耗：1,720.08kb] [文件加载：38]
[ info ] [ LANG ] D:\Vc_PHP\Apache24\htdocs\2018\WorkManagement\shop\thinkphp\lang\zh-cn.php
[ info ] [ ROUTE ] array (
  'type' => 'module',
  'module' => 
  array (
    0 => 'wpad.dat',
    1 => NULL,
    2 => NULL,
  ),
)
[ info ] [ HEADER ] array (
  'connection' => 'Keep-Alive',
  'accept' => '*/*',
  'user-agent' => 'WinHttp-Autoproxy-Service/5.1',
  'host' => 'wpad.com',
)
[ info ] [ PARAM ] array (
)
[ info ] [ LOG ] INIT File
---------------------------------------------------------------
[ 2018-07-28T17:00:12+08:00 ] 127.0.0.1 GET /wpad.dat
[ info ] wpad.com/wpad.dat [运行时间：0.034206s][吞吐率：29.23req/s] [内存消耗：1,720.08kb] [文件加载：38]
[ info ] [ LANG ] D:\Vc_PHP\Apache24\htdocs\2018\WorkManagement\shop\thinkphp\lang\zh-cn.php
[ info ] [ ROUTE ] array (
  'type' => 'module',
  'module' => 
  array (
    0 => 'wpad.dat',
    1 => NULL,
    2 => NULL,
  ),
)
[ info ] [ HEADER ] array (
  'connection' => 'Keep-Alive',
  'accept' => '*/*',
  'user-agent' => 'WinHttp-Autoproxy-Service/5.1',
  'host' => 'wpad.com',
)
[ info ] [ PARAM ] array (
)
[ info ] [ LOG ] INIT File
---------------------------------------------------------------
[ 2018-07-28T17:10:12+08:00 ] 127.0.0.1 GET /wpad.dat
[ info ] wpad.com/wpad.dat [运行时间：0.025679s][吞吐率：38.94req/s] [内存消耗：1,720.08kb] [文件加载：38]
[ info ] [ LANG ] D:\Vc_PHP\Apache24\htdocs\2018\WorkManagement\shop\thinkphp\lang\zh-cn.php
[ info ] [ ROUTE ] array (
  'type' => 'module',
  'module' => 
  array (
    0 => 'wpad.dat',
    1 => NULL,
    2 => NULL,
  ),
)
[ info ] [ HEADER ] array (
  'connection' => 'Keep-Alive',
  'accept' => '*/*',
  'user-agent' => 'WinHttp-Autoproxy-Service/5.1',
  'host' => 'wpad.com',
)
[ info ] [ PARAM ] array (
)
[ info ] [ LOG ] INIT File
---------------------------------------------------------------
[ 2018-07-28T17:20:12+08:00 ] 127.0.0.1 GET /wpad.dat
[ info ] wpad.com/wpad.dat [运行时间：0.026813s][吞吐率：37.30req/s] [内存消耗：1,720.08kb] [文件加载：38]
[ info ] [ LANG ] D:\Vc_PHP\Apache24\htdocs\2018\WorkManagement\shop\thinkphp\lang\zh-cn.php
[ info ] [ ROUTE ] array (
  'type' => 'module',
  'module' => 
  array (
    0 => 'wpad.dat',
    1 => NULL,
    2 => NULL,
  ),
)
[ info ] [ HEADER ] array (
  'connection' => 'Keep-Alive',
  'accept' => '*/*',
  'user-agent' => 'WinHttp-Autoproxy-Service/5.1',
  'host' => 'wpad.com',
)
[ info ] [ PARAM ] array (
)
[ info ] [ LOG ] INIT File
---------------------------------------------------------------
[ 2018-07-28T17:30:12+08:00 ] 127.0.0.1 GET /wpad.dat
[ info ] wpad.com/wpad.dat [运行时间：0.020010s][吞吐率：49.98req/s] [内存消耗：1,720.08kb] [文件加载：38]
[ info ] [ LANG ] D:\Vc_PHP\Apache24\htdocs\2018\WorkManagement\shop\thinkphp\lang\zh-cn.php
[ info ] [ ROUTE ] array (
  'type' => 'module',
  'module' => 
  array (
    0 => 'wpad.dat',
    1 => NULL,
    2 => NULL,
  ),
)
[ info ] [ HEADER ] array (
  'connection' => 'Keep-Alive',
  'accept' => '*/*',
  'user-agent' => 'WinHttp-Autoproxy-Service/5.1',
  'host' => 'wpad.com',
)
[ info ] [ PARAM ] array (
)
[ info ] [ LOG ] INIT File
---------------------------------------------------------------
[ 2018-07-28T17:40:12+08:00 ] 127.0.0.1 GET /wpad.dat
[ info ] wpad.com/wpad.dat [运行时间：0.028641s][吞吐率：34.91req/s] [内存消耗：1,720.08kb] [文件加载：38]
[ info ] [ LANG ] D:\Vc_PHP\Apache24\htdocs\2018\WorkManagement\shop\thinkphp\lang\zh-cn.php
[ info ] [ ROUTE ] array (
  'type' => 'module',
  'module' => 
  array (
    0 => 'wpad.dat',
    1 => NULL,
    2 => NULL,
  ),
)
[ info ] [ HEADER ] array (
  'connection' => 'Keep-Alive',
  'accept' => '*/*',
  'user-agent' => 'WinHttp-Autoproxy-Service/5.1',
  'host' => 'wpad.com',
)
[ info ] [ PARAM ] array (
)
[ info ] [ LOG ] INIT File
---------------------------------------------------------------
[ 2018-07-28T17:50:12+08:00 ] 127.0.0.1 GET /wpad.dat
[ info ] wpad.com/wpad.dat [运行时间：0.022836s][吞吐率：43.79req/s] [内存消耗：1,720.08kb] [文件加载：38]
[ info ] [ LANG ] D:\Vc_PHP\Apache24\htdocs\2018\WorkManagement\shop\thinkphp\lang\zh-cn.php
[ info ] [ ROUTE ] array (
  'type' => 'module',
  'module' => 
  array (
    0 => 'wpad.dat',
    1 => NULL,
    2 => NULL,
  ),
)
[ info ] [ HEADER ] array (
  'connection' => 'Keep-Alive',
  'accept' => '*/*',
  'user-agent' => 'WinHttp-Autoproxy-Service/5.1',
  'host' => 'wpad.com',
)
[ info ] [ PARAM ] array (
)
[ info ] [ LOG ] INIT File
---------------------------------------------------------------
[ 2018-07-28T18:00:12+08:00 ] 127.0.0.1 GET /wpad.dat
[ info ] wpad.com/wpad.dat [运行时间：0.026955s][吞吐率：37.10req/s] [内存消耗：1,720.08kb] [文件加载：38]
[ info ] [ LANG ] D:\Vc_PHP\Apache24\htdocs\2018\WorkManagement\shop\thinkphp\lang\zh-cn.php
[ info ] [ ROUTE ] array (
  'type' => 'module',
  'module' => 
  array (
    0 => 'wpad.dat',
    1 => NULL,
    2 => NULL,
  ),
)
[ info ] [ HEADER ] array (
  'connection' => 'Keep-Alive',
  'accept' => '*/*',
  'user-agent' => 'WinHttp-Autoproxy-Service/5.1',
  'host' => 'wpad.com',
)
[ info ] [ PARAM ] array (
)
[ info ] [ LOG ] INIT File
---------------------------------------------------------------
[ 2018-07-28T18:10:12+08:00 ] 127.0.0.1 GET /wpad.dat
[ info ] wpad.com/wpad.dat [运行时间：0.022313s][吞吐率：44.82req/s] [内存消耗：1,720.08kb] [文件加载：38]
[ info ] [ LANG ] D:\Vc_PHP\Apache24\htdocs\2018\WorkManagement\shop\thinkphp\lang\zh-cn.php
[ info ] [ ROUTE ] array (
  'type' => 'module',
  'module' => 
  array (
    0 => 'wpad.dat',
    1 => NULL,
    2 => NULL,
  ),
)
[ info ] [ HEADER ] array (
  'connection' => 'Keep-Alive',
  'accept' => '*/*',
  'user-agent' => 'WinHttp-Autoproxy-Service/5.1',
  'host' => 'wpad.com',
)
[ info ] [ PARAM ] array (
)
[ info ] [ LOG ] INIT File
---------------------------------------------------------------
[ 2018-07-28T18:20:12+08:00 ] 127.0.0.1 GET /wpad.dat
[ info ] wpad.com/wpad.dat [运行时间：0.024813s][吞吐率：40.30req/s] [内存消耗：1,720.08kb] [文件加载：38]
[ info ] [ LANG ] D:\Vc_PHP\Apache24\htdocs\2018\WorkManagement\shop\thinkphp\lang\zh-cn.php
[ info ] [ ROUTE ] array (
  'type' => 'module',
  'module' => 
  array (
    0 => 'wpad.dat',
    1 => NULL,
    2 => NULL,
  ),
)
[ info ] [ HEADER ] array (
  'connection' => 'Keep-Alive',
  'accept' => '*/*',
  'user-agent' => 'WinHttp-Autoproxy-Service/5.1',
  'host' => 'wpad.com',
)
[ info ] [ PARAM ] array (
)
[ info ] [ LOG ] INIT File
---------------------------------------------------------------
[ 2018-07-28T18:30:12+08:00 ] 127.0.0.1 GET /wpad.dat
[ info ] wpad.com/wpad.dat [运行时间：0.021884s][吞吐率：45.70req/s] [内存消耗：1,720.08kb] [文件加载：38]
[ info ] [ LANG ] D:\Vc_PHP\Apache24\htdocs\2018\WorkManagement\shop\thinkphp\lang\zh-cn.php
[ info ] [ ROUTE ] array (
  'type' => 'module',
  'module' => 
  array (
    0 => 'wpad.dat',
    1 => NULL,
    2 => NULL,
  ),
)
[ info ] [ HEADER ] array (
  'connection' => 'Keep-Alive',
  'accept' => '*/*',
  'user-agent' => 'WinHttp-Autoproxy-Service/5.1',
  'host' => 'wpad.com',
)
[ info ] [ PARAM ] array (
)
[ info ] [ LOG ] INIT File
---------------------------------------------------------------
[ 2018-07-28T18:40:12+08:00 ] 127.0.0.1 GET /wpad.dat
[ info ] wpad.com/wpad.dat [运行时间：0.023362s][吞吐率：42.80req/s] [内存消耗：1,720.08kb] [文件加载：38]
[ info ] [ LANG ] D:\Vc_PHP\Apache24\htdocs\2018\WorkManagement\shop\thinkphp\lang\zh-cn.php
[ info ] [ ROUTE ] array (
  'type' => 'module',
  'module' => 
  array (
    0 => 'wpad.dat',
    1 => NULL,
    2 => NULL,
  ),
)
[ info ] [ HEADER ] array (
  'connection' => 'Keep-Alive',
  'accept' => '*/*',
  'user-agent' => 'WinHttp-Autoproxy-Service/5.1',
  'host' => 'wpad.com',
)
[ info ] [ PARAM ] array (
)
[ info ] [ LOG ] INIT File
---------------------------------------------------------------
[ 2018-07-28T18:50:12+08:00 ] 127.0.0.1 GET /wpad.dat
[ info ] wpad.com/wpad.dat [运行时间：0.032399s][吞吐率：30.86req/s] [内存消耗：1,720.08kb] [文件加载：38]
[ info ] [ LANG ] D:\Vc_PHP\Apache24\htdocs\2018\WorkManagement\shop\thinkphp\lang\zh-cn.php
[ info ] [ ROUTE ] array (
  'type' => 'module',
  'module' => 
  array (
    0 => 'wpad.dat',
    1 => NULL,
    2 => NULL,
  ),
)
[ info ] [ HEADER ] array (
  'connection' => 'Keep-Alive',
  'accept' => '*/*',
  'user-agent' => 'WinHttp-Autoproxy-Service/5.1',
  'host' => 'wpad.com',
)
[ info ] [ PARAM ] array (
)
[ info ] [ LOG ] INIT File
---------------------------------------------------------------
[ 2018-07-28T19:00:12+08:00 ] 127.0.0.1 GET /wpad.dat
[ info ] wpad.com/wpad.dat [运行时间：0.028583s][吞吐率：34.99req/s] [内存消耗：1,720.08kb] [文件加载：38]
[ info ] [ LANG ] D:\Vc_PHP\Apache24\htdocs\2018\WorkManagement\shop\thinkphp\lang\zh-cn.php
[ info ] [ ROUTE ] array (
  'type' => 'module',
  'module' => 
  array (
    0 => 'wpad.dat',
    1 => NULL,
    2 => NULL,
  ),
)
[ info ] [ HEADER ] array (
  'connection' => 'Keep-Alive',
  'accept' => '*/*',
  'user-agent' => 'WinHttp-Autoproxy-Service/5.1',
  'host' => 'wpad.com',
)
[ info ] [ PARAM ] array (
)
[ info ] [ LOG ] INIT File
---------------------------------------------------------------
[ 2018-07-28T19:10:12+08:00 ] 127.0.0.1 GET /wpad.dat
[ info ] wpad.com/wpad.dat [运行时间：0.023064s][吞吐率：43.36req/s] [内存消耗：1,720.08kb] [文件加载：38]
[ info ] [ LANG ] D:\Vc_PHP\Apache24\htdocs\2018\WorkManagement\shop\thinkphp\lang\zh-cn.php
[ info ] [ ROUTE ] array (
  'type' => 'module',
  'module' => 
  array (
    0 => 'wpad.dat',
    1 => NULL,
    2 => NULL,
  ),
)
[ info ] [ HEADER ] array (
  'connection' => 'Keep-Alive',
  'accept' => '*/*',
  'user-agent' => 'WinHttp-Autoproxy-Service/5.1',
  'host' => 'wpad.com',
)
[ info ] [ PARAM ] array (
)
[ info ] [ LOG ] INIT File
---------------------------------------------------------------
[ 2018-07-28T19:20:13+08:00 ] 127.0.0.1 GET /wpad.dat
[ info ] wpad.com/wpad.dat [运行时间：0.021946s][吞吐率：45.57req/s] [内存消耗：1,720.08kb] [文件加载：38]
[ info ] [ LANG ] D:\Vc_PHP\Apache24\htdocs\2018\WorkManagement\shop\thinkphp\lang\zh-cn.php
[ info ] [ ROUTE ] array (
  'type' => 'module',
  'module' => 
  array (
    0 => 'wpad.dat',
    1 => NULL,
    2 => NULL,
  ),
)
[ info ] [ HEADER ] array (
  'connection' => 'Keep-Alive',
  'accept' => '*/*',
  'user-agent' => 'WinHttp-Autoproxy-Service/5.1',
  'host' => 'wpad.com',
)
[ info ] [ PARAM ] array (
)
[ info ] [ LOG ] INIT File
---------------------------------------------------------------
[ 2018-07-28T19:30:13+08:00 ] 127.0.0.1 GET /wpad.dat
[ info ] wpad.com/wpad.dat [运行时间：0.022981s][吞吐率：43.51req/s] [内存消耗：1,720.08kb] [文件加载：38]
[ info ] [ LANG ] D:\Vc_PHP\Apache24\htdocs\2018\WorkManagement\shop\thinkphp\lang\zh-cn.php
[ info ] [ ROUTE ] array (
  'type' => 'module',
  'module' => 
  array (
    0 => 'wpad.dat',
    1 => NULL,
    2 => NULL,
  ),
)
[ info ] [ HEADER ] array (
  'connection' => 'Keep-Alive',
  'accept' => '*/*',
  'user-agent' => 'WinHttp-Autoproxy-Service/5.1',
  'host' => 'wpad.com',
)
[ info ] [ PARAM ] array (
)
[ info ] [ LOG ] INIT File
---------------------------------------------------------------
[ 2018-07-28T19:40:13+08:00 ] 127.0.0.1 GET /wpad.dat
[ info ] wpad.com/wpad.dat [运行时间：0.020513s][吞吐率：48.75req/s] [内存消耗：1,720.08kb] [文件加载：38]
[ info ] [ LANG ] D:\Vc_PHP\Apache24\htdocs\2018\WorkManagement\shop\thinkphp\lang\zh-cn.php
[ info ] [ ROUTE ] array (
  'type' => 'module',
  'module' => 
  array (
    0 => 'wpad.dat',
    1 => NULL,
    2 => NULL,
  ),
)
[ info ] [ HEADER ] array (
  'connection' => 'Keep-Alive',
  'accept' => '*/*',
  'user-agent' => 'WinHttp-Autoproxy-Service/5.1',
  'host' => 'wpad.com',
)
[ info ] [ PARAM ] array (
)
[ info ] [ LOG ] INIT File
---------------------------------------------------------------
[ 2018-07-28T19:50:13+08:00 ] 127.0.0.1 GET /wpad.dat
[ info ] wpad.com/wpad.dat [运行时间：0.021546s][吞吐率：46.41req/s] [内存消耗：1,720.08kb] [文件加载：38]
[ info ] [ LANG ] D:\Vc_PHP\Apache24\htdocs\2018\WorkManagement\shop\thinkphp\lang\zh-cn.php
[ info ] [ ROUTE ] array (
  'type' => 'module',
  'module' => 
  array (
    0 => 'wpad.dat',
    1 => NULL,
    2 => NULL,
  ),
)
[ info ] [ HEADER ] array (
  'connection' => 'Keep-Alive',
  'accept' => '*/*',
  'user-agent' => 'WinHttp-Autoproxy-Service/5.1',
  'host' => 'wpad.com',
)
[ info ] [ PARAM ] array (
)
[ info ] [ LOG ] INIT File
---------------------------------------------------------------
[ 2018-07-28T20:00:13+08:00 ] 127.0.0.1 GET /wpad.dat
[ info ] wpad.com/wpad.dat [运行时间：0.025039s][吞吐率：39.94req/s] [内存消耗：1,720.08kb] [文件加载：38]
[ info ] [ LANG ] D:\Vc_PHP\Apache24\htdocs\2018\WorkManagement\shop\thinkphp\lang\zh-cn.php
[ info ] [ ROUTE ] array (
  'type' => 'module',
  'module' => 
  array (
    0 => 'wpad.dat',
    1 => NULL,
    2 => NULL,
  ),
)
[ info ] [ HEADER ] array (
  'connection' => 'Keep-Alive',
  'accept' => '*/*',
  'user-agent' => 'WinHttp-Autoproxy-Service/5.1',
  'host' => 'wpad.com',
)
[ info ] [ PARAM ] array (
)
[ info ] [ LOG ] INIT File
---------------------------------------------------------------
[ 2018-07-28T20:10:13+08:00 ] 127.0.0.1 GET /wpad.dat
[ info ] wpad.com/wpad.dat [运行时间：0.021149s][吞吐率：47.28req/s] [内存消耗：1,720.08kb] [文件加载：38]
[ info ] [ LANG ] D:\Vc_PHP\Apache24\htdocs\2018\WorkManagement\shop\thinkphp\lang\zh-cn.php
[ info ] [ ROUTE ] array (
  'type' => 'module',
  'module' => 
  array (
    0 => 'wpad.dat',
    1 => NULL,
    2 => NULL,
  ),
)
[ info ] [ HEADER ] array (
  'connection' => 'Keep-Alive',
  'accept' => '*/*',
  'user-agent' => 'WinHttp-Autoproxy-Service/5.1',
  'host' => 'wpad.com',
)
[ info ] [ PARAM ] array (
)
[ info ] [ LOG ] INIT File
---------------------------------------------------------------
[ 2018-07-28T20:20:13+08:00 ] 127.0.0.1 GET /wpad.dat
[ info ] wpad.com/wpad.dat [运行时间：0.019724s][吞吐率：50.70req/s] [内存消耗：1,720.08kb] [文件加载：38]
[ info ] [ LANG ] D:\Vc_PHP\Apache24\htdocs\2018\WorkManagement\shop\thinkphp\lang\zh-cn.php
[ info ] [ ROUTE ] array (
  'type' => 'module',
  'module' => 
  array (
    0 => 'wpad.dat',
    1 => NULL,
    2 => NULL,
  ),
)
[ info ] [ HEADER ] array (
  'connection' => 'Keep-Alive',
  'accept' => '*/*',
  'user-agent' => 'WinHttp-Autoproxy-Service/5.1',
  'host' => 'wpad.com',
)
[ info ] [ PARAM ] array (
)
[ info ] [ LOG ] INIT File
---------------------------------------------------------------
[ 2018-07-28T20:30:13+08:00 ] 127.0.0.1 GET /wpad.dat
[ info ] wpad.com/wpad.dat [运行时间：0.020235s][吞吐率：49.42req/s] [内存消耗：1,720.08kb] [文件加载：38]
[ info ] [ LANG ] D:\Vc_PHP\Apache24\htdocs\2018\WorkManagement\shop\thinkphp\lang\zh-cn.php
[ info ] [ ROUTE ] array (
  'type' => 'module',
  'module' => 
  array (
    0 => 'wpad.dat',
    1 => NULL,
    2 => NULL,
  ),
)
[ info ] [ HEADER ] array (
  'connection' => 'Keep-Alive',
  'accept' => '*/*',
  'user-agent' => 'WinHttp-Autoproxy-Service/5.1',
  'host' => 'wpad.com',
)
[ info ] [ PARAM ] array (
)
[ info ] [ LOG ] INIT File
---------------------------------------------------------------
[ 2018-07-28T20:40:13+08:00 ] 127.0.0.1 GET /wpad.dat
[ info ] wpad.com/wpad.dat [运行时间：0.021929s][吞吐率：45.60req/s] [内存消耗：1,720.08kb] [文件加载：38]
[ info ] [ LANG ] D:\Vc_PHP\Apache24\htdocs\2018\WorkManagement\shop\thinkphp\lang\zh-cn.php
[ info ] [ ROUTE ] array (
  'type' => 'module',
  'module' => 
  array (
    0 => 'wpad.dat',
    1 => NULL,
    2 => NULL,
  ),
)
[ info ] [ HEADER ] array (
  'connection' => 'Keep-Alive',
  'accept' => '*/*',
  'user-agent' => 'WinHttp-Autoproxy-Service/5.1',
  'host' => 'wpad.com',
)
[ info ] [ PARAM ] array (
)
[ info ] [ LOG ] INIT File
---------------------------------------------------------------
[ 2018-07-28T20:50:13+08:00 ] 127.0.0.1 GET /wpad.dat
[ info ] wpad.com/wpad.dat [运行时间：0.020648s][吞吐率：48.43req/s] [内存消耗：1,720.08kb] [文件加载：38]
[ info ] [ LANG ] D:\Vc_PHP\Apache24\htdocs\2018\WorkManagement\shop\thinkphp\lang\zh-cn.php
[ info ] [ ROUTE ] array (
  'type' => 'module',
  'module' => 
  array (
    0 => 'wpad.dat',
    1 => NULL,
    2 => NULL,
  ),
)
[ info ] [ HEADER ] array (
  'connection' => 'Keep-Alive',
  'accept' => '*/*',
  'user-agent' => 'WinHttp-Autoproxy-Service/5.1',
  'host' => 'wpad.com',
)
[ info ] [ PARAM ] array (
)
[ info ] [ LOG ] INIT File
---------------------------------------------------------------
[ 2018-07-28T21:00:13+08:00 ] 127.0.0.1 GET /wpad.dat
[ info ] wpad.com/wpad.dat [运行时间：0.019915s][吞吐率：50.21req/s] [内存消耗：1,720.08kb] [文件加载：38]
[ info ] [ LANG ] D:\Vc_PHP\Apache24\htdocs\2018\WorkManagement\shop\thinkphp\lang\zh-cn.php
[ info ] [ ROUTE ] array (
  'type' => 'module',
  'module' => 
  array (
    0 => 'wpad.dat',
    1 => NULL,
    2 => NULL,
  ),
)
[ info ] [ HEADER ] array (
  'connection' => 'Keep-Alive',
  'accept' => '*/*',
  'user-agent' => 'WinHttp-Autoproxy-Service/5.1',
  'host' => 'wpad.com',
)
[ info ] [ PARAM ] array (
)
[ info ] [ LOG ] INIT File
---------------------------------------------------------------
[ 2018-07-28T21:10:13+08:00 ] 127.0.0.1 GET /wpad.dat
[ info ] wpad.com/wpad.dat [运行时间：0.021181s][吞吐率：47.21req/s] [内存消耗：1,720.08kb] [文件加载：38]
[ info ] [ LANG ] D:\Vc_PHP\Apache24\htdocs\2018\WorkManagement\shop\thinkphp\lang\zh-cn.php
[ info ] [ ROUTE ] array (
  'type' => 'module',
  'module' => 
  array (
    0 => 'wpad.dat',
    1 => NULL,
    2 => NULL,
  ),
)
[ info ] [ HEADER ] array (
  'connection' => 'Keep-Alive',
  'accept' => '*/*',
  'user-agent' => 'WinHttp-Autoproxy-Service/5.1',
  'host' => 'wpad.com',
)
[ info ] [ PARAM ] array (
)
[ info ] [ LOG ] INIT File
---------------------------------------------------------------
[ 2018-07-28T21:20:13+08:00 ] 127.0.0.1 GET /wpad.dat
[ info ] wpad.com/wpad.dat [运行时间：0.027488s][吞吐率：36.38req/s] [内存消耗：1,720.08kb] [文件加载：38]
[ info ] [ LANG ] D:\Vc_PHP\Apache24\htdocs\2018\WorkManagement\shop\thinkphp\lang\zh-cn.php
[ info ] [ ROUTE ] array (
  'type' => 'module',
  'module' => 
  array (
    0 => 'wpad.dat',
    1 => NULL,
    2 => NULL,
  ),
)
[ info ] [ HEADER ] array (
  'connection' => 'Keep-Alive',
  'accept' => '*/*',
  'user-agent' => 'WinHttp-Autoproxy-Service/5.1',
  'host' => 'wpad.com',
)
[ info ] [ PARAM ] array (
)
[ info ] [ LOG ] INIT File
---------------------------------------------------------------
[ 2018-07-28T21:30:13+08:00 ] 127.0.0.1 GET /wpad.dat
[ info ] wpad.com/wpad.dat [运行时间：0.019569s][吞吐率：51.10req/s] [内存消耗：1,720.08kb] [文件加载：38]
[ info ] [ LANG ] D:\Vc_PHP\Apache24\htdocs\2018\WorkManagement\shop\thinkphp\lang\zh-cn.php
[ info ] [ ROUTE ] array (
  'type' => 'module',
  'module' => 
  array (
    0 => 'wpad.dat',
    1 => NULL,
    2 => NULL,
  ),
)
[ info ] [ HEADER ] array (
  'connection' => 'Keep-Alive',
  'accept' => '*/*',
  'user-agent' => 'WinHttp-Autoproxy-Service/5.1',
  'host' => 'wpad.com',
)
[ info ] [ PARAM ] array (
)
[ info ] [ LOG ] INIT File
---------------------------------------------------------------
[ 2018-07-28T21:40:13+08:00 ] 127.0.0.1 GET /wpad.dat
[ info ] wpad.com/wpad.dat [运行时间：0.020008s][吞吐率：49.98req/s] [内存消耗：1,720.08kb] [文件加载：38]
[ info ] [ LANG ] D:\Vc_PHP\Apache24\htdocs\2018\WorkManagement\shop\thinkphp\lang\zh-cn.php
[ info ] [ ROUTE ] array (
  'type' => 'module',
  'module' => 
  array (
    0 => 'wpad.dat',
    1 => NULL,
    2 => NULL,
  ),
)
[ info ] [ HEADER ] array (
  'connection' => 'Keep-Alive',
  'accept' => '*/*',
  'user-agent' => 'WinHttp-Autoproxy-Service/5.1',
  'host' => 'wpad.com',
)
[ info ] [ PARAM ] array (
)
[ info ] [ LOG ] INIT File
---------------------------------------------------------------
[ 2018-07-28T21:50:13+08:00 ] 127.0.0.1 GET /wpad.dat
[ info ] wpad.com/wpad.dat [运行时间：0.021242s][吞吐率：47.08req/s] [内存消耗：1,720.08kb] [文件加载：38]
[ info ] [ LANG ] D:\Vc_PHP\Apache24\htdocs\2018\WorkManagement\shop\thinkphp\lang\zh-cn.php
[ info ] [ ROUTE ] array (
  'type' => 'module',
  'module' => 
  array (
    0 => 'wpad.dat',
    1 => NULL,
    2 => NULL,
  ),
)
[ info ] [ HEADER ] array (
  'connection' => 'Keep-Alive',
  'accept' => '*/*',
  'user-agent' => 'WinHttp-Autoproxy-Service/5.1',
  'host' => 'wpad.com',
)
[ info ] [ PARAM ] array (
)
[ info ] [ LOG ] INIT File
---------------------------------------------------------------
[ 2018-07-28T22:00:13+08:00 ] 127.0.0.1 GET /wpad.dat
[ info ] wpad.com/wpad.dat [运行时间：0.019655s][吞吐率：50.88req/s] [内存消耗：1,720.08kb] [文件加载：38]
[ info ] [ LANG ] D:\Vc_PHP\Apache24\htdocs\2018\WorkManagement\shop\thinkphp\lang\zh-cn.php
[ info ] [ ROUTE ] array (
  'type' => 'module',
  'module' => 
  array (
    0 => 'wpad.dat',
    1 => NULL,
    2 => NULL,
  ),
)
[ info ] [ HEADER ] array (
  'connection' => 'Keep-Alive',
  'accept' => '*/*',
  'user-agent' => 'WinHttp-Autoproxy-Service/5.1',
  'host' => 'wpad.com',
)
[ info ] [ PARAM ] array (
)
[ info ] [ LOG ] INIT File
---------------------------------------------------------------
[ 2018-07-28T22:10:13+08:00 ] 127.0.0.1 GET /wpad.dat
[ info ] wpad.com/wpad.dat [运行时间：0.021198s][吞吐率：47.17req/s] [内存消耗：1,720.08kb] [文件加载：38]
[ info ] [ LANG ] D:\Vc_PHP\Apache24\htdocs\2018\WorkManagement\shop\thinkphp\lang\zh-cn.php
[ info ] [ ROUTE ] array (
  'type' => 'module',
  'module' => 
  array (
    0 => 'wpad.dat',
    1 => NULL,
    2 => NULL,
  ),
)
[ info ] [ HEADER ] array (
  'connection' => 'Keep-Alive',
  'accept' => '*/*',
  'user-agent' => 'WinHttp-Autoproxy-Service/5.1',
  'host' => 'wpad.com',
)
[ info ] [ PARAM ] array (
)
[ info ] [ LOG ] INIT File
---------------------------------------------------------------
[ 2018-07-28T22:20:13+08:00 ] 127.0.0.1 GET /wpad.dat
[ info ] wpad.com/wpad.dat [运行时间：0.020472s][吞吐率：48.85req/s] [内存消耗：1,720.08kb] [文件加载：38]
[ info ] [ LANG ] D:\Vc_PHP\Apache24\htdocs\2018\WorkManagement\shop\thinkphp\lang\zh-cn.php
[ info ] [ ROUTE ] array (
  'type' => 'module',
  'module' => 
  array (
    0 => 'wpad.dat',
    1 => NULL,
    2 => NULL,
  ),
)
[ info ] [ HEADER ] array (
  'connection' => 'Keep-Alive',
  'accept' => '*/*',
  'user-agent' => 'WinHttp-Autoproxy-Service/5.1',
  'host' => 'wpad.com',
)
[ info ] [ PARAM ] array (
)
[ info ] [ LOG ] INIT File
---------------------------------------------------------------
[ 2018-07-28T22:30:13+08:00 ] 127.0.0.1 GET /wpad.dat
[ info ] wpad.com/wpad.dat [运行时间：0.028153s][吞吐率：35.52req/s] [内存消耗：1,720.08kb] [文件加载：38]
[ info ] [ LANG ] D:\Vc_PHP\Apache24\htdocs\2018\WorkManagement\shop\thinkphp\lang\zh-cn.php
[ info ] [ ROUTE ] array (
  'type' => 'module',
  'module' => 
  array (
    0 => 'wpad.dat',
    1 => NULL,
    2 => NULL,
  ),
)
[ info ] [ HEADER ] array (
  'connection' => 'Keep-Alive',
  'accept' => '*/*',
  'user-agent' => 'WinHttp-Autoproxy-Service/5.1',
  'host' => 'wpad.com',
)
[ info ] [ PARAM ] array (
)
[ info ] [ LOG ] INIT File
---------------------------------------------------------------
[ 2018-07-28T22:40:13+08:00 ] 127.0.0.1 GET /wpad.dat
[ info ] wpad.com/wpad.dat [运行时间：0.019595s][吞吐率：51.03req/s] [内存消耗：1,720.08kb] [文件加载：38]
[ info ] [ LANG ] D:\Vc_PHP\Apache24\htdocs\2018\WorkManagement\shop\thinkphp\lang\zh-cn.php
[ info ] [ ROUTE ] array (
  'type' => 'module',
  'module' => 
  array (
    0 => 'wpad.dat',
    1 => NULL,
    2 => NULL,
  ),
)
[ info ] [ HEADER ] array (
  'connection' => 'Keep-Alive',
  'accept' => '*/*',
  'user-agent' => 'WinHttp-Autoproxy-Service/5.1',
  'host' => 'wpad.com',
)
[ info ] [ PARAM ] array (
)
[ info ] [ LOG ] INIT File
---------------------------------------------------------------
[ 2018-07-28T22:50:13+08:00 ] 127.0.0.1 GET /wpad.dat
[ info ] wpad.com/wpad.dat [运行时间：0.021013s][吞吐率：47.59req/s] [内存消耗：1,720.08kb] [文件加载：38]
[ info ] [ LANG ] D:\Vc_PHP\Apache24\htdocs\2018\WorkManagement\shop\thinkphp\lang\zh-cn.php
[ info ] [ ROUTE ] array (
  'type' => 'module',
  'module' => 
  array (
    0 => 'wpad.dat',
    1 => NULL,
    2 => NULL,
  ),
)
[ info ] [ HEADER ] array (
  'connection' => 'Keep-Alive',
  'accept' => '*/*',
  'user-agent' => 'WinHttp-Autoproxy-Service/5.1',
  'host' => 'wpad.com',
)
[ info ] [ PARAM ] array (
)
[ info ] [ LOG ] INIT File
---------------------------------------------------------------
[ 2018-07-28T23:00:13+08:00 ] 127.0.0.1 GET /wpad.dat
[ info ] wpad.com/wpad.dat [运行时间：0.023912s][吞吐率：41.82req/s] [内存消耗：1,720.08kb] [文件加载：38]
[ info ] [ LANG ] D:\Vc_PHP\Apache24\htdocs\2018\WorkManagement\shop\thinkphp\lang\zh-cn.php
[ info ] [ ROUTE ] array (
  'type' => 'module',
  'module' => 
  array (
    0 => 'wpad.dat',
    1 => NULL,
    2 => NULL,
  ),
)
[ info ] [ HEADER ] array (
  'connection' => 'Keep-Alive',
  'accept' => '*/*',
  'user-agent' => 'WinHttp-Autoproxy-Service/5.1',
  'host' => 'wpad.com',
)
[ info ] [ PARAM ] array (
)
[ info ] [ LOG ] INIT File
---------------------------------------------------------------
[ 2018-07-28T23:10:13+08:00 ] 127.0.0.1 GET /wpad.dat
[ info ] wpad.com/wpad.dat [运行时间：0.019585s][吞吐率：51.06req/s] [内存消耗：1,720.08kb] [文件加载：38]
[ info ] [ LANG ] D:\Vc_PHP\Apache24\htdocs\2018\WorkManagement\shop\thinkphp\lang\zh-cn.php
[ info ] [ ROUTE ] array (
  'type' => 'module',
  'module' => 
  array (
    0 => 'wpad.dat',
    1 => NULL,
    2 => NULL,
  ),
)
[ info ] [ HEADER ] array (
  'connection' => 'Keep-Alive',
  'accept' => '*/*',
  'user-agent' => 'WinHttp-Autoproxy-Service/5.1',
  'host' => 'wpad.com',
)
[ info ] [ PARAM ] array (
)
[ info ] [ LOG ] INIT File
---------------------------------------------------------------
[ 2018-07-28T23:20:13+08:00 ] 127.0.0.1 GET /wpad.dat
[ info ] wpad.com/wpad.dat [运行时间：0.020402s][吞吐率：49.01req/s] [内存消耗：1,720.08kb] [文件加载：38]
[ info ] [ LANG ] D:\Vc_PHP\Apache24\htdocs\2018\WorkManagement\shop\thinkphp\lang\zh-cn.php
[ info ] [ ROUTE ] array (
  'type' => 'module',
  'module' => 
  array (
    0 => 'wpad.dat',
    1 => NULL,
    2 => NULL,
  ),
)
[ info ] [ HEADER ] array (
  'connection' => 'Keep-Alive',
  'accept' => '*/*',
  'user-agent' => 'WinHttp-Autoproxy-Service/5.1',
  'host' => 'wpad.com',
)
[ info ] [ PARAM ] array (
)
[ info ] [ LOG ] INIT File
---------------------------------------------------------------
[ 2018-07-28T23:30:13+08:00 ] 127.0.0.1 GET /wpad.dat
[ info ] wpad.com/wpad.dat [运行时间：0.030404s][吞吐率：32.89req/s] [内存消耗：1,720.08kb] [文件加载：38]
[ info ] [ LANG ] D:\Vc_PHP\Apache24\htdocs\2018\WorkManagement\shop\thinkphp\lang\zh-cn.php
[ info ] [ ROUTE ] array (
  'type' => 'module',
  'module' => 
  array (
    0 => 'wpad.dat',
    1 => NULL,
    2 => NULL,
  ),
)
[ info ] [ HEADER ] array (
  'connection' => 'Keep-Alive',
  'accept' => '*/*',
  'user-agent' => 'WinHttp-Autoproxy-Service/5.1',
  'host' => 'wpad.com',
)
[ info ] [ PARAM ] array (
)
[ info ] [ LOG ] INIT File
---------------------------------------------------------------
[ 2018-07-28T23:40:13+08:00 ] 127.0.0.1 GET /wpad.dat
[ info ] wpad.com/wpad.dat [运行时间：0.020746s][吞吐率：48.20req/s] [内存消耗：1,720.08kb] [文件加载：38]
[ info ] [ LANG ] D:\Vc_PHP\Apache24\htdocs\2018\WorkManagement\shop\thinkphp\lang\zh-cn.php
[ info ] [ ROUTE ] array (
  'type' => 'module',
  'module' => 
  array (
    0 => 'wpad.dat',
    1 => NULL,
    2 => NULL,
  ),
)
[ info ] [ HEADER ] array (
  'connection' => 'Keep-Alive',
  'accept' => '*/*',
  'user-agent' => 'WinHttp-Autoproxy-Service/5.1',
  'host' => 'wpad.com',
)
[ info ] [ PARAM ] array (
)
[ info ] [ LOG ] INIT File
---------------------------------------------------------------
[ 2018-07-28T23:50:13+08:00 ] 127.0.0.1 GET /wpad.dat
[ info ] wpad.com/wpad.dat [运行时间：0.027513s][吞吐率：36.35req/s] [内存消耗：1,720.08kb] [文件加载：38]
[ info ] [ LANG ] D:\Vc_PHP\Apache24\htdocs\2018\WorkManagement\shop\thinkphp\lang\zh-cn.php
[ info ] [ ROUTE ] array (
  'type' => 'module',
  'module' => 
  array (
    0 => 'wpad.dat',
    1 => NULL,
    2 => NULL,
  ),
)
[ info ] [ HEADER ] array (
  'connection' => 'Keep-Alive',
  'accept' => '*/*',
  'user-agent' => 'WinHttp-Autoproxy-Service/5.1',
  'host' => 'wpad.com',
)
[ info ] [ PARAM ] array (
)
[ info ] [ LOG ] INIT File
